[0.598s] Invoking command in '/var/robotic/yahboomcar_ws/src/M3Pro_MoveIt_demo': PYTHONPATH=/var/robotic/yahboomcar_ws/build/M3Pro_MoveIt_demo/prefix_override:/usr/lib/python3/dist-packages/colcon_core/task/python/colcon_distutils_commands:/var/robotic/yahboomcar_ws/install/M3Pro_MoveIt_demo/lib/python3.10/site-packages:${PYTHONPATH} /usr/bin/python3 -W ignore:setup.py install is deprecated -W ignore:easy_install command is deprecated setup.py egg_info --egg-base ../../build/M3Pro_MoveIt_demo build --build-base /var/robotic/yahboomcar_ws/build/M3Pro_MoveIt_demo/build install --record /var/robotic/yahboomcar_ws/build/M3Pro_MoveIt_demo/install.log --single-version-externally-managed install_data
[0.716s] running egg_info
[0.716s] creating ../../build/M3Pro_MoveIt_demo/M3Pro_MoveIt_demo.egg-info
[0.716s] writing ../../build/M3Pro_MoveIt_demo/M3Pro_MoveIt_demo.egg-info/PKG-INFO
[0.716s] writing dependency_links to ../../build/M3Pro_MoveIt_demo/M3Pro_MoveIt_demo.egg-info/dependency_links.txt
[0.716s] writing entry points to ../../build/M3Pro_MoveIt_demo/M3Pro_MoveIt_demo.egg-info/entry_points.txt
[0.716s] writing requirements to ../../build/M3Pro_MoveIt_demo/M3Pro_MoveIt_demo.egg-info/requires.txt
[0.716s] writing top-level names to ../../build/M3Pro_MoveIt_demo/M3Pro_MoveIt_demo.egg-info/top_level.txt
[0.716s] writing manifest file '../../build/M3Pro_MoveIt_demo/M3Pro_MoveIt_demo.egg-info/SOURCES.txt'
[0.716s] reading manifest file '../../build/M3Pro_MoveIt_demo/M3Pro_MoveIt_demo.egg-info/SOURCES.txt'
[0.716s] writing manifest file '../../build/M3Pro_MoveIt_demo/M3Pro_MoveIt_demo.egg-info/SOURCES.txt'
[0.716s] running build
[0.716s] running build_py
[0.717s] creating /var/robotic/yahboomcar_ws/build/M3Pro_MoveIt_demo/build
[0.717s] creating /var/robotic/yahboomcar_ws/build/M3Pro_MoveIt_demo/build/lib
[0.717s] creating /var/robotic/yahboomcar_ws/build/M3Pro_MoveIt_demo/build/lib/M3Pro_MoveIt_demo
[0.717s] copying M3Pro_MoveIt_demo/random_move.py -> /var/robotic/yahboomcar_ws/build/M3Pro_MoveIt_demo/build/lib/M3Pro_MoveIt_demo
[0.717s] copying M3Pro_MoveIt_demo/__init__.py -> /var/robotic/yahboomcar_ws/build/M3Pro_MoveIt_demo/build/lib/M3Pro_MoveIt_demo
[0.717s] copying M3Pro_MoveIt_demo/SimulationToMachine.py -> /var/robotic/yahboomcar_ws/build/M3Pro_MoveIt_demo/build/lib/M3Pro_MoveIt_demo
[0.718s] running install
[0.718s] running install_lib
[0.720s] creating /var/robotic/yahboomcar_ws/install/M3Pro_MoveIt_demo/lib/python3.10/site-packages/M3Pro_MoveIt_demo
[0.720s] copying /var/robotic/yahboomcar_ws/build/M3Pro_MoveIt_demo/build/lib/M3Pro_MoveIt_demo/random_move.py -> /var/robotic/yahboomcar_ws/install/M3Pro_MoveIt_demo/lib/python3.10/site-packages/M3Pro_MoveIt_demo
[0.720s] copying /var/robotic/yahboomcar_ws/build/M3Pro_MoveIt_demo/build/lib/M3Pro_MoveIt_demo/__init__.py -> /var/robotic/yahboomcar_ws/install/M3Pro_MoveIt_demo/lib/python3.10/site-packages/M3Pro_MoveIt_demo
[0.720s] copying /var/robotic/yahboomcar_ws/build/M3Pro_MoveIt_demo/build/lib/M3Pro_MoveIt_demo/SimulationToMachine.py -> /var/robotic/yahboomcar_ws/install/M3Pro_MoveIt_demo/lib/python3.10/site-packages/M3Pro_MoveIt_demo
[0.720s] byte-compiling /var/robotic/yahboomcar_ws/install/M3Pro_MoveIt_demo/lib/python3.10/site-packages/M3Pro_MoveIt_demo/random_move.py to random_move.cpython-310.pyc
[0.721s] byte-compiling /var/robotic/yahboomcar_ws/install/M3Pro_MoveIt_demo/lib/python3.10/site-packages/M3Pro_MoveIt_demo/__init__.py to __init__.cpython-310.pyc
[0.721s] byte-compiling /var/robotic/yahboomcar_ws/install/M3Pro_MoveIt_demo/lib/python3.10/site-packages/M3Pro_MoveIt_demo/SimulationToMachine.py to SimulationToMachine.cpython-310.pyc
[0.721s] running install_data
[0.721s] creating /var/robotic/yahboomcar_ws/install/M3Pro_MoveIt_demo/share/ament_index
[0.721s] creating /var/robotic/yahboomcar_ws/install/M3Pro_MoveIt_demo/share/ament_index/resource_index
[0.722s] creating /var/robotic/yahboomcar_ws/install/M3Pro_MoveIt_demo/share/ament_index/resource_index/packages
[0.722s] copying resource/M3Pro_MoveIt_demo -> /var/robotic/yahboomcar_ws/install/M3Pro_MoveIt_demo/share/ament_index/resource_index/packages
[0.722s] copying package.xml -> /var/robotic/yahboomcar_ws/install/M3Pro_MoveIt_demo/share/M3Pro_MoveIt_demo
[0.722s] running install_egg_info
[0.723s] Copying ../../build/M3Pro_MoveIt_demo/M3Pro_MoveIt_demo.egg-info to /var/robotic/yahboomcar_ws/install/M3Pro_MoveIt_demo/lib/python3.10/site-packages/M3Pro_MoveIt_demo-0.0.0-py3.10.egg-info
[0.723s] running install_scripts
[0.742s] Installing SimulationToMachine script to /var/robotic/yahboomcar_ws/install/M3Pro_MoveIt_demo/lib/M3Pro_MoveIt_demo
[0.742s] Installing random_move script to /var/robotic/yahboomcar_ws/install/M3Pro_MoveIt_demo/lib/M3Pro_MoveIt_demo
[0.742s] writing list of installed files to '/var/robotic/yahboomcar_ws/build/M3Pro_MoveIt_demo/install.log'
[0.755s] Invoked command in '/var/robotic/yahboomcar_ws/src/M3Pro_MoveIt_demo' returned '0': PYTHONPATH=/var/robotic/yahboomcar_ws/build/M3Pro_MoveIt_demo/prefix_override:/usr/lib/python3/dist-packages/colcon_core/task/python/colcon_distutils_commands:/var/robotic/yahboomcar_ws/install/M3Pro_MoveIt_demo/lib/python3.10/site-packages:${PYTHONPATH} /usr/bin/python3 -W ignore:setup.py install is deprecated -W ignore:easy_install command is deprecated setup.py egg_info --egg-base ../../build/M3Pro_MoveIt_demo build --build-base /var/robotic/yahboomcar_ws/build/M3Pro_MoveIt_demo/build install --record /var/robotic/yahboomcar_ws/build/M3Pro_MoveIt_demo/install.log --single-version-externally-managed install_data
