[0.346s] Invoking command in '/var/robotic/yahboomcar_ws/src/pkg_action': PYTHONPATH=/var/robotic/yahboomcar_ws/build/pkg_action/prefix_override:/usr/lib/python3/dist-packages/colcon_core/task/python/colcon_distutils_commands:/var/robotic/yahboomcar_ws/install/pkg_action/lib/python3.10/site-packages:${PYTHONPATH} /usr/bin/python3 -W ignore:setup.py install is deprecated -W ignore:easy_install command is deprecated setup.py egg_info --egg-base ../../build/pkg_action build --build-base /var/robotic/yahboomcar_ws/build/pkg_action/build install --record /var/robotic/yahboomcar_ws/build/pkg_action/install.log --single-version-externally-managed install_data
[0.472s] running egg_info
[0.473s] creating ../../build/pkg_action/pkg_action.egg-info
[0.473s] writing ../../build/pkg_action/pkg_action.egg-info/PKG-INFO
[0.473s] writing dependency_links to ../../build/pkg_action/pkg_action.egg-info/dependency_links.txt
[0.473s] writing entry points to ../../build/pkg_action/pkg_action.egg-info/entry_points.txt
[0.473s] writing requirements to ../../build/pkg_action/pkg_action.egg-info/requires.txt
[0.473s] writing top-level names to ../../build/pkg_action/pkg_action.egg-info/top_level.txt
[0.473s] writing manifest file '../../build/pkg_action/pkg_action.egg-info/SOURCES.txt'
[0.474s] reading manifest file '../../build/pkg_action/pkg_action.egg-info/SOURCES.txt'
[0.475s] writing manifest file '../../build/pkg_action/pkg_action.egg-info/SOURCES.txt'
[0.475s] running build
[0.475s] running build_py
[0.475s] creating /var/robotic/yahboomcar_ws/build/pkg_action/build
[0.475s] creating /var/robotic/yahboomcar_ws/build/pkg_action/build/lib
[0.475s] creating /var/robotic/yahboomcar_ws/build/pkg_action/build/lib/pkg_action
[0.475s] copying pkg_action/action_server_demo.py -> /var/robotic/yahboomcar_ws/build/pkg_action/build/lib/pkg_action
[0.475s] copying pkg_action/__init__.py -> /var/robotic/yahboomcar_ws/build/pkg_action/build/lib/pkg_action
[0.475s] running install
[0.476s] running install_lib
[0.476s] creating /var/robotic/yahboomcar_ws/install/pkg_action/lib/python3.10/site-packages/pkg_action
[0.476s] copying /var/robotic/yahboomcar_ws/build/pkg_action/build/lib/pkg_action/action_server_demo.py -> /var/robotic/yahboomcar_ws/install/pkg_action/lib/python3.10/site-packages/pkg_action
[0.476s] copying /var/robotic/yahboomcar_ws/build/pkg_action/build/lib/pkg_action/__init__.py -> /var/robotic/yahboomcar_ws/install/pkg_action/lib/python3.10/site-packages/pkg_action
[0.476s] byte-compiling /var/robotic/yahboomcar_ws/install/pkg_action/lib/python3.10/site-packages/pkg_action/action_server_demo.py to action_server_demo.cpython-310.pyc
[0.476s] byte-compiling /var/robotic/yahboomcar_ws/install/pkg_action/lib/python3.10/site-packages/pkg_action/__init__.py to __init__.cpython-310.pyc
[0.476s] running install_data
[0.476s] creating /var/robotic/yahboomcar_ws/install/pkg_action/share/ament_index
[0.476s] creating /var/robotic/yahboomcar_ws/install/pkg_action/share/ament_index/resource_index
[0.476s] creating /var/robotic/yahboomcar_ws/install/pkg_action/share/ament_index/resource_index/packages
[0.476s] copying resource/pkg_action -> /var/robotic/yahboomcar_ws/install/pkg_action/share/ament_index/resource_index/packages
[0.476s] copying package.xml -> /var/robotic/yahboomcar_ws/install/pkg_action/share/pkg_action
[0.476s] running install_egg_info
[0.478s] Copying ../../build/pkg_action/pkg_action.egg-info to /var/robotic/yahboomcar_ws/install/pkg_action/lib/python3.10/site-packages/pkg_action-0.0.0-py3.10.egg-info
[0.478s] running install_scripts
[0.489s] Installing action_server_demo script to /var/robotic/yahboomcar_ws/install/pkg_action/lib/pkg_action
[0.489s] writing list of installed files to '/var/robotic/yahboomcar_ws/build/pkg_action/install.log'
[0.501s] Invoked command in '/var/robotic/yahboomcar_ws/src/pkg_action' returned '0': PYTHONPATH=/var/robotic/yahboomcar_ws/build/pkg_action/prefix_override:/usr/lib/python3/dist-packages/colcon_core/task/python/colcon_distutils_commands:/var/robotic/yahboomcar_ws/install/pkg_action/lib/python3.10/site-packages:${PYTHONPATH} /usr/bin/python3 -W ignore:setup.py install is deprecated -W ignore:easy_install command is deprecated setup.py egg_info --egg-base ../../build/pkg_action build --build-base /var/robotic/yahboomcar_ws/build/pkg_action/build install --record /var/robotic/yahboomcar_ws/build/pkg_action/install.log --single-version-externally-managed install_data
