[0.000000] (-) TimerEvent: {}
[0.000489] (-) JobUnselected: {'identifier': 'M3Pro_MoveIt_demo'}
[0.000524] (-) JobUnselected: {'identifier': 'M3Pro_config'}
[0.000545] (-) JobUnselected: {'identifier': 'M3Pro_demo'}
[0.000564] (-) JobUnselected: {'identifier': 'MoveIt_demo'}
[0.000583] (-) JobUnselected: {'identifier': 'arm_driver'}
[0.000601] (-) JobUnselected: {'identifier': 'arm_interface'}
[0.000620] (-) JobUnselected: {'identifier': 'arm_kin'}
[0.000639] (-) JobUnselected: {'identifier': 'arm_msgs'}
[0.000657] (-) JobUnselected: {'identifier': 'pkg_helloworld_cpp'}
[0.000683] (-) JobUnselected: {'identifier': 'pkg_helloworld_py'}
[0.000700] (-) JobUnselected: {'identifier': 'pkg_topic'}
[0.000717] (-) JobUnselected: {'identifier': 'test_config'}
[0.000736] (-) JobUnselected: {'identifier': 'test_moveit_config'}
[0.000806] (-) JobUnselected: {'identifier': 'yahboom_M3Pro_DepthCam'}
[0.000978] (-) JobUnselected: {'identifier': 'yahboom_M3Pro_description'}
[0.000990] (-) JobUnselected: {'identifier': 'yahboom_M3Pro_laser'}
[0.000998] (-) JobUnselected: {'identifier': 'yahboom_yolov8'}
[0.001006] (-) JobUnselected: {'identifier': 'yahboomcar_ctrl'}
[0.001013] (-) JobUnselected: {'identifier': 'yahboomcar_mediapipe'}
[0.001020] (-) JobUnselected: {'identifier': 'yahboomcar_msgs'}
[0.001028] (-) EventReactorShutdown: {}
