Consolidate compiler generated dependencies of target arm_interface__rosidl_generator_c
[ 11%] Built target arm_interface__rosidl_generator_c
[ 12%] Built target arm_interface__cpp
Consolidate compiler generated dependencies of target arm_interface__rosidl_typesupport_cpp
[ 12%] Built target ament_cmake_python_copy_arm_interface
[ 24%] Built target arm_interface__rosidl_typesupport_cpp
Consolidate compiler generated dependencies of target arm_interface__rosidl_typesupport_fastrtps_c
[ 35%] Built target arm_interface__rosidl_typesupport_fastrtps_c
Consolidate compiler generated dependencies of target arm_interface__rosidl_typesupport_fastrtps_cpp
Consolidate compiler generated dependencies of target arm_interface__rosidl_typesupport_introspection_c
[ 47%] Built target arm_interface__rosidl_typesupport_fastrtps_cpp
[ 58%] Built target arm_interface__rosidl_typesupport_introspection_c
Consolidate compiler generated dependencies of target arm_interface__rosidl_typesupport_c
Consolidate compiler generated dependencies of target arm_interface__rosidl_typesupport_introspection_cpp
[ 70%] Built target arm_interface__rosidl_typesupport_introspection_cpp
[ 82%] Built target arm_interface__rosidl_typesupport_c
[ 82%] Built target arm_interface
[ 83%] Built target arm_interface__py
Consolidate compiler generated dependencies of target arm_interface__rosidl_generator_py
[ 93%] Built target arm_interface__rosidl_generator_py
Consolidate compiler generated dependencies of target arm_interface__rosidl_typesupport_fastrtps_c__pyext
[ 95%] Built target arm_interface__rosidl_typesupport_fastrtps_c__pyext
Consolidate compiler generated dependencies of target arm_interface__rosidl_typesupport_introspection_c__pyext
[ 97%] Built target arm_interface__rosidl_typesupport_introspection_c__pyext
Consolidate compiler generated dependencies of target arm_interface__rosidl_typesupport_c__pyext
running egg_info
writing arm_interface.egg-info/PKG-INFO
writing dependency_links to arm_interface.egg-info/dependency_links.txt
writing top-level names to arm_interface.egg-info/top_level.txt
[100%] Built target arm_interface__rosidl_typesupport_c__pyext
reading manifest file 'arm_interface.egg-info/SOURCES.txt'
writing manifest file 'arm_interface.egg-info/SOURCES.txt'
[100%] Built target ament_cmake_python_build_arm_interface_egg
