[0.013s] Invoking command in '/var/robotic/yahboomcar_ws/build/arm_interface': CMAKE_PREFIX_PATH=/opt/ros/humble /usr/bin/cmake --build /var/robotic/yahboomcar_ws/build/arm_interface -- -j2 -l2
[0.067s] Consolidate compiler generated dependencies of target arm_interface__rosidl_generator_c
[0.077s] [ 11%] Built target arm_interface__rosidl_generator_c
[0.081s] [ 12%] Built target arm_interface__cpp
[0.107s] Consolidate compiler generated dependencies of target arm_interface__rosidl_typesupport_cpp
[0.127s] [ 12%] Built target ament_cmake_python_copy_arm_interface
[0.132s] [ 24%] Built target arm_interface__rosidl_typesupport_cpp
[0.148s] Consolidate compiler generated dependencies of target arm_interface__rosidl_typesupport_fastrtps_c
[0.157s] [ 35%] Built target arm_interface__rosidl_typesupport_fastrtps_c
[0.160s] Consolidate compiler generated dependencies of target arm_interface__rosidl_typesupport_fastrtps_cpp
[0.169s] Consolidate compiler generated dependencies of target arm_interface__rosidl_typesupport_introspection_c
[0.180s] [ 47%] Built target arm_interface__rosidl_typesupport_fastrtps_cpp
[0.184s] [ 58%] Built target arm_interface__rosidl_typesupport_introspection_c
[0.203s] Consolidate compiler generated dependencies of target arm_interface__rosidl_typesupport_c
[0.206s] Consolidate compiler generated dependencies of target arm_interface__rosidl_typesupport_introspection_cpp
[0.216s] [ 70%] Built target arm_interface__rosidl_typesupport_introspection_cpp
[0.224s] [ 82%] Built target arm_interface__rosidl_typesupport_c
[0.252s] [ 82%] Built target arm_interface
[0.264s] [ 83%] Built target arm_interface__py
[0.290s] Consolidate compiler generated dependencies of target arm_interface__rosidl_generator_py
[0.305s] [ 93%] Built target arm_interface__rosidl_generator_py
[0.324s] Consolidate compiler generated dependencies of target arm_interface__rosidl_typesupport_fastrtps_c__pyext
[0.340s] [ 95%] Built target arm_interface__rosidl_typesupport_fastrtps_c__pyext
[0.357s] Consolidate compiler generated dependencies of target arm_interface__rosidl_typesupport_introspection_c__pyext
[0.379s] [ 97%] Built target arm_interface__rosidl_typesupport_introspection_c__pyext
[0.395s] Consolidate compiler generated dependencies of target arm_interface__rosidl_typesupport_c__pyext
[0.402s] running egg_info
[0.404s] writing arm_interface.egg-info/PKG-INFO
[0.404s] writing dependency_links to arm_interface.egg-info/dependency_links.txt
[0.404s] writing top-level names to arm_interface.egg-info/top_level.txt
[0.406s] [100%] Built target arm_interface__rosidl_typesupport_c__pyext
[0.407s] reading manifest file 'arm_interface.egg-info/SOURCES.txt'
[0.407s] writing manifest file 'arm_interface.egg-info/SOURCES.txt'
[0.425s] [100%] Built target ament_cmake_python_build_arm_interface_egg
