[0.322s] Invoking command in '/var/robotic/yahboomcar_ws/src/pkg_helloworld_py': PYTHONPATH=/var/robotic/yahboomcar_ws/build/pkg_helloworld_py/prefix_override:/usr/lib/python3/dist-packages/colcon_core/task/python/colcon_distutils_commands:/var/robotic/yahboomcar_ws/install/pkg_helloworld_py/lib/python3.10/site-packages:${PYTHONPATH} /usr/bin/python3 -W ignore:setup.py install is deprecated -W ignore:easy_install command is deprecated setup.py egg_info --egg-base ../../build/pkg_helloworld_py build --build-base /var/robotic/yahboomcar_ws/build/pkg_helloworld_py/build install --record /var/robotic/yahboomcar_ws/build/pkg_helloworld_py/install.log --single-version-externally-managed install_data
[0.446s] running egg_info
[0.446s] creating ../../build/pkg_helloworld_py/pkg_helloworld_py.egg-info
[0.446s] writing ../../build/pkg_helloworld_py/pkg_helloworld_py.egg-info/PKG-INFO
[0.447s] writing dependency_links to ../../build/pkg_helloworld_py/pkg_helloworld_py.egg-info/dependency_links.txt
[0.447s] writing entry points to ../../build/pkg_helloworld_py/pkg_helloworld_py.egg-info/entry_points.txt
[0.447s] writing requirements to ../../build/pkg_helloworld_py/pkg_helloworld_py.egg-info/requires.txt
[0.447s] writing top-level names to ../../build/pkg_helloworld_py/pkg_helloworld_py.egg-info/top_level.txt
[0.447s] writing manifest file '../../build/pkg_helloworld_py/pkg_helloworld_py.egg-info/SOURCES.txt'
[0.448s] reading manifest file '../../build/pkg_helloworld_py/pkg_helloworld_py.egg-info/SOURCES.txt'
[0.448s] writing manifest file '../../build/pkg_helloworld_py/pkg_helloworld_py.egg-info/SOURCES.txt'
[0.448s] running build
[0.448s] running build_py
[0.448s] creating /var/robotic/yahboomcar_ws/build/pkg_helloworld_py/build
[0.448s] creating /var/robotic/yahboomcar_ws/build/pkg_helloworld_py/build/lib
[0.448s] creating /var/robotic/yahboomcar_ws/build/pkg_helloworld_py/build/lib/pkg_helloworld_py
[0.448s] copying pkg_helloworld_py/__init__.py -> /var/robotic/yahboomcar_ws/build/pkg_helloworld_py/build/lib/pkg_helloworld_py
[0.448s] copying pkg_helloworld_py/helloworld.py -> /var/robotic/yahboomcar_ws/build/pkg_helloworld_py/build/lib/pkg_helloworld_py
[0.448s] running install
[0.448s] running install_lib
[0.449s] creating /var/robotic/yahboomcar_ws/install/pkg_helloworld_py/lib/python3.10/site-packages/pkg_helloworld_py
[0.449s] copying /var/robotic/yahboomcar_ws/build/pkg_helloworld_py/build/lib/pkg_helloworld_py/__init__.py -> /var/robotic/yahboomcar_ws/install/pkg_helloworld_py/lib/python3.10/site-packages/pkg_helloworld_py
[0.449s] copying /var/robotic/yahboomcar_ws/build/pkg_helloworld_py/build/lib/pkg_helloworld_py/helloworld.py -> /var/robotic/yahboomcar_ws/install/pkg_helloworld_py/lib/python3.10/site-packages/pkg_helloworld_py
[0.449s] byte-compiling /var/robotic/yahboomcar_ws/install/pkg_helloworld_py/lib/python3.10/site-packages/pkg_helloworld_py/__init__.py to __init__.cpython-310.pyc
[0.449s] byte-compiling /var/robotic/yahboomcar_ws/install/pkg_helloworld_py/lib/python3.10/site-packages/pkg_helloworld_py/helloworld.py to helloworld.cpython-310.pyc
[0.449s] running install_data
[0.449s]   File "/var/robotic/yahboomcar_ws/install/pkg_helloworld_py/lib/python3.10/site-packages/pkg_helloworld_py/helloworld.py", line 4
[0.450s]     ​
[0.450s]     ^
[0.450s] SyntaxError: invalid non-printable character U+200B
[0.450s] 
[0.451s] creating /var/robotic/yahboomcar_ws/install/pkg_helloworld_py/share/ament_index
[0.451s] creating /var/robotic/yahboomcar_ws/install/pkg_helloworld_py/share/ament_index/resource_index
[0.451s] creating /var/robotic/yahboomcar_ws/install/pkg_helloworld_py/share/ament_index/resource_index/packages
[0.451s] copying resource/pkg_helloworld_py -> /var/robotic/yahboomcar_ws/install/pkg_helloworld_py/share/ament_index/resource_index/packages
[0.451s] copying package.xml -> /var/robotic/yahboomcar_ws/install/pkg_helloworld_py/share/pkg_helloworld_py
[0.451s] running install_egg_info
[0.451s] Copying ../../build/pkg_helloworld_py/pkg_helloworld_py.egg-info to /var/robotic/yahboomcar_ws/install/pkg_helloworld_py/lib/python3.10/site-packages/pkg_helloworld_py-0.0.0-py3.10.egg-info
[0.452s] running install_scripts
[0.463s] Installing helloworld script to /var/robotic/yahboomcar_ws/install/pkg_helloworld_py/lib/pkg_helloworld_py
[0.463s] writing list of installed files to '/var/robotic/yahboomcar_ws/build/pkg_helloworld_py/install.log'
[0.474s] Invoked command in '/var/robotic/yahboomcar_ws/src/pkg_helloworld_py' returned '0': PYTHONPATH=/var/robotic/yahboomcar_ws/build/pkg_helloworld_py/prefix_override:/usr/lib/python3/dist-packages/colcon_core/task/python/colcon_distutils_commands:/var/robotic/yahboomcar_ws/install/pkg_helloworld_py/lib/python3.10/site-packages:${PYTHONPATH} /usr/bin/python3 -W ignore:setup.py install is deprecated -W ignore:easy_install command is deprecated setup.py egg_info --egg-base ../../build/pkg_helloworld_py build --build-base /var/robotic/yahboomcar_ws/build/pkg_helloworld_py/build install --record /var/robotic/yahboomcar_ws/build/pkg_helloworld_py/install.log --single-version-externally-managed install_data
