-- Found ament_cmake: 1.3.12 (/opt/ros/humble/share/ament_cmake/cmake)
-- Found rosidl_default_generators: 1.2.0 (/opt/ros/humble/share/rosidl_default_generators/cmake)
-- Using all available rosidl_typesupport_c: rosidl_typesupport_fastrtps_c;rosidl_typesupport_introspection_c
-- Found rosidl_adapter: 3.1.8 (/opt/ros/humble/share/rosidl_adapter/cmake)
-- Using all available rosidl_typesupport_cpp: rosidl_typesupport_fastrtps_cpp;rosidl_typesupport_introspection_cpp
-- Found ament_cmake_ros: 0.10.0 (/opt/ros/humble/share/ament_cmake_ros/cmake)
-- Using all available rosidl_typesupport_c: rosidl_typesupport_fastrtps_c;rosidl_typesupport_introspection_c
-- Using all available rosidl_typesupport_cpp: rosidl_typesupport_fastrtps_cpp;rosidl_typesupport_introspection_cpp
-- Found python_cmake_module: 0.10.0 (/opt/ros/humble/share/python_cmake_module/cmake)
-- Using PYTHON_EXECUTABLE: /usr/bin/python3
-- Using PYTHON_INCLUDE_DIRS: /usr/include/python3.10
-- Using PYTHON_LIBRARIES: /usr/lib/x86_64-linux-gnu/libpython3.10.so
-- Found ament_lint_auto: 0.12.14 (/opt/ros/humble/share/ament_lint_auto/cmake)
-- Added test 'lint_cmake' to check CMake code style
-- Added test 'xmllint' to check XML markup files
-- Configuring done
-- Generating done
-- Build files have been written to: /var/robotic/yahboomcar_ws/build/pkg_interfaces
[  2%] [34m[1mGenerating C code for ROS interfaces[0m
[  4%] [34m[1mGenerating C++ code for ROS interfaces[0m
[35m[1mConsolidate compiler generated dependencies of target pkg_interfaces__rosidl_generator_c[0m
[  6%] [32mBuilding C object CMakeFiles/pkg_interfaces__rosidl_generator_c.dir/rosidl_generator_c/pkg_interfaces/action/detail/progress__functions.c.o[0m
[  6%] Built target pkg_interfaces__cpp
[  8%] [32mBuilding C object CMakeFiles/pkg_interfaces__rosidl_generator_c.dir/rosidl_generator_c/pkg_interfaces/msg/detail/person__functions.c.o[0m
[ 10%] [32mBuilding C object CMakeFiles/pkg_interfaces__rosidl_generator_c.dir/rosidl_generator_c/pkg_interfaces/srv/detail/add__functions.c.o[0m
[ 12%] [32m[1mLinking C shared library libpkg_interfaces__rosidl_generator_c.so[0m
[ 12%] Built target ament_cmake_python_copy_pkg_interfaces
[ 14%] [34m[1mGenerating C++ type support dispatch for ROS interfaces[0m
[ 14%] Built target pkg_interfaces__rosidl_generator_c
[ 17%] [34m[1mGenerating C++ type support for eProsima Fast-RTPS[0m
[35m[1mConsolidate compiler generated dependencies of target pkg_interfaces__rosidl_typesupport_cpp[0m
[ 19%] [32mBuilding CXX object CMakeFiles/pkg_interfaces__rosidl_typesupport_cpp.dir/rosidl_typesupport_cpp/pkg_interfaces/action/progress__type_support.cpp.o[0m
[35m[1mConsolidate compiler generated dependencies of target pkg_interfaces__rosidl_typesupport_fastrtps_cpp[0m
[ 21%] [32mBuilding CXX object CMakeFiles/pkg_interfaces__rosidl_typesupport_fastrtps_cpp.dir/rosidl_typesupport_fastrtps_cpp/pkg_interfaces/action/detail/dds_fastrtps/progress__type_support.cpp.o[0m
[ 23%] [32mBuilding CXX object CMakeFiles/pkg_interfaces__rosidl_typesupport_cpp.dir/rosidl_typesupport_cpp/pkg_interfaces/msg/person__type_support.cpp.o[0m
[ 25%] [32mBuilding CXX object CMakeFiles/pkg_interfaces__rosidl_typesupport_cpp.dir/rosidl_typesupport_cpp/pkg_interfaces/srv/add__type_support.cpp.o[0m
[ 27%] [32mBuilding CXX object CMakeFiles/pkg_interfaces__rosidl_typesupport_fastrtps_cpp.dir/rosidl_typesupport_fastrtps_cpp/pkg_interfaces/msg/detail/dds_fastrtps/person__type_support.cpp.o[0m
[ 29%] [32m[1mLinking CXX shared library libpkg_interfaces__rosidl_typesupport_cpp.so[0m
[ 29%] Built target pkg_interfaces__rosidl_typesupport_cpp
[ 31%] [34m[1mGenerating C++ introspection for ROS interfaces[0m
[ 34%] [32mBuilding CXX object CMakeFiles/pkg_interfaces__rosidl_typesupport_fastrtps_cpp.dir/rosidl_typesupport_fastrtps_cpp/pkg_interfaces/srv/detail/dds_fastrtps/add__type_support.cpp.o[0m
[35m[1mConsolidate compiler generated dependencies of target pkg_interfaces__rosidl_typesupport_introspection_cpp[0m
[ 36%] [32mBuilding CXX object CMakeFiles/pkg_interfaces__rosidl_typesupport_introspection_cpp.dir/rosidl_typesupport_introspection_cpp/pkg_interfaces/action/detail/progress__type_support.cpp.o[0m
[ 38%] [32m[1mLinking CXX shared library libpkg_interfaces__rosidl_typesupport_fastrtps_cpp.so[0m
[ 38%] Built target pkg_interfaces__rosidl_typesupport_fastrtps_cpp
running egg_info
writing pkg_interfaces.egg-info/PKG-INFO
writing dependency_links to pkg_interfaces.egg-info/dependency_links.txt
writing top-level names to pkg_interfaces.egg-info/top_level.txt
reading manifest file 'pkg_interfaces.egg-info/SOURCES.txt'
writing manifest file 'pkg_interfaces.egg-info/SOURCES.txt'
[ 38%] Built target ament_cmake_python_build_pkg_interfaces_egg
[ 40%] [34m[1mGenerating C type support for eProsima Fast-RTPS[0m
[ 42%] [32mBuilding CXX object CMakeFiles/pkg_interfaces__rosidl_typesupport_introspection_cpp.dir/rosidl_typesupport_introspection_cpp/pkg_interfaces/msg/detail/person__type_support.cpp.o[0m
[35m[1mConsolidate compiler generated dependencies of target pkg_interfaces__rosidl_typesupport_fastrtps_c[0m
[ 44%] [32mBuilding CXX object CMakeFiles/pkg_interfaces__rosidl_typesupport_fastrtps_c.dir/rosidl_typesupport_fastrtps_c/pkg_interfaces/action/detail/progress__type_support_c.cpp.o[0m
[ 46%] [32mBuilding CXX object CMakeFiles/pkg_interfaces__rosidl_typesupport_introspection_cpp.dir/rosidl_typesupport_introspection_cpp/pkg_interfaces/srv/detail/add__type_support.cpp.o[0m
[ 48%] [32mBuilding CXX object CMakeFiles/pkg_interfaces__rosidl_typesupport_fastrtps_c.dir/rosidl_typesupport_fastrtps_c/pkg_interfaces/msg/detail/person__type_support_c.cpp.o[0m
[ 51%] [32m[1mLinking CXX shared library libpkg_interfaces__rosidl_typesupport_introspection_cpp.so[0m
[ 51%] Built target pkg_interfaces__rosidl_typesupport_introspection_cpp
[ 53%] [32mBuilding CXX object CMakeFiles/pkg_interfaces__rosidl_typesupport_fastrtps_c.dir/rosidl_typesupport_fastrtps_c/pkg_interfaces/srv/detail/add__type_support_c.cpp.o[0m
[ 55%] [34m[1mGenerating C introspection for ROS interfaces[0m
[ 57%] [32m[1mLinking CXX shared library libpkg_interfaces__rosidl_typesupport_fastrtps_c.so[0m
[ 57%] Built target pkg_interfaces__rosidl_typesupport_fastrtps_c
[ 59%] [34m[1mGenerating C type support dispatch for ROS interfaces[0m
[35m[1mConsolidate compiler generated dependencies of target pkg_interfaces__rosidl_typesupport_introspection_c[0m
[ 61%] [32mBuilding C object CMakeFiles/pkg_interfaces__rosidl_typesupport_introspection_c.dir/rosidl_typesupport_introspection_c/pkg_interfaces/action/detail/progress__type_support.c.o[0m
[ 63%] [32mBuilding C object CMakeFiles/pkg_interfaces__rosidl_typesupport_introspection_c.dir/rosidl_typesupport_introspection_c/pkg_interfaces/msg/detail/person__type_support.c.o[0m
[ 65%] [32mBuilding C object CMakeFiles/pkg_interfaces__rosidl_typesupport_introspection_c.dir/rosidl_typesupport_introspection_c/pkg_interfaces/srv/detail/add__type_support.c.o[0m
[ 68%] [32m[1mLinking C shared library libpkg_interfaces__rosidl_typesupport_introspection_c.so[0m
[35m[1mConsolidate compiler generated dependencies of target pkg_interfaces__rosidl_typesupport_c[0m
[ 70%] [32mBuilding CXX object CMakeFiles/pkg_interfaces__rosidl_typesupport_c.dir/rosidl_typesupport_c/pkg_interfaces/action/progress__type_support.cpp.o[0m
[ 70%] Built target pkg_interfaces__rosidl_typesupport_introspection_c
[ 72%] [32mBuilding CXX object CMakeFiles/pkg_interfaces__rosidl_typesupport_c.dir/rosidl_typesupport_c/pkg_interfaces/msg/person__type_support.cpp.o[0m
[ 74%] [32mBuilding CXX object CMakeFiles/pkg_interfaces__rosidl_typesupport_c.dir/rosidl_typesupport_c/pkg_interfaces/srv/add__type_support.cpp.o[0m
[ 76%] [32m[1mLinking CXX shared library libpkg_interfaces__rosidl_typesupport_c.so[0m
[ 76%] Built target pkg_interfaces__rosidl_typesupport_c
[ 76%] Built target pkg_interfaces
[ 78%] [34m[1mGenerating Python code for ROS interfaces[0m
[ 78%] Built target pkg_interfaces__py
[35m[1mConsolidate compiler generated dependencies of target pkg_interfaces__rosidl_generator_py[0m
[ 80%] [32mBuilding C object CMakeFiles/pkg_interfaces__rosidl_generator_py.dir/rosidl_generator_py/pkg_interfaces/action/_progress_s.c.o[0m
[ 82%] [32mBuilding C object CMakeFiles/pkg_interfaces__rosidl_generator_py.dir/rosidl_generator_py/pkg_interfaces/msg/_person_s.c.o[0m
[ 85%] [32mBuilding C object CMakeFiles/pkg_interfaces__rosidl_generator_py.dir/rosidl_generator_py/pkg_interfaces/srv/_add_s.c.o[0m
[ 87%] [32m[1mLinking C shared library rosidl_generator_py/pkg_interfaces/libpkg_interfaces__rosidl_generator_py.so[0m
[ 87%] Built target pkg_interfaces__rosidl_generator_py
[35m[1mConsolidate compiler generated dependencies of target pkg_interfaces__rosidl_typesupport_fastrtps_c__pyext[0m
[35m[1mConsolidate compiler generated dependencies of target pkg_interfaces__rosidl_typesupport_introspection_c__pyext[0m
[ 89%] [32mBuilding C object CMakeFiles/pkg_interfaces__rosidl_typesupport_fastrtps_c__pyext.dir/rosidl_generator_py/pkg_interfaces/_pkg_interfaces_s.ep.rosidl_typesupport_fastrtps_c.c.o[0m
[ 91%] [32mBuilding C object CMakeFiles/pkg_interfaces__rosidl_typesupport_introspection_c__pyext.dir/rosidl_generator_py/pkg_interfaces/_pkg_interfaces_s.ep.rosidl_typesupport_introspection_c.c.o[0m
[ 93%] [32m[1mLinking C shared library rosidl_generator_py/pkg_interfaces/pkg_interfaces_s__rosidl_typesupport_introspection_c.cpython-310-x86_64-linux-gnu.so[0m
[ 95%] [32m[1mLinking C shared library rosidl_generator_py/pkg_interfaces/pkg_interfaces_s__rosidl_typesupport_fastrtps_c.cpython-310-x86_64-linux-gnu.so[0m
[ 95%] Built target pkg_interfaces__rosidl_typesupport_introspection_c__pyext
[ 95%] Built target pkg_interfaces__rosidl_typesupport_fastrtps_c__pyext
[35m[1mConsolidate compiler generated dependencies of target pkg_interfaces__rosidl_typesupport_c__pyext[0m
[ 97%] [32mBuilding C object CMakeFiles/pkg_interfaces__rosidl_typesupport_c__pyext.dir/rosidl_generator_py/pkg_interfaces/_pkg_interfaces_s.ep.rosidl_typesupport_c.c.o[0m
[100%] [32m[1mLinking C shared library rosidl_generator_py/pkg_interfaces/pkg_interfaces_s__rosidl_typesupport_c.cpython-310-x86_64-linux-gnu.so[0m
[100%] Built target pkg_interfaces__rosidl_typesupport_c__pyext
-- Install configuration: ""
-- Installing: /var/robotic/yahboomcar_ws/install/pkg_interfaces/share/ament_index/resource_index/rosidl_interfaces/pkg_interfaces
-- Up-to-date: /var/robotic/yahboomcar_ws/install/pkg_interfaces/include/pkg_interfaces/pkg_interfaces
-- Installing: /var/robotic/yahboomcar_ws/install/pkg_interfaces/include/pkg_interfaces/pkg_interfaces/srv
-- Installing: /var/robotic/yahboomcar_ws/install/pkg_interfaces/include/pkg_interfaces/pkg_interfaces/srv/add.h
-- Installing: /var/robotic/yahboomcar_ws/install/pkg_interfaces/include/pkg_interfaces/pkg_interfaces/srv/detail
-- Installing: /var/robotic/yahboomcar_ws/install/pkg_interfaces/include/pkg_interfaces/pkg_interfaces/srv/detail/add__struct.h
-- Installing: /var/robotic/yahboomcar_ws/install/pkg_interfaces/include/pkg_interfaces/pkg_interfaces/srv/detail/add__functions.c
-- Installing: /var/robotic/yahboomcar_ws/install/pkg_interfaces/include/pkg_interfaces/pkg_interfaces/srv/detail/add__type_support.h
-- Installing: /var/robotic/yahboomcar_ws/install/pkg_interfaces/include/pkg_interfaces/pkg_interfaces/srv/detail/add__functions.h
-- Up-to-date: /var/robotic/yahboomcar_ws/install/pkg_interfaces/include/pkg_interfaces/pkg_interfaces/action
-- Up-to-date: /var/robotic/yahboomcar_ws/install/pkg_interfaces/include/pkg_interfaces/pkg_interfaces/action/detail
-- Installing: /var/robotic/yahboomcar_ws/install/pkg_interfaces/include/pkg_interfaces/pkg_interfaces/action/detail/progress__functions.c
-- Installing: /var/robotic/yahboomcar_ws/install/pkg_interfaces/include/pkg_interfaces/pkg_interfaces/action/detail/progress__type_support.h
-- Installing: /var/robotic/yahboomcar_ws/install/pkg_interfaces/include/pkg_interfaces/pkg_interfaces/action/detail/progress__functions.h
-- Installing: /var/robotic/yahboomcar_ws/install/pkg_interfaces/include/pkg_interfaces/pkg_interfaces/action/detail/progress__struct.h
-- Installing: /var/robotic/yahboomcar_ws/install/pkg_interfaces/include/pkg_interfaces/pkg_interfaces/action/progress.h
-- Up-to-date: /var/robotic/yahboomcar_ws/install/pkg_interfaces/include/pkg_interfaces/pkg_interfaces/msg
-- Installing: /var/robotic/yahboomcar_ws/install/pkg_interfaces/include/pkg_interfaces/pkg_interfaces/msg/person.h
-- Up-to-date: /var/robotic/yahboomcar_ws/install/pkg_interfaces/include/pkg_interfaces/pkg_interfaces/msg/rosidl_generator_c__visibility_control.h
-- Up-to-date: /var/robotic/yahboomcar_ws/install/pkg_interfaces/include/pkg_interfaces/pkg_interfaces/msg/detail
-- Installing: /var/robotic/yahboomcar_ws/install/pkg_interfaces/include/pkg_interfaces/pkg_interfaces/msg/detail/person__functions.c
-- Installing: /var/robotic/yahboomcar_ws/install/pkg_interfaces/include/pkg_interfaces/pkg_interfaces/msg/detail/person__type_support.h
-- Installing: /var/robotic/yahboomcar_ws/install/pkg_interfaces/include/pkg_interfaces/pkg_interfaces/msg/detail/person__struct.h
-- Installing: /var/robotic/yahboomcar_ws/install/pkg_interfaces/include/pkg_interfaces/pkg_interfaces/msg/detail/person__functions.h
-- Up-to-date: /var/robotic/yahboomcar_ws/install/pkg_interfaces/share/pkg_interfaces/environment/library_path.sh
-- Installing: /var/robotic/yahboomcar_ws/install/pkg_interfaces/share/pkg_interfaces/environment/library_path.dsv
-- Installing: /var/robotic/yahboomcar_ws/install/pkg_interfaces/lib/libpkg_interfaces__rosidl_generator_c.so
-- Set runtime path of "/var/robotic/yahboomcar_ws/install/pkg_interfaces/lib/libpkg_interfaces__rosidl_generator_c.so" to ""
-- Up-to-date: /var/robotic/yahboomcar_ws/install/pkg_interfaces/include/pkg_interfaces/pkg_interfaces
-- Up-to-date: /var/robotic/yahboomcar_ws/install/pkg_interfaces/include/pkg_interfaces/pkg_interfaces/srv
-- Up-to-date: /var/robotic/yahboomcar_ws/install/pkg_interfaces/include/pkg_interfaces/pkg_interfaces/srv/detail
-- Installing: /var/robotic/yahboomcar_ws/install/pkg_interfaces/include/pkg_interfaces/pkg_interfaces/srv/detail/add__rosidl_typesupport_fastrtps_c.h
-- Up-to-date: /var/robotic/yahboomcar_ws/install/pkg_interfaces/include/pkg_interfaces/pkg_interfaces/action
-- Up-to-date: /var/robotic/yahboomcar_ws/install/pkg_interfaces/include/pkg_interfaces/pkg_interfaces/action/detail
-- Installing: /var/robotic/yahboomcar_ws/install/pkg_interfaces/include/pkg_interfaces/pkg_interfaces/action/detail/progress__rosidl_typesupport_fastrtps_c.h
-- Up-to-date: /var/robotic/yahboomcar_ws/install/pkg_interfaces/include/pkg_interfaces/pkg_interfaces/msg
-- Up-to-date: /var/robotic/yahboomcar_ws/install/pkg_interfaces/include/pkg_interfaces/pkg_interfaces/msg/detail
-- Installing: /var/robotic/yahboomcar_ws/install/pkg_interfaces/include/pkg_interfaces/pkg_interfaces/msg/detail/person__rosidl_typesupport_fastrtps_c.h
-- Up-to-date: /var/robotic/yahboomcar_ws/install/pkg_interfaces/include/pkg_interfaces/pkg_interfaces/msg/rosidl_typesupport_fastrtps_c__visibility_control.h
-- Installing: /var/robotic/yahboomcar_ws/install/pkg_interfaces/lib/libpkg_interfaces__rosidl_typesupport_fastrtps_c.so
-- Set runtime path of "/var/robotic/yahboomcar_ws/install/pkg_interfaces/lib/libpkg_interfaces__rosidl_typesupport_fastrtps_c.so" to ""
-- Up-to-date: /var/robotic/yahboomcar_ws/install/pkg_interfaces/include/pkg_interfaces/pkg_interfaces
-- Up-to-date: /var/robotic/yahboomcar_ws/install/pkg_interfaces/include/pkg_interfaces/pkg_interfaces/srv
-- Up-to-date: /var/robotic/yahboomcar_ws/install/pkg_interfaces/include/pkg_interfaces/pkg_interfaces/srv/detail
-- Installing: /var/robotic/yahboomcar_ws/install/pkg_interfaces/include/pkg_interfaces/pkg_interfaces/srv/detail/add__type_support.c
-- Installing: /var/robotic/yahboomcar_ws/install/pkg_interfaces/include/pkg_interfaces/pkg_interfaces/srv/detail/add__rosidl_typesupport_introspection_c.h
-- Up-to-date: /var/robotic/yahboomcar_ws/install/pkg_interfaces/include/pkg_interfaces/pkg_interfaces/action
-- Up-to-date: /var/robotic/yahboomcar_ws/install/pkg_interfaces/include/pkg_interfaces/pkg_interfaces/action/detail
-- Installing: /var/robotic/yahboomcar_ws/install/pkg_interfaces/include/pkg_interfaces/pkg_interfaces/action/detail/progress__type_support.c
-- Installing: /var/robotic/yahboomcar_ws/install/pkg_interfaces/include/pkg_interfaces/pkg_interfaces/action/detail/progress__rosidl_typesupport_introspection_c.h
-- Up-to-date: /var/robotic/yahboomcar_ws/install/pkg_interfaces/include/pkg_interfaces/pkg_interfaces/msg
-- Up-to-date: /var/robotic/yahboomcar_ws/install/pkg_interfaces/include/pkg_interfaces/pkg_interfaces/msg/detail
-- Installing: /var/robotic/yahboomcar_ws/install/pkg_interfaces/include/pkg_interfaces/pkg_interfaces/msg/detail/person__rosidl_typesupport_introspection_c.h
-- Installing: /var/robotic/yahboomcar_ws/install/pkg_interfaces/include/pkg_interfaces/pkg_interfaces/msg/detail/person__type_support.c
-- Up-to-date: /var/robotic/yahboomcar_ws/install/pkg_interfaces/include/pkg_interfaces/pkg_interfaces/msg/rosidl_typesupport_introspection_c__visibility_control.h
-- Installing: /var/robotic/yahboomcar_ws/install/pkg_interfaces/lib/libpkg_interfaces__rosidl_typesupport_introspection_c.so
-- Set runtime path of "/var/robotic/yahboomcar_ws/install/pkg_interfaces/lib/libpkg_interfaces__rosidl_typesupport_introspection_c.so" to ""
-- Installing: /var/robotic/yahboomcar_ws/install/pkg_interfaces/lib/libpkg_interfaces__rosidl_typesupport_c.so
-- Set runtime path of "/var/robotic/yahboomcar_ws/install/pkg_interfaces/lib/libpkg_interfaces__rosidl_typesupport_c.so" to ""
-- Up-to-date: /var/robotic/yahboomcar_ws/install/pkg_interfaces/include/pkg_interfaces/pkg_interfaces
-- Up-to-date: /var/robotic/yahboomcar_ws/install/pkg_interfaces/include/pkg_interfaces/pkg_interfaces/srv
-- Installing: /var/robotic/yahboomcar_ws/install/pkg_interfaces/include/pkg_interfaces/pkg_interfaces/srv/add.hpp
-- Up-to-date: /var/robotic/yahboomcar_ws/install/pkg_interfaces/include/pkg_interfaces/pkg_interfaces/srv/detail
-- Installing: /var/robotic/yahboomcar_ws/install/pkg_interfaces/include/pkg_interfaces/pkg_interfaces/srv/detail/add__type_support.hpp
-- Installing: /var/robotic/yahboomcar_ws/install/pkg_interfaces/include/pkg_interfaces/pkg_interfaces/srv/detail/add__builder.hpp
-- Installing: /var/robotic/yahboomcar_ws/install/pkg_interfaces/include/pkg_interfaces/pkg_interfaces/srv/detail/add__traits.hpp
-- Installing: /var/robotic/yahboomcar_ws/install/pkg_interfaces/include/pkg_interfaces/pkg_interfaces/srv/detail/add__struct.hpp
-- Up-to-date: /var/robotic/yahboomcar_ws/install/pkg_interfaces/include/pkg_interfaces/pkg_interfaces/action
-- Up-to-date: /var/robotic/yahboomcar_ws/install/pkg_interfaces/include/pkg_interfaces/pkg_interfaces/action/detail
-- Installing: /var/robotic/yahboomcar_ws/install/pkg_interfaces/include/pkg_interfaces/pkg_interfaces/action/detail/progress__traits.hpp
-- Installing: /var/robotic/yahboomcar_ws/install/pkg_interfaces/include/pkg_interfaces/pkg_interfaces/action/detail/progress__type_support.hpp
-- Installing: /var/robotic/yahboomcar_ws/install/pkg_interfaces/include/pkg_interfaces/pkg_interfaces/action/detail/progress__struct.hpp
-- Installing: /var/robotic/yahboomcar_ws/install/pkg_interfaces/include/pkg_interfaces/pkg_interfaces/action/detail/progress__builder.hpp
-- Installing: /var/robotic/yahboomcar_ws/install/pkg_interfaces/include/pkg_interfaces/pkg_interfaces/action/progress.hpp
-- Up-to-date: /var/robotic/yahboomcar_ws/install/pkg_interfaces/include/pkg_interfaces/pkg_interfaces/msg
-- Installing: /var/robotic/yahboomcar_ws/install/pkg_interfaces/include/pkg_interfaces/pkg_interfaces/msg/person.hpp
-- Up-to-date: /var/robotic/yahboomcar_ws/install/pkg_interfaces/include/pkg_interfaces/pkg_interfaces/msg/detail
-- Installing: /var/robotic/yahboomcar_ws/install/pkg_interfaces/include/pkg_interfaces/pkg_interfaces/msg/detail/person__traits.hpp
-- Installing: /var/robotic/yahboomcar_ws/install/pkg_interfaces/include/pkg_interfaces/pkg_interfaces/msg/detail/person__builder.hpp
-- Installing: /var/robotic/yahboomcar_ws/install/pkg_interfaces/include/pkg_interfaces/pkg_interfaces/msg/detail/person__struct.hpp
-- Installing: /var/robotic/yahboomcar_ws/install/pkg_interfaces/include/pkg_interfaces/pkg_interfaces/msg/detail/person__type_support.hpp
-- Up-to-date: /var/robotic/yahboomcar_ws/install/pkg_interfaces/include/pkg_interfaces/pkg_interfaces/msg/rosidl_generator_cpp__visibility_control.hpp
-- Up-to-date: /var/robotic/yahboomcar_ws/install/pkg_interfaces/include/pkg_interfaces/pkg_interfaces
-- Up-to-date: /var/robotic/yahboomcar_ws/install/pkg_interfaces/include/pkg_interfaces/pkg_interfaces/srv
-- Up-to-date: /var/robotic/yahboomcar_ws/install/pkg_interfaces/include/pkg_interfaces/pkg_interfaces/srv/detail
-- Installing: /var/robotic/yahboomcar_ws/install/pkg_interfaces/include/pkg_interfaces/pkg_interfaces/srv/detail/add__rosidl_typesupport_fastrtps_cpp.hpp
-- Installing: /var/robotic/yahboomcar_ws/install/pkg_interfaces/include/pkg_interfaces/pkg_interfaces/srv/detail/dds_fastrtps
-- Up-to-date: /var/robotic/yahboomcar_ws/install/pkg_interfaces/include/pkg_interfaces/pkg_interfaces/action
-- Up-to-date: /var/robotic/yahboomcar_ws/install/pkg_interfaces/include/pkg_interfaces/pkg_interfaces/action/detail
-- Installing: /var/robotic/yahboomcar_ws/install/pkg_interfaces/include/pkg_interfaces/pkg_interfaces/action/detail/progress__rosidl_typesupport_fastrtps_cpp.hpp
-- Up-to-date: /var/robotic/yahboomcar_ws/install/pkg_interfaces/include/pkg_interfaces/pkg_interfaces/action/detail/dds_fastrtps
-- Up-to-date: /var/robotic/yahboomcar_ws/install/pkg_interfaces/include/pkg_interfaces/pkg_interfaces/msg
-- Up-to-date: /var/robotic/yahboomcar_ws/install/pkg_interfaces/include/pkg_interfaces/pkg_interfaces/msg/detail
-- Up-to-date: /var/robotic/yahboomcar_ws/install/pkg_interfaces/include/pkg_interfaces/pkg_interfaces/msg/detail/dds_fastrtps
-- Installing: /var/robotic/yahboomcar_ws/install/pkg_interfaces/include/pkg_interfaces/pkg_interfaces/msg/detail/person__rosidl_typesupport_fastrtps_cpp.hpp
-- Up-to-date: /var/robotic/yahboomcar_ws/install/pkg_interfaces/include/pkg_interfaces/pkg_interfaces/msg/rosidl_typesupport_fastrtps_cpp__visibility_control.h
-- Installing: /var/robotic/yahboomcar_ws/install/pkg_interfaces/lib/libpkg_interfaces__rosidl_typesupport_fastrtps_cpp.so
-- Set runtime path of "/var/robotic/yahboomcar_ws/install/pkg_interfaces/lib/libpkg_interfaces__rosidl_typesupport_fastrtps_cpp.so" to ""
-- Up-to-date: /var/robotic/yahboomcar_ws/install/pkg_interfaces/include/pkg_interfaces/pkg_interfaces
-- Up-to-date: /var/robotic/yahboomcar_ws/install/pkg_interfaces/include/pkg_interfaces/pkg_interfaces/srv
-- Up-to-date: /var/robotic/yahboomcar_ws/install/pkg_interfaces/include/pkg_interfaces/pkg_interfaces/srv/detail
-- Installing: /var/robotic/yahboomcar_ws/install/pkg_interfaces/include/pkg_interfaces/pkg_interfaces/srv/detail/add__rosidl_typesupport_introspection_cpp.hpp
-- Installing: /var/robotic/yahboomcar_ws/install/pkg_interfaces/include/pkg_interfaces/pkg_interfaces/srv/detail/add__type_support.cpp
-- Up-to-date: /var/robotic/yahboomcar_ws/install/pkg_interfaces/include/pkg_interfaces/pkg_interfaces/action
-- Up-to-date: /var/robotic/yahboomcar_ws/install/pkg_interfaces/include/pkg_interfaces/pkg_interfaces/action/detail
-- Installing: /var/robotic/yahboomcar_ws/install/pkg_interfaces/include/pkg_interfaces/pkg_interfaces/action/detail/progress__type_support.cpp
-- Installing: /var/robotic/yahboomcar_ws/install/pkg_interfaces/include/pkg_interfaces/pkg_interfaces/action/detail/progress__rosidl_typesupport_introspection_cpp.hpp
-- Up-to-date: /var/robotic/yahboomcar_ws/install/pkg_interfaces/include/pkg_interfaces/pkg_interfaces/msg
-- Up-to-date: /var/robotic/yahboomcar_ws/install/pkg_interfaces/include/pkg_interfaces/pkg_interfaces/msg/detail
-- Installing: /var/robotic/yahboomcar_ws/install/pkg_interfaces/include/pkg_interfaces/pkg_interfaces/msg/detail/person__type_support.cpp
-- Installing: /var/robotic/yahboomcar_ws/install/pkg_interfaces/include/pkg_interfaces/pkg_interfaces/msg/detail/person__rosidl_typesupport_introspection_cpp.hpp
-- Installing: /var/robotic/yahboomcar_ws/install/pkg_interfaces/lib/libpkg_interfaces__rosidl_typesupport_introspection_cpp.so
-- Set runtime path of "/var/robotic/yahboomcar_ws/install/pkg_interfaces/lib/libpkg_interfaces__rosidl_typesupport_introspection_cpp.so" to ""
-- Installing: /var/robotic/yahboomcar_ws/install/pkg_interfaces/lib/libpkg_interfaces__rosidl_typesupport_cpp.so
-- Set runtime path of "/var/robotic/yahboomcar_ws/install/pkg_interfaces/lib/libpkg_interfaces__rosidl_typesupport_cpp.so" to ""
-- Up-to-date: /var/robotic/yahboomcar_ws/install/pkg_interfaces/share/pkg_interfaces/environment/pythonpath.sh
-- Installing: /var/robotic/yahboomcar_ws/install/pkg_interfaces/share/pkg_interfaces/environment/pythonpath.dsv
-- Up-to-date: /var/robotic/yahboomcar_ws/install/pkg_interfaces/local/lib/python3.10/dist-packages/pkg_interfaces-0.0.0-py3.10.egg-info
-- Installing: /var/robotic/yahboomcar_ws/install/pkg_interfaces/local/lib/python3.10/dist-packages/pkg_interfaces-0.0.0-py3.10.egg-info/SOURCES.txt
-- Installing: /var/robotic/yahboomcar_ws/install/pkg_interfaces/local/lib/python3.10/dist-packages/pkg_interfaces-0.0.0-py3.10.egg-info/top_level.txt
-- Installing: /var/robotic/yahboomcar_ws/install/pkg_interfaces/local/lib/python3.10/dist-packages/pkg_interfaces-0.0.0-py3.10.egg-info/PKG-INFO
-- Installing: /var/robotic/yahboomcar_ws/install/pkg_interfaces/local/lib/python3.10/dist-packages/pkg_interfaces-0.0.0-py3.10.egg-info/dependency_links.txt
-- Up-to-date: /var/robotic/yahboomcar_ws/install/pkg_interfaces/local/lib/python3.10/dist-packages/pkg_interfaces
-- Installing: /var/robotic/yahboomcar_ws/install/pkg_interfaces/local/lib/python3.10/dist-packages/pkg_interfaces/srv
-- Installing: /var/robotic/yahboomcar_ws/install/pkg_interfaces/local/lib/python3.10/dist-packages/pkg_interfaces/srv/_add.py
-- Installing: /var/robotic/yahboomcar_ws/install/pkg_interfaces/local/lib/python3.10/dist-packages/pkg_interfaces/srv/_add_s.c
-- Installing: /var/robotic/yahboomcar_ws/install/pkg_interfaces/local/lib/python3.10/dist-packages/pkg_interfaces/srv/__init__.py
-- Installing: /var/robotic/yahboomcar_ws/install/pkg_interfaces/local/lib/python3.10/dist-packages/pkg_interfaces/pkg_interfaces_s__rosidl_typesupport_c.cpython-310-x86_64-linux-gnu.so
-- Up-to-date: /var/robotic/yahboomcar_ws/install/pkg_interfaces/local/lib/python3.10/dist-packages/pkg_interfaces/action
-- Installing: /var/robotic/yahboomcar_ws/install/pkg_interfaces/local/lib/python3.10/dist-packages/pkg_interfaces/action/_progress.py
-- Installing: /var/robotic/yahboomcar_ws/install/pkg_interfaces/local/lib/python3.10/dist-packages/pkg_interfaces/action/_progress_s.c
-- Installing: /var/robotic/yahboomcar_ws/install/pkg_interfaces/local/lib/python3.10/dist-packages/pkg_interfaces/action/__init__.py
-- Installing: /var/robotic/yahboomcar_ws/install/pkg_interfaces/local/lib/python3.10/dist-packages/pkg_interfaces/pkg_interfaces_s__rosidl_typesupport_introspection_c.cpython-310-x86_64-linux-gnu.so
-- Installing: /var/robotic/yahboomcar_ws/install/pkg_interfaces/local/lib/python3.10/dist-packages/pkg_interfaces/_pkg_interfaces_s.ep.rosidl_typesupport_introspection_c.c
-- Installing: /var/robotic/yahboomcar_ws/install/pkg_interfaces/local/lib/python3.10/dist-packages/pkg_interfaces/_pkg_interfaces_s.ep.rosidl_typesupport_c.c
-- Installing: /var/robotic/yahboomcar_ws/install/pkg_interfaces/local/lib/python3.10/dist-packages/pkg_interfaces/libpkg_interfaces__rosidl_generator_py.so
-- Installing: /var/robotic/yahboomcar_ws/install/pkg_interfaces/local/lib/python3.10/dist-packages/pkg_interfaces/__init__.py
-- Installing: /var/robotic/yahboomcar_ws/install/pkg_interfaces/local/lib/python3.10/dist-packages/pkg_interfaces/_pkg_interfaces_s.ep.rosidl_typesupport_fastrtps_c.c
-- Installing: /var/robotic/yahboomcar_ws/install/pkg_interfaces/local/lib/python3.10/dist-packages/pkg_interfaces/pkg_interfaces_s__rosidl_typesupport_fastrtps_c.cpython-310-x86_64-linux-gnu.so
-- Up-to-date: /var/robotic/yahboomcar_ws/install/pkg_interfaces/local/lib/python3.10/dist-packages/pkg_interfaces/msg
-- Installing: /var/robotic/yahboomcar_ws/install/pkg_interfaces/local/lib/python3.10/dist-packages/pkg_interfaces/msg/_person.py
-- Installing: /var/robotic/yahboomcar_ws/install/pkg_interfaces/local/lib/python3.10/dist-packages/pkg_interfaces/msg/__init__.py
-- Installing: /var/robotic/yahboomcar_ws/install/pkg_interfaces/local/lib/python3.10/dist-packages/pkg_interfaces/msg/_person_s.c
Listing '/var/robotic/yahboomcar_ws/install/pkg_interfaces/local/lib/python3.10/dist-packages/pkg_interfaces'...
Compiling '/var/robotic/yahboomcar_ws/install/pkg_interfaces/local/lib/python3.10/dist-packages/pkg_interfaces/__init__.py'...
Listing '/var/robotic/yahboomcar_ws/install/pkg_interfaces/local/lib/python3.10/dist-packages/pkg_interfaces/action'...
Compiling '/var/robotic/yahboomcar_ws/install/pkg_interfaces/local/lib/python3.10/dist-packages/pkg_interfaces/action/__init__.py'...
Compiling '/var/robotic/yahboomcar_ws/install/pkg_interfaces/local/lib/python3.10/dist-packages/pkg_interfaces/action/_progress.py'...
Listing '/var/robotic/yahboomcar_ws/install/pkg_interfaces/local/lib/python3.10/dist-packages/pkg_interfaces/msg'...
Compiling '/var/robotic/yahboomcar_ws/install/pkg_interfaces/local/lib/python3.10/dist-packages/pkg_interfaces/msg/__init__.py'...
Compiling '/var/robotic/yahboomcar_ws/install/pkg_interfaces/local/lib/python3.10/dist-packages/pkg_interfaces/msg/_person.py'...
Listing '/var/robotic/yahboomcar_ws/install/pkg_interfaces/local/lib/python3.10/dist-packages/pkg_interfaces/srv'...
Compiling '/var/robotic/yahboomcar_ws/install/pkg_interfaces/local/lib/python3.10/dist-packages/pkg_interfaces/srv/__init__.py'...
Compiling '/var/robotic/yahboomcar_ws/install/pkg_interfaces/local/lib/python3.10/dist-packages/pkg_interfaces/srv/_add.py'...
-- Installing: /var/robotic/yahboomcar_ws/install/pkg_interfaces/local/lib/python3.10/dist-packages/pkg_interfaces/pkg_interfaces_s__rosidl_typesupport_fastrtps_c.cpython-310-x86_64-linux-gnu.so
-- Set runtime path of "/var/robotic/yahboomcar_ws/install/pkg_interfaces/local/lib/python3.10/dist-packages/pkg_interfaces/pkg_interfaces_s__rosidl_typesupport_fastrtps_c.cpython-310-x86_64-linux-gnu.so" to ""
-- Installing: /var/robotic/yahboomcar_ws/install/pkg_interfaces/local/lib/python3.10/dist-packages/pkg_interfaces/pkg_interfaces_s__rosidl_typesupport_introspection_c.cpython-310-x86_64-linux-gnu.so
-- Set runtime path of "/var/robotic/yahboomcar_ws/install/pkg_interfaces/local/lib/python3.10/dist-packages/pkg_interfaces/pkg_interfaces_s__rosidl_typesupport_introspection_c.cpython-310-x86_64-linux-gnu.so" to ""
-- Installing: /var/robotic/yahboomcar_ws/install/pkg_interfaces/local/lib/python3.10/dist-packages/pkg_interfaces/pkg_interfaces_s__rosidl_typesupport_c.cpython-310-x86_64-linux-gnu.so
-- Set runtime path of "/var/robotic/yahboomcar_ws/install/pkg_interfaces/local/lib/python3.10/dist-packages/pkg_interfaces/pkg_interfaces_s__rosidl_typesupport_c.cpython-310-x86_64-linux-gnu.so" to ""
-- Installing: /var/robotic/yahboomcar_ws/install/pkg_interfaces/lib/libpkg_interfaces__rosidl_generator_py.so
-- Set runtime path of "/var/robotic/yahboomcar_ws/install/pkg_interfaces/lib/libpkg_interfaces__rosidl_generator_py.so" to ""
-- Up-to-date: /var/robotic/yahboomcar_ws/install/pkg_interfaces/share/pkg_interfaces/action/Progress.idl
-- Up-to-date: /var/robotic/yahboomcar_ws/install/pkg_interfaces/share/pkg_interfaces/msg/Person.idl
-- Installing: /var/robotic/yahboomcar_ws/install/pkg_interfaces/share/pkg_interfaces/srv/Add.idl
-- Up-to-date: /var/robotic/yahboomcar_ws/install/pkg_interfaces/share/pkg_interfaces/action/Progress.action
-- Up-to-date: /var/robotic/yahboomcar_ws/install/pkg_interfaces/share/pkg_interfaces/msg/Person.msg
-- Installing: /var/robotic/yahboomcar_ws/install/pkg_interfaces/share/pkg_interfaces/srv/Add.srv
-- Installing: /var/robotic/yahboomcar_ws/install/pkg_interfaces/share/pkg_interfaces/srv/Add_Request.msg
-- Installing: /var/robotic/yahboomcar_ws/install/pkg_interfaces/share/pkg_interfaces/srv/Add_Response.msg
-- Up-to-date: /var/robotic/yahboomcar_ws/install/pkg_interfaces/share/ament_index/resource_index/package_run_dependencies/pkg_interfaces
-- Up-to-date: /var/robotic/yahboomcar_ws/install/pkg_interfaces/share/ament_index/resource_index/parent_prefix_path/pkg_interfaces
-- Up-to-date: /var/robotic/yahboomcar_ws/install/pkg_interfaces/share/pkg_interfaces/environment/ament_prefix_path.sh
-- Installing: /var/robotic/yahboomcar_ws/install/pkg_interfaces/share/pkg_interfaces/environment/ament_prefix_path.dsv
-- Up-to-date: /var/robotic/yahboomcar_ws/install/pkg_interfaces/share/pkg_interfaces/environment/path.sh
-- Installing: /var/robotic/yahboomcar_ws/install/pkg_interfaces/share/pkg_interfaces/environment/path.dsv
-- Up-to-date: /var/robotic/yahboomcar_ws/install/pkg_interfaces/share/pkg_interfaces/local_setup.bash
-- Up-to-date: /var/robotic/yahboomcar_ws/install/pkg_interfaces/share/pkg_interfaces/local_setup.sh
-- Up-to-date: /var/robotic/yahboomcar_ws/install/pkg_interfaces/share/pkg_interfaces/local_setup.zsh
-- Installing: /var/robotic/yahboomcar_ws/install/pkg_interfaces/share/pkg_interfaces/local_setup.dsv
-- Installing: /var/robotic/yahboomcar_ws/install/pkg_interfaces/share/pkg_interfaces/package.dsv
-- Up-to-date: /var/robotic/yahboomcar_ws/install/pkg_interfaces/share/ament_index/resource_index/packages/pkg_interfaces
-- Up-to-date: /var/robotic/yahboomcar_ws/install/pkg_interfaces/share/pkg_interfaces/cmake/export_pkg_interfaces__rosidl_generator_cExport.cmake
-- Up-to-date: /var/robotic/yahboomcar_ws/install/pkg_interfaces/share/pkg_interfaces/cmake/export_pkg_interfaces__rosidl_generator_cExport-noconfig.cmake
-- Up-to-date: /var/robotic/yahboomcar_ws/install/pkg_interfaces/share/pkg_interfaces/cmake/export_pkg_interfaces__rosidl_typesupport_fastrtps_cExport.cmake
-- Up-to-date: /var/robotic/yahboomcar_ws/install/pkg_interfaces/share/pkg_interfaces/cmake/export_pkg_interfaces__rosidl_typesupport_fastrtps_cExport-noconfig.cmake
-- Up-to-date: /var/robotic/yahboomcar_ws/install/pkg_interfaces/share/pkg_interfaces/cmake/pkg_interfaces__rosidl_typesupport_introspection_cExport.cmake
-- Up-to-date: /var/robotic/yahboomcar_ws/install/pkg_interfaces/share/pkg_interfaces/cmake/pkg_interfaces__rosidl_typesupport_introspection_cExport-noconfig.cmake
-- Up-to-date: /var/robotic/yahboomcar_ws/install/pkg_interfaces/share/pkg_interfaces/cmake/pkg_interfaces__rosidl_typesupport_cExport.cmake
-- Up-to-date: /var/robotic/yahboomcar_ws/install/pkg_interfaces/share/pkg_interfaces/cmake/pkg_interfaces__rosidl_typesupport_cExport-noconfig.cmake
-- Up-to-date: /var/robotic/yahboomcar_ws/install/pkg_interfaces/share/pkg_interfaces/cmake/export_pkg_interfaces__rosidl_generator_cppExport.cmake
-- Up-to-date: /var/robotic/yahboomcar_ws/install/pkg_interfaces/share/pkg_interfaces/cmake/export_pkg_interfaces__rosidl_typesupport_fastrtps_cppExport.cmake
-- Up-to-date: /var/robotic/yahboomcar_ws/install/pkg_interfaces/share/pkg_interfaces/cmake/export_pkg_interfaces__rosidl_typesupport_fastrtps_cppExport-noconfig.cmake
-- Up-to-date: /var/robotic/yahboomcar_ws/install/pkg_interfaces/share/pkg_interfaces/cmake/pkg_interfaces__rosidl_typesupport_introspection_cppExport.cmake
-- Up-to-date: /var/robotic/yahboomcar_ws/install/pkg_interfaces/share/pkg_interfaces/cmake/pkg_interfaces__rosidl_typesupport_introspection_cppExport-noconfig.cmake
-- Up-to-date: /var/robotic/yahboomcar_ws/install/pkg_interfaces/share/pkg_interfaces/cmake/pkg_interfaces__rosidl_typesupport_cppExport.cmake
-- Up-to-date: /var/robotic/yahboomcar_ws/install/pkg_interfaces/share/pkg_interfaces/cmake/pkg_interfaces__rosidl_typesupport_cppExport-noconfig.cmake
-- Up-to-date: /var/robotic/yahboomcar_ws/install/pkg_interfaces/share/pkg_interfaces/cmake/export_pkg_interfaces__rosidl_generator_pyExport.cmake
-- Up-to-date: /var/robotic/yahboomcar_ws/install/pkg_interfaces/share/pkg_interfaces/cmake/export_pkg_interfaces__rosidl_generator_pyExport-noconfig.cmake
-- Installing: /var/robotic/yahboomcar_ws/install/pkg_interfaces/share/pkg_interfaces/cmake/rosidl_cmake-extras.cmake
-- Up-to-date: /var/robotic/yahboomcar_ws/install/pkg_interfaces/share/pkg_interfaces/cmake/ament_cmake_export_dependencies-extras.cmake
-- Up-to-date: /var/robotic/yahboomcar_ws/install/pkg_interfaces/share/pkg_interfaces/cmake/ament_cmake_export_include_directories-extras.cmake
-- Up-to-date: /var/robotic/yahboomcar_ws/install/pkg_interfaces/share/pkg_interfaces/cmake/ament_cmake_export_libraries-extras.cmake
-- Up-to-date: /var/robotic/yahboomcar_ws/install/pkg_interfaces/share/pkg_interfaces/cmake/ament_cmake_export_targets-extras.cmake
-- Up-to-date: /var/robotic/yahboomcar_ws/install/pkg_interfaces/share/pkg_interfaces/cmake/rosidl_cmake_export_typesupport_targets-extras.cmake
-- Up-to-date: /var/robotic/yahboomcar_ws/install/pkg_interfaces/share/pkg_interfaces/cmake/rosidl_cmake_export_typesupport_libraries-extras.cmake
-- Up-to-date: /var/robotic/yahboomcar_ws/install/pkg_interfaces/share/pkg_interfaces/cmake/pkg_interfacesConfig.cmake
-- Up-to-date: /var/robotic/yahboomcar_ws/install/pkg_interfaces/share/pkg_interfaces/cmake/pkg_interfacesConfig-version.cmake
-- Up-to-date: /var/robotic/yahboomcar_ws/install/pkg_interfaces/share/pkg_interfaces/package.xml
