[0.006s] Invoking command in '/var/robotic/yahboomcar_ws/build/arm_kin': CMAKE_PREFIX_PATH=/opt/ros/humble /usr/bin/cmake /var/robotic/yahboomcar_ws/src/arm_kin -DCMAKE_INSTALL_PREFIX=/var/robotic/yahboomcar_ws/install/arm_kin
[0.014s] -- Found ament_cmake: 1.3.12 (/opt/ros/humble/share/ament_cmake/cmake)
[0.082s] -- Found rclcpp: 16.0.17 (/opt/ros/humble/share/rclcpp/cmake)
[0.096s] -- Found rosidl_generator_c: 3.1.8 (/opt/ros/humble/share/rosidl_generator_c/cmake)
[0.098s] -- Found rosidl_adapter: 3.1.8 (/opt/ros/humble/share/rosidl_adapter/cmake)
[0.101s] -- Found rosidl_generator_cpp: 3.1.8 (/opt/ros/humble/share/rosidl_generator_cpp/cmake)
[0.106s] -- Using all available rosidl_typesupport_c: rosidl_typesupport_fastrtps_c;rosidl_typesupport_introspection_c
[0.113s] -- Using all available rosidl_typesupport_cpp: rosidl_typesupport_fastrtps_cpp;rosidl_typesupport_introspection_cpp
[0.129s] -- Found rmw_implementation_cmake: 6.1.2 (/opt/ros/humble/share/rmw_implementation_cmake/cmake)
[0.130s] -- Found rmw_fastrtps_cpp: 6.2.9 (/opt/ros/humble/share/rmw_fastrtps_cpp/cmake)
[0.183s] -- Using RMW implementation 'rmw_fastrtps_cpp' as default
[0.213s] CMake Error at CMakeLists.txt:13 (find_package):
[0.213s]   By not providing "Findarm_interface.cmake" in CMAKE_MODULE_PATH this
[0.213s]   project has asked CMake to find a package configuration file provided by
[0.213s]   "arm_interface", but CMake did not find one.
[0.213s] 
[0.213s]   Could not find a package configuration file provided by "arm_interface"
[0.213s]   with any of the following names:
[0.213s] 
[0.213s]     arm_interfaceConfig.cmake
[0.213s]     arm_interface-config.cmake
[0.213s] 
[0.213s]   Add the installation prefix of "arm_interface" to CMAKE_PREFIX_PATH or set
[0.213s]   "arm_interface_DIR" to a directory containing one of the above files.  If
[0.213s]   "arm_interface" provides a separate development package or SDK, be sure it
[0.213s]   has been installed.
[0.213s] 
[0.213s] 
[0.213s] -- Configuring incomplete, errors occurred!
[0.215s] See also "/var/robotic/yahboomcar_ws/build/arm_kin/CMakeFiles/CMakeOutput.log".
[0.216s] Invoked command in '/var/robotic/yahboomcar_ws/build/arm_kin' returned '1': CMAKE_PREFIX_PATH=/opt/ros/humble /usr/bin/cmake /var/robotic/yahboomcar_ws/src/arm_kin -DCMAKE_INSTALL_PREFIX=/var/robotic/yahboomcar_ws/install/arm_kin
