[0.341s] Invoking command in '/var/robotic/yahboomcar_ws/src/pkg_param': PYTHONPATH=/var/robotic/yahboomcar_ws/build/pkg_param/prefix_override:/usr/lib/python3/dist-packages/colcon_core/task/python/colcon_distutils_commands:/var/robotic/yahboomcar_ws/install/pkg_param/lib/python3.10/site-packages:${PYTHONPATH} /usr/bin/python3 -W ignore:setup.py install is deprecated -W ignore:easy_install command is deprecated setup.py egg_info --egg-base ../../build/pkg_param build --build-base /var/robotic/yahboomcar_ws/build/pkg_param/build install --record /var/robotic/yahboomcar_ws/build/pkg_param/install.log --single-version-externally-managed install_data
[0.472s] running egg_info
[0.473s] writing ../../build/pkg_param/pkg_param.egg-info/PKG-INFO
[0.473s] writing dependency_links to ../../build/pkg_param/pkg_param.egg-info/dependency_links.txt
[0.474s] writing entry points to ../../build/pkg_param/pkg_param.egg-info/entry_points.txt
[0.475s] writing requirements to ../../build/pkg_param/pkg_param.egg-info/requires.txt
[0.475s] writing top-level names to ../../build/pkg_param/pkg_param.egg-info/top_level.txt
[0.478s] reading manifest file '../../build/pkg_param/pkg_param.egg-info/SOURCES.txt'
[0.478s] writing manifest file '../../build/pkg_param/pkg_param.egg-info/SOURCES.txt'
[0.478s] running build
[0.478s] running build_py
[0.478s] copying pkg_param/param_demo.py -> /var/robotic/yahboomcar_ws/build/pkg_param/build/lib/pkg_param
[0.478s] running install
[0.478s] running install_lib
[0.478s] copying /var/robotic/yahboomcar_ws/build/pkg_param/build/lib/pkg_param/param_demo.py -> /var/robotic/yahboomcar_ws/install/pkg_param/lib/python3.10/site-packages/pkg_param
[0.478s] byte-compiling /var/robotic/yahboomcar_ws/install/pkg_param/lib/python3.10/site-packages/pkg_param/param_demo.py to param_demo.cpython-310.pyc
[0.478s] running install_data
[0.479s] running install_egg_info
[0.479s] removing '/var/robotic/yahboomcar_ws/install/pkg_param/lib/python3.10/site-packages/pkg_param-0.0.0-py3.10.egg-info' (and everything under it)
[0.481s] Copying ../../build/pkg_param/pkg_param.egg-info to /var/robotic/yahboomcar_ws/install/pkg_param/lib/python3.10/site-packages/pkg_param-0.0.0-py3.10.egg-info
[0.481s] running install_scripts
[0.492s] Installing param_demo script to /var/robotic/yahboomcar_ws/install/pkg_param/lib/pkg_param
[0.493s] writing list of installed files to '/var/robotic/yahboomcar_ws/build/pkg_param/install.log'
[0.503s] Invoked command in '/var/robotic/yahboomcar_ws/src/pkg_param' returned '0': PYTHONPATH=/var/robotic/yahboomcar_ws/build/pkg_param/prefix_override:/usr/lib/python3/dist-packages/colcon_core/task/python/colcon_distutils_commands:/var/robotic/yahboomcar_ws/install/pkg_param/lib/python3.10/site-packages:${PYTHONPATH} /usr/bin/python3 -W ignore:setup.py install is deprecated -W ignore:easy_install command is deprecated setup.py egg_info --egg-base ../../build/pkg_param build --build-base /var/robotic/yahboomcar_ws/build/pkg_param/build install --record /var/robotic/yahboomcar_ws/build/pkg_param/install.log --single-version-externally-managed install_data
