[0.011s] Invoking command in '/var/robotic/yahboomcar_ws/build/arm_interface': CMAKE_PREFIX_PATH=/opt/ros/humble /usr/bin/cmake --build /var/robotic/yahboomcar_ws/build/arm_interface -- -j2 -l2
[0.028s] -- Found ament_cmake: 1.3.12 (/opt/ros/humble/share/ament_cmake/cmake)
[0.095s] -- Found rclcpp: 16.0.17 (/opt/ros/humble/share/rclcpp/cmake)
[0.109s] -- Found rosidl_generator_c: 3.1.8 (/opt/ros/humble/share/rosidl_generator_c/cmake)
[0.111s] -- Found rosidl_adapter: 3.1.8 (/opt/ros/humble/share/rosidl_adapter/cmake)
[0.114s] -- Found rosidl_generator_cpp: 3.1.8 (/opt/ros/humble/share/rosidl_generator_cpp/cmake)
[0.119s] -- Using all available rosidl_typesupport_c: rosidl_typesupport_fastrtps_c;rosidl_typesupport_introspection_c
[0.125s] -- Using all available rosidl_typesupport_cpp: rosidl_typesupport_fastrtps_cpp;rosidl_typesupport_introspection_cpp
[0.141s] -- Found rmw_implementation_cmake: 6.1.2 (/opt/ros/humble/share/rmw_implementation_cmake/cmake)
[0.142s] -- Found rmw_fastrtps_cpp: 6.2.9 (/opt/ros/humble/share/rmw_fastrtps_cpp/cmake)
[0.194s] -- Using RMW implementation 'rmw_fastrtps_cpp' as default
[0.216s] -- Found rosidl_default_generators: 1.2.0 (/opt/ros/humble/share/rosidl_default_generators/cmake)
[0.220s] -- Found geometry_msgs: 4.9.0 (/opt/ros/humble/share/geometry_msgs/cmake)
[0.403s] -- Found ament_cmake_ros: 0.10.0 (/opt/ros/humble/share/ament_cmake_ros/cmake)
[0.645s] -- Using all available rosidl_typesupport_c: rosidl_typesupport_fastrtps_c;rosidl_typesupport_introspection_c
[0.740s] -- Using all available rosidl_typesupport_cpp: rosidl_typesupport_fastrtps_cpp;rosidl_typesupport_introspection_cpp
[0.753s] -- Found python_cmake_module: 0.10.0 (/opt/ros/humble/share/python_cmake_module/cmake)
[0.767s] -- Using PYTHON_EXECUTABLE: /usr/bin/python3
[0.767s] -- Using PYTHON_INCLUDE_DIRS: /usr/include/python3.10
[0.767s] -- Using PYTHON_LIBRARIES: /usr/lib/x86_64-linux-gnu/libpython3.10.so
[0.791s] -- Found ament_lint_auto: 0.12.14 (/opt/ros/humble/share/ament_lint_auto/cmake)
[0.797s] -- Added test 'lint_cmake' to check CMake code style
[0.798s] -- Added test 'xmllint' to check XML markup files
[0.799s] -- Configuring done
[0.832s] -- Generating done
[0.839s] -- Build files have been written to: /var/robotic/yahboomcar_ws/build/arm_interface
[0.862s] Consolidate compiler generated dependencies of target arm_interface__rosidl_generator_c
[0.868s] [  1%] Built target arm_interface__cpp
[0.871s] [ 12%] Built target arm_interface__rosidl_generator_c
[0.886s] Consolidate compiler generated dependencies of target arm_interface__rosidl_typesupport_cpp
[0.895s] [ 12%] Built target ament_cmake_python_copy_arm_interface
[0.897s] [ 24%] Built target arm_interface__rosidl_typesupport_cpp
[0.907s] Consolidate compiler generated dependencies of target arm_interface__rosidl_typesupport_fastrtps_c
[0.917s] Consolidate compiler generated dependencies of target arm_interface__rosidl_typesupport_fastrtps_cpp
[0.918s] [ 35%] Built target arm_interface__rosidl_typesupport_fastrtps_c
[0.926s] [ 47%] Built target arm_interface__rosidl_typesupport_fastrtps_cpp
[0.929s] Consolidate compiler generated dependencies of target arm_interface__rosidl_typesupport_introspection_c
[0.937s] Consolidate compiler generated dependencies of target arm_interface__rosidl_typesupport_c
[0.939s] [ 58%] Built target arm_interface__rosidl_typesupport_introspection_c
[0.946s] [ 70%] Built target arm_interface__rosidl_typesupport_c
[0.952s] Consolidate compiler generated dependencies of target arm_interface__rosidl_typesupport_introspection_cpp
[0.961s] [ 82%] Built target arm_interface__rosidl_typesupport_introspection_cpp
[0.976s] [ 82%] Built target arm_interface
[0.994s] [ 83%] Built target arm_interface__py
[1.007s] Consolidate compiler generated dependencies of target arm_interface__rosidl_generator_py
[1.017s] [ 93%] Built target arm_interface__rosidl_generator_py
[1.026s] Consolidate compiler generated dependencies of target arm_interface__rosidl_typesupport_fastrtps_c__pyext
[1.035s] [ 95%] Built target arm_interface__rosidl_typesupport_fastrtps_c__pyext
[1.044s] Consolidate compiler generated dependencies of target arm_interface__rosidl_typesupport_introspection_c__pyext
[1.054s] [ 97%] Built target arm_interface__rosidl_typesupport_introspection_c__pyext
[1.064s] Consolidate compiler generated dependencies of target arm_interface__rosidl_typesupport_c__pyext
[1.070s] [100%] Built target arm_interface__rosidl_typesupport_c__pyext
[1.071s] running egg_info
[1.071s] writing arm_interface.egg-info/PKG-INFO
[1.072s] writing dependency_links to arm_interface.egg-info/dependency_links.txt
[1.072s] writing top-level names to arm_interface.egg-info/top_level.txt
[1.073s] reading manifest file 'arm_interface.egg-info/SOURCES.txt'
[1.073s] writing manifest file 'arm_interface.egg-info/SOURCES.txt'
[1.087s] [100%] Built target ament_cmake_python_build_arm_interface_egg
