[0.011s] Invoking command in '/var/robotic/yahboomcar_ws/build/pkg_interfaces': CMAKE_PREFIX_PATH=${CMAKE_PREFIX_PATH}:/var/robotic/yahboomcar_ws/install/yahboom_M3Pro_description:/var/robotic/yahboomcar_ws/install/pkg_topic:/var/robotic/yahboomcar_ws/install/pkg_service:/var/robotic/yahboomcar_ws/install/pkg_action:/var/robotic/yahboomcar_ws/install/pkg_helloworld_py:/var/robotic/yahboomcar_ws/install/arm_driver:/var/robotic/yahboomcar_ws/install/M3Pro_demo:/var/robotic/yahboomcar_ws/install/M3Pro_MoveIt_demo:/opt/ros/humble /usr/bin/cmake --build /var/robotic/yahboomcar_ws/build/pkg_interfaces -- -j2 -l2
[0.078s] -- Found ament_cmake: 1.3.12 (/opt/ros/humble/share/ament_cmake/cmake)
[0.183s] -- Found rosidl_default_generators: 1.2.0 (/opt/ros/humble/share/rosidl_default_generators/cmake)
[0.186s] -- Using all available rosidl_typesupport_c: rosidl_typesupport_fastrtps_c;rosidl_typesupport_introspection_c
[0.189s] -- Found rosidl_adapter: 3.1.8 (/opt/ros/humble/share/rosidl_adapter/cmake)
[0.223s] -- Using all available rosidl_typesupport_cpp: rosidl_typesupport_fastrtps_cpp;rosidl_typesupport_introspection_cpp
[0.450s] -- Found ament_cmake_ros: 0.10.0 (/opt/ros/humble/share/ament_cmake_ros/cmake)
[0.568s] -- Using all available rosidl_typesupport_c: rosidl_typesupport_fastrtps_c;rosidl_typesupport_introspection_c
[0.720s] -- Using all available rosidl_typesupport_cpp: rosidl_typesupport_fastrtps_cpp;rosidl_typesupport_introspection_cpp
[0.735s] -- Found python_cmake_module: 0.10.0 (/opt/ros/humble/share/python_cmake_module/cmake)
[0.752s] -- Using PYTHON_EXECUTABLE: /usr/bin/python3
[0.752s] -- Using PYTHON_INCLUDE_DIRS: /usr/include/python3.10
[0.752s] -- Using PYTHON_LIBRARIES: /usr/lib/x86_64-linux-gnu/libpython3.10.so
[0.765s] -- Found ament_lint_auto: 0.12.14 (/opt/ros/humble/share/ament_lint_auto/cmake)
[0.782s] -- Added test 'lint_cmake' to check CMake code style
[0.783s] -- Added test 'xmllint' to check XML markup files
[0.785s] -- Configuring done
[0.809s] -- Generating done
[0.817s] -- Build files have been written to: /var/robotic/yahboomcar_ws/build/pkg_interfaces
[0.836s] [  2%] [34m[1mGenerating C code for ROS interfaces[0m
[0.844s] [  5%] [34m[1mGenerating C++ code for ROS interfaces[0m
[1.097s] [35m[1mConsolidate compiler generated dependencies of target pkg_interfaces__rosidl_generator_c[0m
[1.116s] [  7%] [32mBuilding C object CMakeFiles/pkg_interfaces__rosidl_generator_c.dir/rosidl_generator_c/pkg_interfaces/action/detail/progress__functions.c.o[0m
[1.133s] [  7%] Built target pkg_interfaces__cpp
[1.135s] [ 10%] [32mBuilding C object CMakeFiles/pkg_interfaces__rosidl_generator_c.dir/rosidl_generator_c/pkg_interfaces/msg/detail/person__functions.c.o[0m
[1.226s] [ 10%] Built target ament_cmake_python_copy_pkg_interfaces
[1.234s] [ 12%] [34m[1mGenerating C++ type support dispatch for ROS interfaces[0m
[1.236s] [ 15%] [32m[1mLinking C shared library libpkg_interfaces__rosidl_generator_c.so[0m
[1.274s] [ 15%] Built target pkg_interfaces__rosidl_generator_c
[1.281s] [ 17%] [34m[1mGenerating C++ type support for eProsima Fast-RTPS[0m
[1.379s] [35m[1mConsolidate compiler generated dependencies of target pkg_interfaces__rosidl_typesupport_cpp[0m
[1.392s] [ 20%] [32mBuilding CXX object CMakeFiles/pkg_interfaces__rosidl_typesupport_cpp.dir/rosidl_typesupport_cpp/pkg_interfaces/action/progress__type_support.cpp.o[0m
[1.493s] [35m[1mConsolidate compiler generated dependencies of target pkg_interfaces__rosidl_typesupport_fastrtps_cpp[0m
[1.502s] [ 23%] [32mBuilding CXX object CMakeFiles/pkg_interfaces__rosidl_typesupport_fastrtps_cpp.dir/rosidl_typesupport_fastrtps_cpp/pkg_interfaces/action/detail/dds_fastrtps/progress__type_support.cpp.o[0m
[1.872s] [ 25%] [32mBuilding CXX object CMakeFiles/pkg_interfaces__rosidl_typesupport_cpp.dir/rosidl_typesupport_cpp/pkg_interfaces/msg/person__type_support.cpp.o[0m
[1.988s] [ 28%] [32mBuilding CXX object CMakeFiles/pkg_interfaces__rosidl_typesupport_fastrtps_cpp.dir/rosidl_typesupport_fastrtps_cpp/pkg_interfaces/msg/detail/dds_fastrtps/person__type_support.cpp.o[0m
[1.999s] [ 30%] [32m[1mLinking CXX shared library libpkg_interfaces__rosidl_typesupport_cpp.so[0m
[2.027s] [ 30%] Built target pkg_interfaces__rosidl_typesupport_cpp
[2.039s] [ 33%] [34m[1mGenerating C++ introspection for ROS interfaces[0m
[2.170s] [ 35%] [32m[1mLinking CXX shared library libpkg_interfaces__rosidl_typesupport_fastrtps_cpp.so[0m
[2.215s] [ 35%] Built target pkg_interfaces__rosidl_typesupport_fastrtps_cpp
[2.217s] [35m[1mConsolidate compiler generated dependencies of target pkg_interfaces__rosidl_typesupport_introspection_cpp[0m
[2.228s] [ 38%] [32mBuilding CXX object CMakeFiles/pkg_interfaces__rosidl_typesupport_introspection_cpp.dir/rosidl_typesupport_introspection_cpp/pkg_interfaces/action/detail/progress__type_support.cpp.o[0m
[2.345s] running egg_info
[2.346s] writing pkg_interfaces.egg-info/PKG-INFO
[2.346s] writing dependency_links to pkg_interfaces.egg-info/dependency_links.txt
[2.347s] writing top-level names to pkg_interfaces.egg-info/top_level.txt
[2.349s] reading manifest file 'pkg_interfaces.egg-info/SOURCES.txt'
[2.349s] writing manifest file 'pkg_interfaces.egg-info/SOURCES.txt'
[2.365s] [ 38%] Built target ament_cmake_python_build_pkg_interfaces_egg
[2.372s] [ 41%] [34m[1mGenerating C type support for eProsima Fast-RTPS[0m
[2.568s] [35m[1mConsolidate compiler generated dependencies of target pkg_interfaces__rosidl_typesupport_fastrtps_c[0m
[2.570s] [ 43%] [32mBuilding CXX object CMakeFiles/pkg_interfaces__rosidl_typesupport_introspection_cpp.dir/rosidl_typesupport_introspection_cpp/pkg_interfaces/msg/detail/person__type_support.cpp.o[0m
[2.577s] [ 46%] [32mBuilding CXX object CMakeFiles/pkg_interfaces__rosidl_typesupport_fastrtps_c.dir/rosidl_typesupport_fastrtps_c/pkg_interfaces/action/detail/progress__type_support_c.cpp.o[0m
[2.745s] [ 48%] [32m[1mLinking CXX shared library libpkg_interfaces__rosidl_typesupport_introspection_cpp.so[0m
[2.761s] [ 51%] [32mBuilding CXX object CMakeFiles/pkg_interfaces__rosidl_typesupport_fastrtps_c.dir/rosidl_typesupport_fastrtps_c/pkg_interfaces/msg/detail/person__type_support_c.cpp.o[0m
[2.789s] [ 51%] Built target pkg_interfaces__rosidl_typesupport_introspection_cpp
[2.795s] [ 53%] [34m[1mGenerating C introspection for ROS interfaces[0m
[2.918s] [ 56%] [32m[1mLinking CXX shared library libpkg_interfaces__rosidl_typesupport_fastrtps_c.so[0m
[2.966s] [ 56%] Built target pkg_interfaces__rosidl_typesupport_fastrtps_c
[2.972s] [ 58%] [34m[1mGenerating C type support dispatch for ROS interfaces[0m
[2.980s] [35m[1mConsolidate compiler generated dependencies of target pkg_interfaces__rosidl_typesupport_introspection_c[0m
[2.987s] [ 61%] [32mBuilding C object CMakeFiles/pkg_interfaces__rosidl_typesupport_introspection_c.dir/rosidl_typesupport_introspection_c/pkg_interfaces/action/detail/progress__type_support.c.o[0m
[3.016s] [ 64%] [32mBuilding C object CMakeFiles/pkg_interfaces__rosidl_typesupport_introspection_c.dir/rosidl_typesupport_introspection_c/pkg_interfaces/msg/detail/person__type_support.c.o[0m
[3.038s] [ 66%] [32m[1mLinking C shared library libpkg_interfaces__rosidl_typesupport_introspection_c.so[0m
[3.057s] [ 66%] Built target pkg_interfaces__rosidl_typesupport_introspection_c
[3.115s] [35m[1mConsolidate compiler generated dependencies of target pkg_interfaces__rosidl_typesupport_c[0m
[3.122s] [ 69%] [32mBuilding CXX object CMakeFiles/pkg_interfaces__rosidl_typesupport_c.dir/rosidl_typesupport_c/pkg_interfaces/msg/person__type_support.cpp.o[0m
[3.122s] [ 71%] [32mBuilding CXX object CMakeFiles/pkg_interfaces__rosidl_typesupport_c.dir/rosidl_typesupport_c/pkg_interfaces/action/progress__type_support.cpp.o[0m
[3.155s] [ 74%] [32m[1mLinking CXX shared library libpkg_interfaces__rosidl_typesupport_c.so[0m
[3.181s] [ 74%] Built target pkg_interfaces__rosidl_typesupport_c
[3.196s] [ 74%] Built target pkg_interfaces
[3.213s] [ 76%] [34m[1mGenerating Python code for ROS interfaces[0m
[3.571s] [ 76%] Built target pkg_interfaces__py
[3.578s] [35m[1mConsolidate compiler generated dependencies of target pkg_interfaces__rosidl_generator_py[0m
[3.589s] [ 79%] [32mBuilding C object CMakeFiles/pkg_interfaces__rosidl_generator_py.dir/rosidl_generator_py/pkg_interfaces/action/_progress_s.c.o[0m
[3.591s] [ 82%] [32mBuilding C object CMakeFiles/pkg_interfaces__rosidl_generator_py.dir/rosidl_generator_py/pkg_interfaces/msg/_person_s.c.o[0m
[3.699s] [ 84%] [32m[1mLinking C shared library rosidl_generator_py/pkg_interfaces/libpkg_interfaces__rosidl_generator_py.so[0m
[3.726s] [ 84%] Built target pkg_interfaces__rosidl_generator_py
[3.735s] [35m[1mConsolidate compiler generated dependencies of target pkg_interfaces__rosidl_typesupport_introspection_c__pyext[0m
[3.735s] [35m[1mConsolidate compiler generated dependencies of target pkg_interfaces__rosidl_typesupport_fastrtps_c__pyext[0m
[3.745s] [ 87%] [32mBuilding C object CMakeFiles/pkg_interfaces__rosidl_typesupport_introspection_c__pyext.dir/rosidl_generator_py/pkg_interfaces/_pkg_interfaces_s.ep.rosidl_typesupport_introspection_c.c.o[0m
[3.757s] [ 89%] [32mBuilding C object CMakeFiles/pkg_interfaces__rosidl_typesupport_fastrtps_c__pyext.dir/rosidl_generator_py/pkg_interfaces/_pkg_interfaces_s.ep.rosidl_typesupport_fastrtps_c.c.o[0m
[3.817s] [ 92%] [32m[1mLinking C shared library rosidl_generator_py/pkg_interfaces/pkg_interfaces_s__rosidl_typesupport_introspection_c.cpython-310-x86_64-linux-gnu.so[0m
[3.826s] [ 94%] [32m[1mLinking C shared library rosidl_generator_py/pkg_interfaces/pkg_interfaces_s__rosidl_typesupport_fastrtps_c.cpython-310-x86_64-linux-gnu.so[0m
[3.845s] [ 94%] Built target pkg_interfaces__rosidl_typesupport_introspection_c__pyext
[3.853s] [35m[1mConsolidate compiler generated dependencies of target pkg_interfaces__rosidl_typesupport_c__pyext[0m
[3.854s] [ 94%] Built target pkg_interfaces__rosidl_typesupport_fastrtps_c__pyext
[3.860s] [ 97%] [32mBuilding C object CMakeFiles/pkg_interfaces__rosidl_typesupport_c__pyext.dir/rosidl_generator_py/pkg_interfaces/_pkg_interfaces_s.ep.rosidl_typesupport_c.c.o[0m
[3.928s] [100%] [32m[1mLinking C shared library rosidl_generator_py/pkg_interfaces/pkg_interfaces_s__rosidl_typesupport_c.cpython-310-x86_64-linux-gnu.so[0m
[3.956s] [100%] Built target pkg_interfaces__rosidl_typesupport_c__pyext
[3.964s] Invoked command in '/var/robotic/yahboomcar_ws/build/pkg_interfaces' returned '0': CMAKE_PREFIX_PATH=${CMAKE_PREFIX_PATH}:/var/robotic/yahboomcar_ws/install/yahboom_M3Pro_description:/var/robotic/yahboomcar_ws/install/pkg_topic:/var/robotic/yahboomcar_ws/install/pkg_service:/var/robotic/yahboomcar_ws/install/pkg_action:/var/robotic/yahboomcar_ws/install/pkg_helloworld_py:/var/robotic/yahboomcar_ws/install/arm_driver:/var/robotic/yahboomcar_ws/install/M3Pro_demo:/var/robotic/yahboomcar_ws/install/M3Pro_MoveIt_demo:/opt/ros/humble /usr/bin/cmake --build /var/robotic/yahboomcar_ws/build/pkg_interfaces -- -j2 -l2
[3.971s] Invoking command in '/var/robotic/yahboomcar_ws/build/pkg_interfaces': CMAKE_PREFIX_PATH=${CMAKE_PREFIX_PATH}:/var/robotic/yahboomcar_ws/install/yahboom_M3Pro_description:/var/robotic/yahboomcar_ws/install/pkg_topic:/var/robotic/yahboomcar_ws/install/pkg_service:/var/robotic/yahboomcar_ws/install/pkg_action:/var/robotic/yahboomcar_ws/install/pkg_helloworld_py:/var/robotic/yahboomcar_ws/install/arm_driver:/var/robotic/yahboomcar_ws/install/M3Pro_demo:/var/robotic/yahboomcar_ws/install/M3Pro_MoveIt_demo:/opt/ros/humble /usr/bin/cmake --install /var/robotic/yahboomcar_ws/build/pkg_interfaces
[3.974s] -- Install configuration: ""
[3.974s] -- Installing: /var/robotic/yahboomcar_ws/install/pkg_interfaces/share/ament_index/resource_index/rosidl_interfaces/pkg_interfaces
[3.975s] -- Up-to-date: /var/robotic/yahboomcar_ws/install/pkg_interfaces/include/pkg_interfaces/pkg_interfaces
[3.975s] -- Up-to-date: /var/robotic/yahboomcar_ws/install/pkg_interfaces/include/pkg_interfaces/pkg_interfaces/action
[3.975s] -- Up-to-date: /var/robotic/yahboomcar_ws/install/pkg_interfaces/include/pkg_interfaces/pkg_interfaces/action/detail
[3.975s] -- Installing: /var/robotic/yahboomcar_ws/install/pkg_interfaces/include/pkg_interfaces/pkg_interfaces/action/detail/progress__functions.c
[3.976s] -- Installing: /var/robotic/yahboomcar_ws/install/pkg_interfaces/include/pkg_interfaces/pkg_interfaces/action/detail/progress__type_support.h
[3.976s] -- Installing: /var/robotic/yahboomcar_ws/install/pkg_interfaces/include/pkg_interfaces/pkg_interfaces/action/detail/progress__functions.h
[3.976s] -- Installing: /var/robotic/yahboomcar_ws/install/pkg_interfaces/include/pkg_interfaces/pkg_interfaces/action/detail/progress__struct.h
[3.978s] -- Installing: /var/robotic/yahboomcar_ws/install/pkg_interfaces/include/pkg_interfaces/pkg_interfaces/action/progress.h
[3.980s] -- Up-to-date: /var/robotic/yahboomcar_ws/install/pkg_interfaces/include/pkg_interfaces/pkg_interfaces/msg
[3.980s] -- Installing: /var/robotic/yahboomcar_ws/install/pkg_interfaces/include/pkg_interfaces/pkg_interfaces/msg/person.h
[3.980s] -- Up-to-date: /var/robotic/yahboomcar_ws/install/pkg_interfaces/include/pkg_interfaces/pkg_interfaces/msg/rosidl_generator_c__visibility_control.h
[3.980s] -- Installing: /var/robotic/yahboomcar_ws/install/pkg_interfaces/include/pkg_interfaces/pkg_interfaces/msg/detail
[3.980s] -- Installing: /var/robotic/yahboomcar_ws/install/pkg_interfaces/include/pkg_interfaces/pkg_interfaces/msg/detail/person__functions.c
[3.980s] -- Installing: /var/robotic/yahboomcar_ws/install/pkg_interfaces/include/pkg_interfaces/pkg_interfaces/msg/detail/person__type_support.h
[3.980s] -- Installing: /var/robotic/yahboomcar_ws/install/pkg_interfaces/include/pkg_interfaces/pkg_interfaces/msg/detail/person__struct.h
[3.980s] -- Installing: /var/robotic/yahboomcar_ws/install/pkg_interfaces/include/pkg_interfaces/pkg_interfaces/msg/detail/person__functions.h
[3.980s] -- Up-to-date: /var/robotic/yahboomcar_ws/install/pkg_interfaces/share/pkg_interfaces/environment/library_path.sh
[3.980s] -- Installing: /var/robotic/yahboomcar_ws/install/pkg_interfaces/share/pkg_interfaces/environment/library_path.dsv
[3.980s] -- Installing: /var/robotic/yahboomcar_ws/install/pkg_interfaces/lib/libpkg_interfaces__rosidl_generator_c.so
[3.980s] -- Set runtime path of "/var/robotic/yahboomcar_ws/install/pkg_interfaces/lib/libpkg_interfaces__rosidl_generator_c.so" to ""
[3.980s] -- Up-to-date: /var/robotic/yahboomcar_ws/install/pkg_interfaces/include/pkg_interfaces/pkg_interfaces
[3.980s] -- Up-to-date: /var/robotic/yahboomcar_ws/install/pkg_interfaces/include/pkg_interfaces/pkg_interfaces/action
[3.980s] -- Up-to-date: /var/robotic/yahboomcar_ws/install/pkg_interfaces/include/pkg_interfaces/pkg_interfaces/action/detail
[3.980s] -- Installing: /var/robotic/yahboomcar_ws/install/pkg_interfaces/include/pkg_interfaces/pkg_interfaces/action/detail/progress__rosidl_typesupport_fastrtps_c.h
[3.980s] -- Up-to-date: /var/robotic/yahboomcar_ws/install/pkg_interfaces/include/pkg_interfaces/pkg_interfaces/msg
[3.980s] -- Up-to-date: /var/robotic/yahboomcar_ws/install/pkg_interfaces/include/pkg_interfaces/pkg_interfaces/msg/detail
[3.980s] -- Installing: /var/robotic/yahboomcar_ws/install/pkg_interfaces/include/pkg_interfaces/pkg_interfaces/msg/detail/person__rosidl_typesupport_fastrtps_c.h
[3.980s] -- Up-to-date: /var/robotic/yahboomcar_ws/install/pkg_interfaces/include/pkg_interfaces/pkg_interfaces/msg/rosidl_typesupport_fastrtps_c__visibility_control.h
[3.980s] -- Installing: /var/robotic/yahboomcar_ws/install/pkg_interfaces/lib/libpkg_interfaces__rosidl_typesupport_fastrtps_c.so
[3.980s] -- Set runtime path of "/var/robotic/yahboomcar_ws/install/pkg_interfaces/lib/libpkg_interfaces__rosidl_typesupport_fastrtps_c.so" to ""
[3.980s] -- Up-to-date: /var/robotic/yahboomcar_ws/install/pkg_interfaces/include/pkg_interfaces/pkg_interfaces
[3.981s] -- Up-to-date: /var/robotic/yahboomcar_ws/install/pkg_interfaces/include/pkg_interfaces/pkg_interfaces/action
[3.981s] -- Up-to-date: /var/robotic/yahboomcar_ws/install/pkg_interfaces/include/pkg_interfaces/pkg_interfaces/action/detail
[3.981s] -- Installing: /var/robotic/yahboomcar_ws/install/pkg_interfaces/include/pkg_interfaces/pkg_interfaces/action/detail/progress__type_support.c
[3.981s] -- Installing: /var/robotic/yahboomcar_ws/install/pkg_interfaces/include/pkg_interfaces/pkg_interfaces/action/detail/progress__rosidl_typesupport_introspection_c.h
[3.981s] -- Up-to-date: /var/robotic/yahboomcar_ws/install/pkg_interfaces/include/pkg_interfaces/pkg_interfaces/msg
[3.981s] -- Up-to-date: /var/robotic/yahboomcar_ws/install/pkg_interfaces/include/pkg_interfaces/pkg_interfaces/msg/detail
[3.981s] -- Installing: /var/robotic/yahboomcar_ws/install/pkg_interfaces/include/pkg_interfaces/pkg_interfaces/msg/detail/person__rosidl_typesupport_introspection_c.h
[3.981s] -- Installing: /var/robotic/yahboomcar_ws/install/pkg_interfaces/include/pkg_interfaces/pkg_interfaces/msg/detail/person__type_support.c
[3.981s] -- Up-to-date: /var/robotic/yahboomcar_ws/install/pkg_interfaces/include/pkg_interfaces/pkg_interfaces/msg/rosidl_typesupport_introspection_c__visibility_control.h
[3.981s] -- Installing: /var/robotic/yahboomcar_ws/install/pkg_interfaces/lib/libpkg_interfaces__rosidl_typesupport_introspection_c.so
[3.981s] -- Set runtime path of "/var/robotic/yahboomcar_ws/install/pkg_interfaces/lib/libpkg_interfaces__rosidl_typesupport_introspection_c.so" to ""
[3.981s] -- Installing: /var/robotic/yahboomcar_ws/install/pkg_interfaces/lib/libpkg_interfaces__rosidl_typesupport_c.so
[3.982s] -- Set runtime path of "/var/robotic/yahboomcar_ws/install/pkg_interfaces/lib/libpkg_interfaces__rosidl_typesupport_c.so" to ""
[3.982s] -- Up-to-date: /var/robotic/yahboomcar_ws/install/pkg_interfaces/include/pkg_interfaces/pkg_interfaces
[3.982s] -- Up-to-date: /var/robotic/yahboomcar_ws/install/pkg_interfaces/include/pkg_interfaces/pkg_interfaces/action
[3.982s] -- Up-to-date: /var/robotic/yahboomcar_ws/install/pkg_interfaces/include/pkg_interfaces/pkg_interfaces/action/detail
[3.982s] -- Installing: /var/robotic/yahboomcar_ws/install/pkg_interfaces/include/pkg_interfaces/pkg_interfaces/action/detail/progress__traits.hpp
[3.982s] -- Installing: /var/robotic/yahboomcar_ws/install/pkg_interfaces/include/pkg_interfaces/pkg_interfaces/action/detail/progress__type_support.hpp
[3.982s] -- Installing: /var/robotic/yahboomcar_ws/install/pkg_interfaces/include/pkg_interfaces/pkg_interfaces/action/detail/progress__struct.hpp
[3.982s] -- Installing: /var/robotic/yahboomcar_ws/install/pkg_interfaces/include/pkg_interfaces/pkg_interfaces/action/detail/progress__builder.hpp
[3.982s] -- Installing: /var/robotic/yahboomcar_ws/install/pkg_interfaces/include/pkg_interfaces/pkg_interfaces/action/progress.hpp
[3.982s] -- Up-to-date: /var/robotic/yahboomcar_ws/install/pkg_interfaces/include/pkg_interfaces/pkg_interfaces/msg
[3.982s] -- Installing: /var/robotic/yahboomcar_ws/install/pkg_interfaces/include/pkg_interfaces/pkg_interfaces/msg/person.hpp
[3.982s] -- Up-to-date: /var/robotic/yahboomcar_ws/install/pkg_interfaces/include/pkg_interfaces/pkg_interfaces/msg/detail
[3.982s] -- Installing: /var/robotic/yahboomcar_ws/install/pkg_interfaces/include/pkg_interfaces/pkg_interfaces/msg/detail/person__traits.hpp
[3.982s] -- Installing: /var/robotic/yahboomcar_ws/install/pkg_interfaces/include/pkg_interfaces/pkg_interfaces/msg/detail/person__builder.hpp
[3.982s] -- Installing: /var/robotic/yahboomcar_ws/install/pkg_interfaces/include/pkg_interfaces/pkg_interfaces/msg/detail/person__struct.hpp
[3.982s] -- Installing: /var/robotic/yahboomcar_ws/install/pkg_interfaces/include/pkg_interfaces/pkg_interfaces/msg/detail/person__type_support.hpp
[3.982s] -- Up-to-date: /var/robotic/yahboomcar_ws/install/pkg_interfaces/include/pkg_interfaces/pkg_interfaces/msg/rosidl_generator_cpp__visibility_control.hpp
[3.982s] -- Up-to-date: /var/robotic/yahboomcar_ws/install/pkg_interfaces/include/pkg_interfaces/pkg_interfaces
[3.982s] -- Up-to-date: /var/robotic/yahboomcar_ws/install/pkg_interfaces/include/pkg_interfaces/pkg_interfaces/action
[3.982s] -- Up-to-date: /var/robotic/yahboomcar_ws/install/pkg_interfaces/include/pkg_interfaces/pkg_interfaces/action/detail
[3.982s] -- Installing: /var/robotic/yahboomcar_ws/install/pkg_interfaces/include/pkg_interfaces/pkg_interfaces/action/detail/progress__rosidl_typesupport_fastrtps_cpp.hpp
[3.982s] -- Up-to-date: /var/robotic/yahboomcar_ws/install/pkg_interfaces/include/pkg_interfaces/pkg_interfaces/action/detail/dds_fastrtps
[3.982s] -- Up-to-date: /var/robotic/yahboomcar_ws/install/pkg_interfaces/include/pkg_interfaces/pkg_interfaces/msg
[3.982s] -- Up-to-date: /var/robotic/yahboomcar_ws/install/pkg_interfaces/include/pkg_interfaces/pkg_interfaces/msg/detail
[3.982s] -- Installing: /var/robotic/yahboomcar_ws/install/pkg_interfaces/include/pkg_interfaces/pkg_interfaces/msg/detail/dds_fastrtps
[3.982s] -- Installing: /var/robotic/yahboomcar_ws/install/pkg_interfaces/include/pkg_interfaces/pkg_interfaces/msg/detail/person__rosidl_typesupport_fastrtps_cpp.hpp
[3.982s] -- Up-to-date: /var/robotic/yahboomcar_ws/install/pkg_interfaces/include/pkg_interfaces/pkg_interfaces/msg/rosidl_typesupport_fastrtps_cpp__visibility_control.h
[3.983s] -- Installing: /var/robotic/yahboomcar_ws/install/pkg_interfaces/lib/libpkg_interfaces__rosidl_typesupport_fastrtps_cpp.so
[3.983s] -- Set runtime path of "/var/robotic/yahboomcar_ws/install/pkg_interfaces/lib/libpkg_interfaces__rosidl_typesupport_fastrtps_cpp.so" to ""
[3.984s] -- Up-to-date: /var/robotic/yahboomcar_ws/install/pkg_interfaces/include/pkg_interfaces/pkg_interfaces
[3.984s] -- Up-to-date: /var/robotic/yahboomcar_ws/install/pkg_interfaces/include/pkg_interfaces/pkg_interfaces/action
[3.984s] -- Up-to-date: /var/robotic/yahboomcar_ws/install/pkg_interfaces/include/pkg_interfaces/pkg_interfaces/action/detail
[3.984s] -- Installing: /var/robotic/yahboomcar_ws/install/pkg_interfaces/include/pkg_interfaces/pkg_interfaces/action/detail/progress__type_support.cpp
[3.984s] -- Installing: /var/robotic/yahboomcar_ws/install/pkg_interfaces/include/pkg_interfaces/pkg_interfaces/action/detail/progress__rosidl_typesupport_introspection_cpp.hpp
[3.984s] -- Up-to-date: /var/robotic/yahboomcar_ws/install/pkg_interfaces/include/pkg_interfaces/pkg_interfaces/msg
[3.984s] -- Up-to-date: /var/robotic/yahboomcar_ws/install/pkg_interfaces/include/pkg_interfaces/pkg_interfaces/msg/detail
[3.984s] -- Installing: /var/robotic/yahboomcar_ws/install/pkg_interfaces/include/pkg_interfaces/pkg_interfaces/msg/detail/person__type_support.cpp
[3.984s] -- Installing: /var/robotic/yahboomcar_ws/install/pkg_interfaces/include/pkg_interfaces/pkg_interfaces/msg/detail/person__rosidl_typesupport_introspection_cpp.hpp
[3.985s] -- Installing: /var/robotic/yahboomcar_ws/install/pkg_interfaces/lib/libpkg_interfaces__rosidl_typesupport_introspection_cpp.so
[3.986s] -- Set runtime path of "/var/robotic/yahboomcar_ws/install/pkg_interfaces/lib/libpkg_interfaces__rosidl_typesupport_introspection_cpp.so" to ""
[3.987s] -- Installing: /var/robotic/yahboomcar_ws/install/pkg_interfaces/lib/libpkg_interfaces__rosidl_typesupport_cpp.so
[3.987s] -- Set runtime path of "/var/robotic/yahboomcar_ws/install/pkg_interfaces/lib/libpkg_interfaces__rosidl_typesupport_cpp.so" to ""
[3.987s] -- Up-to-date: /var/robotic/yahboomcar_ws/install/pkg_interfaces/share/pkg_interfaces/environment/pythonpath.sh
[3.987s] -- Installing: /var/robotic/yahboomcar_ws/install/pkg_interfaces/share/pkg_interfaces/environment/pythonpath.dsv
[3.988s] -- Up-to-date: /var/robotic/yahboomcar_ws/install/pkg_interfaces/local/lib/python3.10/dist-packages/pkg_interfaces-0.0.0-py3.10.egg-info
[3.988s] -- Installing: /var/robotic/yahboomcar_ws/install/pkg_interfaces/local/lib/python3.10/dist-packages/pkg_interfaces-0.0.0-py3.10.egg-info/SOURCES.txt
[3.988s] -- Installing: /var/robotic/yahboomcar_ws/install/pkg_interfaces/local/lib/python3.10/dist-packages/pkg_interfaces-0.0.0-py3.10.egg-info/top_level.txt
[3.988s] -- Installing: /var/robotic/yahboomcar_ws/install/pkg_interfaces/local/lib/python3.10/dist-packages/pkg_interfaces-0.0.0-py3.10.egg-info/PKG-INFO
[3.988s] -- Installing: /var/robotic/yahboomcar_ws/install/pkg_interfaces/local/lib/python3.10/dist-packages/pkg_interfaces-0.0.0-py3.10.egg-info/dependency_links.txt
[3.988s] -- Up-to-date: /var/robotic/yahboomcar_ws/install/pkg_interfaces/local/lib/python3.10/dist-packages/pkg_interfaces
[3.988s] -- Installing: /var/robotic/yahboomcar_ws/install/pkg_interfaces/local/lib/python3.10/dist-packages/pkg_interfaces/pkg_interfaces_s__rosidl_typesupport_c.cpython-310-x86_64-linux-gnu.so
[3.988s] -- Up-to-date: /var/robotic/yahboomcar_ws/install/pkg_interfaces/local/lib/python3.10/dist-packages/pkg_interfaces/action
[3.989s] -- Installing: /var/robotic/yahboomcar_ws/install/pkg_interfaces/local/lib/python3.10/dist-packages/pkg_interfaces/action/_progress.py
[3.989s] -- Installing: /var/robotic/yahboomcar_ws/install/pkg_interfaces/local/lib/python3.10/dist-packages/pkg_interfaces/action/_progress_s.c
[3.989s] -- Installing: /var/robotic/yahboomcar_ws/install/pkg_interfaces/local/lib/python3.10/dist-packages/pkg_interfaces/action/__init__.py
[3.989s] -- Installing: /var/robotic/yahboomcar_ws/install/pkg_interfaces/local/lib/python3.10/dist-packages/pkg_interfaces/pkg_interfaces_s__rosidl_typesupport_introspection_c.cpython-310-x86_64-linux-gnu.so
[3.989s] -- Installing: /var/robotic/yahboomcar_ws/install/pkg_interfaces/local/lib/python3.10/dist-packages/pkg_interfaces/_pkg_interfaces_s.ep.rosidl_typesupport_introspection_c.c
[3.989s] -- Installing: /var/robotic/yahboomcar_ws/install/pkg_interfaces/local/lib/python3.10/dist-packages/pkg_interfaces/_pkg_interfaces_s.ep.rosidl_typesupport_c.c
[3.989s] -- Installing: /var/robotic/yahboomcar_ws/install/pkg_interfaces/local/lib/python3.10/dist-packages/pkg_interfaces/libpkg_interfaces__rosidl_generator_py.so
[3.989s] -- Installing: /var/robotic/yahboomcar_ws/install/pkg_interfaces/local/lib/python3.10/dist-packages/pkg_interfaces/__init__.py
[3.990s] -- Installing: /var/robotic/yahboomcar_ws/install/pkg_interfaces/local/lib/python3.10/dist-packages/pkg_interfaces/_pkg_interfaces_s.ep.rosidl_typesupport_fastrtps_c.c
[3.990s] -- Installing: /var/robotic/yahboomcar_ws/install/pkg_interfaces/local/lib/python3.10/dist-packages/pkg_interfaces/pkg_interfaces_s__rosidl_typesupport_fastrtps_c.cpython-310-x86_64-linux-gnu.so
[3.990s] -- Installing: /var/robotic/yahboomcar_ws/install/pkg_interfaces/local/lib/python3.10/dist-packages/pkg_interfaces/msg
[3.990s] -- Installing: /var/robotic/yahboomcar_ws/install/pkg_interfaces/local/lib/python3.10/dist-packages/pkg_interfaces/msg/_person.py
[3.990s] -- Installing: /var/robotic/yahboomcar_ws/install/pkg_interfaces/local/lib/python3.10/dist-packages/pkg_interfaces/msg/__init__.py
[3.990s] -- Installing: /var/robotic/yahboomcar_ws/install/pkg_interfaces/local/lib/python3.10/dist-packages/pkg_interfaces/msg/_person_s.c
[4.017s] Listing '/var/robotic/yahboomcar_ws/install/pkg_interfaces/local/lib/python3.10/dist-packages/pkg_interfaces'...
[4.017s] Compiling '/var/robotic/yahboomcar_ws/install/pkg_interfaces/local/lib/python3.10/dist-packages/pkg_interfaces/__init__.py'...
[4.017s] Listing '/var/robotic/yahboomcar_ws/install/pkg_interfaces/local/lib/python3.10/dist-packages/pkg_interfaces/action'...
[4.017s] Compiling '/var/robotic/yahboomcar_ws/install/pkg_interfaces/local/lib/python3.10/dist-packages/pkg_interfaces/action/__init__.py'...
[4.017s] Compiling '/var/robotic/yahboomcar_ws/install/pkg_interfaces/local/lib/python3.10/dist-packages/pkg_interfaces/action/_progress.py'...
[4.017s] Listing '/var/robotic/yahboomcar_ws/install/pkg_interfaces/local/lib/python3.10/dist-packages/pkg_interfaces/msg'...
[4.017s] Compiling '/var/robotic/yahboomcar_ws/install/pkg_interfaces/local/lib/python3.10/dist-packages/pkg_interfaces/msg/__init__.py'...
[4.017s] Compiling '/var/robotic/yahboomcar_ws/install/pkg_interfaces/local/lib/python3.10/dist-packages/pkg_interfaces/msg/_person.py'...
[4.021s] -- Installing: /var/robotic/yahboomcar_ws/install/pkg_interfaces/local/lib/python3.10/dist-packages/pkg_interfaces/pkg_interfaces_s__rosidl_typesupport_fastrtps_c.cpython-310-x86_64-linux-gnu.so
[4.021s] -- Set runtime path of "/var/robotic/yahboomcar_ws/install/pkg_interfaces/local/lib/python3.10/dist-packages/pkg_interfaces/pkg_interfaces_s__rosidl_typesupport_fastrtps_c.cpython-310-x86_64-linux-gnu.so" to ""
[4.021s] -- Installing: /var/robotic/yahboomcar_ws/install/pkg_interfaces/local/lib/python3.10/dist-packages/pkg_interfaces/pkg_interfaces_s__rosidl_typesupport_introspection_c.cpython-310-x86_64-linux-gnu.so
[4.021s] -- Set runtime path of "/var/robotic/yahboomcar_ws/install/pkg_interfaces/local/lib/python3.10/dist-packages/pkg_interfaces/pkg_interfaces_s__rosidl_typesupport_introspection_c.cpython-310-x86_64-linux-gnu.so" to ""
[4.021s] -- Installing: /var/robotic/yahboomcar_ws/install/pkg_interfaces/local/lib/python3.10/dist-packages/pkg_interfaces/pkg_interfaces_s__rosidl_typesupport_c.cpython-310-x86_64-linux-gnu.so
[4.021s] -- Set runtime path of "/var/robotic/yahboomcar_ws/install/pkg_interfaces/local/lib/python3.10/dist-packages/pkg_interfaces/pkg_interfaces_s__rosidl_typesupport_c.cpython-310-x86_64-linux-gnu.so" to ""
[4.021s] -- Installing: /var/robotic/yahboomcar_ws/install/pkg_interfaces/lib/libpkg_interfaces__rosidl_generator_py.so
[4.021s] -- Set runtime path of "/var/robotic/yahboomcar_ws/install/pkg_interfaces/lib/libpkg_interfaces__rosidl_generator_py.so" to ""
[4.021s] -- Up-to-date: /var/robotic/yahboomcar_ws/install/pkg_interfaces/share/pkg_interfaces/action/Progress.idl
[4.021s] -- Installing: /var/robotic/yahboomcar_ws/install/pkg_interfaces/share/pkg_interfaces/msg/Person.idl
[4.021s] -- Up-to-date: /var/robotic/yahboomcar_ws/install/pkg_interfaces/share/pkg_interfaces/action/Progress.action
[4.023s] -- Installing: /var/robotic/yahboomcar_ws/install/pkg_interfaces/share/pkg_interfaces/msg/Person.msg
[4.023s] -- Up-to-date: /var/robotic/yahboomcar_ws/install/pkg_interfaces/share/ament_index/resource_index/package_run_dependencies/pkg_interfaces
[4.023s] -- Installing: /var/robotic/yahboomcar_ws/install/pkg_interfaces/share/ament_index/resource_index/parent_prefix_path/pkg_interfaces
[4.023s] -- Up-to-date: /var/robotic/yahboomcar_ws/install/pkg_interfaces/share/pkg_interfaces/environment/ament_prefix_path.sh
[4.023s] -- Installing: /var/robotic/yahboomcar_ws/install/pkg_interfaces/share/pkg_interfaces/environment/ament_prefix_path.dsv
[4.023s] -- Up-to-date: /var/robotic/yahboomcar_ws/install/pkg_interfaces/share/pkg_interfaces/environment/path.sh
[4.023s] -- Installing: /var/robotic/yahboomcar_ws/install/pkg_interfaces/share/pkg_interfaces/environment/path.dsv
[4.023s] -- Up-to-date: /var/robotic/yahboomcar_ws/install/pkg_interfaces/share/pkg_interfaces/local_setup.bash
[4.023s] -- Up-to-date: /var/robotic/yahboomcar_ws/install/pkg_interfaces/share/pkg_interfaces/local_setup.sh
[4.023s] -- Up-to-date: /var/robotic/yahboomcar_ws/install/pkg_interfaces/share/pkg_interfaces/local_setup.zsh
[4.023s] -- Installing: /var/robotic/yahboomcar_ws/install/pkg_interfaces/share/pkg_interfaces/local_setup.dsv
[4.023s] -- Installing: /var/robotic/yahboomcar_ws/install/pkg_interfaces/share/pkg_interfaces/package.dsv
[4.023s] -- Up-to-date: /var/robotic/yahboomcar_ws/install/pkg_interfaces/share/ament_index/resource_index/packages/pkg_interfaces
[4.023s] -- Up-to-date: /var/robotic/yahboomcar_ws/install/pkg_interfaces/share/pkg_interfaces/cmake/export_pkg_interfaces__rosidl_generator_cExport.cmake
[4.023s] -- Up-to-date: /var/robotic/yahboomcar_ws/install/pkg_interfaces/share/pkg_interfaces/cmake/export_pkg_interfaces__rosidl_generator_cExport-noconfig.cmake
[4.023s] -- Up-to-date: /var/robotic/yahboomcar_ws/install/pkg_interfaces/share/pkg_interfaces/cmake/export_pkg_interfaces__rosidl_typesupport_fastrtps_cExport.cmake
[4.023s] -- Up-to-date: /var/robotic/yahboomcar_ws/install/pkg_interfaces/share/pkg_interfaces/cmake/export_pkg_interfaces__rosidl_typesupport_fastrtps_cExport-noconfig.cmake
[4.023s] -- Up-to-date: /var/robotic/yahboomcar_ws/install/pkg_interfaces/share/pkg_interfaces/cmake/pkg_interfaces__rosidl_typesupport_introspection_cExport.cmake
[4.024s] -- Up-to-date: /var/robotic/yahboomcar_ws/install/pkg_interfaces/share/pkg_interfaces/cmake/pkg_interfaces__rosidl_typesupport_introspection_cExport-noconfig.cmake
[4.024s] -- Up-to-date: /var/robotic/yahboomcar_ws/install/pkg_interfaces/share/pkg_interfaces/cmake/pkg_interfaces__rosidl_typesupport_cExport.cmake
[4.024s] -- Up-to-date: /var/robotic/yahboomcar_ws/install/pkg_interfaces/share/pkg_interfaces/cmake/pkg_interfaces__rosidl_typesupport_cExport-noconfig.cmake
[4.024s] -- Up-to-date: /var/robotic/yahboomcar_ws/install/pkg_interfaces/share/pkg_interfaces/cmake/export_pkg_interfaces__rosidl_generator_cppExport.cmake
[4.024s] -- Up-to-date: /var/robotic/yahboomcar_ws/install/pkg_interfaces/share/pkg_interfaces/cmake/export_pkg_interfaces__rosidl_typesupport_fastrtps_cppExport.cmake
[4.024s] -- Up-to-date: /var/robotic/yahboomcar_ws/install/pkg_interfaces/share/pkg_interfaces/cmake/export_pkg_interfaces__rosidl_typesupport_fastrtps_cppExport-noconfig.cmake
[4.024s] -- Up-to-date: /var/robotic/yahboomcar_ws/install/pkg_interfaces/share/pkg_interfaces/cmake/pkg_interfaces__rosidl_typesupport_introspection_cppExport.cmake
[4.024s] -- Up-to-date: /var/robotic/yahboomcar_ws/install/pkg_interfaces/share/pkg_interfaces/cmake/pkg_interfaces__rosidl_typesupport_introspection_cppExport-noconfig.cmake
[4.024s] -- Up-to-date: /var/robotic/yahboomcar_ws/install/pkg_interfaces/share/pkg_interfaces/cmake/pkg_interfaces__rosidl_typesupport_cppExport.cmake
[4.024s] -- Up-to-date: /var/robotic/yahboomcar_ws/install/pkg_interfaces/share/pkg_interfaces/cmake/pkg_interfaces__rosidl_typesupport_cppExport-noconfig.cmake
[4.024s] -- Up-to-date: /var/robotic/yahboomcar_ws/install/pkg_interfaces/share/pkg_interfaces/cmake/export_pkg_interfaces__rosidl_generator_pyExport.cmake
[4.024s] -- Up-to-date: /var/robotic/yahboomcar_ws/install/pkg_interfaces/share/pkg_interfaces/cmake/export_pkg_interfaces__rosidl_generator_pyExport-noconfig.cmake
[4.024s] -- Installing: /var/robotic/yahboomcar_ws/install/pkg_interfaces/share/pkg_interfaces/cmake/rosidl_cmake-extras.cmake
[4.024s] -- Up-to-date: /var/robotic/yahboomcar_ws/install/pkg_interfaces/share/pkg_interfaces/cmake/ament_cmake_export_dependencies-extras.cmake
[4.024s] -- Up-to-date: /var/robotic/yahboomcar_ws/install/pkg_interfaces/share/pkg_interfaces/cmake/ament_cmake_export_include_directories-extras.cmake
[4.025s] -- Up-to-date: /var/robotic/yahboomcar_ws/install/pkg_interfaces/share/pkg_interfaces/cmake/ament_cmake_export_libraries-extras.cmake
[4.025s] -- Up-to-date: /var/robotic/yahboomcar_ws/install/pkg_interfaces/share/pkg_interfaces/cmake/ament_cmake_export_targets-extras.cmake
[4.025s] -- Up-to-date: /var/robotic/yahboomcar_ws/install/pkg_interfaces/share/pkg_interfaces/cmake/rosidl_cmake_export_typesupport_targets-extras.cmake
[4.025s] -- Up-to-date: /var/robotic/yahboomcar_ws/install/pkg_interfaces/share/pkg_interfaces/cmake/rosidl_cmake_export_typesupport_libraries-extras.cmake
[4.025s] -- Up-to-date: /var/robotic/yahboomcar_ws/install/pkg_interfaces/share/pkg_interfaces/cmake/pkg_interfacesConfig.cmake
[4.025s] -- Up-to-date: /var/robotic/yahboomcar_ws/install/pkg_interfaces/share/pkg_interfaces/cmake/pkg_interfacesConfig-version.cmake
[4.025s] -- Up-to-date: /var/robotic/yahboomcar_ws/install/pkg_interfaces/share/pkg_interfaces/package.xml
[4.025s] Invoked command in '/var/robotic/yahboomcar_ws/build/pkg_interfaces' returned '0': CMAKE_PREFIX_PATH=${CMAKE_PREFIX_PATH}:/var/robotic/yahboomcar_ws/install/yahboom_M3Pro_description:/var/robotic/yahboomcar_ws/install/pkg_topic:/var/robotic/yahboomcar_ws/install/pkg_service:/var/robotic/yahboomcar_ws/install/pkg_action:/var/robotic/yahboomcar_ws/install/pkg_helloworld_py:/var/robotic/yahboomcar_ws/install/arm_driver:/var/robotic/yahboomcar_ws/install/M3Pro_demo:/var/robotic/yahboomcar_ws/install/M3Pro_MoveIt_demo:/opt/ros/humble /usr/bin/cmake --install /var/robotic/yahboomcar_ws/build/pkg_interfaces
