[0.008s] Invoking command in '/var/robotic/yahboomcar_ws/build/arm_interface': CMAKE_PREFIX_PATH=/opt/ros/humble /usr/bin/cmake --build /var/robotic/yahboomcar_ws/build/arm_interface -- -j2 -l2
[0.028s] -- Found ament_cmake: 1.3.12 (/opt/ros/humble/share/ament_cmake/cmake)
[0.100s] -- Found rclcpp: 16.0.17 (/opt/ros/humble/share/rclcpp/cmake)
[0.115s] -- Found rosidl_generator_c: 3.1.8 (/opt/ros/humble/share/rosidl_generator_c/cmake)
[0.116s] -- Found rosidl_adapter: 3.1.8 (/opt/ros/humble/share/rosidl_adapter/cmake)
[0.120s] -- Found rosidl_generator_cpp: 3.1.8 (/opt/ros/humble/share/rosidl_generator_cpp/cmake)
[0.125s] -- Using all available rosidl_typesupport_c: rosidl_typesupport_fastrtps_c;rosidl_typesupport_introspection_c
[0.133s] -- Using all available rosidl_typesupport_cpp: rosidl_typesupport_fastrtps_cpp;rosidl_typesupport_introspection_cpp
[0.151s] -- Found rmw_implementation_cmake: 6.1.2 (/opt/ros/humble/share/rmw_implementation_cmake/cmake)
[0.154s] -- Found rmw_fastrtps_cpp: 6.2.9 (/opt/ros/humble/share/rmw_fastrtps_cpp/cmake)
[0.210s] -- Using RMW implementation 'rmw_fastrtps_cpp' as default
[0.236s] -- Found rosidl_default_generators: 1.2.0 (/opt/ros/humble/share/rosidl_default_generators/cmake)
[0.240s] -- Found geometry_msgs: 4.9.0 (/opt/ros/humble/share/geometry_msgs/cmake)
[0.429s] -- Found ament_cmake_ros: 0.10.0 (/opt/ros/humble/share/ament_cmake_ros/cmake)
[0.675s] -- Using all available rosidl_typesupport_c: rosidl_typesupport_fastrtps_c;rosidl_typesupport_introspection_c
[0.771s] -- Using all available rosidl_typesupport_cpp: rosidl_typesupport_fastrtps_cpp;rosidl_typesupport_introspection_cpp
[0.785s] -- Found python_cmake_module: 0.10.0 (/opt/ros/humble/share/python_cmake_module/cmake)
[0.798s] -- Using PYTHON_EXECUTABLE: /usr/bin/python3
[0.799s] -- Using PYTHON_INCLUDE_DIRS: /usr/include/python3.10
[0.799s] -- Using PYTHON_LIBRARIES: /usr/lib/x86_64-linux-gnu/libpython3.10.so
[0.824s] -- Found ament_lint_auto: 0.12.14 (/opt/ros/humble/share/ament_lint_auto/cmake)
[0.830s] -- Added test 'lint_cmake' to check CMake code style
[0.832s] -- Added test 'xmllint' to check XML markup files
[0.832s] -- Configuring done
[0.870s] -- Generating done
[0.878s] -- Build files have been written to: /var/robotic/yahboomcar_ws/build/arm_interface
[0.900s] [35m[1mConsolidate compiler generated dependencies of target arm_interface__rosidl_generator_c[0m
[0.908s] [  1%] Built target arm_interface__cpp
[0.909s] [ 12%] Built target arm_interface__rosidl_generator_c
[0.920s] [35m[1mConsolidate compiler generated dependencies of target arm_interface__rosidl_typesupport_cpp[0m
[0.931s] [ 12%] Built target ament_cmake_python_copy_arm_interface
[0.937s] [ 24%] Built target arm_interface__rosidl_typesupport_cpp
[0.941s] [35m[1mConsolidate compiler generated dependencies of target arm_interface__rosidl_typesupport_fastrtps_c[0m
[0.950s] [35m[1mConsolidate compiler generated dependencies of target arm_interface__rosidl_typesupport_fastrtps_cpp[0m
[0.964s] [ 37%] Built target arm_interface__rosidl_typesupport_fastrtps_cpp
[0.964s] [ 47%] Built target arm_interface__rosidl_typesupport_fastrtps_c
[0.971s] [35m[1mConsolidate compiler generated dependencies of target arm_interface__rosidl_typesupport_introspection_c[0m
[0.973s] [35m[1mConsolidate compiler generated dependencies of target arm_interface__rosidl_typesupport_c[0m
[0.981s] [ 58%] Built target arm_interface__rosidl_typesupport_c
[0.987s] [ 70%] Built target arm_interface__rosidl_typesupport_introspection_c
[0.992s] [35m[1mConsolidate compiler generated dependencies of target arm_interface__rosidl_typesupport_introspection_cpp[0m
[1.006s] [ 82%] Built target arm_interface__rosidl_typesupport_introspection_cpp
[1.023s] [ 82%] Built target arm_interface
[1.040s] [ 83%] Built target arm_interface__py
[1.051s] [35m[1mConsolidate compiler generated dependencies of target arm_interface__rosidl_generator_py[0m
[1.069s] [ 93%] Built target arm_interface__rosidl_generator_py
[1.079s] [35m[1mConsolidate compiler generated dependencies of target arm_interface__rosidl_typesupport_fastrtps_c__pyext[0m
[1.091s] [ 95%] Built target arm_interface__rosidl_typesupport_fastrtps_c__pyext
[1.099s] [35m[1mConsolidate compiler generated dependencies of target arm_interface__rosidl_typesupport_introspection_c__pyext[0m
[1.109s] [ 97%] Built target arm_interface__rosidl_typesupport_introspection_c__pyext
[1.116s] [35m[1mConsolidate compiler generated dependencies of target arm_interface__rosidl_typesupport_c__pyext[0m
[1.126s] [100%] Built target arm_interface__rosidl_typesupport_c__pyext
[1.131s] running egg_info
[1.132s] writing arm_interface.egg-info/PKG-INFO
[1.132s] writing dependency_links to arm_interface.egg-info/dependency_links.txt
[1.132s] writing top-level names to arm_interface.egg-info/top_level.txt
[1.133s] reading manifest file 'arm_interface.egg-info/SOURCES.txt'
[1.134s] writing manifest file 'arm_interface.egg-info/SOURCES.txt'
[1.148s] [100%] Built target ament_cmake_python_build_arm_interface_egg
