[0.000000] (-) TimerEvent: {}
[0.000160] (-) JobUnselected: {'identifier': 'M3Pro_MoveIt_demo'}
[0.000183] (-) JobUnselected: {'identifier': 'M3Pro_config'}
[0.000202] (-) JobUnselected: {'identifier': 'M3Pro_demo'}
[0.000220] (-) JobUnselected: {'identifier': 'arm_driver'}
[0.000238] (-) JobUnselected: {'identifier': 'arm_interface'}
[0.000255] (-) JobUnselected: {'identifier': 'arm_kin'}
[0.000273] (-) JobUnselected: {'identifier': 'arm_msgs'}
[0.000290] (-) JobUnselected: {'identifier': 'test_config'}
[0.000308] (-) JobUnselected: {'identifier': 'test_moveit_config'}
[0.000325] (-) JobUnselected: {'identifier': 'yahboom_M3Pro_DepthCam'}
[0.000343] (-) JobUnselected: {'identifier': 'yahboom_M3Pro_description'}
[0.000360] (-) JobUnselected: {'identifier': 'yahboom_M3Pro_laser'}
[0.000368] (-) JobUnselected: {'identifier': 'yahboom_yolov8'}
[0.000377] (-) JobUnselected: {'identifier': 'yahboomcar_ctrl'}
[0.000395] (-) JobUnselected: {'identifier': 'yahboomcar_mediapipe'}
[0.000413] (-) JobUnselected: {'identifier': 'yahboomcar_msgs'}
[0.000432] (MoveIt_demo) JobQueued: {'identifier': 'MoveIt_demo', 'dependencies': OrderedDict()}
[0.000877] (MoveIt_demo) JobStarted: {'identifier': 'MoveIt_demo'}
[0.006604] (MoveIt_demo) JobProgress: {'identifier': 'MoveIt_demo', 'progress': 'cmake'}
[0.007309] (MoveIt_demo) Command: {'cmd': ['/usr/bin/cmake', '/var/robotic/yahboomcar_ws/src/MoveIt_demo', '-DCMAKE_INSTALL_PREFIX=/var/robotic/yahboomcar_ws/install/MoveIt_demo'], 'cwd': '/var/robotic/yahboomcar_ws/build/MoveIt_demo', 'env': OrderedDict([('LESSOPEN', '| /usr/bin/lesspipe %s'), ('VSCODE_CWD', '/home/spen'), ('VSCODE_ESM_ENTRYPOINT', 'vs/workbench/api/node/extensionHostProcess'), ('LANGUAGE', 'en_US'), ('USER', 'spen'), ('SSH_CLIENT', '192.168.50.35 2820 22'), ('LC_TIME', 'en_US.UTF-8'), ('VSCODE_NLS_CONFIG', '{"userLocale":"en","osLocale":"en","resolvedLanguage":"en","defaultMessagesFile":"/home/spen/.cursor-server/bin/linux-x64/4f2b772756b8f609e1354b3063de282ccbe7a690/out/nls.messages.json","locale":"en","availableLanguages":{}}'), ('CI', '1'), ('VSCODE_HANDLES_UNCAUGHT_ERRORS', 'true'), ('XDG_SESSION_TYPE', 'tty'), ('SHLVL', '1'), ('LD_LIBRARY_PATH', '/opt/ros/humble/opt/rviz_ogre_vendor/lib:/opt/ros/humble/lib/x86_64-linux-gnu:/opt/ros/humble/lib'), ('BROWSER', '/home/spen/.cursor-server/bin/linux-x64/4f2b772756b8f609e1354b3063de282ccbe7a690/bin/helpers/browser.sh'), ('MOTD_SHOWN', 'pam'), ('HOME', '/home/spen'), ('OLDPWD', '/var/robotic/yahboomcar_ws'), ('VSCODE_IPC_HOOK_CLI', '/run/user/1000/vscode-ipc-c8f91eca-ec4d-4c49-9630-5865a294962b.sock'), ('ROS_PYTHON_VERSION', '3'), ('LC_MONETARY', 'en_US.UTF-8'), ('NO_COLOR', '1'), ('DBUS_SESSION_BUS_ADDRESS', 'unix:path=/run/user/1000/bus'), ('ROS_DISTRO', 'humble'), ('LOGNAME', 'spen'), ('FORCE_COLOR', '0'), ('VSCODE_HANDLES_SIGPIPE', 'true'), ('_', '/usr/bin/colcon'), ('ROS_VERSION', '2'), ('XDG_SESSION_CLASS', 'user'), ('TERM', 'dumb'), ('EVERYSPHERE_RIPGREP_PATH', '/home/spen/.cursor-server/bin/linux-x64/4f2b772756b8f609e1354b3063de282ccbe7a690/resources/helpers/rg'), ('XDG_SESSION_ID', '8'), ('ROS_LOCALHOST_ONLY', '0'), ('PATH', '/home/spen/.cursor-server/bin/linux-x64/4f2b772756b8f609e1354b3063de282ccbe7a690/bin/remote-cli:/opt/ros/humble/bin:/home/spen/.cursor-server/bin/linux-x64/4f2b772756b8f609e1354b3063de282ccbe7a690/bin/remote-cli:/usr/local/sbin:/usr/local/bin:/usr/sbin:/usr/bin:/sbin:/bin:/usr/games:/usr/local/games:/snap/bin'), ('VSCODE_AGENT_FOLDER', '/home/spen/.cursor-server'), ('PAPERSIZE', 'letter'), ('LC_ADDRESS', 'en_US.UTF-8'), ('XDG_RUNTIME_DIR', '/run/user/1000'), ('CURSOR_AGENT', '1'), ('LANG', 'en_US.UTF-8'), ('LC_TELEPHONE', 'en_US.UTF-8'), ('LS_COLORS', ''), ('AMENT_PREFIX_PATH', '/opt/ros/humble'), ('SHELL', '/bin/bash'), ('CURSOR_SANDBOX', 'native'), ('LC_NAME', 'en_US.UTF-8'), ('VSCODE_SERVER_SHUTDOWN_TIMEOUT', '300'), ('ELECTRON_RUN_AS_NODE', '1'), ('LESSCLOSE', '/usr/bin/lesspipe %s %s'), ('LC_MEASUREMENT', 'en_US.UTF-8'), ('LC_IDENTIFICATION', 'en_US.UTF-8'), ('PWD', '/var/robotic/yahboomcar_ws/build/MoveIt_demo'), ('SSH_CONNECTION', '192.168.50.35 2820 192.168.50.88 22'), ('XDG_DATA_DIRS', '/usr/share/gnome:/usr/local/share:/usr/share:/var/lib/snapd/desktop'), ('PYTHONPATH', '/opt/ros/humble/lib/python3.10/site-packages:/opt/ros/humble/local/lib/python3.10/dist-packages'), ('LC_NUMERIC', 'en_US.UTF-8'), ('LC_PAPER', 'en_US.UTF-8'), ('COLCON', '1'), ('_ZO_DOCTOR', '0'), ('CURSOR_SANDBOX_LANDLOCK_STATUS', 'fully_enforced'), ('CMAKE_PREFIX_PATH', '/opt/ros/humble')]), 'shell': False}
[0.016763] (MoveIt_demo) StdoutLine: {'line': b'-- Found ament_cmake: 1.3.12 (/opt/ros/humble/share/ament_cmake/cmake)\n'}
[0.083424] (MoveIt_demo) StdoutLine: {'line': b'-- Found rclcpp: 16.0.17 (/opt/ros/humble/share/rclcpp/cmake)\n'}
[0.097871] (MoveIt_demo) StdoutLine: {'line': b'-- Found rosidl_generator_c: 3.1.8 (/opt/ros/humble/share/rosidl_generator_c/cmake)\n'}
[0.099311] (MoveIt_demo) StdoutLine: {'line': b'-- Found rosidl_adapter: 3.1.8 (/opt/ros/humble/share/rosidl_adapter/cmake)\n'}
[0.099793] (-) TimerEvent: {}
[0.102529] (MoveIt_demo) StdoutLine: {'line': b'-- Found rosidl_generator_cpp: 3.1.8 (/opt/ros/humble/share/rosidl_generator_cpp/cmake)\n'}
[0.107734] (MoveIt_demo) StdoutLine: {'line': b'-- Using all available rosidl_typesupport_c: rosidl_typesupport_fastrtps_c;rosidl_typesupport_introspection_c\n'}
[0.114161] (MoveIt_demo) StdoutLine: {'line': b'-- Using all available rosidl_typesupport_cpp: rosidl_typesupport_fastrtps_cpp;rosidl_typesupport_introspection_cpp\n'}
[0.130997] (MoveIt_demo) StdoutLine: {'line': b'-- Found rmw_implementation_cmake: 6.1.2 (/opt/ros/humble/share/rmw_implementation_cmake/cmake)\n'}
[0.131586] (MoveIt_demo) StdoutLine: {'line': b'-- Found rmw_fastrtps_cpp: 6.2.9 (/opt/ros/humble/share/rmw_fastrtps_cpp/cmake)\n'}
[0.183361] (MoveIt_demo) StdoutLine: {'line': b"-- Using RMW implementation 'rmw_fastrtps_cpp' as default\n"}
[0.199909] (-) TimerEvent: {}
[0.207358] (MoveIt_demo) StdoutLine: {'line': b'-- Found moveit_ros_planning_interface: 2.5.9 (/opt/ros/humble/share/moveit_ros_planning_interface/cmake)\n'}
[0.213606] (MoveIt_demo) StdoutLine: {'line': b'-- Found Boost: /usr/lib/x86_64-linux-gnu/cmake/Boost-1.74.0/BoostConfig.cmake (found version "1.74.0") found components: date_time filesystem program_options system thread \n'}
[0.292604] (MoveIt_demo) StdoutLine: {'line': b'-- Found Boost: /usr/lib/x86_64-linux-gnu/cmake/Boost-1.74.0/BoostConfig.cmake (found version "1.74.0") found components: chrono date_time filesystem iostreams program_options regex serialization system thread \n'}
[0.302036] (-) TimerEvent: {}
[0.303078] (MoveIt_demo) StdoutLine: {'line': b'-- Found parameter_traits: 0.6.0 (/opt/ros/humble/share/parameter_traits/cmake)\n'}
[0.307131] (MoveIt_demo) StdoutLine: {'line': b'-- Found rclcpp_lifecycle: 16.0.17 (/opt/ros/humble/share/rclcpp_lifecycle/cmake)\n'}
[0.318996] (MoveIt_demo) StdoutLine: {'line': b'-- Found Boost: /usr/lib/x86_64-linux-gnu/cmake/Boost-1.74.0/BoostConfig.cmake (found version "1.74.0") found components: filesystem \n'}
[0.336099] (MoveIt_demo) StdoutLine: {'line': b'-- library: /usr/lib/x86_64-linux-gnu/libcurl.so\n'}
[0.349943] (MoveIt_demo) StdoutLine: {'line': b'-- Ensuring Eigen3 include directory is part of orocos-kdl CMake target\n'}
[0.402142] (-) TimerEvent: {}
[0.406374] (MoveIt_demo) StdoutLine: {'line': b'-- Found Boost: /usr/lib/x86_64-linux-gnu/cmake/Boost-1.74.0/BoostConfig.cmake (found version "1.74.0") found components: system filesystem date_time program_options thread chrono \n'}
[0.421444] (MoveIt_demo) StdoutLine: {'line': b'-- Found Boost: /usr/lib/x86_64-linux-gnu/cmake/Boost-1.74.0/BoostConfig.cmake (found version "1.74.0") found components: thread system filesystem regex date_time program_options \n'}
[0.432279] (MoveIt_demo) StdoutLine: {'line': b'-- Found Boost: /usr/lib/x86_64-linux-gnu/cmake/Boost-1.74.0/BoostConfig.cmake (found version "1.74.0") found components: system filesystem date_time program_options thread \n'}
[0.446331] (MoveIt_demo) StdoutLine: {'line': b'-- Found graph_msgs: 0.2.0 (/opt/ros/humble/share/graph_msgs/cmake)\n'}
[0.459278] (MoveIt_demo) StderrLine: {'line': b'CMake Error at CMakeLists.txt:13 (find_package):\n'}
[0.459408] (MoveIt_demo) StderrLine: {'line': b'  By not providing "Findmoveit_visual_tools.cmake" in CMAKE_MODULE_PATH this\n'}
[0.459441] (MoveIt_demo) StderrLine: {'line': b'  project has asked CMake to find a package configuration file provided by\n'}
[0.459469] (MoveIt_demo) StderrLine: {'line': b'  "moveit_visual_tools", but CMake did not find one.\n'}
[0.459497] (MoveIt_demo) StderrLine: {'line': b'\n'}
[0.459523] (MoveIt_demo) StderrLine: {'line': b'  Could not find a package configuration file provided by\n'}
[0.459550] (MoveIt_demo) StderrLine: {'line': b'  "moveit_visual_tools" with any of the following names:\n'}
[0.459576] (MoveIt_demo) StderrLine: {'line': b'\n'}
[0.459601] (MoveIt_demo) StderrLine: {'line': b'    moveit_visual_toolsConfig.cmake\n'}
[0.460540] (MoveIt_demo) StderrLine: {'line': b'    moveit_visual_tools-config.cmake\n'}
[0.460580] (MoveIt_demo) StderrLine: {'line': b'\n'}
[0.460608] (MoveIt_demo) StderrLine: {'line': b'  Add the installation prefix of "moveit_visual_tools" to CMAKE_PREFIX_PATH\n'}
[0.460636] (MoveIt_demo) StderrLine: {'line': b'  or set "moveit_visual_tools_DIR" to a directory containing one of the above\n'}
[0.460663] (MoveIt_demo) StderrLine: {'line': b'  files.  If "moveit_visual_tools" provides a separate development package or\n'}
[0.460689] (MoveIt_demo) StderrLine: {'line': b'  SDK, be sure it has been installed.\n'}
[0.460716] (MoveIt_demo) StderrLine: {'line': b'\n'}
[0.460742] (MoveIt_demo) StderrLine: {'line': b'\n'}
[0.460976] (MoveIt_demo) StdoutLine: {'line': b'-- Configuring incomplete, errors occurred!\n'}
[0.461044] (MoveIt_demo) StdoutLine: {'line': b'See also "/var/robotic/yahboomcar_ws/build/MoveIt_demo/CMakeFiles/CMakeOutput.log".\n'}
[0.465043] (MoveIt_demo) CommandEnded: {'returncode': 1}
[0.478196] (MoveIt_demo) JobEnded: {'identifier': 'MoveIt_demo', 'rc': 1}
[0.488664] (-) EventReactorShutdown: {}
