[0.344s] Invoking command in '/var/robotic/yahboomcar_ws/src/M3Pro_demo': PYTHONPATH=/var/robotic/yahboomcar_ws/build/M3Pro_demo/prefix_override:/usr/lib/python3/dist-packages/colcon_core/task/python/colcon_distutils_commands:/var/robotic/yahboomcar_ws/install/M3Pro_demo/lib/python3.10/site-packages:${PYTHONPATH} /usr/bin/python3 -W ignore:setup.py install is deprecated -W ignore:easy_install command is deprecated setup.py egg_info --egg-base ../../build/M3Pro_demo build --build-base /var/robotic/yahboomcar_ws/build/M3Pro_demo/build install --record /var/robotic/yahboomcar_ws/build/M3Pro_demo/install.log --single-version-externally-managed install_data
[0.466s] running egg_info
[0.466s] creating ../../build/M3Pro_demo/M3Pro_demo.egg-info
[0.466s] writing ../../build/M3Pro_demo/M3Pro_demo.egg-info/PKG-INFO
[0.466s] writing dependency_links to ../../build/M3Pro_demo/M3Pro_demo.egg-info/dependency_links.txt
[0.466s] writing entry points to ../../build/M3Pro_demo/M3Pro_demo.egg-info/entry_points.txt
[0.466s] writing requirements to ../../build/M3Pro_demo/M3Pro_demo.egg-info/requires.txt
[0.466s] writing top-level names to ../../build/M3Pro_demo/M3Pro_demo.egg-info/top_level.txt
[0.466s] writing manifest file '../../build/M3Pro_demo/M3Pro_demo.egg-info/SOURCES.txt'
[0.468s] reading manifest file '../../build/M3Pro_demo/M3Pro_demo.egg-info/SOURCES.txt'
[0.469s] writing manifest file '../../build/M3Pro_demo/M3Pro_demo.egg-info/SOURCES.txt'
[0.469s] running build
[0.469s] running build_py
[0.469s] creating /var/robotic/yahboomcar_ws/build/M3Pro_demo/build
[0.469s] creating /var/robotic/yahboomcar_ws/build/M3Pro_demo/build/lib
[0.469s] creating /var/robotic/yahboomcar_ws/build/M3Pro_demo/build/lib/M3Pro_demo
[0.469s] copying M3Pro_demo/grasp_transport.py -> /var/robotic/yahboomcar_ws/build/M3Pro_demo/build/lib/M3Pro_demo
[0.469s] copying M3Pro_demo/KCF_follow_desktop.py -> /var/robotic/yahboomcar_ws/build/M3Pro_demo/build/lib/M3Pro_demo
[0.469s] copying M3Pro_demo/apriltag_follow_2D.py -> /var/robotic/yahboomcar_ws/build/M3Pro_demo/build/lib/M3Pro_demo
[0.469s] copying M3Pro_demo/grasp_joint5.py -> /var/robotic/yahboomcar_ws/build/M3Pro_demo/build/lib/M3Pro_demo
[0.471s] copying M3Pro_demo/color_transport.py -> /var/robotic/yahboomcar_ws/build/M3Pro_demo/build/lib/M3Pro_demo
[0.471s] copying M3Pro_demo/apriltag_list.py -> /var/robotic/yahboomcar_ws/build/M3Pro_demo/build/lib/M3Pro_demo
[0.471s] copying M3Pro_demo/follow_common.py -> /var/robotic/yahboomcar_ws/build/M3Pro_demo/build/lib/M3Pro_demo
[0.471s] copying M3Pro_demo/apriltag_detect-Copy1.py -> /var/robotic/yahboomcar_ws/build/M3Pro_demo/build/lib/M3Pro_demo
[0.471s] copying M3Pro_demo/Dofbot_Track.py -> /var/robotic/yahboomcar_ws/build/M3Pro_demo/build/lib/M3Pro_demo
[0.471s] copying M3Pro_demo/grasp.py -> /var/robotic/yahboomcar_ws/build/M3Pro_demo/build/lib/M3Pro_demo
[0.472s] copying M3Pro_demo/X5Plus_adjust-Copy1.py -> /var/robotic/yahboomcar_ws/build/M3Pro_demo/build/lib/M3Pro_demo
[0.472s] copying M3Pro_demo/compute_joint5.py -> /var/robotic/yahboomcar_ws/build/M3Pro_demo/build/lib/M3Pro_demo
[0.472s] copying M3Pro_demo/apriltag_track_desktop_no_arm.py -> /var/robotic/yahboomcar_ws/build/M3Pro_demo/build/lib/M3Pro_demo
[0.472s] copying M3Pro_demo/media_library.py -> /var/robotic/yahboomcar_ws/build/M3Pro_demo/build/lib/M3Pro_demo
[0.472s] copying M3Pro_demo/aruco_track.py -> /var/robotic/yahboomcar_ws/build/M3Pro_demo/build/lib/M3Pro_demo
[0.472s] copying M3Pro_demo/arm_offset.py -> /var/robotic/yahboomcar_ws/build/M3Pro_demo/build/lib/M3Pro_demo
[0.472s] copying M3Pro_demo/apriltag_rotation.py -> /var/robotic/yahboomcar_ws/build/M3Pro_demo/build/lib/M3Pro_demo
[0.472s] copying M3Pro_demo/Robot_PID.py -> /var/robotic/yahboomcar_ws/build/M3Pro_demo/build/lib/M3Pro_demo
[0.472s] copying M3Pro_demo/mediapipe_gesture.py -> /var/robotic/yahboomcar_ws/build/M3Pro_demo/build/lib/M3Pro_demo
[0.472s] copying M3Pro_demo/grasp_desktop.py -> /var/robotic/yahboomcar_ws/build/M3Pro_demo/build/lib/M3Pro_demo
[0.472s] copying M3Pro_demo/apriltag_track_desktop_onceTrack.py -> /var/robotic/yahboomcar_ws/build/M3Pro_demo/build/lib/M3Pro_demo
[0.472s] copying M3Pro_demo/PID.py -> /var/robotic/yahboomcar_ws/build/M3Pro_demo/build/lib/M3Pro_demo
[0.472s] copying M3Pro_demo/Gesture_Moving.py -> /var/robotic/yahboomcar_ws/build/M3Pro_demo/build/lib/M3Pro_demo
[0.472s] copying M3Pro_demo/apriltag_track.py -> /var/robotic/yahboomcar_ws/build/M3Pro_demo/build/lib/M3Pro_demo
[0.472s] copying M3Pro_demo/Robot_Move.py -> /var/robotic/yahboomcar_ws/build/M3Pro_demo/build/lib/M3Pro_demo
[0.472s] copying M3Pro_demo/KCF_track.py -> /var/robotic/yahboomcar_ws/build/M3Pro_demo/build/lib/M3Pro_demo
[0.472s] copying M3Pro_demo/mediapipe_detect.py -> /var/robotic/yahboomcar_ws/build/M3Pro_demo/build/lib/M3Pro_demo
[0.472s] copying M3Pro_demo/apriltag_transport.py -> /var/robotic/yahboomcar_ws/build/M3Pro_demo/build/lib/M3Pro_demo
[0.472s] copying M3Pro_demo/apriltag_track-Pose[0].py -> /var/robotic/yahboomcar_ws/build/M3Pro_demo/build/lib/M3Pro_demo
[0.472s] copying M3Pro_demo/apriltag_follow_3D_V1.py -> /var/robotic/yahboomcar_ws/build/M3Pro_demo/build/lib/M3Pro_demo
[0.472s] copying M3Pro_demo/color_list.py -> /var/robotic/yahboomcar_ws/build/M3Pro_demo/build/lib/M3Pro_demo
[0.472s] copying M3Pro_demo/apriltag_track_desktop.py -> /var/robotic/yahboomcar_ws/build/M3Pro_demo/build/lib/M3Pro_demo
[0.472s] copying M3Pro_demo/follow_line.py -> /var/robotic/yahboomcar_ws/build/M3Pro_demo/build/lib/M3Pro_demo
[0.472s] copying M3Pro_demo/apriltag_track-Circle.py -> /var/robotic/yahboomcar_ws/build/M3Pro_demo/build/lib/M3Pro_demo
[0.472s] copying M3Pro_demo/Get_OdomInfo.py -> /var/robotic/yahboomcar_ws/build/M3Pro_demo/build/lib/M3Pro_demo
[0.472s] copying M3Pro_demo/KCF_track-Copy1.py -> /var/robotic/yahboomcar_ws/build/M3Pro_demo/build/lib/M3Pro_demo
[0.472s] copying M3Pro_demo/apriltag_follow.py -> /var/robotic/yahboomcar_ws/build/M3Pro_demo/build/lib/M3Pro_demo
[0.472s] copying M3Pro_demo/color_follow.py -> /var/robotic/yahboomcar_ws/build/M3Pro_demo/build/lib/M3Pro_demo
[0.472s] copying M3Pro_demo/apriltag_identify.py -> /var/robotic/yahboomcar_ws/build/M3Pro_demo/build/lib/M3Pro_demo
[0.472s] copying M3Pro_demo/color_track_desktop.py -> /var/robotic/yahboomcar_ws/build/M3Pro_demo/build/lib/M3Pro_demo
[0.472s] copying M3Pro_demo/__init__.py -> /var/robotic/yahboomcar_ws/build/M3Pro_demo/build/lib/M3Pro_demo
[0.472s] copying M3Pro_demo/apriltagHeight_gesture.py -> /var/robotic/yahboomcar_ws/build/M3Pro_demo/build/lib/M3Pro_demo
[0.473s] copying M3Pro_demo/shape_recognize.py -> /var/robotic/yahboomcar_ws/build/M3Pro_demo/build/lib/M3Pro_demo
[0.473s] copying M3Pro_demo/apriltagID_gesture.py -> /var/robotic/yahboomcar_ws/build/M3Pro_demo/build/lib/M3Pro_demo
[0.473s] copying M3Pro_demo/apriltagDist_gesture.py -> /var/robotic/yahboomcar_ws/build/M3Pro_demo/build/lib/M3Pro_demo
[0.473s] copying M3Pro_demo/vutils.py -> /var/robotic/yahboomcar_ws/build/M3Pro_demo/build/lib/M3Pro_demo
[0.473s] copying M3Pro_demo/KCF_follow.py -> /var/robotic/yahboomcar_ws/build/M3Pro_demo/build/lib/M3Pro_demo
[0.473s] copying M3Pro_demo/test_mediapipe.py -> /var/robotic/yahboomcar_ws/build/M3Pro_demo/build/lib/M3Pro_demo
[0.473s] copying M3Pro_demo/volume_calculations.py -> /var/robotic/yahboomcar_ws/build/M3Pro_demo/build/lib/M3Pro_demo
[0.473s] copying M3Pro_demo/color_common.py -> /var/robotic/yahboomcar_ws/build/M3Pro_demo/build/lib/M3Pro_demo
[0.473s] copying M3Pro_demo/apriltag_track-distance.py -> /var/robotic/yahboomcar_ws/build/M3Pro_demo/build/lib/M3Pro_demo
[0.473s] copying M3Pro_demo/apriltag_transport_V2.py -> /var/robotic/yahboomcar_ws/build/M3Pro_demo/build/lib/M3Pro_demo
[0.473s] copying M3Pro_demo/color_track.py -> /var/robotic/yahboomcar_ws/build/M3Pro_demo/build/lib/M3Pro_demo
[0.473s] copying M3Pro_demo/color_recognize.py -> /var/robotic/yahboomcar_ws/build/M3Pro_demo/build/lib/M3Pro_demo
[0.473s] copying M3Pro_demo/M3Pro_Dancing.py -> /var/robotic/yahboomcar_ws/build/M3Pro_demo/build/lib/M3Pro_demo
[0.473s] copying M3Pro_demo/estimate_volume.py -> /var/robotic/yahboomcar_ws/build/M3Pro_demo/build/lib/M3Pro_demo
[0.473s] copying M3Pro_demo/apriltag_detect.py -> /var/robotic/yahboomcar_ws/build/M3Pro_demo/build/lib/M3Pro_demo
[0.473s] copying M3Pro_demo/compute_pose.py -> /var/robotic/yahboomcar_ws/build/M3Pro_demo/build/lib/M3Pro_demo
[0.473s] running install
[0.475s] running install_lib
[0.475s] creating /var/robotic/yahboomcar_ws/install/M3Pro_demo/lib/python3.10/site-packages/M3Pro_demo
[0.475s] copying /var/robotic/yahboomcar_ws/build/M3Pro_demo/build/lib/M3Pro_demo/grasp_transport.py -> /var/robotic/yahboomcar_ws/install/M3Pro_demo/lib/python3.10/site-packages/M3Pro_demo
[0.475s] copying /var/robotic/yahboomcar_ws/build/M3Pro_demo/build/lib/M3Pro_demo/KCF_follow_desktop.py -> /var/robotic/yahboomcar_ws/install/M3Pro_demo/lib/python3.10/site-packages/M3Pro_demo
[0.475s] copying /var/robotic/yahboomcar_ws/build/M3Pro_demo/build/lib/M3Pro_demo/apriltag_follow_2D.py -> /var/robotic/yahboomcar_ws/install/M3Pro_demo/lib/python3.10/site-packages/M3Pro_demo
[0.476s] copying /var/robotic/yahboomcar_ws/build/M3Pro_demo/build/lib/M3Pro_demo/grasp_joint5.py -> /var/robotic/yahboomcar_ws/install/M3Pro_demo/lib/python3.10/site-packages/M3Pro_demo
[0.476s] copying /var/robotic/yahboomcar_ws/build/M3Pro_demo/build/lib/M3Pro_demo/color_transport.py -> /var/robotic/yahboomcar_ws/install/M3Pro_demo/lib/python3.10/site-packages/M3Pro_demo
[0.476s] copying /var/robotic/yahboomcar_ws/build/M3Pro_demo/build/lib/M3Pro_demo/apriltag_list.py -> /var/robotic/yahboomcar_ws/install/M3Pro_demo/lib/python3.10/site-packages/M3Pro_demo
[0.476s] copying /var/robotic/yahboomcar_ws/build/M3Pro_demo/build/lib/M3Pro_demo/follow_common.py -> /var/robotic/yahboomcar_ws/install/M3Pro_demo/lib/python3.10/site-packages/M3Pro_demo
[0.476s] copying /var/robotic/yahboomcar_ws/build/M3Pro_demo/build/lib/M3Pro_demo/apriltag_detect-Copy1.py -> /var/robotic/yahboomcar_ws/install/M3Pro_demo/lib/python3.10/site-packages/M3Pro_demo
[0.476s] copying /var/robotic/yahboomcar_ws/build/M3Pro_demo/build/lib/M3Pro_demo/Dofbot_Track.py -> /var/robotic/yahboomcar_ws/install/M3Pro_demo/lib/python3.10/site-packages/M3Pro_demo
[0.476s] copying /var/robotic/yahboomcar_ws/build/M3Pro_demo/build/lib/M3Pro_demo/grasp.py -> /var/robotic/yahboomcar_ws/install/M3Pro_demo/lib/python3.10/site-packages/M3Pro_demo
[0.476s] copying /var/robotic/yahboomcar_ws/build/M3Pro_demo/build/lib/M3Pro_demo/X5Plus_adjust-Copy1.py -> /var/robotic/yahboomcar_ws/install/M3Pro_demo/lib/python3.10/site-packages/M3Pro_demo
[0.476s] copying /var/robotic/yahboomcar_ws/build/M3Pro_demo/build/lib/M3Pro_demo/compute_joint5.py -> /var/robotic/yahboomcar_ws/install/M3Pro_demo/lib/python3.10/site-packages/M3Pro_demo
[0.476s] copying /var/robotic/yahboomcar_ws/build/M3Pro_demo/build/lib/M3Pro_demo/apriltag_track_desktop_no_arm.py -> /var/robotic/yahboomcar_ws/install/M3Pro_demo/lib/python3.10/site-packages/M3Pro_demo
[0.476s] copying /var/robotic/yahboomcar_ws/build/M3Pro_demo/build/lib/M3Pro_demo/media_library.py -> /var/robotic/yahboomcar_ws/install/M3Pro_demo/lib/python3.10/site-packages/M3Pro_demo
[0.476s] copying /var/robotic/yahboomcar_ws/build/M3Pro_demo/build/lib/M3Pro_demo/aruco_track.py -> /var/robotic/yahboomcar_ws/install/M3Pro_demo/lib/python3.10/site-packages/M3Pro_demo
[0.476s] copying /var/robotic/yahboomcar_ws/build/M3Pro_demo/build/lib/M3Pro_demo/arm_offset.py -> /var/robotic/yahboomcar_ws/install/M3Pro_demo/lib/python3.10/site-packages/M3Pro_demo
[0.476s] copying /var/robotic/yahboomcar_ws/build/M3Pro_demo/build/lib/M3Pro_demo/apriltag_rotation.py -> /var/robotic/yahboomcar_ws/install/M3Pro_demo/lib/python3.10/site-packages/M3Pro_demo
[0.476s] copying /var/robotic/yahboomcar_ws/build/M3Pro_demo/build/lib/M3Pro_demo/Robot_PID.py -> /var/robotic/yahboomcar_ws/install/M3Pro_demo/lib/python3.10/site-packages/M3Pro_demo
[0.476s] copying /var/robotic/yahboomcar_ws/build/M3Pro_demo/build/lib/M3Pro_demo/mediapipe_gesture.py -> /var/robotic/yahboomcar_ws/install/M3Pro_demo/lib/python3.10/site-packages/M3Pro_demo
[0.476s] copying /var/robotic/yahboomcar_ws/build/M3Pro_demo/build/lib/M3Pro_demo/grasp_desktop.py -> /var/robotic/yahboomcar_ws/install/M3Pro_demo/lib/python3.10/site-packages/M3Pro_demo
[0.476s] copying /var/robotic/yahboomcar_ws/build/M3Pro_demo/build/lib/M3Pro_demo/apriltag_track_desktop_onceTrack.py -> /var/robotic/yahboomcar_ws/install/M3Pro_demo/lib/python3.10/site-packages/M3Pro_demo
[0.476s] copying /var/robotic/yahboomcar_ws/build/M3Pro_demo/build/lib/M3Pro_demo/PID.py -> /var/robotic/yahboomcar_ws/install/M3Pro_demo/lib/python3.10/site-packages/M3Pro_demo
[0.476s] copying /var/robotic/yahboomcar_ws/build/M3Pro_demo/build/lib/M3Pro_demo/Gesture_Moving.py -> /var/robotic/yahboomcar_ws/install/M3Pro_demo/lib/python3.10/site-packages/M3Pro_demo
[0.476s] copying /var/robotic/yahboomcar_ws/build/M3Pro_demo/build/lib/M3Pro_demo/apriltag_track.py -> /var/robotic/yahboomcar_ws/install/M3Pro_demo/lib/python3.10/site-packages/M3Pro_demo
[0.476s] copying /var/robotic/yahboomcar_ws/build/M3Pro_demo/build/lib/M3Pro_demo/Robot_Move.py -> /var/robotic/yahboomcar_ws/install/M3Pro_demo/lib/python3.10/site-packages/M3Pro_demo
[0.476s] copying /var/robotic/yahboomcar_ws/build/M3Pro_demo/build/lib/M3Pro_demo/KCF_track.py -> /var/robotic/yahboomcar_ws/install/M3Pro_demo/lib/python3.10/site-packages/M3Pro_demo
[0.476s] copying /var/robotic/yahboomcar_ws/build/M3Pro_demo/build/lib/M3Pro_demo/mediapipe_detect.py -> /var/robotic/yahboomcar_ws/install/M3Pro_demo/lib/python3.10/site-packages/M3Pro_demo
[0.476s] copying /var/robotic/yahboomcar_ws/build/M3Pro_demo/build/lib/M3Pro_demo/apriltag_transport.py -> /var/robotic/yahboomcar_ws/install/M3Pro_demo/lib/python3.10/site-packages/M3Pro_demo
[0.476s] copying /var/robotic/yahboomcar_ws/build/M3Pro_demo/build/lib/M3Pro_demo/apriltag_track-Pose[0].py -> /var/robotic/yahboomcar_ws/install/M3Pro_demo/lib/python3.10/site-packages/M3Pro_demo
[0.476s] copying /var/robotic/yahboomcar_ws/build/M3Pro_demo/build/lib/M3Pro_demo/apriltag_follow_3D_V1.py -> /var/robotic/yahboomcar_ws/install/M3Pro_demo/lib/python3.10/site-packages/M3Pro_demo
[0.476s] copying /var/robotic/yahboomcar_ws/build/M3Pro_demo/build/lib/M3Pro_demo/color_list.py -> /var/robotic/yahboomcar_ws/install/M3Pro_demo/lib/python3.10/site-packages/M3Pro_demo
[0.476s] copying /var/robotic/yahboomcar_ws/build/M3Pro_demo/build/lib/M3Pro_demo/apriltag_track_desktop.py -> /var/robotic/yahboomcar_ws/install/M3Pro_demo/lib/python3.10/site-packages/M3Pro_demo
[0.477s] copying /var/robotic/yahboomcar_ws/build/M3Pro_demo/build/lib/M3Pro_demo/follow_line.py -> /var/robotic/yahboomcar_ws/install/M3Pro_demo/lib/python3.10/site-packages/M3Pro_demo
[0.477s] copying /var/robotic/yahboomcar_ws/build/M3Pro_demo/build/lib/M3Pro_demo/apriltag_track-Circle.py -> /var/robotic/yahboomcar_ws/install/M3Pro_demo/lib/python3.10/site-packages/M3Pro_demo
[0.477s] copying /var/robotic/yahboomcar_ws/build/M3Pro_demo/build/lib/M3Pro_demo/Get_OdomInfo.py -> /var/robotic/yahboomcar_ws/install/M3Pro_demo/lib/python3.10/site-packages/M3Pro_demo
[0.477s] copying /var/robotic/yahboomcar_ws/build/M3Pro_demo/build/lib/M3Pro_demo/KCF_track-Copy1.py -> /var/robotic/yahboomcar_ws/install/M3Pro_demo/lib/python3.10/site-packages/M3Pro_demo
[0.477s] copying /var/robotic/yahboomcar_ws/build/M3Pro_demo/build/lib/M3Pro_demo/apriltag_follow.py -> /var/robotic/yahboomcar_ws/install/M3Pro_demo/lib/python3.10/site-packages/M3Pro_demo
[0.477s] copying /var/robotic/yahboomcar_ws/build/M3Pro_demo/build/lib/M3Pro_demo/color_follow.py -> /var/robotic/yahboomcar_ws/install/M3Pro_demo/lib/python3.10/site-packages/M3Pro_demo
[0.477s] copying /var/robotic/yahboomcar_ws/build/M3Pro_demo/build/lib/M3Pro_demo/apriltag_identify.py -> /var/robotic/yahboomcar_ws/install/M3Pro_demo/lib/python3.10/site-packages/M3Pro_demo
[0.477s] copying /var/robotic/yahboomcar_ws/build/M3Pro_demo/build/lib/M3Pro_demo/color_track_desktop.py -> /var/robotic/yahboomcar_ws/install/M3Pro_demo/lib/python3.10/site-packages/M3Pro_demo
[0.477s] copying /var/robotic/yahboomcar_ws/build/M3Pro_demo/build/lib/M3Pro_demo/__init__.py -> /var/robotic/yahboomcar_ws/install/M3Pro_demo/lib/python3.10/site-packages/M3Pro_demo
[0.477s] copying /var/robotic/yahboomcar_ws/build/M3Pro_demo/build/lib/M3Pro_demo/apriltagHeight_gesture.py -> /var/robotic/yahboomcar_ws/install/M3Pro_demo/lib/python3.10/site-packages/M3Pro_demo
[0.477s] copying /var/robotic/yahboomcar_ws/build/M3Pro_demo/build/lib/M3Pro_demo/shape_recognize.py -> /var/robotic/yahboomcar_ws/install/M3Pro_demo/lib/python3.10/site-packages/M3Pro_demo
[0.477s] copying /var/robotic/yahboomcar_ws/build/M3Pro_demo/build/lib/M3Pro_demo/apriltagID_gesture.py -> /var/robotic/yahboomcar_ws/install/M3Pro_demo/lib/python3.10/site-packages/M3Pro_demo
[0.477s] copying /var/robotic/yahboomcar_ws/build/M3Pro_demo/build/lib/M3Pro_demo/apriltagDist_gesture.py -> /var/robotic/yahboomcar_ws/install/M3Pro_demo/lib/python3.10/site-packages/M3Pro_demo
[0.477s] copying /var/robotic/yahboomcar_ws/build/M3Pro_demo/build/lib/M3Pro_demo/vutils.py -> /var/robotic/yahboomcar_ws/install/M3Pro_demo/lib/python3.10/site-packages/M3Pro_demo
[0.477s] copying /var/robotic/yahboomcar_ws/build/M3Pro_demo/build/lib/M3Pro_demo/KCF_follow.py -> /var/robotic/yahboomcar_ws/install/M3Pro_demo/lib/python3.10/site-packages/M3Pro_demo
[0.477s] copying /var/robotic/yahboomcar_ws/build/M3Pro_demo/build/lib/M3Pro_demo/test_mediapipe.py -> /var/robotic/yahboomcar_ws/install/M3Pro_demo/lib/python3.10/site-packages/M3Pro_demo
[0.477s] copying /var/robotic/yahboomcar_ws/build/M3Pro_demo/build/lib/M3Pro_demo/volume_calculations.py -> /var/robotic/yahboomcar_ws/install/M3Pro_demo/lib/python3.10/site-packages/M3Pro_demo
[0.477s] copying /var/robotic/yahboomcar_ws/build/M3Pro_demo/build/lib/M3Pro_demo/color_common.py -> /var/robotic/yahboomcar_ws/install/M3Pro_demo/lib/python3.10/site-packages/M3Pro_demo
[0.477s] copying /var/robotic/yahboomcar_ws/build/M3Pro_demo/build/lib/M3Pro_demo/apriltag_track-distance.py -> /var/robotic/yahboomcar_ws/install/M3Pro_demo/lib/python3.10/site-packages/M3Pro_demo
[0.477s] copying /var/robotic/yahboomcar_ws/build/M3Pro_demo/build/lib/M3Pro_demo/apriltag_transport_V2.py -> /var/robotic/yahboomcar_ws/install/M3Pro_demo/lib/python3.10/site-packages/M3Pro_demo
[0.478s] copying /var/robotic/yahboomcar_ws/build/M3Pro_demo/build/lib/M3Pro_demo/color_track.py -> /var/robotic/yahboomcar_ws/install/M3Pro_demo/lib/python3.10/site-packages/M3Pro_demo
[0.480s] copying /var/robotic/yahboomcar_ws/build/M3Pro_demo/build/lib/M3Pro_demo/color_recognize.py -> /var/robotic/yahboomcar_ws/install/M3Pro_demo/lib/python3.10/site-packages/M3Pro_demo
[0.480s] copying /var/robotic/yahboomcar_ws/build/M3Pro_demo/build/lib/M3Pro_demo/M3Pro_Dancing.py -> /var/robotic/yahboomcar_ws/install/M3Pro_demo/lib/python3.10/site-packages/M3Pro_demo
[0.480s] copying /var/robotic/yahboomcar_ws/build/M3Pro_demo/build/lib/M3Pro_demo/estimate_volume.py -> /var/robotic/yahboomcar_ws/install/M3Pro_demo/lib/python3.10/site-packages/M3Pro_demo
[0.480s] copying /var/robotic/yahboomcar_ws/build/M3Pro_demo/build/lib/M3Pro_demo/apriltag_detect.py -> /var/robotic/yahboomcar_ws/install/M3Pro_demo/lib/python3.10/site-packages/M3Pro_demo
[0.480s] copying /var/robotic/yahboomcar_ws/build/M3Pro_demo/build/lib/M3Pro_demo/compute_pose.py -> /var/robotic/yahboomcar_ws/install/M3Pro_demo/lib/python3.10/site-packages/M3Pro_demo
[0.480s] byte-compiling /var/robotic/yahboomcar_ws/install/M3Pro_demo/lib/python3.10/site-packages/M3Pro_demo/grasp_transport.py to grasp_transport.cpython-310.pyc
[0.480s] byte-compiling /var/robotic/yahboomcar_ws/install/M3Pro_demo/lib/python3.10/site-packages/M3Pro_demo/KCF_follow_desktop.py to KCF_follow_desktop.cpython-310.pyc
[0.481s] byte-compiling /var/robotic/yahboomcar_ws/install/M3Pro_demo/lib/python3.10/site-packages/M3Pro_demo/apriltag_follow_2D.py to apriltag_follow_2D.cpython-310.pyc
[0.482s] byte-compiling /var/robotic/yahboomcar_ws/install/M3Pro_demo/lib/python3.10/site-packages/M3Pro_demo/grasp_joint5.py to grasp_joint5.cpython-310.pyc
[0.483s] byte-compiling /var/robotic/yahboomcar_ws/install/M3Pro_demo/lib/python3.10/site-packages/M3Pro_demo/color_transport.py to color_transport.cpython-310.pyc
[0.485s] byte-compiling /var/robotic/yahboomcar_ws/install/M3Pro_demo/lib/python3.10/site-packages/M3Pro_demo/apriltag_list.py to apriltag_list.cpython-310.pyc
[0.486s] byte-compiling /var/robotic/yahboomcar_ws/install/M3Pro_demo/lib/python3.10/site-packages/M3Pro_demo/follow_common.py to follow_common.cpython-310.pyc
[0.487s] byte-compiling /var/robotic/yahboomcar_ws/install/M3Pro_demo/lib/python3.10/site-packages/M3Pro_demo/apriltag_detect-Copy1.py to apriltag_detect-Copy1.cpython-310.pyc
[0.487s] byte-compiling /var/robotic/yahboomcar_ws/install/M3Pro_demo/lib/python3.10/site-packages/M3Pro_demo/Dofbot_Track.py to Dofbot_Track.cpython-310.pyc
[0.488s] byte-compiling /var/robotic/yahboomcar_ws/install/M3Pro_demo/lib/python3.10/site-packages/M3Pro_demo/grasp.py to grasp.cpython-310.pyc
[0.489s] byte-compiling /var/robotic/yahboomcar_ws/install/M3Pro_demo/lib/python3.10/site-packages/M3Pro_demo/X5Plus_adjust-Copy1.py to X5Plus_adjust-Copy1.cpython-310.pyc
[0.490s] byte-compiling /var/robotic/yahboomcar_ws/install/M3Pro_demo/lib/python3.10/site-packages/M3Pro_demo/compute_joint5.py to compute_joint5.cpython-310.pyc
[0.490s] byte-compiling /var/robotic/yahboomcar_ws/install/M3Pro_demo/lib/python3.10/site-packages/M3Pro_demo/apriltag_track_desktop_no_arm.py to apriltag_track_desktop_no_arm.cpython-310.pyc
[0.491s] byte-compiling /var/robotic/yahboomcar_ws/install/M3Pro_demo/lib/python3.10/site-packages/M3Pro_demo/media_library.py to media_library.cpython-310.pyc
[0.492s] byte-compiling /var/robotic/yahboomcar_ws/install/M3Pro_demo/lib/python3.10/site-packages/M3Pro_demo/aruco_track.py to aruco_track.cpython-310.pyc
[0.492s] byte-compiling /var/robotic/yahboomcar_ws/install/M3Pro_demo/lib/python3.10/site-packages/M3Pro_demo/arm_offset.py to arm_offset.cpython-310.pyc
[0.494s] byte-compiling /var/robotic/yahboomcar_ws/install/M3Pro_demo/lib/python3.10/site-packages/M3Pro_demo/apriltag_rotation.py to apriltag_rotation.cpython-310.pyc
[0.494s] byte-compiling /var/robotic/yahboomcar_ws/install/M3Pro_demo/lib/python3.10/site-packages/M3Pro_demo/Robot_PID.py to Robot_PID.cpython-310.pyc
[0.494s] byte-compiling /var/robotic/yahboomcar_ws/install/M3Pro_demo/lib/python3.10/site-packages/M3Pro_demo/mediapipe_gesture.py to mediapipe_gesture.cpython-310.pyc
[0.495s] byte-compiling /var/robotic/yahboomcar_ws/install/M3Pro_demo/lib/python3.10/site-packages/M3Pro_demo/grasp_desktop.py to grasp_desktop.cpython-310.pyc
[0.496s] byte-compiling /var/robotic/yahboomcar_ws/install/M3Pro_demo/lib/python3.10/site-packages/M3Pro_demo/apriltag_track_desktop_onceTrack.py to apriltag_track_desktop_onceTrack.cpython-310.pyc
[0.497s] byte-compiling /var/robotic/yahboomcar_ws/install/M3Pro_demo/lib/python3.10/site-packages/M3Pro_demo/PID.py to PID.cpython-310.pyc
[0.497s] byte-compiling /var/robotic/yahboomcar_ws/install/M3Pro_demo/lib/python3.10/site-packages/M3Pro_demo/Gesture_Moving.py to Gesture_Moving.cpython-310.pyc
[0.498s] byte-compiling /var/robotic/yahboomcar_ws/install/M3Pro_demo/lib/python3.10/site-packages/M3Pro_demo/apriltag_track.py to apriltag_track.cpython-310.pyc
[0.499s] byte-compiling /var/robotic/yahboomcar_ws/install/M3Pro_demo/lib/python3.10/site-packages/M3Pro_demo/Robot_Move.py to Robot_Move.cpython-310.pyc
[0.499s] byte-compiling /var/robotic/yahboomcar_ws/install/M3Pro_demo/lib/python3.10/site-packages/M3Pro_demo/KCF_track.py to KCF_track.cpython-310.pyc
[0.500s] byte-compiling /var/robotic/yahboomcar_ws/install/M3Pro_demo/lib/python3.10/site-packages/M3Pro_demo/mediapipe_detect.py to mediapipe_detect.cpython-310.pyc
[0.500s] byte-compiling /var/robotic/yahboomcar_ws/install/M3Pro_demo/lib/python3.10/site-packages/M3Pro_demo/apriltag_transport.py to apriltag_transport.cpython-310.pyc
[0.501s] byte-compiling /var/robotic/yahboomcar_ws/install/M3Pro_demo/lib/python3.10/site-packages/M3Pro_demo/apriltag_track-Pose[0].py to apriltag_track-Pose[0].cpython-310.pyc
[0.502s] byte-compiling /var/robotic/yahboomcar_ws/install/M3Pro_demo/lib/python3.10/site-packages/M3Pro_demo/apriltag_follow_3D_V1.py to apriltag_follow_3D_V1.cpython-310.pyc
[0.504s] byte-compiling /var/robotic/yahboomcar_ws/install/M3Pro_demo/lib/python3.10/site-packages/M3Pro_demo/color_list.py to color_list.cpython-310.pyc
[0.505s] byte-compiling /var/robotic/yahboomcar_ws/install/M3Pro_demo/lib/python3.10/site-packages/M3Pro_demo/apriltag_track_desktop.py to apriltag_track_desktop.cpython-310.pyc
[0.507s] byte-compiling /var/robotic/yahboomcar_ws/install/M3Pro_demo/lib/python3.10/site-packages/M3Pro_demo/follow_line.py to follow_line.cpython-310.pyc
[0.508s] byte-compiling /var/robotic/yahboomcar_ws/install/M3Pro_demo/lib/python3.10/site-packages/M3Pro_demo/apriltag_track-Circle.py to apriltag_track-Circle.cpython-310.pyc
[0.509s] byte-compiling /var/robotic/yahboomcar_ws/install/M3Pro_demo/lib/python3.10/site-packages/M3Pro_demo/Get_OdomInfo.py to Get_OdomInfo.cpython-310.pyc
[0.510s] byte-compiling /var/robotic/yahboomcar_ws/install/M3Pro_demo/lib/python3.10/site-packages/M3Pro_demo/KCF_track-Copy1.py to KCF_track-Copy1.cpython-310.pyc
[0.510s] byte-compiling /var/robotic/yahboomcar_ws/install/M3Pro_demo/lib/python3.10/site-packages/M3Pro_demo/apriltag_follow.py to apriltag_follow.cpython-310.pyc
[0.511s] byte-compiling /var/robotic/yahboomcar_ws/install/M3Pro_demo/lib/python3.10/site-packages/M3Pro_demo/color_follow.py to color_follow.cpython-310.pyc
[0.513s] byte-compiling /var/robotic/yahboomcar_ws/install/M3Pro_demo/lib/python3.10/site-packages/M3Pro_demo/apriltag_identify.py to apriltag_identify.cpython-310.pyc
[0.514s] byte-compiling /var/robotic/yahboomcar_ws/install/M3Pro_demo/lib/python3.10/site-packages/M3Pro_demo/color_track_desktop.py to color_track_desktop.cpython-310.pyc
[0.515s] byte-compiling /var/robotic/yahboomcar_ws/install/M3Pro_demo/lib/python3.10/site-packages/M3Pro_demo/__init__.py to __init__.cpython-310.pyc
[0.516s] byte-compiling /var/robotic/yahboomcar_ws/install/M3Pro_demo/lib/python3.10/site-packages/M3Pro_demo/apriltagHeight_gesture.py to apriltagHeight_gesture.cpython-310.pyc
[0.517s] byte-compiling /var/robotic/yahboomcar_ws/install/M3Pro_demo/lib/python3.10/site-packages/M3Pro_demo/shape_recognize.py to shape_recognize.cpython-310.pyc
[0.519s] byte-compiling /var/robotic/yahboomcar_ws/install/M3Pro_demo/lib/python3.10/site-packages/M3Pro_demo/apriltagID_gesture.py to apriltagID_gesture.cpython-310.pyc
[0.520s] byte-compiling /var/robotic/yahboomcar_ws/install/M3Pro_demo/lib/python3.10/site-packages/M3Pro_demo/apriltagDist_gesture.py to apriltagDist_gesture.cpython-310.pyc
[0.521s] byte-compiling /var/robotic/yahboomcar_ws/install/M3Pro_demo/lib/python3.10/site-packages/M3Pro_demo/vutils.py to vutils.cpython-310.pyc
[0.522s] byte-compiling /var/robotic/yahboomcar_ws/install/M3Pro_demo/lib/python3.10/site-packages/M3Pro_demo/KCF_follow.py to KCF_follow.cpython-310.pyc
[0.523s] byte-compiling /var/robotic/yahboomcar_ws/install/M3Pro_demo/lib/python3.10/site-packages/M3Pro_demo/test_mediapipe.py to test_mediapipe.cpython-310.pyc
[0.523s] byte-compiling /var/robotic/yahboomcar_ws/install/M3Pro_demo/lib/python3.10/site-packages/M3Pro_demo/volume_calculations.py to volume_calculations.cpython-310.pyc
[0.524s] byte-compiling /var/robotic/yahboomcar_ws/install/M3Pro_demo/lib/python3.10/site-packages/M3Pro_demo/color_common.py to color_common.cpython-310.pyc
[0.527s] byte-compiling /var/robotic/yahboomcar_ws/install/M3Pro_demo/lib/python3.10/site-packages/M3Pro_demo/apriltag_track-distance.py to apriltag_track-distance.cpython-310.pyc
[0.527s] byte-compiling /var/robotic/yahboomcar_ws/install/M3Pro_demo/lib/python3.10/site-packages/M3Pro_demo/apriltag_transport_V2.py to apriltag_transport_V2.cpython-310.pyc
[0.528s] byte-compiling /var/robotic/yahboomcar_ws/install/M3Pro_demo/lib/python3.10/site-packages/M3Pro_demo/color_track.py to color_track.cpython-310.pyc
[0.530s] byte-compiling /var/robotic/yahboomcar_ws/install/M3Pro_demo/lib/python3.10/site-packages/M3Pro_demo/color_recognize.py to color_recognize.cpython-310.pyc
[0.531s] byte-compiling /var/robotic/yahboomcar_ws/install/M3Pro_demo/lib/python3.10/site-packages/M3Pro_demo/M3Pro_Dancing.py to M3Pro_Dancing.cpython-310.pyc
[0.532s] byte-compiling /var/robotic/yahboomcar_ws/install/M3Pro_demo/lib/python3.10/site-packages/M3Pro_demo/estimate_volume.py to estimate_volume.cpython-310.pyc
[0.533s] byte-compiling /var/robotic/yahboomcar_ws/install/M3Pro_demo/lib/python3.10/site-packages/M3Pro_demo/apriltag_detect.py to apriltag_detect.cpython-310.pyc
[0.534s] byte-compiling /var/robotic/yahboomcar_ws/install/M3Pro_demo/lib/python3.10/site-packages/M3Pro_demo/compute_pose.py to compute_pose.cpython-310.pyc
[0.535s] running install_data
[0.535s] creating /var/robotic/yahboomcar_ws/install/M3Pro_demo/share/ament_index
[0.535s] creating /var/robotic/yahboomcar_ws/install/M3Pro_demo/share/ament_index/resource_index
[0.535s] creating /var/robotic/yahboomcar_ws/install/M3Pro_demo/share/ament_index/resource_index/packages
[0.535s] copying resource/M3Pro_demo -> /var/robotic/yahboomcar_ws/install/M3Pro_demo/share/ament_index/resource_index/packages
[0.535s] copying package.xml -> /var/robotic/yahboomcar_ws/install/M3Pro_demo/share/M3Pro_demo
[0.535s] creating /var/robotic/yahboomcar_ws/install/M3Pro_demo/share/M3Pro_demo/launch
[0.535s] copying launch/camera_arm_kin.launch.py -> /var/robotic/yahboomcar_ws/install/M3Pro_demo/share/M3Pro_demo/launch
[0.536s] running install_egg_info
[0.536s] Copying ../../build/M3Pro_demo/M3Pro_demo.egg-info to /var/robotic/yahboomcar_ws/install/M3Pro_demo/lib/python3.10/site-packages/M3Pro_demo-0.0.0-py3.10.egg-info
[0.537s] running install_scripts
[0.547s] Installing Gesture_Moving script to /var/robotic/yahboomcar_ws/install/M3Pro_demo/lib/M3Pro_demo
[0.547s] Installing KCF_follow script to /var/robotic/yahboomcar_ws/install/M3Pro_demo/lib/M3Pro_demo
[0.547s] Installing KCF_follow_desktop script to /var/robotic/yahboomcar_ws/install/M3Pro_demo/lib/M3Pro_demo
[0.547s] Installing KCF_track script to /var/robotic/yahboomcar_ws/install/M3Pro_demo/lib/M3Pro_demo
[0.548s] Installing M3Pro_Dancing script to /var/robotic/yahboomcar_ws/install/M3Pro_demo/lib/M3Pro_demo
[0.548s] Installing apriltagDist_gesture script to /var/robotic/yahboomcar_ws/install/M3Pro_demo/lib/M3Pro_demo
[0.548s] Installing apriltagHeight_gesture script to /var/robotic/yahboomcar_ws/install/M3Pro_demo/lib/M3Pro_demo
[0.548s] Installing apriltagID_gesture script to /var/robotic/yahboomcar_ws/install/M3Pro_demo/lib/M3Pro_demo
[0.548s] Installing apriltag_detect script to /var/robotic/yahboomcar_ws/install/M3Pro_demo/lib/M3Pro_demo
[0.548s] Installing apriltag_follow script to /var/robotic/yahboomcar_ws/install/M3Pro_demo/lib/M3Pro_demo
[0.548s] Installing apriltag_follow_2D script to /var/robotic/yahboomcar_ws/install/M3Pro_demo/lib/M3Pro_demo
[0.548s] Installing apriltag_list script to /var/robotic/yahboomcar_ws/install/M3Pro_demo/lib/M3Pro_demo
[0.548s] Installing apriltag_rotation script to /var/robotic/yahboomcar_ws/install/M3Pro_demo/lib/M3Pro_demo
[0.549s] Installing apriltag_track script to /var/robotic/yahboomcar_ws/install/M3Pro_demo/lib/M3Pro_demo
[0.549s] Installing apriltag_track_desktop script to /var/robotic/yahboomcar_ws/install/M3Pro_demo/lib/M3Pro_demo
[0.549s] Installing apriltag_transport script to /var/robotic/yahboomcar_ws/install/M3Pro_demo/lib/M3Pro_demo
[0.549s] Installing apriltag_transport_V2 script to /var/robotic/yahboomcar_ws/install/M3Pro_demo/lib/M3Pro_demo
[0.549s] Installing arm_offset script to /var/robotic/yahboomcar_ws/install/M3Pro_demo/lib/M3Pro_demo
[0.549s] Installing color_follow script to /var/robotic/yahboomcar_ws/install/M3Pro_demo/lib/M3Pro_demo
[0.549s] Installing color_list script to /var/robotic/yahboomcar_ws/install/M3Pro_demo/lib/M3Pro_demo
[0.549s] Installing color_recognize script to /var/robotic/yahboomcar_ws/install/M3Pro_demo/lib/M3Pro_demo
[0.549s] Installing color_track script to /var/robotic/yahboomcar_ws/install/M3Pro_demo/lib/M3Pro_demo
[0.549s] Installing color_track_desktop script to /var/robotic/yahboomcar_ws/install/M3Pro_demo/lib/M3Pro_demo
[0.549s] Installing color_transport script to /var/robotic/yahboomcar_ws/install/M3Pro_demo/lib/M3Pro_demo
[0.549s] Installing estimate_volume script to /var/robotic/yahboomcar_ws/install/M3Pro_demo/lib/M3Pro_demo
[0.551s] Installing follow_line script to /var/robotic/yahboomcar_ws/install/M3Pro_demo/lib/M3Pro_demo
[0.551s] Installing grasp script to /var/robotic/yahboomcar_ws/install/M3Pro_demo/lib/M3Pro_demo
[0.551s] Installing grasp_desktop script to /var/robotic/yahboomcar_ws/install/M3Pro_demo/lib/M3Pro_demo
[0.551s] Installing grasp_joint5 script to /var/robotic/yahboomcar_ws/install/M3Pro_demo/lib/M3Pro_demo
[0.551s] Installing grasp_transport script to /var/robotic/yahboomcar_ws/install/M3Pro_demo/lib/M3Pro_demo
[0.551s] Installing mediapipe_detect script to /var/robotic/yahboomcar_ws/install/M3Pro_demo/lib/M3Pro_demo
[0.551s] Installing mediapipe_gesture script to /var/robotic/yahboomcar_ws/install/M3Pro_demo/lib/M3Pro_demo
[0.551s] Installing shape_recognize script to /var/robotic/yahboomcar_ws/install/M3Pro_demo/lib/M3Pro_demo
[0.551s] Installing test_mediapipe script to /var/robotic/yahboomcar_ws/install/M3Pro_demo/lib/M3Pro_demo
[0.552s] Installing volume_calculations script to /var/robotic/yahboomcar_ws/install/M3Pro_demo/lib/M3Pro_demo
[0.552s] writing list of installed files to '/var/robotic/yahboomcar_ws/build/M3Pro_demo/install.log'
[0.560s] Invoked command in '/var/robotic/yahboomcar_ws/src/M3Pro_demo' returned '0': PYTHONPATH=/var/robotic/yahboomcar_ws/build/M3Pro_demo/prefix_override:/usr/lib/python3/dist-packages/colcon_core/task/python/colcon_distutils_commands:/var/robotic/yahboomcar_ws/install/M3Pro_demo/lib/python3.10/site-packages:${PYTHONPATH} /usr/bin/python3 -W ignore:setup.py install is deprecated -W ignore:easy_install command is deprecated setup.py egg_info --egg-base ../../build/M3Pro_demo build --build-base /var/robotic/yahboomcar_ws/build/M3Pro_demo/build install --record /var/robotic/yahboomcar_ws/build/M3Pro_demo/install.log --single-version-externally-managed install_data
