[0.007s] Invoking command in '/var/robotic/yahboomcar_ws/build/arm_interface': CMAKE_PREFIX_PATH=/opt/ros/humble /usr/bin/cmake --build /var/robotic/yahboomcar_ws/build/arm_interface -- -j2 -l2
[0.049s] [ 11%] Built target arm_interface__rosidl_generator_c
[0.059s] [ 12%] Built target arm_interface__cpp
[0.077s] [ 24%] Built target arm_interface__rosidl_typesupport_cpp
[0.094s] [ 35%] Built target arm_interface__rosidl_typesupport_fastrtps_c
[0.103s] [ 35%] Built target ament_cmake_python_copy_arm_interface
[0.121s] [ 47%] Built target arm_interface__rosidl_typesupport_fastrtps_cpp
[0.127s] [ 58%] Built target arm_interface__rosidl_typesupport_introspection_c
[0.156s] [ 70%] Built target arm_interface__rosidl_typesupport_c
[0.158s] [ 82%] Built target arm_interface__rosidl_typesupport_introspection_cpp
[0.180s] [ 82%] Built target arm_interface
[0.198s] [ 83%] Built target arm_interface__py
[0.219s] [ 93%] Built target arm_interface__rosidl_generator_py
[0.235s] [ 95%] Built target arm_interface__rosidl_typesupport_fastrtps_c__pyext
[0.248s] [ 97%] Built target arm_interface__rosidl_typesupport_introspection_c__pyext
[0.264s] [100%] Built target arm_interface__rosidl_typesupport_c__pyext
[0.348s] running egg_info
[0.348s] writing arm_interface.egg-info/PKG-INFO
[0.349s] writing dependency_links to arm_interface.egg-info/dependency_links.txt
[0.349s] writing top-level names to arm_interface.egg-info/top_level.txt
[0.351s] reading manifest file 'arm_interface.egg-info/SOURCES.txt'
[0.352s] writing manifest file 'arm_interface.egg-info/SOURCES.txt'
[0.368s] [100%] Built target ament_cmake_python_build_arm_interface_egg
[0.379s] Invoked command in '/var/robotic/yahboomcar_ws/build/arm_interface' returned '0': CMAKE_PREFIX_PATH=/opt/ros/humble /usr/bin/cmake --build /var/robotic/yahboomcar_ws/build/arm_interface -- -j2 -l2
[0.382s] Invoking command in '/var/robotic/yahboomcar_ws/build/arm_interface': CMAKE_PREFIX_PATH=/opt/ros/humble /usr/bin/cmake --install /var/robotic/yahboomcar_ws/build/arm_interface
[0.385s] -- Install configuration: ""
[0.385s] -- Up-to-date: /var/robotic/yahboomcar_ws/install/arm_interface/share/ament_index/resource_index/rosidl_interfaces/arm_interface
[0.385s] -- Up-to-date: /var/robotic/yahboomcar_ws/install/arm_interface/include/arm_interface/arm_interface
[0.385s] -- Up-to-date: /var/robotic/yahboomcar_ws/install/arm_interface/include/arm_interface/arm_interface/srv
[0.385s] -- Up-to-date: /var/robotic/yahboomcar_ws/install/arm_interface/include/arm_interface/arm_interface/srv/detail
[0.385s] -- Up-to-date: /var/robotic/yahboomcar_ws/install/arm_interface/include/arm_interface/arm_interface/srv/detail/arm_kinemarics__functions.h
[0.385s] -- Up-to-date: /var/robotic/yahboomcar_ws/install/arm_interface/include/arm_interface/arm_interface/srv/detail/arm_kinemarics__functions.c
[0.385s] -- Up-to-date: /var/robotic/yahboomcar_ws/install/arm_interface/include/arm_interface/arm_interface/srv/detail/arm_kinemarics__struct.h
[0.385s] -- Up-to-date: /var/robotic/yahboomcar_ws/install/arm_interface/include/arm_interface/arm_interface/srv/detail/arm_kinemarics__type_support.h
[0.385s] -- Up-to-date: /var/robotic/yahboomcar_ws/install/arm_interface/include/arm_interface/arm_interface/srv/arm_kinemarics.h
[0.385s] -- Up-to-date: /var/robotic/yahboomcar_ws/install/arm_interface/include/arm_interface/arm_interface/msg
[0.386s] -- Up-to-date: /var/robotic/yahboomcar_ws/install/arm_interface/include/arm_interface/arm_interface/msg/target_xy_roll.h
[0.386s] -- Up-to-date: /var/robotic/yahboomcar_ws/install/arm_interface/include/arm_interface/arm_interface/msg/yolov5_detect.h
[0.386s] -- Up-to-date: /var/robotic/yahboomcar_ws/install/arm_interface/include/arm_interface/arm_interface/msg/arm_joint.h
[0.386s] -- Up-to-date: /var/robotic/yahboomcar_ws/install/arm_interface/include/arm_interface/arm_interface/msg/rosidl_generator_c__visibility_control.h
[0.386s] -- Up-to-date: /var/robotic/yahboomcar_ws/install/arm_interface/include/arm_interface/arm_interface/msg/detail
[0.386s] -- Up-to-date: /var/robotic/yahboomcar_ws/install/arm_interface/include/arm_interface/arm_interface/msg/detail/yolov5_detect__struct.h
[0.386s] -- Up-to-date: /var/robotic/yahboomcar_ws/install/arm_interface/include/arm_interface/arm_interface/msg/detail/april_tag_info__functions.c
[0.386s] -- Up-to-date: /var/robotic/yahboomcar_ws/install/arm_interface/include/arm_interface/arm_interface/msg/detail/yolov5_detect__functions.c
[0.386s] -- Up-to-date: /var/robotic/yahboomcar_ws/install/arm_interface/include/arm_interface/arm_interface/msg/detail/center_xy__functions.c
[0.386s] -- Up-to-date: /var/robotic/yahboomcar_ws/install/arm_interface/include/arm_interface/arm_interface/msg/detail/target_xy_roll__type_support.h
[0.386s] -- Up-to-date: /var/robotic/yahboomcar_ws/install/arm_interface/include/arm_interface/arm_interface/msg/detail/cur_joints__functions.c
[0.386s] -- Up-to-date: /var/robotic/yahboomcar_ws/install/arm_interface/include/arm_interface/arm_interface/msg/detail/position__type_support.h
[0.387s] -- Up-to-date: /var/robotic/yahboomcar_ws/install/arm_interface/include/arm_interface/arm_interface/msg/detail/arm_joint__struct.h
[0.387s] -- Up-to-date: /var/robotic/yahboomcar_ws/install/arm_interface/include/arm_interface/arm_interface/msg/detail/april_tag_info__functions.h
[0.387s] -- Up-to-date: /var/robotic/yahboomcar_ws/install/arm_interface/include/arm_interface/arm_interface/msg/detail/shape_info__functions.h
[0.387s] -- Up-to-date: /var/robotic/yahboomcar_ws/install/arm_interface/include/arm_interface/arm_interface/msg/detail/arm_joint__type_support.h
[0.387s] -- Up-to-date: /var/robotic/yahboomcar_ws/install/arm_interface/include/arm_interface/arm_interface/msg/detail/position__functions.c
[0.387s] -- Up-to-date: /var/robotic/yahboomcar_ws/install/arm_interface/include/arm_interface/arm_interface/msg/detail/target_xy_roll__functions.h
[0.388s] -- Up-to-date: /var/robotic/yahboomcar_ws/install/arm_interface/include/arm_interface/arm_interface/msg/detail/yolov5_detect__type_support.h
[0.388s] -- Up-to-date: /var/robotic/yahboomcar_ws/install/arm_interface/include/arm_interface/arm_interface/msg/detail/april_tag_info__type_support.h
[0.388s] -- Up-to-date: /var/robotic/yahboomcar_ws/install/arm_interface/include/arm_interface/arm_interface/msg/detail/shape_info__functions.c
[0.388s] -- Up-to-date: /var/robotic/yahboomcar_ws/install/arm_interface/include/arm_interface/arm_interface/msg/detail/yolov5_detect__functions.h
[0.388s] -- Up-to-date: /var/robotic/yahboomcar_ws/install/arm_interface/include/arm_interface/arm_interface/msg/detail/position__struct.h
[0.388s] -- Up-to-date: /var/robotic/yahboomcar_ws/install/arm_interface/include/arm_interface/arm_interface/msg/detail/center_xy__type_support.h
[0.388s] -- Up-to-date: /var/robotic/yahboomcar_ws/install/arm_interface/include/arm_interface/arm_interface/msg/detail/target_xy_roll__struct.h
[0.388s] -- Up-to-date: /var/robotic/yahboomcar_ws/install/arm_interface/include/arm_interface/arm_interface/msg/detail/center_xy__functions.h
[0.388s] -- Up-to-date: /var/robotic/yahboomcar_ws/install/arm_interface/include/arm_interface/arm_interface/msg/detail/cur_joints__type_support.h
[0.388s] -- Up-to-date: /var/robotic/yahboomcar_ws/install/arm_interface/include/arm_interface/arm_interface/msg/detail/position__functions.h
[0.389s] -- Up-to-date: /var/robotic/yahboomcar_ws/install/arm_interface/include/arm_interface/arm_interface/msg/detail/april_tag_info__struct.h
[0.389s] -- Up-to-date: /var/robotic/yahboomcar_ws/install/arm_interface/include/arm_interface/arm_interface/msg/detail/shape_info__struct.h
[0.389s] -- Up-to-date: /var/robotic/yahboomcar_ws/install/arm_interface/include/arm_interface/arm_interface/msg/detail/arm_joint__functions.c
[0.389s] -- Up-to-date: /var/robotic/yahboomcar_ws/install/arm_interface/include/arm_interface/arm_interface/msg/detail/shape_info__type_support.h
[0.389s] -- Up-to-date: /var/robotic/yahboomcar_ws/install/arm_interface/include/arm_interface/arm_interface/msg/detail/target_xy_roll__functions.c
[0.389s] -- Up-to-date: /var/robotic/yahboomcar_ws/install/arm_interface/include/arm_interface/arm_interface/msg/detail/cur_joints__functions.h
[0.391s] -- Up-to-date: /var/robotic/yahboomcar_ws/install/arm_interface/include/arm_interface/arm_interface/msg/detail/center_xy__struct.h
[0.391s] -- Up-to-date: /var/robotic/yahboomcar_ws/install/arm_interface/include/arm_interface/arm_interface/msg/detail/arm_joint__functions.h
[0.391s] -- Up-to-date: /var/robotic/yahboomcar_ws/install/arm_interface/include/arm_interface/arm_interface/msg/detail/cur_joints__struct.h
[0.391s] -- Up-to-date: /var/robotic/yahboomcar_ws/install/arm_interface/include/arm_interface/arm_interface/msg/april_tag_info.h
[0.391s] -- Up-to-date: /var/robotic/yahboomcar_ws/install/arm_interface/include/arm_interface/arm_interface/msg/shape_info.h
[0.391s] -- Up-to-date: /var/robotic/yahboomcar_ws/install/arm_interface/include/arm_interface/arm_interface/msg/center_xy.h
[0.391s] -- Up-to-date: /var/robotic/yahboomcar_ws/install/arm_interface/include/arm_interface/arm_interface/msg/position.h
[0.391s] -- Up-to-date: /var/robotic/yahboomcar_ws/install/arm_interface/include/arm_interface/arm_interface/msg/cur_joints.h
[0.391s] -- Up-to-date: /var/robotic/yahboomcar_ws/install/arm_interface/share/arm_interface/environment/library_path.sh
[0.392s] -- Up-to-date: /var/robotic/yahboomcar_ws/install/arm_interface/share/arm_interface/environment/library_path.dsv
[0.392s] -- Up-to-date: /var/robotic/yahboomcar_ws/install/arm_interface/lib/libarm_interface__rosidl_generator_c.so
[0.392s] -- Up-to-date: /var/robotic/yahboomcar_ws/install/arm_interface/include/arm_interface/arm_interface
[0.392s] -- Up-to-date: /var/robotic/yahboomcar_ws/install/arm_interface/include/arm_interface/arm_interface/srv
[0.392s] -- Up-to-date: /var/robotic/yahboomcar_ws/install/arm_interface/include/arm_interface/arm_interface/srv/detail
[0.392s] -- Up-to-date: /var/robotic/yahboomcar_ws/install/arm_interface/include/arm_interface/arm_interface/srv/detail/arm_kinemarics__rosidl_typesupport_fastrtps_c.h
[0.392s] -- Up-to-date: /var/robotic/yahboomcar_ws/install/arm_interface/include/arm_interface/arm_interface/msg
[0.392s] -- Up-to-date: /var/robotic/yahboomcar_ws/install/arm_interface/include/arm_interface/arm_interface/msg/detail
[0.392s] -- Up-to-date: /var/robotic/yahboomcar_ws/install/arm_interface/include/arm_interface/arm_interface/msg/detail/shape_info__rosidl_typesupport_fastrtps_c.h
[0.392s] -- Up-to-date: /var/robotic/yahboomcar_ws/install/arm_interface/include/arm_interface/arm_interface/msg/detail/center_xy__rosidl_typesupport_fastrtps_c.h
[0.392s] -- Up-to-date: /var/robotic/yahboomcar_ws/install/arm_interface/include/arm_interface/arm_interface/msg/detail/april_tag_info__rosidl_typesupport_fastrtps_c.h
[0.392s] -- Up-to-date: /var/robotic/yahboomcar_ws/install/arm_interface/include/arm_interface/arm_interface/msg/detail/arm_joint__rosidl_typesupport_fastrtps_c.h
[0.392s] -- Up-to-date: /var/robotic/yahboomcar_ws/install/arm_interface/include/arm_interface/arm_interface/msg/detail/target_xy_roll__rosidl_typesupport_fastrtps_c.h
[0.392s] -- Up-to-date: /var/robotic/yahboomcar_ws/install/arm_interface/include/arm_interface/arm_interface/msg/detail/yolov5_detect__rosidl_typesupport_fastrtps_c.h
[0.392s] -- Up-to-date: /var/robotic/yahboomcar_ws/install/arm_interface/include/arm_interface/arm_interface/msg/detail/position__rosidl_typesupport_fastrtps_c.h
[0.392s] -- Up-to-date: /var/robotic/yahboomcar_ws/install/arm_interface/include/arm_interface/arm_interface/msg/detail/cur_joints__rosidl_typesupport_fastrtps_c.h
[0.392s] -- Up-to-date: /var/robotic/yahboomcar_ws/install/arm_interface/include/arm_interface/arm_interface/msg/rosidl_typesupport_fastrtps_c__visibility_control.h
[0.392s] -- Up-to-date: /var/robotic/yahboomcar_ws/install/arm_interface/lib/libarm_interface__rosidl_typesupport_fastrtps_c.so
[0.392s] -- Up-to-date: /var/robotic/yahboomcar_ws/install/arm_interface/include/arm_interface/arm_interface
[0.392s] -- Up-to-date: /var/robotic/yahboomcar_ws/install/arm_interface/include/arm_interface/arm_interface/srv
[0.392s] -- Up-to-date: /var/robotic/yahboomcar_ws/install/arm_interface/include/arm_interface/arm_interface/srv/detail
[0.392s] -- Up-to-date: /var/robotic/yahboomcar_ws/install/arm_interface/include/arm_interface/arm_interface/srv/detail/arm_kinemarics__type_support.hpp
[0.393s] -- Up-to-date: /var/robotic/yahboomcar_ws/install/arm_interface/include/arm_interface/arm_interface/srv/detail/arm_kinemarics__struct.hpp
[0.393s] -- Up-to-date: /var/robotic/yahboomcar_ws/install/arm_interface/include/arm_interface/arm_interface/srv/detail/arm_kinemarics__traits.hpp
[0.393s] -- Up-to-date: /var/robotic/yahboomcar_ws/install/arm_interface/include/arm_interface/arm_interface/srv/detail/arm_kinemarics__builder.hpp
[0.393s] -- Up-to-date: /var/robotic/yahboomcar_ws/install/arm_interface/include/arm_interface/arm_interface/srv/arm_kinemarics.hpp
[0.393s] -- Up-to-date: /var/robotic/yahboomcar_ws/install/arm_interface/include/arm_interface/arm_interface/msg
[0.393s] -- Up-to-date: /var/robotic/yahboomcar_ws/install/arm_interface/include/arm_interface/arm_interface/msg/cur_joints.hpp
[0.393s] -- Up-to-date: /var/robotic/yahboomcar_ws/install/arm_interface/include/arm_interface/arm_interface/msg/target_xy_roll.hpp
[0.393s] -- Up-to-date: /var/robotic/yahboomcar_ws/install/arm_interface/include/arm_interface/arm_interface/msg/arm_joint.hpp
[0.393s] -- Up-to-date: /var/robotic/yahboomcar_ws/install/arm_interface/include/arm_interface/arm_interface/msg/detail
[0.393s] -- Up-to-date: /var/robotic/yahboomcar_ws/install/arm_interface/include/arm_interface/arm_interface/msg/detail/center_xy__builder.hpp
[0.393s] -- Up-to-date: /var/robotic/yahboomcar_ws/install/arm_interface/include/arm_interface/arm_interface/msg/detail/shape_info__struct.hpp
[0.393s] -- Up-to-date: /var/robotic/yahboomcar_ws/install/arm_interface/include/arm_interface/arm_interface/msg/detail/center_xy__type_support.hpp
[0.393s] -- Up-to-date: /var/robotic/yahboomcar_ws/install/arm_interface/include/arm_interface/arm_interface/msg/detail/arm_joint__struct.hpp
[0.393s] -- Up-to-date: /var/robotic/yahboomcar_ws/install/arm_interface/include/arm_interface/arm_interface/msg/detail/target_xy_roll__struct.hpp
[0.393s] -- Up-to-date: /var/robotic/yahboomcar_ws/install/arm_interface/include/arm_interface/arm_interface/msg/detail/center_xy__traits.hpp
[0.393s] -- Up-to-date: /var/robotic/yahboomcar_ws/install/arm_interface/include/arm_interface/arm_interface/msg/detail/cur_joints__struct.hpp
[0.393s] -- Up-to-date: /var/robotic/yahboomcar_ws/install/arm_interface/include/arm_interface/arm_interface/msg/detail/april_tag_info__type_support.hpp
[0.393s] -- Up-to-date: /var/robotic/yahboomcar_ws/install/arm_interface/include/arm_interface/arm_interface/msg/detail/arm_joint__builder.hpp
[0.393s] -- Up-to-date: /var/robotic/yahboomcar_ws/install/arm_interface/include/arm_interface/arm_interface/msg/detail/position__struct.hpp
[0.393s] -- Up-to-date: /var/robotic/yahboomcar_ws/install/arm_interface/include/arm_interface/arm_interface/msg/detail/yolov5_detect__builder.hpp
[0.393s] -- Up-to-date: /var/robotic/yahboomcar_ws/install/arm_interface/include/arm_interface/arm_interface/msg/detail/position__builder.hpp
[0.393s] -- Up-to-date: /var/robotic/yahboomcar_ws/install/arm_interface/include/arm_interface/arm_interface/msg/detail/arm_joint__type_support.hpp
[0.393s] -- Up-to-date: /var/robotic/yahboomcar_ws/install/arm_interface/include/arm_interface/arm_interface/msg/detail/position__traits.hpp
[0.393s] -- Up-to-date: /var/robotic/yahboomcar_ws/install/arm_interface/include/arm_interface/arm_interface/msg/detail/yolov5_detect__type_support.hpp
[0.393s] -- Up-to-date: /var/robotic/yahboomcar_ws/install/arm_interface/include/arm_interface/arm_interface/msg/detail/target_xy_roll__type_support.hpp
[0.393s] -- Up-to-date: /var/robotic/yahboomcar_ws/install/arm_interface/include/arm_interface/arm_interface/msg/detail/yolov5_detect__struct.hpp
[0.393s] -- Up-to-date: /var/robotic/yahboomcar_ws/install/arm_interface/include/arm_interface/arm_interface/msg/detail/shape_info__traits.hpp
[0.393s] -- Up-to-date: /var/robotic/yahboomcar_ws/install/arm_interface/include/arm_interface/arm_interface/msg/detail/target_xy_roll__traits.hpp
[0.393s] -- Up-to-date: /var/robotic/yahboomcar_ws/install/arm_interface/include/arm_interface/arm_interface/msg/detail/target_xy_roll__builder.hpp
[0.393s] -- Up-to-date: /var/robotic/yahboomcar_ws/install/arm_interface/include/arm_interface/arm_interface/msg/detail/cur_joints__builder.hpp
[0.393s] -- Up-to-date: /var/robotic/yahboomcar_ws/install/arm_interface/include/arm_interface/arm_interface/msg/detail/april_tag_info__traits.hpp
[0.393s] -- Up-to-date: /var/robotic/yahboomcar_ws/install/arm_interface/include/arm_interface/arm_interface/msg/detail/cur_joints__type_support.hpp
[0.393s] -- Up-to-date: /var/robotic/yahboomcar_ws/install/arm_interface/include/arm_interface/arm_interface/msg/detail/yolov5_detect__traits.hpp
[0.393s] -- Up-to-date: /var/robotic/yahboomcar_ws/install/arm_interface/include/arm_interface/arm_interface/msg/detail/center_xy__struct.hpp
[0.393s] -- Up-to-date: /var/robotic/yahboomcar_ws/install/arm_interface/include/arm_interface/arm_interface/msg/detail/position__type_support.hpp
[0.393s] -- Up-to-date: /var/robotic/yahboomcar_ws/install/arm_interface/include/arm_interface/arm_interface/msg/detail/cur_joints__traits.hpp
[0.393s] -- Up-to-date: /var/robotic/yahboomcar_ws/install/arm_interface/include/arm_interface/arm_interface/msg/detail/april_tag_info__struct.hpp
[0.394s] -- Up-to-date: /var/robotic/yahboomcar_ws/install/arm_interface/include/arm_interface/arm_interface/msg/detail/shape_info__builder.hpp
[0.394s] -- Up-to-date: /var/robotic/yahboomcar_ws/install/arm_interface/include/arm_interface/arm_interface/msg/detail/shape_info__type_support.hpp
[0.394s] -- Up-to-date: /var/robotic/yahboomcar_ws/install/arm_interface/include/arm_interface/arm_interface/msg/detail/arm_joint__traits.hpp
[0.394s] -- Up-to-date: /var/robotic/yahboomcar_ws/install/arm_interface/include/arm_interface/arm_interface/msg/detail/april_tag_info__builder.hpp
[0.402s] -- Up-to-date: /var/robotic/yahboomcar_ws/install/arm_interface/include/arm_interface/arm_interface/msg/position.hpp
[0.402s] -- Up-to-date: /var/robotic/yahboomcar_ws/install/arm_interface/include/arm_interface/arm_interface/msg/yolov5_detect.hpp
[0.402s] -- Up-to-date: /var/robotic/yahboomcar_ws/install/arm_interface/include/arm_interface/arm_interface/msg/center_xy.hpp
[0.402s] -- Up-to-date: /var/robotic/yahboomcar_ws/install/arm_interface/include/arm_interface/arm_interface/msg/shape_info.hpp
[0.402s] -- Up-to-date: /var/robotic/yahboomcar_ws/install/arm_interface/include/arm_interface/arm_interface/msg/rosidl_generator_cpp__visibility_control.hpp
[0.402s] -- Up-to-date: /var/robotic/yahboomcar_ws/install/arm_interface/include/arm_interface/arm_interface/msg/april_tag_info.hpp
[0.403s] -- Up-to-date: /var/robotic/yahboomcar_ws/install/arm_interface/include/arm_interface/arm_interface
[0.403s] -- Up-to-date: /var/robotic/yahboomcar_ws/install/arm_interface/include/arm_interface/arm_interface/srv
[0.403s] -- Up-to-date: /var/robotic/yahboomcar_ws/install/arm_interface/include/arm_interface/arm_interface/srv/detail
[0.403s] -- Up-to-date: /var/robotic/yahboomcar_ws/install/arm_interface/include/arm_interface/arm_interface/srv/detail/arm_kinemarics__rosidl_typesupport_fastrtps_cpp.hpp
[0.403s] -- Up-to-date: /var/robotic/yahboomcar_ws/install/arm_interface/include/arm_interface/arm_interface/srv/detail/dds_fastrtps
[0.403s] -- Up-to-date: /var/robotic/yahboomcar_ws/install/arm_interface/include/arm_interface/arm_interface/msg
[0.403s] -- Up-to-date: /var/robotic/yahboomcar_ws/install/arm_interface/include/arm_interface/arm_interface/msg/detail
[0.403s] -- Up-to-date: /var/robotic/yahboomcar_ws/install/arm_interface/include/arm_interface/arm_interface/msg/detail/april_tag_info__rosidl_typesupport_fastrtps_cpp.hpp
[0.403s] -- Up-to-date: /var/robotic/yahboomcar_ws/install/arm_interface/include/arm_interface/arm_interface/msg/detail/arm_joint__rosidl_typesupport_fastrtps_cpp.hpp
[0.403s] -- Up-to-date: /var/robotic/yahboomcar_ws/install/arm_interface/include/arm_interface/arm_interface/msg/detail/target_xy_roll__rosidl_typesupport_fastrtps_cpp.hpp
[0.403s] -- Up-to-date: /var/robotic/yahboomcar_ws/install/arm_interface/include/arm_interface/arm_interface/msg/detail/shape_info__rosidl_typesupport_fastrtps_cpp.hpp
[0.403s] -- Up-to-date: /var/robotic/yahboomcar_ws/install/arm_interface/include/arm_interface/arm_interface/msg/detail/position__rosidl_typesupport_fastrtps_cpp.hpp
[0.403s] -- Up-to-date: /var/robotic/yahboomcar_ws/install/arm_interface/include/arm_interface/arm_interface/msg/detail/center_xy__rosidl_typesupport_fastrtps_cpp.hpp
[0.403s] -- Up-to-date: /var/robotic/yahboomcar_ws/install/arm_interface/include/arm_interface/arm_interface/msg/detail/cur_joints__rosidl_typesupport_fastrtps_cpp.hpp
[0.403s] -- Up-to-date: /var/robotic/yahboomcar_ws/install/arm_interface/include/arm_interface/arm_interface/msg/detail/dds_fastrtps
[0.403s] -- Up-to-date: /var/robotic/yahboomcar_ws/install/arm_interface/include/arm_interface/arm_interface/msg/detail/yolov5_detect__rosidl_typesupport_fastrtps_cpp.hpp
[0.403s] -- Up-to-date: /var/robotic/yahboomcar_ws/install/arm_interface/include/arm_interface/arm_interface/msg/rosidl_typesupport_fastrtps_cpp__visibility_control.h
[0.403s] -- Up-to-date: /var/robotic/yahboomcar_ws/install/arm_interface/lib/libarm_interface__rosidl_typesupport_fastrtps_cpp.so
[0.404s] -- Up-to-date: /var/robotic/yahboomcar_ws/install/arm_interface/include/arm_interface/arm_interface
[0.404s] -- Up-to-date: /var/robotic/yahboomcar_ws/install/arm_interface/include/arm_interface/arm_interface/srv
[0.404s] -- Up-to-date: /var/robotic/yahboomcar_ws/install/arm_interface/include/arm_interface/arm_interface/srv/detail
[0.404s] -- Up-to-date: /var/robotic/yahboomcar_ws/install/arm_interface/include/arm_interface/arm_interface/srv/detail/arm_kinemarics__type_support.c
[0.404s] -- Up-to-date: /var/robotic/yahboomcar_ws/install/arm_interface/include/arm_interface/arm_interface/srv/detail/arm_kinemarics__rosidl_typesupport_introspection_c.h
[0.404s] -- Up-to-date: /var/robotic/yahboomcar_ws/install/arm_interface/include/arm_interface/arm_interface/msg
[0.404s] -- Up-to-date: /var/robotic/yahboomcar_ws/install/arm_interface/include/arm_interface/arm_interface/msg/detail
[0.404s] -- Up-to-date: /var/robotic/yahboomcar_ws/install/arm_interface/include/arm_interface/arm_interface/msg/detail/target_xy_roll__type_support.c
[0.404s] -- Up-to-date: /var/robotic/yahboomcar_ws/install/arm_interface/include/arm_interface/arm_interface/msg/detail/arm_joint__type_support.c
[0.404s] -- Up-to-date: /var/robotic/yahboomcar_ws/install/arm_interface/include/arm_interface/arm_interface/msg/detail/arm_joint__rosidl_typesupport_introspection_c.h
[0.404s] -- Up-to-date: /var/robotic/yahboomcar_ws/install/arm_interface/include/arm_interface/arm_interface/msg/detail/cur_joints__type_support.c
[0.404s] -- Up-to-date: /var/robotic/yahboomcar_ws/install/arm_interface/include/arm_interface/arm_interface/msg/detail/position__type_support.c
[0.404s] -- Up-to-date: /var/robotic/yahboomcar_ws/install/arm_interface/include/arm_interface/arm_interface/msg/detail/shape_info__type_support.c
[0.404s] -- Up-to-date: /var/robotic/yahboomcar_ws/install/arm_interface/include/arm_interface/arm_interface/msg/detail/target_xy_roll__rosidl_typesupport_introspection_c.h
[0.404s] -- Up-to-date: /var/robotic/yahboomcar_ws/install/arm_interface/include/arm_interface/arm_interface/msg/detail/position__rosidl_typesupport_introspection_c.h
[0.404s] -- Up-to-date: /var/robotic/yahboomcar_ws/install/arm_interface/include/arm_interface/arm_interface/msg/detail/shape_info__rosidl_typesupport_introspection_c.h
[0.404s] -- Up-to-date: /var/robotic/yahboomcar_ws/install/arm_interface/include/arm_interface/arm_interface/msg/detail/april_tag_info__type_support.c
[0.404s] -- Up-to-date: /var/robotic/yahboomcar_ws/install/arm_interface/include/arm_interface/arm_interface/msg/detail/yolov5_detect__rosidl_typesupport_introspection_c.h
[0.404s] -- Up-to-date: /var/robotic/yahboomcar_ws/install/arm_interface/include/arm_interface/arm_interface/msg/detail/center_xy__type_support.c
[0.404s] -- Up-to-date: /var/robotic/yahboomcar_ws/install/arm_interface/include/arm_interface/arm_interface/msg/detail/april_tag_info__rosidl_typesupport_introspection_c.h
[0.404s] -- Up-to-date: /var/robotic/yahboomcar_ws/install/arm_interface/include/arm_interface/arm_interface/msg/detail/yolov5_detect__type_support.c
[0.404s] -- Up-to-date: /var/robotic/yahboomcar_ws/install/arm_interface/include/arm_interface/arm_interface/msg/detail/center_xy__rosidl_typesupport_introspection_c.h
[0.404s] -- Up-to-date: /var/robotic/yahboomcar_ws/install/arm_interface/include/arm_interface/arm_interface/msg/detail/cur_joints__rosidl_typesupport_introspection_c.h
[0.404s] -- Up-to-date: /var/robotic/yahboomcar_ws/install/arm_interface/include/arm_interface/arm_interface/msg/rosidl_typesupport_introspection_c__visibility_control.h
[0.404s] -- Up-to-date: /var/robotic/yahboomcar_ws/install/arm_interface/lib/libarm_interface__rosidl_typesupport_introspection_c.so
[0.404s] -- Up-to-date: /var/robotic/yahboomcar_ws/install/arm_interface/lib/libarm_interface__rosidl_typesupport_c.so
[0.404s] -- Up-to-date: /var/robotic/yahboomcar_ws/install/arm_interface/include/arm_interface/arm_interface
[0.404s] -- Up-to-date: /var/robotic/yahboomcar_ws/install/arm_interface/include/arm_interface/arm_interface/srv
[0.404s] -- Up-to-date: /var/robotic/yahboomcar_ws/install/arm_interface/include/arm_interface/arm_interface/srv/detail
[0.404s] -- Up-to-date: /var/robotic/yahboomcar_ws/install/arm_interface/include/arm_interface/arm_interface/srv/detail/arm_kinemarics__rosidl_typesupport_introspection_cpp.hpp
[0.404s] -- Up-to-date: /var/robotic/yahboomcar_ws/install/arm_interface/include/arm_interface/arm_interface/srv/detail/arm_kinemarics__type_support.cpp
[0.404s] -- Up-to-date: /var/robotic/yahboomcar_ws/install/arm_interface/include/arm_interface/arm_interface/msg
[0.404s] -- Up-to-date: /var/robotic/yahboomcar_ws/install/arm_interface/include/arm_interface/arm_interface/msg/detail
[0.404s] -- Up-to-date: /var/robotic/yahboomcar_ws/install/arm_interface/include/arm_interface/arm_interface/msg/detail/shape_info__type_support.cpp
[0.404s] -- Up-to-date: /var/robotic/yahboomcar_ws/install/arm_interface/include/arm_interface/arm_interface/msg/detail/cur_joints__type_support.cpp
[0.404s] -- Up-to-date: /var/robotic/yahboomcar_ws/install/arm_interface/include/arm_interface/arm_interface/msg/detail/position__type_support.cpp
[0.404s] -- Up-to-date: /var/robotic/yahboomcar_ws/install/arm_interface/include/arm_interface/arm_interface/msg/detail/april_tag_info__rosidl_typesupport_introspection_cpp.hpp
[0.404s] -- Up-to-date: /var/robotic/yahboomcar_ws/install/arm_interface/include/arm_interface/arm_interface/msg/detail/arm_joint__rosidl_typesupport_introspection_cpp.hpp
[0.405s] -- Up-to-date: /var/robotic/yahboomcar_ws/install/arm_interface/include/arm_interface/arm_interface/msg/detail/center_xy__type_support.cpp
[0.405s] -- Up-to-date: /var/robotic/yahboomcar_ws/install/arm_interface/include/arm_interface/arm_interface/msg/detail/center_xy__rosidl_typesupport_introspection_cpp.hpp
[0.405s] -- Up-to-date: /var/robotic/yahboomcar_ws/install/arm_interface/include/arm_interface/arm_interface/msg/detail/yolov5_detect__rosidl_typesupport_introspection_cpp.hpp
[0.413s] -- Up-to-date: /var/robotic/yahboomcar_ws/install/arm_interface/include/arm_interface/arm_interface/msg/detail/arm_joint__type_support.cpp
[0.413s] -- Up-to-date: /var/robotic/yahboomcar_ws/install/arm_interface/include/arm_interface/arm_interface/msg/detail/position__rosidl_typesupport_introspection_cpp.hpp
[0.413s] -- Up-to-date: /var/robotic/yahboomcar_ws/install/arm_interface/include/arm_interface/arm_interface/msg/detail/cur_joints__rosidl_typesupport_introspection_cpp.hpp
[0.413s] -- Up-to-date: /var/robotic/yahboomcar_ws/install/arm_interface/include/arm_interface/arm_interface/msg/detail/april_tag_info__type_support.cpp
[0.413s] -- Up-to-date: /var/robotic/yahboomcar_ws/install/arm_interface/include/arm_interface/arm_interface/msg/detail/shape_info__rosidl_typesupport_introspection_cpp.hpp
[0.413s] -- Up-to-date: /var/robotic/yahboomcar_ws/install/arm_interface/include/arm_interface/arm_interface/msg/detail/yolov5_detect__type_support.cpp
[0.413s] -- Up-to-date: /var/robotic/yahboomcar_ws/install/arm_interface/include/arm_interface/arm_interface/msg/detail/target_xy_roll__type_support.cpp
[0.413s] -- Up-to-date: /var/robotic/yahboomcar_ws/install/arm_interface/include/arm_interface/arm_interface/msg/detail/target_xy_roll__rosidl_typesupport_introspection_cpp.hpp
[0.413s] -- Up-to-date: /var/robotic/yahboomcar_ws/install/arm_interface/lib/libarm_interface__rosidl_typesupport_introspection_cpp.so
[0.413s] -- Up-to-date: /var/robotic/yahboomcar_ws/install/arm_interface/lib/libarm_interface__rosidl_typesupport_cpp.so
[0.413s] -- Up-to-date: /var/robotic/yahboomcar_ws/install/arm_interface/share/arm_interface/environment/pythonpath.sh
[0.413s] -- Up-to-date: /var/robotic/yahboomcar_ws/install/arm_interface/share/arm_interface/environment/pythonpath.dsv
[0.414s] -- Up-to-date: /var/robotic/yahboomcar_ws/install/arm_interface/local/lib/python3.10/dist-packages/arm_interface-0.0.0-py3.10.egg-info
[0.414s] -- Installing: /var/robotic/yahboomcar_ws/install/arm_interface/local/lib/python3.10/dist-packages/arm_interface-0.0.0-py3.10.egg-info/SOURCES.txt
[0.414s] -- Installing: /var/robotic/yahboomcar_ws/install/arm_interface/local/lib/python3.10/dist-packages/arm_interface-0.0.0-py3.10.egg-info/top_level.txt
[0.414s] -- Installing: /var/robotic/yahboomcar_ws/install/arm_interface/local/lib/python3.10/dist-packages/arm_interface-0.0.0-py3.10.egg-info/PKG-INFO
[0.415s] -- Installing: /var/robotic/yahboomcar_ws/install/arm_interface/local/lib/python3.10/dist-packages/arm_interface-0.0.0-py3.10.egg-info/dependency_links.txt
[0.415s] -- Up-to-date: /var/robotic/yahboomcar_ws/install/arm_interface/local/lib/python3.10/dist-packages/arm_interface
[0.415s] -- Up-to-date: /var/robotic/yahboomcar_ws/install/arm_interface/local/lib/python3.10/dist-packages/arm_interface/srv
[0.415s] -- Up-to-date: /var/robotic/yahboomcar_ws/install/arm_interface/local/lib/python3.10/dist-packages/arm_interface/srv/__init__.py
[0.415s] -- Up-to-date: /var/robotic/yahboomcar_ws/install/arm_interface/local/lib/python3.10/dist-packages/arm_interface/srv/_arm_kinemarics_s.c
[0.415s] -- Up-to-date: /var/robotic/yahboomcar_ws/install/arm_interface/local/lib/python3.10/dist-packages/arm_interface/srv/_arm_kinemarics.py
[0.415s] -- Up-to-date: /var/robotic/yahboomcar_ws/install/arm_interface/local/lib/python3.10/dist-packages/arm_interface/arm_interface_s__rosidl_typesupport_introspection_c.cpython-310-x86_64-linux-gnu.so
[0.415s] -- Up-to-date: /var/robotic/yahboomcar_ws/install/arm_interface/local/lib/python3.10/dist-packages/arm_interface/arm_interface_s__rosidl_typesupport_c.cpython-310-x86_64-linux-gnu.so
[0.415s] -- Up-to-date: /var/robotic/yahboomcar_ws/install/arm_interface/local/lib/python3.10/dist-packages/arm_interface/arm_interface_s__rosidl_typesupport_fastrtps_c.cpython-310-x86_64-linux-gnu.so
[0.415s] -- Up-to-date: /var/robotic/yahboomcar_ws/install/arm_interface/local/lib/python3.10/dist-packages/arm_interface/_arm_interface_s.ep.rosidl_typesupport_c.c
[0.415s] -- Up-to-date: /var/robotic/yahboomcar_ws/install/arm_interface/local/lib/python3.10/dist-packages/arm_interface/__init__.py
[0.415s] -- Up-to-date: /var/robotic/yahboomcar_ws/install/arm_interface/local/lib/python3.10/dist-packages/arm_interface/_arm_interface_s.ep.rosidl_typesupport_fastrtps_c.c
[0.415s] -- Up-to-date: /var/robotic/yahboomcar_ws/install/arm_interface/local/lib/python3.10/dist-packages/arm_interface/msg
[0.415s] -- Up-to-date: /var/robotic/yahboomcar_ws/install/arm_interface/local/lib/python3.10/dist-packages/arm_interface/msg/_yolov5_detect_s.c
[0.415s] -- Up-to-date: /var/robotic/yahboomcar_ws/install/arm_interface/local/lib/python3.10/dist-packages/arm_interface/msg/_center_xy.py
[0.415s] -- Up-to-date: /var/robotic/yahboomcar_ws/install/arm_interface/local/lib/python3.10/dist-packages/arm_interface/msg/_yolov5_detect.py
[0.415s] -- Up-to-date: /var/robotic/yahboomcar_ws/install/arm_interface/local/lib/python3.10/dist-packages/arm_interface/msg/_shape_info.py
[0.415s] -- Up-to-date: /var/robotic/yahboomcar_ws/install/arm_interface/local/lib/python3.10/dist-packages/arm_interface/msg/_arm_joint_s.c
[0.415s] -- Up-to-date: /var/robotic/yahboomcar_ws/install/arm_interface/local/lib/python3.10/dist-packages/arm_interface/msg/_shape_info_s.c
[0.415s] -- Up-to-date: /var/robotic/yahboomcar_ws/install/arm_interface/local/lib/python3.10/dist-packages/arm_interface/msg/_position.py
[0.415s] -- Up-to-date: /var/robotic/yahboomcar_ws/install/arm_interface/local/lib/python3.10/dist-packages/arm_interface/msg/_april_tag_info.py
[0.415s] -- Up-to-date: /var/robotic/yahboomcar_ws/install/arm_interface/local/lib/python3.10/dist-packages/arm_interface/msg/_april_tag_info_s.c
[0.415s] -- Up-to-date: /var/robotic/yahboomcar_ws/install/arm_interface/local/lib/python3.10/dist-packages/arm_interface/msg/_target_xy_roll_s.c
[0.415s] -- Up-to-date: /var/robotic/yahboomcar_ws/install/arm_interface/local/lib/python3.10/dist-packages/arm_interface/msg/__init__.py
[0.416s] -- Up-to-date: /var/robotic/yahboomcar_ws/install/arm_interface/local/lib/python3.10/dist-packages/arm_interface/msg/_position_s.c
[0.416s] -- Up-to-date: /var/robotic/yahboomcar_ws/install/arm_interface/local/lib/python3.10/dist-packages/arm_interface/msg/_arm_joint.py
[0.416s] -- Up-to-date: /var/robotic/yahboomcar_ws/install/arm_interface/local/lib/python3.10/dist-packages/arm_interface/msg/_cur_joints.py
[0.416s] -- Up-to-date: /var/robotic/yahboomcar_ws/install/arm_interface/local/lib/python3.10/dist-packages/arm_interface/msg/_center_xy_s.c
[0.416s] -- Up-to-date: /var/robotic/yahboomcar_ws/install/arm_interface/local/lib/python3.10/dist-packages/arm_interface/msg/_target_xy_roll.py
[0.419s] -- Up-to-date: /var/robotic/yahboomcar_ws/install/arm_interface/local/lib/python3.10/dist-packages/arm_interface/msg/_cur_joints_s.c
[0.419s] -- Up-to-date: /var/robotic/yahboomcar_ws/install/arm_interface/local/lib/python3.10/dist-packages/arm_interface/libarm_interface__rosidl_generator_py.so
[0.419s] -- Up-to-date: /var/robotic/yahboomcar_ws/install/arm_interface/local/lib/python3.10/dist-packages/arm_interface/_arm_interface_s.ep.rosidl_typesupport_introspection_c.c
[0.419s] Listing '/var/robotic/yahboomcar_ws/install/arm_interface/local/lib/python3.10/dist-packages/arm_interface'...
[0.419s] Listing '/var/robotic/yahboomcar_ws/install/arm_interface/local/lib/python3.10/dist-packages/arm_interface/msg'...
[0.419s] Listing '/var/robotic/yahboomcar_ws/install/arm_interface/local/lib/python3.10/dist-packages/arm_interface/srv'...
[0.420s] -- Up-to-date: /var/robotic/yahboomcar_ws/install/arm_interface/local/lib/python3.10/dist-packages/arm_interface/arm_interface_s__rosidl_typesupport_fastrtps_c.cpython-310-x86_64-linux-gnu.so
[0.420s] -- Up-to-date: /var/robotic/yahboomcar_ws/install/arm_interface/local/lib/python3.10/dist-packages/arm_interface/arm_interface_s__rosidl_typesupport_introspection_c.cpython-310-x86_64-linux-gnu.so
[0.420s] -- Up-to-date: /var/robotic/yahboomcar_ws/install/arm_interface/local/lib/python3.10/dist-packages/arm_interface/arm_interface_s__rosidl_typesupport_c.cpython-310-x86_64-linux-gnu.so
[0.420s] -- Up-to-date: /var/robotic/yahboomcar_ws/install/arm_interface/lib/libarm_interface__rosidl_generator_py.so
[0.421s] -- Up-to-date: /var/robotic/yahboomcar_ws/install/arm_interface/share/arm_interface/srv/ArmKinemarics.idl
[0.422s] -- Up-to-date: /var/robotic/yahboomcar_ws/install/arm_interface/share/arm_interface/msg/ArmJoint.idl
[0.422s] -- Up-to-date: /var/robotic/yahboomcar_ws/install/arm_interface/share/arm_interface/msg/AprilTagInfo.idl
[0.422s] -- Up-to-date: /var/robotic/yahboomcar_ws/install/arm_interface/share/arm_interface/msg/CenterXY.idl
[0.422s] -- Up-to-date: /var/robotic/yahboomcar_ws/install/arm_interface/share/arm_interface/msg/ShapeInfo.idl
[0.422s] -- Up-to-date: /var/robotic/yahboomcar_ws/install/arm_interface/share/arm_interface/msg/Yolov5Detect.idl
[0.422s] -- Up-to-date: /var/robotic/yahboomcar_ws/install/arm_interface/share/arm_interface/msg/Position.idl
[0.422s] -- Up-to-date: /var/robotic/yahboomcar_ws/install/arm_interface/share/arm_interface/msg/CurJoints.idl
[0.422s] -- Up-to-date: /var/robotic/yahboomcar_ws/install/arm_interface/share/arm_interface/msg/TargetXYRoll.idl
[0.422s] -- Up-to-date: /var/robotic/yahboomcar_ws/install/arm_interface/share/arm_interface/srv/ArmKinemarics.srv
[0.422s] -- Up-to-date: /var/robotic/yahboomcar_ws/install/arm_interface/share/arm_interface/srv/ArmKinemarics_Request.msg
[0.422s] -- Up-to-date: /var/robotic/yahboomcar_ws/install/arm_interface/share/arm_interface/srv/ArmKinemarics_Response.msg
[0.422s] -- Up-to-date: /var/robotic/yahboomcar_ws/install/arm_interface/share/arm_interface/msg/ArmJoint.msg
[0.423s] -- Up-to-date: /var/robotic/yahboomcar_ws/install/arm_interface/share/arm_interface/msg/AprilTagInfo.msg
[0.423s] -- Up-to-date: /var/robotic/yahboomcar_ws/install/arm_interface/share/arm_interface/msg/CenterXY.msg
[0.423s] -- Up-to-date: /var/robotic/yahboomcar_ws/install/arm_interface/share/arm_interface/msg/ShapeInfo.msg
[0.423s] -- Up-to-date: /var/robotic/yahboomcar_ws/install/arm_interface/share/arm_interface/msg/Yolov5Detect.msg
[0.423s] -- Up-to-date: /var/robotic/yahboomcar_ws/install/arm_interface/share/arm_interface/msg/Position.msg
[0.423s] -- Up-to-date: /var/robotic/yahboomcar_ws/install/arm_interface/share/arm_interface/msg/CurJoints.msg
[0.423s] -- Up-to-date: /var/robotic/yahboomcar_ws/install/arm_interface/share/arm_interface/msg/TargetXYRoll.msg
[0.423s] -- Up-to-date: /var/robotic/yahboomcar_ws/install/arm_interface/share/ament_index/resource_index/package_run_dependencies/arm_interface
[0.423s] -- Up-to-date: /var/robotic/yahboomcar_ws/install/arm_interface/share/ament_index/resource_index/parent_prefix_path/arm_interface
[0.423s] -- Up-to-date: /var/robotic/yahboomcar_ws/install/arm_interface/share/arm_interface/environment/ament_prefix_path.sh
[0.423s] -- Up-to-date: /var/robotic/yahboomcar_ws/install/arm_interface/share/arm_interface/environment/ament_prefix_path.dsv
[0.423s] -- Up-to-date: /var/robotic/yahboomcar_ws/install/arm_interface/share/arm_interface/environment/path.sh
[0.423s] -- Up-to-date: /var/robotic/yahboomcar_ws/install/arm_interface/share/arm_interface/environment/path.dsv
[0.423s] -- Up-to-date: /var/robotic/yahboomcar_ws/install/arm_interface/share/arm_interface/local_setup.bash
[0.423s] -- Up-to-date: /var/robotic/yahboomcar_ws/install/arm_interface/share/arm_interface/local_setup.sh
[0.423s] -- Up-to-date: /var/robotic/yahboomcar_ws/install/arm_interface/share/arm_interface/local_setup.zsh
[0.423s] -- Up-to-date: /var/robotic/yahboomcar_ws/install/arm_interface/share/arm_interface/local_setup.dsv
[0.423s] -- Installing: /var/robotic/yahboomcar_ws/install/arm_interface/share/arm_interface/package.dsv
[0.423s] -- Up-to-date: /var/robotic/yahboomcar_ws/install/arm_interface/share/ament_index/resource_index/packages/arm_interface
[0.423s] -- Up-to-date: /var/robotic/yahboomcar_ws/install/arm_interface/share/arm_interface/cmake/export_arm_interface__rosidl_generator_cExport.cmake
[0.423s] -- Up-to-date: /var/robotic/yahboomcar_ws/install/arm_interface/share/arm_interface/cmake/export_arm_interface__rosidl_generator_cExport-noconfig.cmake
[0.423s] -- Up-to-date: /var/robotic/yahboomcar_ws/install/arm_interface/share/arm_interface/cmake/export_arm_interface__rosidl_typesupport_fastrtps_cExport.cmake
[0.423s] -- Up-to-date: /var/robotic/yahboomcar_ws/install/arm_interface/share/arm_interface/cmake/export_arm_interface__rosidl_typesupport_fastrtps_cExport-noconfig.cmake
[0.423s] -- Up-to-date: /var/robotic/yahboomcar_ws/install/arm_interface/share/arm_interface/cmake/export_arm_interface__rosidl_generator_cppExport.cmake
[0.423s] -- Up-to-date: /var/robotic/yahboomcar_ws/install/arm_interface/share/arm_interface/cmake/export_arm_interface__rosidl_typesupport_fastrtps_cppExport.cmake
[0.423s] -- Up-to-date: /var/robotic/yahboomcar_ws/install/arm_interface/share/arm_interface/cmake/export_arm_interface__rosidl_typesupport_fastrtps_cppExport-noconfig.cmake
[0.423s] -- Up-to-date: /var/robotic/yahboomcar_ws/install/arm_interface/share/arm_interface/cmake/arm_interface__rosidl_typesupport_introspection_cExport.cmake
[0.423s] -- Up-to-date: /var/robotic/yahboomcar_ws/install/arm_interface/share/arm_interface/cmake/arm_interface__rosidl_typesupport_introspection_cExport-noconfig.cmake
[0.423s] -- Up-to-date: /var/robotic/yahboomcar_ws/install/arm_interface/share/arm_interface/cmake/arm_interface__rosidl_typesupport_cExport.cmake
[0.423s] -- Up-to-date: /var/robotic/yahboomcar_ws/install/arm_interface/share/arm_interface/cmake/arm_interface__rosidl_typesupport_cExport-noconfig.cmake
[0.423s] -- Up-to-date: /var/robotic/yahboomcar_ws/install/arm_interface/share/arm_interface/cmake/arm_interface__rosidl_typesupport_introspection_cppExport.cmake
[0.423s] -- Up-to-date: /var/robotic/yahboomcar_ws/install/arm_interface/share/arm_interface/cmake/arm_interface__rosidl_typesupport_introspection_cppExport-noconfig.cmake
[0.423s] -- Up-to-date: /var/robotic/yahboomcar_ws/install/arm_interface/share/arm_interface/cmake/arm_interface__rosidl_typesupport_cppExport.cmake
[0.423s] -- Up-to-date: /var/robotic/yahboomcar_ws/install/arm_interface/share/arm_interface/cmake/arm_interface__rosidl_typesupport_cppExport-noconfig.cmake
[0.423s] -- Up-to-date: /var/robotic/yahboomcar_ws/install/arm_interface/share/arm_interface/cmake/export_arm_interface__rosidl_generator_pyExport.cmake
[0.424s] -- Up-to-date: /var/robotic/yahboomcar_ws/install/arm_interface/share/arm_interface/cmake/export_arm_interface__rosidl_generator_pyExport-noconfig.cmake
[0.424s] -- Up-to-date: /var/robotic/yahboomcar_ws/install/arm_interface/share/arm_interface/cmake/rosidl_cmake-extras.cmake
[0.424s] -- Up-to-date: /var/robotic/yahboomcar_ws/install/arm_interface/share/arm_interface/cmake/ament_cmake_export_dependencies-extras.cmake
[0.424s] -- Up-to-date: /var/robotic/yahboomcar_ws/install/arm_interface/share/arm_interface/cmake/ament_cmake_export_include_directories-extras.cmake
[0.424s] -- Up-to-date: /var/robotic/yahboomcar_ws/install/arm_interface/share/arm_interface/cmake/ament_cmake_export_libraries-extras.cmake
[0.424s] -- Up-to-date: /var/robotic/yahboomcar_ws/install/arm_interface/share/arm_interface/cmake/ament_cmake_export_targets-extras.cmake
[0.424s] -- Up-to-date: /var/robotic/yahboomcar_ws/install/arm_interface/share/arm_interface/cmake/rosidl_cmake_export_typesupport_targets-extras.cmake
[0.424s] -- Up-to-date: /var/robotic/yahboomcar_ws/install/arm_interface/share/arm_interface/cmake/rosidl_cmake_export_typesupport_libraries-extras.cmake
[0.424s] -- Up-to-date: /var/robotic/yahboomcar_ws/install/arm_interface/share/arm_interface/cmake/arm_interfaceConfig.cmake
[0.424s] -- Up-to-date: /var/robotic/yahboomcar_ws/install/arm_interface/share/arm_interface/cmake/arm_interfaceConfig-version.cmake
[0.430s] -- Up-to-date: /var/robotic/yahboomcar_ws/install/arm_interface/share/arm_interface/package.xml
[0.430s] Invoked command in '/var/robotic/yahboomcar_ws/build/arm_interface' returned '0': CMAKE_PREFIX_PATH=/opt/ros/humble /usr/bin/cmake --install /var/robotic/yahboomcar_ws/build/arm_interface
