[0.007s] Invoking command in '/var/robotic/yahboomcar_ws/build/pkg_interfaces': CMAKE_PREFIX_PATH=/opt/ros/humble /usr/bin/cmake /var/robotic/yahboomcar_ws/src/pkg_interfaces -DCMAKE_INSTALL_PREFIX=/var/robotic/yahboomcar_ws/install/pkg_interfaces
[0.101s] -- The C compiler identification is GNU 11.4.0
[0.193s] -- The CXX compiler identification is GNU 11.4.0
[0.202s] -- Detecting C compiler ABI info
[0.256s] -- Detecting C compiler ABI info - done
[0.260s] -- Check for working C compiler: /usr/bin/cc - skipped
[0.261s] -- Detecting C compile features
[0.262s] -- Detecting C compile features - done
[0.264s] -- Detecting CXX compiler ABI info
[0.320s] -- Detecting CXX compiler ABI info - done
[0.323s] -- Check for working CXX compiler: /usr/bin/c++ - skipped
[0.324s] -- Detecting CXX compile features
[0.324s] -- Detecting CXX compile features - done
[0.329s] -- Found ament_cmake: 1.3.12 (/opt/ros/humble/share/ament_cmake/cmake)
[0.418s] -- Found Python3: /usr/bin/python3 (found version "3.10.12") found components: Interpreter 
[0.495s] -- Found rosidl_default_generators: 1.2.0 (/opt/ros/humble/share/rosidl_default_generators/cmake)
[0.499s] -- Using all available rosidl_typesupport_c: rosidl_typesupport_fastrtps_c;rosidl_typesupport_introspection_c
[0.507s] -- Found rosidl_adapter: 3.1.8 (/opt/ros/humble/share/rosidl_adapter/cmake)
[0.553s] -- Using all available rosidl_typesupport_cpp: rosidl_typesupport_fastrtps_cpp;rosidl_typesupport_introspection_cpp
[0.789s] -- Found ament_cmake_ros: 0.10.0 (/opt/ros/humble/share/ament_cmake_ros/cmake)
[0.902s] -- Using all available rosidl_typesupport_c: rosidl_typesupport_fastrtps_c;rosidl_typesupport_introspection_c
[1.052s] -- Using all available rosidl_typesupport_cpp: rosidl_typesupport_fastrtps_cpp;rosidl_typesupport_introspection_cpp
[1.067s] -- Found PythonInterp: /usr/bin/python3 (found suitable version "3.10.12", minimum required is "3.6") 
[1.069s] -- Found python_cmake_module: 0.10.0 (/opt/ros/humble/share/python_cmake_module/cmake)
[1.086s] -- Found PythonLibs: /usr/lib/x86_64-linux-gnu/libpython3.10.so (found suitable version "3.10.12", minimum required is "3.5") 
[1.086s] -- Using PYTHON_EXECUTABLE: /usr/bin/python3
[1.086s] -- Using PYTHON_INCLUDE_DIRS: /usr/include/python3.10
[1.086s] -- Using PYTHON_LIBRARIES: /usr/lib/x86_64-linux-gnu/libpython3.10.so
[1.098s] -- Found PythonExtra: .so  
[1.123s] -- Found ament_lint_auto: 0.12.14 (/opt/ros/humble/share/ament_lint_auto/cmake)
[1.149s] -- Added test 'lint_cmake' to check CMake code style
[1.150s] -- Added test 'xmllint' to check XML markup files
[1.153s] -- Configuring done
[1.171s] -- Generating done
[1.177s] -- Build files have been written to: /var/robotic/yahboomcar_ws/build/pkg_interfaces
[1.181s] Invoked command in '/var/robotic/yahboomcar_ws/build/pkg_interfaces' returned '0': CMAKE_PREFIX_PATH=/opt/ros/humble /usr/bin/cmake /var/robotic/yahboomcar_ws/src/pkg_interfaces -DCMAKE_INSTALL_PREFIX=/var/robotic/yahboomcar_ws/install/pkg_interfaces
[1.184s] Invoking command in '/var/robotic/yahboomcar_ws/build/pkg_interfaces': CMAKE_PREFIX_PATH=/opt/ros/humble /usr/bin/cmake --build /var/robotic/yahboomcar_ws/build/pkg_interfaces -- -j2 -l2
[1.210s] [  3%] Generating C code for ROS interfaces
[1.218s] [  6%] Generating C++ code for ROS interfaces
[1.438s] [  6%] Built target pkg_interfaces__cpp
[1.461s] [  9%] Building C object CMakeFiles/pkg_interfaces__rosidl_generator_c.dir/rosidl_generator_c/pkg_interfaces/action/detail/progress__functions.c.o
[1.467s] [  9%] Built target ament_cmake_python_copy_pkg_interfaces
[1.479s] [ 12%] Generating C++ type support dispatch for ROS interfaces
[1.568s] [ 16%] Linking C shared library libpkg_interfaces__rosidl_generator_c.so
[1.597s] [ 16%] Built target pkg_interfaces__rosidl_generator_c
[1.602s] [ 19%] Generating C++ type support for eProsima Fast-RTPS
[1.624s] [ 22%] Building CXX object CMakeFiles/pkg_interfaces__rosidl_typesupport_cpp.dir/rosidl_typesupport_cpp/pkg_interfaces/action/progress__type_support.cpp.o
[1.792s] [ 25%] Building CXX object CMakeFiles/pkg_interfaces__rosidl_typesupport_fastrtps_cpp.dir/rosidl_typesupport_fastrtps_cpp/pkg_interfaces/action/detail/dds_fastrtps/progress__type_support.cpp.o
[1.945s] [ 29%] Linking CXX shared library libpkg_interfaces__rosidl_typesupport_cpp.so
[1.973s] [ 29%] Built target pkg_interfaces__rosidl_typesupport_cpp
[1.979s] [ 32%] Generating C++ introspection for ROS interfaces
[2.137s] [ 35%] Building CXX object CMakeFiles/pkg_interfaces__rosidl_typesupport_introspection_cpp.dir/rosidl_typesupport_introspection_cpp/pkg_interfaces/action/detail/progress__type_support.cpp.o
[2.177s] [ 38%] Linking CXX shared library libpkg_interfaces__rosidl_typesupport_fastrtps_cpp.so
[2.226s] [ 38%] Built target pkg_interfaces__rosidl_typesupport_fastrtps_cpp
[2.350s] running egg_info
[2.351s] creating pkg_interfaces.egg-info
[2.351s] writing pkg_interfaces.egg-info/PKG-INFO
[2.351s] writing dependency_links to pkg_interfaces.egg-info/dependency_links.txt
[2.351s] writing top-level names to pkg_interfaces.egg-info/top_level.txt
[2.351s] writing manifest file 'pkg_interfaces.egg-info/SOURCES.txt'
[2.353s] reading manifest file 'pkg_interfaces.egg-info/SOURCES.txt'
[2.353s] writing manifest file 'pkg_interfaces.egg-info/SOURCES.txt'
[2.371s] [ 38%] Built target ament_cmake_python_build_pkg_interfaces_egg
[2.381s] [ 41%] Generating C type support for eProsima Fast-RTPS
[2.427s] [ 45%] Linking CXX shared library libpkg_interfaces__rosidl_typesupport_introspection_cpp.so
[2.471s] [ 45%] Built target pkg_interfaces__rosidl_typesupport_introspection_cpp
[2.478s] [ 48%] Generating C introspection for ROS interfaces
[2.554s] [ 51%] Building CXX object CMakeFiles/pkg_interfaces__rosidl_typesupport_fastrtps_c.dir/rosidl_typesupport_fastrtps_c/pkg_interfaces/action/detail/progress__type_support_c.cpp.o
[2.685s] [ 54%] Building C object CMakeFiles/pkg_interfaces__rosidl_typesupport_introspection_c.dir/rosidl_typesupport_introspection_c/pkg_interfaces/action/detail/progress__type_support.c.o
[2.751s] [ 58%] Linking C shared library libpkg_interfaces__rosidl_typesupport_introspection_c.so
[2.776s] [ 58%] Built target pkg_interfaces__rosidl_typesupport_introspection_c
[2.784s] [ 61%] Generating C type support dispatch for ROS interfaces
[2.805s] [ 64%] Linking CXX shared library libpkg_interfaces__rosidl_typesupport_fastrtps_c.so
[2.850s] [ 64%] Built target pkg_interfaces__rosidl_typesupport_fastrtps_c
[2.917s] [ 67%] Building CXX object CMakeFiles/pkg_interfaces__rosidl_typesupport_c.dir/rosidl_typesupport_c/pkg_interfaces/action/progress__type_support.cpp.o
[2.951s] [ 70%] Linking CXX shared library libpkg_interfaces__rosidl_typesupport_c.so
[2.979s] [ 70%] Built target pkg_interfaces__rosidl_typesupport_c
[2.992s] [ 70%] Built target pkg_interfaces
[3.006s] [ 74%] Generating Python code for ROS interfaces
[3.319s] [ 74%] Built target pkg_interfaces__py
[3.332s] [ 77%] Building C object CMakeFiles/pkg_interfaces__rosidl_generator_py.dir/rosidl_generator_py/pkg_interfaces/action/_progress_s.c.o
[3.445s] [ 80%] Linking C shared library rosidl_generator_py/pkg_interfaces/libpkg_interfaces__rosidl_generator_py.so
[3.474s] [ 80%] Built target pkg_interfaces__rosidl_generator_py
[3.489s] [ 87%] Building C object CMakeFiles/pkg_interfaces__rosidl_typesupport_fastrtps_c__pyext.dir/rosidl_generator_py/pkg_interfaces/_pkg_interfaces_s.ep.rosidl_typesupport_fastrtps_c.c.o
[3.489s] [ 87%] Building C object CMakeFiles/pkg_interfaces__rosidl_typesupport_introspection_c__pyext.dir/rosidl_generator_py/pkg_interfaces/_pkg_interfaces_s.ep.rosidl_typesupport_introspection_c.c.o
[3.553s] [ 93%] Linking C shared library rosidl_generator_py/pkg_interfaces/pkg_interfaces_s__rosidl_typesupport_fastrtps_c.cpython-310-x86_64-linux-gnu.so
[3.553s] [ 93%] Linking C shared library rosidl_generator_py/pkg_interfaces/pkg_interfaces_s__rosidl_typesupport_introspection_c.cpython-310-x86_64-linux-gnu.so
[3.580s] [ 93%] Built target pkg_interfaces__rosidl_typesupport_introspection_c__pyext
[3.580s] [ 93%] Built target pkg_interfaces__rosidl_typesupport_fastrtps_c__pyext
[3.593s] [ 96%] Building C object CMakeFiles/pkg_interfaces__rosidl_typesupport_c__pyext.dir/rosidl_generator_py/pkg_interfaces/_pkg_interfaces_s.ep.rosidl_typesupport_c.c.o
[3.661s] [100%] Linking C shared library rosidl_generator_py/pkg_interfaces/pkg_interfaces_s__rosidl_typesupport_c.cpython-310-x86_64-linux-gnu.so
[3.687s] [100%] Built target pkg_interfaces__rosidl_typesupport_c__pyext
[3.694s] Invoked command in '/var/robotic/yahboomcar_ws/build/pkg_interfaces' returned '0': CMAKE_PREFIX_PATH=/opt/ros/humble /usr/bin/cmake --build /var/robotic/yahboomcar_ws/build/pkg_interfaces -- -j2 -l2
[3.701s] Invoking command in '/var/robotic/yahboomcar_ws/build/pkg_interfaces': CMAKE_PREFIX_PATH=/opt/ros/humble /usr/bin/cmake --install /var/robotic/yahboomcar_ws/build/pkg_interfaces
[3.707s] -- Install configuration: ""
[3.707s] -- Installing: /var/robotic/yahboomcar_ws/install/pkg_interfaces/share/ament_index/resource_index/rosidl_interfaces/pkg_interfaces
[3.707s] -- Installing: /var/robotic/yahboomcar_ws/install/pkg_interfaces/include/pkg_interfaces/pkg_interfaces
[3.707s] -- Installing: /var/robotic/yahboomcar_ws/install/pkg_interfaces/include/pkg_interfaces/pkg_interfaces/action
[3.707s] -- Installing: /var/robotic/yahboomcar_ws/install/pkg_interfaces/include/pkg_interfaces/pkg_interfaces/action/detail
[3.707s] -- Installing: /var/robotic/yahboomcar_ws/install/pkg_interfaces/include/pkg_interfaces/pkg_interfaces/action/detail/progress__functions.c
[3.707s] -- Installing: /var/robotic/yahboomcar_ws/install/pkg_interfaces/include/pkg_interfaces/pkg_interfaces/action/detail/progress__type_support.h
[3.707s] -- Installing: /var/robotic/yahboomcar_ws/install/pkg_interfaces/include/pkg_interfaces/pkg_interfaces/action/detail/progress__functions.h
[3.707s] -- Installing: /var/robotic/yahboomcar_ws/install/pkg_interfaces/include/pkg_interfaces/pkg_interfaces/action/detail/progress__struct.h
[3.707s] -- Installing: /var/robotic/yahboomcar_ws/install/pkg_interfaces/include/pkg_interfaces/pkg_interfaces/action/progress.h
[3.707s] -- Installing: /var/robotic/yahboomcar_ws/install/pkg_interfaces/include/pkg_interfaces/pkg_interfaces/msg
[3.708s] -- Installing: /var/robotic/yahboomcar_ws/install/pkg_interfaces/include/pkg_interfaces/pkg_interfaces/msg/rosidl_generator_c__visibility_control.h
[3.708s] -- Installing: /var/robotic/yahboomcar_ws/install/pkg_interfaces/share/pkg_interfaces/environment/library_path.sh
[3.708s] -- Installing: /var/robotic/yahboomcar_ws/install/pkg_interfaces/share/pkg_interfaces/environment/library_path.dsv
[3.708s] -- Installing: /var/robotic/yahboomcar_ws/install/pkg_interfaces/lib/libpkg_interfaces__rosidl_generator_c.so
[3.710s] -- Set runtime path of "/var/robotic/yahboomcar_ws/install/pkg_interfaces/lib/libpkg_interfaces__rosidl_generator_c.so" to ""
[3.710s] -- Up-to-date: /var/robotic/yahboomcar_ws/install/pkg_interfaces/include/pkg_interfaces/pkg_interfaces
[3.710s] -- Up-to-date: /var/robotic/yahboomcar_ws/install/pkg_interfaces/include/pkg_interfaces/pkg_interfaces/action
[3.710s] -- Up-to-date: /var/robotic/yahboomcar_ws/install/pkg_interfaces/include/pkg_interfaces/pkg_interfaces/action/detail
[3.710s] -- Installing: /var/robotic/yahboomcar_ws/install/pkg_interfaces/include/pkg_interfaces/pkg_interfaces/action/detail/progress__rosidl_typesupport_fastrtps_c.h
[3.710s] -- Up-to-date: /var/robotic/yahboomcar_ws/install/pkg_interfaces/include/pkg_interfaces/pkg_interfaces/msg
[3.710s] -- Installing: /var/robotic/yahboomcar_ws/install/pkg_interfaces/include/pkg_interfaces/pkg_interfaces/msg/rosidl_typesupport_fastrtps_c__visibility_control.h
[3.710s] -- Installing: /var/robotic/yahboomcar_ws/install/pkg_interfaces/lib/libpkg_interfaces__rosidl_typesupport_fastrtps_c.so
[3.710s] -- Set runtime path of "/var/robotic/yahboomcar_ws/install/pkg_interfaces/lib/libpkg_interfaces__rosidl_typesupport_fastrtps_c.so" to ""
[3.710s] -- Up-to-date: /var/robotic/yahboomcar_ws/install/pkg_interfaces/include/pkg_interfaces/pkg_interfaces
[3.710s] -- Up-to-date: /var/robotic/yahboomcar_ws/install/pkg_interfaces/include/pkg_interfaces/pkg_interfaces/action
[3.710s] -- Up-to-date: /var/robotic/yahboomcar_ws/install/pkg_interfaces/include/pkg_interfaces/pkg_interfaces/action/detail
[3.710s] -- Installing: /var/robotic/yahboomcar_ws/install/pkg_interfaces/include/pkg_interfaces/pkg_interfaces/action/detail/progress__type_support.c
[3.710s] -- Installing: /var/robotic/yahboomcar_ws/install/pkg_interfaces/include/pkg_interfaces/pkg_interfaces/action/detail/progress__rosidl_typesupport_introspection_c.h
[3.710s] -- Up-to-date: /var/robotic/yahboomcar_ws/install/pkg_interfaces/include/pkg_interfaces/pkg_interfaces/msg
[3.710s] -- Installing: /var/robotic/yahboomcar_ws/install/pkg_interfaces/include/pkg_interfaces/pkg_interfaces/msg/rosidl_typesupport_introspection_c__visibility_control.h
[3.710s] -- Installing: /var/robotic/yahboomcar_ws/install/pkg_interfaces/lib/libpkg_interfaces__rosidl_typesupport_introspection_c.so
[3.710s] -- Set runtime path of "/var/robotic/yahboomcar_ws/install/pkg_interfaces/lib/libpkg_interfaces__rosidl_typesupport_introspection_c.so" to ""
[3.710s] -- Installing: /var/robotic/yahboomcar_ws/install/pkg_interfaces/lib/libpkg_interfaces__rosidl_typesupport_c.so
[3.710s] -- Set runtime path of "/var/robotic/yahboomcar_ws/install/pkg_interfaces/lib/libpkg_interfaces__rosidl_typesupport_c.so" to ""
[3.711s] -- Up-to-date: /var/robotic/yahboomcar_ws/install/pkg_interfaces/include/pkg_interfaces/pkg_interfaces
[3.711s] -- Up-to-date: /var/robotic/yahboomcar_ws/install/pkg_interfaces/include/pkg_interfaces/pkg_interfaces/action
[3.711s] -- Up-to-date: /var/robotic/yahboomcar_ws/install/pkg_interfaces/include/pkg_interfaces/pkg_interfaces/action/detail
[3.711s] -- Installing: /var/robotic/yahboomcar_ws/install/pkg_interfaces/include/pkg_interfaces/pkg_interfaces/action/detail/progress__traits.hpp
[3.711s] -- Installing: /var/robotic/yahboomcar_ws/install/pkg_interfaces/include/pkg_interfaces/pkg_interfaces/action/detail/progress__type_support.hpp
[3.711s] -- Installing: /var/robotic/yahboomcar_ws/install/pkg_interfaces/include/pkg_interfaces/pkg_interfaces/action/detail/progress__struct.hpp
[3.711s] -- Installing: /var/robotic/yahboomcar_ws/install/pkg_interfaces/include/pkg_interfaces/pkg_interfaces/action/detail/progress__builder.hpp
[3.711s] -- Installing: /var/robotic/yahboomcar_ws/install/pkg_interfaces/include/pkg_interfaces/pkg_interfaces/action/progress.hpp
[3.711s] -- Up-to-date: /var/robotic/yahboomcar_ws/install/pkg_interfaces/include/pkg_interfaces/pkg_interfaces/msg
[3.711s] -- Installing: /var/robotic/yahboomcar_ws/install/pkg_interfaces/include/pkg_interfaces/pkg_interfaces/msg/rosidl_generator_cpp__visibility_control.hpp
[3.711s] -- Up-to-date: /var/robotic/yahboomcar_ws/install/pkg_interfaces/include/pkg_interfaces/pkg_interfaces
[3.711s] -- Up-to-date: /var/robotic/yahboomcar_ws/install/pkg_interfaces/include/pkg_interfaces/pkg_interfaces/action
[3.711s] -- Up-to-date: /var/robotic/yahboomcar_ws/install/pkg_interfaces/include/pkg_interfaces/pkg_interfaces/action/detail
[3.711s] -- Installing: /var/robotic/yahboomcar_ws/install/pkg_interfaces/include/pkg_interfaces/pkg_interfaces/action/detail/progress__rosidl_typesupport_fastrtps_cpp.hpp
[3.711s] -- Installing: /var/robotic/yahboomcar_ws/install/pkg_interfaces/include/pkg_interfaces/pkg_interfaces/action/detail/dds_fastrtps
[3.711s] -- Up-to-date: /var/robotic/yahboomcar_ws/install/pkg_interfaces/include/pkg_interfaces/pkg_interfaces/msg
[3.711s] -- Installing: /var/robotic/yahboomcar_ws/install/pkg_interfaces/include/pkg_interfaces/pkg_interfaces/msg/rosidl_typesupport_fastrtps_cpp__visibility_control.h
[3.713s] -- Installing: /var/robotic/yahboomcar_ws/install/pkg_interfaces/lib/libpkg_interfaces__rosidl_typesupport_fastrtps_cpp.so
[3.713s] -- Set runtime path of "/var/robotic/yahboomcar_ws/install/pkg_interfaces/lib/libpkg_interfaces__rosidl_typesupport_fastrtps_cpp.so" to ""
[3.713s] -- Up-to-date: /var/robotic/yahboomcar_ws/install/pkg_interfaces/include/pkg_interfaces/pkg_interfaces
[3.713s] -- Up-to-date: /var/robotic/yahboomcar_ws/install/pkg_interfaces/include/pkg_interfaces/pkg_interfaces/action
[3.713s] -- Up-to-date: /var/robotic/yahboomcar_ws/install/pkg_interfaces/include/pkg_interfaces/pkg_interfaces/action/detail
[3.713s] -- Installing: /var/robotic/yahboomcar_ws/install/pkg_interfaces/include/pkg_interfaces/pkg_interfaces/action/detail/progress__type_support.cpp
[3.713s] -- Installing: /var/robotic/yahboomcar_ws/install/pkg_interfaces/include/pkg_interfaces/pkg_interfaces/action/detail/progress__rosidl_typesupport_introspection_cpp.hpp
[3.713s] -- Installing: /var/robotic/yahboomcar_ws/install/pkg_interfaces/lib/libpkg_interfaces__rosidl_typesupport_introspection_cpp.so
[3.713s] -- Set runtime path of "/var/robotic/yahboomcar_ws/install/pkg_interfaces/lib/libpkg_interfaces__rosidl_typesupport_introspection_cpp.so" to ""
[3.713s] -- Installing: /var/robotic/yahboomcar_ws/install/pkg_interfaces/lib/libpkg_interfaces__rosidl_typesupport_cpp.so
[3.713s] -- Set runtime path of "/var/robotic/yahboomcar_ws/install/pkg_interfaces/lib/libpkg_interfaces__rosidl_typesupport_cpp.so" to ""
[3.713s] -- Installing: /var/robotic/yahboomcar_ws/install/pkg_interfaces/share/pkg_interfaces/environment/pythonpath.sh
[3.713s] -- Installing: /var/robotic/yahboomcar_ws/install/pkg_interfaces/share/pkg_interfaces/environment/pythonpath.dsv
[3.713s] -- Installing: /var/robotic/yahboomcar_ws/install/pkg_interfaces/local/lib/python3.10/dist-packages/pkg_interfaces-0.0.0-py3.10.egg-info
[3.713s] -- Installing: /var/robotic/yahboomcar_ws/install/pkg_interfaces/local/lib/python3.10/dist-packages/pkg_interfaces-0.0.0-py3.10.egg-info/SOURCES.txt
[3.713s] -- Installing: /var/robotic/yahboomcar_ws/install/pkg_interfaces/local/lib/python3.10/dist-packages/pkg_interfaces-0.0.0-py3.10.egg-info/top_level.txt
[3.713s] -- Installing: /var/robotic/yahboomcar_ws/install/pkg_interfaces/local/lib/python3.10/dist-packages/pkg_interfaces-0.0.0-py3.10.egg-info/PKG-INFO
[3.713s] -- Installing: /var/robotic/yahboomcar_ws/install/pkg_interfaces/local/lib/python3.10/dist-packages/pkg_interfaces-0.0.0-py3.10.egg-info/dependency_links.txt
[3.713s] -- Installing: /var/robotic/yahboomcar_ws/install/pkg_interfaces/local/lib/python3.10/dist-packages/pkg_interfaces
[3.713s] -- Installing: /var/robotic/yahboomcar_ws/install/pkg_interfaces/local/lib/python3.10/dist-packages/pkg_interfaces/pkg_interfaces_s__rosidl_typesupport_c.cpython-310-x86_64-linux-gnu.so
[3.713s] -- Installing: /var/robotic/yahboomcar_ws/install/pkg_interfaces/local/lib/python3.10/dist-packages/pkg_interfaces/action
[3.714s] -- Installing: /var/robotic/yahboomcar_ws/install/pkg_interfaces/local/lib/python3.10/dist-packages/pkg_interfaces/action/_progress.py
[3.714s] -- Installing: /var/robotic/yahboomcar_ws/install/pkg_interfaces/local/lib/python3.10/dist-packages/pkg_interfaces/action/_progress_s.c
[3.714s] -- Installing: /var/robotic/yahboomcar_ws/install/pkg_interfaces/local/lib/python3.10/dist-packages/pkg_interfaces/action/__init__.py
[3.714s] -- Installing: /var/robotic/yahboomcar_ws/install/pkg_interfaces/local/lib/python3.10/dist-packages/pkg_interfaces/pkg_interfaces_s__rosidl_typesupport_introspection_c.cpython-310-x86_64-linux-gnu.so
[3.714s] -- Installing: /var/robotic/yahboomcar_ws/install/pkg_interfaces/local/lib/python3.10/dist-packages/pkg_interfaces/_pkg_interfaces_s.ep.rosidl_typesupport_introspection_c.c
[3.714s] -- Installing: /var/robotic/yahboomcar_ws/install/pkg_interfaces/local/lib/python3.10/dist-packages/pkg_interfaces/_pkg_interfaces_s.ep.rosidl_typesupport_c.c
[3.714s] -- Installing: /var/robotic/yahboomcar_ws/install/pkg_interfaces/local/lib/python3.10/dist-packages/pkg_interfaces/libpkg_interfaces__rosidl_generator_py.so
[3.714s] -- Installing: /var/robotic/yahboomcar_ws/install/pkg_interfaces/local/lib/python3.10/dist-packages/pkg_interfaces/__init__.py
[3.714s] -- Installing: /var/robotic/yahboomcar_ws/install/pkg_interfaces/local/lib/python3.10/dist-packages/pkg_interfaces/_pkg_interfaces_s.ep.rosidl_typesupport_fastrtps_c.c
[3.714s] -- Installing: /var/robotic/yahboomcar_ws/install/pkg_interfaces/local/lib/python3.10/dist-packages/pkg_interfaces/pkg_interfaces_s__rosidl_typesupport_fastrtps_c.cpython-310-x86_64-linux-gnu.so
[3.735s] Listing '/var/robotic/yahboomcar_ws/install/pkg_interfaces/local/lib/python3.10/dist-packages/pkg_interfaces'...
[3.735s] Compiling '/var/robotic/yahboomcar_ws/install/pkg_interfaces/local/lib/python3.10/dist-packages/pkg_interfaces/__init__.py'...
[3.735s] Listing '/var/robotic/yahboomcar_ws/install/pkg_interfaces/local/lib/python3.10/dist-packages/pkg_interfaces/action'...
[3.735s] Compiling '/var/robotic/yahboomcar_ws/install/pkg_interfaces/local/lib/python3.10/dist-packages/pkg_interfaces/action/__init__.py'...
[3.735s] Compiling '/var/robotic/yahboomcar_ws/install/pkg_interfaces/local/lib/python3.10/dist-packages/pkg_interfaces/action/_progress.py'...
[3.737s] -- Installing: /var/robotic/yahboomcar_ws/install/pkg_interfaces/local/lib/python3.10/dist-packages/pkg_interfaces/pkg_interfaces_s__rosidl_typesupport_fastrtps_c.cpython-310-x86_64-linux-gnu.so
[3.737s] -- Set runtime path of "/var/robotic/yahboomcar_ws/install/pkg_interfaces/local/lib/python3.10/dist-packages/pkg_interfaces/pkg_interfaces_s__rosidl_typesupport_fastrtps_c.cpython-310-x86_64-linux-gnu.so" to ""
[3.737s] -- Installing: /var/robotic/yahboomcar_ws/install/pkg_interfaces/local/lib/python3.10/dist-packages/pkg_interfaces/pkg_interfaces_s__rosidl_typesupport_introspection_c.cpython-310-x86_64-linux-gnu.so
[3.738s] -- Set runtime path of "/var/robotic/yahboomcar_ws/install/pkg_interfaces/local/lib/python3.10/dist-packages/pkg_interfaces/pkg_interfaces_s__rosidl_typesupport_introspection_c.cpython-310-x86_64-linux-gnu.so" to ""
[3.738s] -- Installing: /var/robotic/yahboomcar_ws/install/pkg_interfaces/local/lib/python3.10/dist-packages/pkg_interfaces/pkg_interfaces_s__rosidl_typesupport_c.cpython-310-x86_64-linux-gnu.so
[3.738s] -- Set runtime path of "/var/robotic/yahboomcar_ws/install/pkg_interfaces/local/lib/python3.10/dist-packages/pkg_interfaces/pkg_interfaces_s__rosidl_typesupport_c.cpython-310-x86_64-linux-gnu.so" to ""
[3.738s] -- Installing: /var/robotic/yahboomcar_ws/install/pkg_interfaces/lib/libpkg_interfaces__rosidl_generator_py.so
[3.739s] -- Set runtime path of "/var/robotic/yahboomcar_ws/install/pkg_interfaces/lib/libpkg_interfaces__rosidl_generator_py.so" to ""
[3.739s] -- Installing: /var/robotic/yahboomcar_ws/install/pkg_interfaces/share/pkg_interfaces/action/Progress.idl
[3.739s] -- Installing: /var/robotic/yahboomcar_ws/install/pkg_interfaces/share/pkg_interfaces/action/Progress.action
[3.739s] -- Installing: /var/robotic/yahboomcar_ws/install/pkg_interfaces/share/ament_index/resource_index/package_run_dependencies/pkg_interfaces
[3.739s] -- Installing: /var/robotic/yahboomcar_ws/install/pkg_interfaces/share/ament_index/resource_index/parent_prefix_path/pkg_interfaces
[3.739s] -- Installing: /var/robotic/yahboomcar_ws/install/pkg_interfaces/share/pkg_interfaces/environment/ament_prefix_path.sh
[3.739s] -- Installing: /var/robotic/yahboomcar_ws/install/pkg_interfaces/share/pkg_interfaces/environment/ament_prefix_path.dsv
[3.739s] -- Installing: /var/robotic/yahboomcar_ws/install/pkg_interfaces/share/pkg_interfaces/environment/path.sh
[3.740s] -- Installing: /var/robotic/yahboomcar_ws/install/pkg_interfaces/share/pkg_interfaces/environment/path.dsv
[3.740s] -- Installing: /var/robotic/yahboomcar_ws/install/pkg_interfaces/share/pkg_interfaces/local_setup.bash
[3.740s] -- Installing: /var/robotic/yahboomcar_ws/install/pkg_interfaces/share/pkg_interfaces/local_setup.sh
[3.740s] -- Installing: /var/robotic/yahboomcar_ws/install/pkg_interfaces/share/pkg_interfaces/local_setup.zsh
[3.740s] -- Installing: /var/robotic/yahboomcar_ws/install/pkg_interfaces/share/pkg_interfaces/local_setup.dsv
[3.740s] -- Installing: /var/robotic/yahboomcar_ws/install/pkg_interfaces/share/pkg_interfaces/package.dsv
[3.740s] -- Installing: /var/robotic/yahboomcar_ws/install/pkg_interfaces/share/ament_index/resource_index/packages/pkg_interfaces
[3.740s] -- Installing: /var/robotic/yahboomcar_ws/install/pkg_interfaces/share/pkg_interfaces/cmake/export_pkg_interfaces__rosidl_generator_cExport.cmake
[3.740s] -- Installing: /var/robotic/yahboomcar_ws/install/pkg_interfaces/share/pkg_interfaces/cmake/export_pkg_interfaces__rosidl_generator_cExport-noconfig.cmake
[3.740s] -- Installing: /var/robotic/yahboomcar_ws/install/pkg_interfaces/share/pkg_interfaces/cmake/export_pkg_interfaces__rosidl_typesupport_fastrtps_cExport.cmake
[3.740s] -- Installing: /var/robotic/yahboomcar_ws/install/pkg_interfaces/share/pkg_interfaces/cmake/export_pkg_interfaces__rosidl_typesupport_fastrtps_cExport-noconfig.cmake
[3.740s] -- Installing: /var/robotic/yahboomcar_ws/install/pkg_interfaces/share/pkg_interfaces/cmake/pkg_interfaces__rosidl_typesupport_introspection_cExport.cmake
[3.740s] -- Installing: /var/robotic/yahboomcar_ws/install/pkg_interfaces/share/pkg_interfaces/cmake/pkg_interfaces__rosidl_typesupport_introspection_cExport-noconfig.cmake
[3.740s] -- Installing: /var/robotic/yahboomcar_ws/install/pkg_interfaces/share/pkg_interfaces/cmake/pkg_interfaces__rosidl_typesupport_cExport.cmake
[3.740s] -- Installing: /var/robotic/yahboomcar_ws/install/pkg_interfaces/share/pkg_interfaces/cmake/pkg_interfaces__rosidl_typesupport_cExport-noconfig.cmake
[3.740s] -- Installing: /var/robotic/yahboomcar_ws/install/pkg_interfaces/share/pkg_interfaces/cmake/export_pkg_interfaces__rosidl_generator_cppExport.cmake
[3.740s] -- Installing: /var/robotic/yahboomcar_ws/install/pkg_interfaces/share/pkg_interfaces/cmake/export_pkg_interfaces__rosidl_typesupport_fastrtps_cppExport.cmake
[3.740s] -- Installing: /var/robotic/yahboomcar_ws/install/pkg_interfaces/share/pkg_interfaces/cmake/export_pkg_interfaces__rosidl_typesupport_fastrtps_cppExport-noconfig.cmake
[3.740s] -- Installing: /var/robotic/yahboomcar_ws/install/pkg_interfaces/share/pkg_interfaces/cmake/pkg_interfaces__rosidl_typesupport_introspection_cppExport.cmake
[3.741s] -- Installing: /var/robotic/yahboomcar_ws/install/pkg_interfaces/share/pkg_interfaces/cmake/pkg_interfaces__rosidl_typesupport_introspection_cppExport-noconfig.cmake
[3.741s] -- Installing: /var/robotic/yahboomcar_ws/install/pkg_interfaces/share/pkg_interfaces/cmake/pkg_interfaces__rosidl_typesupport_cppExport.cmake
[3.741s] -- Installing: /var/robotic/yahboomcar_ws/install/pkg_interfaces/share/pkg_interfaces/cmake/pkg_interfaces__rosidl_typesupport_cppExport-noconfig.cmake
[3.741s] -- Installing: /var/robotic/yahboomcar_ws/install/pkg_interfaces/share/pkg_interfaces/cmake/export_pkg_interfaces__rosidl_generator_pyExport.cmake
[3.741s] -- Installing: /var/robotic/yahboomcar_ws/install/pkg_interfaces/share/pkg_interfaces/cmake/export_pkg_interfaces__rosidl_generator_pyExport-noconfig.cmake
[3.741s] -- Installing: /var/robotic/yahboomcar_ws/install/pkg_interfaces/share/pkg_interfaces/cmake/rosidl_cmake-extras.cmake
[3.741s] -- Installing: /var/robotic/yahboomcar_ws/install/pkg_interfaces/share/pkg_interfaces/cmake/ament_cmake_export_dependencies-extras.cmake
[3.741s] -- Installing: /var/robotic/yahboomcar_ws/install/pkg_interfaces/share/pkg_interfaces/cmake/ament_cmake_export_include_directories-extras.cmake
[3.741s] -- Installing: /var/robotic/yahboomcar_ws/install/pkg_interfaces/share/pkg_interfaces/cmake/ament_cmake_export_libraries-extras.cmake
[3.742s] -- Installing: /var/robotic/yahboomcar_ws/install/pkg_interfaces/share/pkg_interfaces/cmake/ament_cmake_export_targets-extras.cmake
[3.742s] -- Installing: /var/robotic/yahboomcar_ws/install/pkg_interfaces/share/pkg_interfaces/cmake/rosidl_cmake_export_typesupport_targets-extras.cmake
[3.742s] -- Installing: /var/robotic/yahboomcar_ws/install/pkg_interfaces/share/pkg_interfaces/cmake/rosidl_cmake_export_typesupport_libraries-extras.cmake
[3.742s] -- Installing: /var/robotic/yahboomcar_ws/install/pkg_interfaces/share/pkg_interfaces/cmake/pkg_interfacesConfig.cmake
[3.742s] -- Installing: /var/robotic/yahboomcar_ws/install/pkg_interfaces/share/pkg_interfaces/cmake/pkg_interfacesConfig-version.cmake
[3.742s] -- Installing: /var/robotic/yahboomcar_ws/install/pkg_interfaces/share/pkg_interfaces/package.xml
[3.743s] Invoked command in '/var/robotic/yahboomcar_ws/build/pkg_interfaces' returned '0': CMAKE_PREFIX_PATH=/opt/ros/humble /usr/bin/cmake --install /var/robotic/yahboomcar_ws/build/pkg_interfaces
