running egg_info
creating ../../build/pkg_param/pkg_param.egg-info
writing ../../build/pkg_param/pkg_param.egg-info/PKG-INFO
writing dependency_links to ../../build/pkg_param/pkg_param.egg-info/dependency_links.txt
writing entry points to ../../build/pkg_param/pkg_param.egg-info/entry_points.txt
writing requirements to ../../build/pkg_param/pkg_param.egg-info/requires.txt
writing top-level names to ../../build/pkg_param/pkg_param.egg-info/top_level.txt
writing manifest file '../../build/pkg_param/pkg_param.egg-info/SOURCES.txt'
reading manifest file '../../build/pkg_param/pkg_param.egg-info/SOURCES.txt'
writing manifest file '../../build/pkg_param/pkg_param.egg-info/SOURCES.txt'
running build
running build_py
creating /var/robotic/yahboomcar_ws/build/pkg_param/build
creating /var/robotic/yahboomcar_ws/build/pkg_param/build/lib
creating /var/robotic/yahboomcar_ws/build/pkg_param/build/lib/pkg_param
copying pkg_param/__init__.py -> /var/robotic/yahboomcar_ws/build/pkg_param/build/lib/pkg_param
copying pkg_param/param_demo.py -> /var/robotic/yahboomcar_ws/build/pkg_param/build/lib/pkg_param
running install
running install_lib
creating /var/robotic/yahboomcar_ws/install/pkg_param/lib/python3.10/site-packages/pkg_param
copying /var/robotic/yahboomcar_ws/build/pkg_param/build/lib/pkg_param/__init__.py -> /var/robotic/yahboomcar_ws/install/pkg_param/lib/python3.10/site-packages/pkg_param
copying /var/robotic/yahboomcar_ws/build/pkg_param/build/lib/pkg_param/param_demo.py -> /var/robotic/yahboomcar_ws/install/pkg_param/lib/python3.10/site-packages/pkg_param
byte-compiling /var/robotic/yahboomcar_ws/install/pkg_param/lib/python3.10/site-packages/pkg_param/__init__.py to __init__.cpython-310.pyc
byte-compiling /var/robotic/yahboomcar_ws/install/pkg_param/lib/python3.10/site-packages/pkg_param/param_demo.py to param_demo.cpython-310.pyc
running install_data
creating /var/robotic/yahboomcar_ws/install/pkg_param/share/ament_index
creating /var/robotic/yahboomcar_ws/install/pkg_param/share/ament_index/resource_index
creating /var/robotic/yahboomcar_ws/install/pkg_param/share/ament_index/resource_index/packages
copying resource/pkg_param -> /var/robotic/yahboomcar_ws/install/pkg_param/share/ament_index/resource_index/packages
copying package.xml -> /var/robotic/yahboomcar_ws/install/pkg_param/share/pkg_param
running install_egg_info
Copying ../../build/pkg_param/pkg_param.egg-info to /var/robotic/yahboomcar_ws/install/pkg_param/lib/python3.10/site-packages/pkg_param-0.0.0-py3.10.egg-info
running install_scripts
Installing param_demo script to /var/robotic/yahboomcar_ws/install/pkg_param/lib/pkg_param
writing list of installed files to '/var/robotic/yahboomcar_ws/build/pkg_param/install.log'
