[0.000000] (-) TimerEvent: {}
[0.000289] (-) JobUnselected: {'identifier': 'M3Pro_MoveIt_demo'}
[0.000317] (-) JobUnselected: {'identifier': 'M3Pro_config'}
[0.000335] (-) JobUnselected: {'identifier': 'M3Pro_demo'}
[0.000354] (-) JobUnselected: {'identifier': 'MoveIt_demo'}
[0.000371] (-) JobUnselected: {'identifier': 'arm_driver'}
[0.000389] (-) JobUnselected: {'identifier': 'arm_interface'}
[0.000407] (-) JobUnselected: {'identifier': 'arm_msgs'}
[0.000425] (-) JobUnselected: {'identifier': 'test_config'}
[0.000442] (-) JobUnselected: {'identifier': 'test_moveit_config'}
[0.000460] (-) JobUnselected: {'identifier': 'yahboom_M3Pro_DepthCam'}
[0.000478] (-) JobUnselected: {'identifier': 'yahboom_M3Pro_description'}
[0.000495] (-) JobUnselected: {'identifier': 'yahboom_M3Pro_laser'}
[0.000513] (-) JobUnselected: {'identifier': 'yahboom_yolov8'}
[0.000531] (-) JobUnselected: {'identifier': 'yahboomcar_ctrl'}
[0.000548] (-) JobUnselected: {'identifier': 'yahboomcar_mediapipe'}
[0.000566] (-) JobUnselected: {'identifier': 'yahboomcar_msgs'}
[0.000586] (arm_kin) JobQueued: {'identifier': 'arm_kin', 'dependencies': OrderedDict()}
[0.000606] (arm_kin) JobStarted: {'identifier': 'arm_kin'}
[0.006495] (arm_kin) JobProgress: {'identifier': 'arm_kin', 'progress': 'cmake'}
[0.007094] (arm_kin) Command: {'cmd': ['/usr/bin/cmake', '/var/robotic/yahboomcar_ws/src/arm_kin', '-DCMAKE_INSTALL_PREFIX=/var/robotic/yahboomcar_ws/install/arm_kin'], 'cwd': '/var/robotic/yahboomcar_ws/build/arm_kin', 'env': OrderedDict([('npm_config_devdir', '/tmp/cursor-sandbox-cache/0a89fd5853a2775f9221d2afb3efaa11/node-gyp'), ('LESSOPEN', '| /usr/bin/lesspipe %s'), ('VSCODE_CWD', '/home/spen'), ('VSCODE_ESM_ENTRYPOINT', 'vs/workbench/api/node/extensionHostProcess'), ('PUPPETEER_CACHE_DIR', '/tmp/cursor-sandbox-cache/0a89fd5853a2775f9221d2afb3efaa11/puppeteer'), ('LANGUAGE', 'en_US'), ('USER', 'spen'), ('SSH_CLIENT', '192.168.50.35 2820 22'), ('LC_TIME', 'en_US.UTF-8'), ('VSCODE_NLS_CONFIG', '{"userLocale":"en","osLocale":"en","resolvedLanguage":"en","defaultMessagesFile":"/home/spen/.cursor-server/bin/linux-x64/4f2b772756b8f609e1354b3063de282ccbe7a690/out/nls.messages.json","locale":"en","availableLanguages":{}}'), ('CCACHE_DIR', '/tmp/cursor-sandbox-cache/0a89fd5853a2775f9221d2afb3efaa11/ccache'), ('CI', '1'), ('VSCODE_HANDLES_UNCAUGHT_ERRORS', 'true'), ('XDG_SESSION_TYPE', 'tty'), ('PIP_CACHE_DIR', '/tmp/cursor-sandbox-cache/0a89fd5853a2775f9221d2afb3efaa11/pip'), ('PIPX_HOME', '/tmp/cursor-sandbox-cache/0a89fd5853a2775f9221d2afb3efaa11/pipx'), ('NUGET_PACKAGES', '/tmp/cursor-sandbox-cache/0a89fd5853a2775f9221d2afb3efaa11/nuget'), ('HOMEBREW_CACHE', '/tmp/cursor-sandbox-cache/0a89fd5853a2775f9221d2afb3efaa11/homebrew'), ('SHLVL', '1'), ('LD_LIBRARY_PATH', '/var/robotic/yahboomcar_ws/install/arm_interface/lib:/opt/ros/humble/opt/rviz_ogre_vendor/lib:/opt/ros/humble/lib/x86_64-linux-gnu:/opt/ros/humble/lib'), ('BROWSER', '/home/spen/.cursor-server/bin/linux-x64/4f2b772756b8f609e1354b3063de282ccbe7a690/bin/helpers/browser.sh'), ('MOTD_SHOWN', 'pam'), ('HOME', '/home/spen'), ('OLDPWD', '/var/robotic/yahboomcar_ws'), ('VSCODE_IPC_HOOK_CLI', '/run/user/1000/vscode-ipc-c8f91eca-ec4d-4c49-9630-5865a294962b.sock'), ('ROS_PYTHON_VERSION', '3'), ('LC_MONETARY', 'en_US.UTF-8'), ('NO_COLOR', '1'), ('CONDA_PKGS_DIRS', '/tmp/cursor-sandbox-cache/0a89fd5853a2775f9221d2afb3efaa11/conda'), ('DBUS_SESSION_BUS_ADDRESS', 'unix:path=/run/user/1000/bus'), ('VOLTA_HOME', '/tmp/cursor-sandbox-cache/0a89fd5853a2775f9221d2afb3efaa11/volta'), ('COMPOSER_HOME', '/tmp/cursor-sandbox-cache/0a89fd5853a2775f9221d2afb3efaa11/composer'), ('COLCON_PREFIX_PATH', '/var/robotic/yahboomcar_ws/install'), ('ROS_DISTRO', 'humble'), ('LOGNAME', 'spen'), ('FORCE_COLOR', '0'), ('VSCODE_HANDLES_SIGPIPE', 'true'), ('BUN_INSTALL_CACHE_DIR', '/tmp/cursor-sandbox-cache/0a89fd5853a2775f9221d2afb3efaa11/bun'), ('_', '/usr/bin/colcon'), ('ROS_VERSION', '2'), ('GOMODCACHE', '/tmp/cursor-sandbox-cache/0a89fd5853a2775f9221d2afb3efaa11/go-mod'), ('XDG_SESSION_CLASS', 'user'), ('CP_HOME_DIR', '/tmp/cursor-sandbox-cache/0a89fd5853a2775f9221d2afb3efaa11/cocoapods'), ('TERM', 'dumb'), ('EVERYSPHERE_RIPGREP_PATH', '/home/spen/.cursor-server/bin/linux-x64/4f2b772756b8f609e1354b3063de282ccbe7a690/resources/helpers/rg'), ('XDG_SESSION_ID', '8'), ('RUSTUP_HOME', '/tmp/cursor-sandbox-cache/0a89fd5853a2775f9221d2afb3efaa11/rustup'), ('ROS_LOCALHOST_ONLY', '0'), ('POETRY_CACHE_DIR', '/tmp/cursor-sandbox-cache/0a89fd5853a2775f9221d2afb3efaa11/poetry'), ('PATH', '/home/spen/.cursor-server/bin/linux-x64/4f2b772756b8f609e1354b3063de282ccbe7a690/bin/remote-cli:/opt/ros/humble/bin:/home/spen/.cursor-server/bin/linux-x64/4f2b772756b8f609e1354b3063de282ccbe7a690/bin/remote-cli:/usr/local/sbin:/usr/local/bin:/usr/sbin:/usr/bin:/sbin:/bin:/usr/games:/usr/local/games:/snap/bin'), ('YARN_CACHE_FOLDER', '/tmp/cursor-sandbox-cache/0a89fd5853a2775f9221d2afb3efaa11/yarn'), ('VSCODE_AGENT_FOLDER', '/home/spen/.cursor-server'), ('PAPERSIZE', 'letter'), ('UV_CACHE_DIR', '/tmp/cursor-sandbox-cache/0a89fd5853a2775f9221d2afb3efaa11/uv'), ('LC_ADDRESS', 'en_US.UTF-8'), ('PLAYWRIGHT_BROWSERS_PATH', '/tmp/cursor-sandbox-cache/0a89fd5853a2775f9221d2afb3efaa11/playwright'), ('XDG_RUNTIME_DIR', '/run/user/1000'), ('BUNDLE_PATH', '/tmp/cursor-sandbox-cache/0a89fd5853a2775f9221d2afb3efaa11/bundle'), ('DENO_DIR', '/tmp/cursor-sandbox-cache/0a89fd5853a2775f9221d2afb3efaa11/deno'), ('CURSOR_AGENT', '1'), ('LANG', 'en_US.UTF-8'), ('NX_CACHE_DIRECTORY', '/tmp/cursor-sandbox-cache/0a89fd5853a2775f9221d2afb3efaa11/nx'), ('LC_TELEPHONE', 'en_US.UTF-8'), ('LS_COLORS', ''), ('CYPRESS_CACHE_FOLDER', '/tmp/cursor-sandbox-cache/0a89fd5853a2775f9221d2afb3efaa11/cypress'), ('PNPM_STORE_PATH', '/tmp/cursor-sandbox-cache/0a89fd5853a2775f9221d2afb3efaa11/pnpm-store'), ('AMENT_PREFIX_PATH', '/var/robotic/yahboomcar_ws/install/yahboom_M3Pro_description:/var/robotic/yahboomcar_ws/install/arm_interface:/var/robotic/yahboomcar_ws/install/arm_driver:/var/robotic/yahboomcar_ws/install/M3Pro_demo:/var/robotic/yahboomcar_ws/install/M3Pro_MoveIt_demo:/opt/ros/humble'), ('SHELL', '/bin/bash'), ('CURSOR_SANDBOX', 'native'), ('LC_NAME', 'en_US.UTF-8'), ('VSCODE_SERVER_SHUTDOWN_TIMEOUT', '300'), ('GOCACHE', '/tmp/cursor-sandbox-cache/0a89fd5853a2775f9221d2afb3efaa11/go-build'), ('ELECTRON_RUN_AS_NODE', '1'), ('GEM_HOME', '/tmp/cursor-sandbox-cache/0a89fd5853a2775f9221d2afb3efaa11/gem'), ('LESSCLOSE', '/usr/bin/lesspipe %s %s'), ('LC_MEASUREMENT', 'en_US.UTF-8'), ('LC_IDENTIFICATION', 'en_US.UTF-8'), ('NPM_CONFIG_CACHE', '/tmp/cursor-sandbox-cache/0a89fd5853a2775f9221d2afb3efaa11/npm'), ('PWD', '/var/robotic/yahboomcar_ws/build/arm_kin'), ('GRADLE_USER_HOME', '/tmp/cursor-sandbox-cache/0a89fd5853a2775f9221d2afb3efaa11/gradle'), ('CARGO_HOME', '/tmp/cursor-sandbox-cache/0a89fd5853a2775f9221d2afb3efaa11/cargo'), ('SSH_CONNECTION', '192.168.50.35 2820 192.168.50.88 22'), ('XDG_DATA_DIRS', '/usr/share/gnome:/usr/local/share:/usr/share:/var/lib/snapd/desktop'), ('PYTHONPATH', '/var/robotic/yahboomcar_ws/install/yahboom_M3Pro_description/lib/python3.10/site-packages:/var/robotic/yahboomcar_ws/install/arm_interface/local/lib/python3.10/dist-packages:/var/robotic/yahboomcar_ws/install/arm_driver/lib/python3.10/site-packages:/var/robotic/yahboomcar_ws/install/M3Pro_demo/lib/python3.10/site-packages:/var/robotic/yahboomcar_ws/install/M3Pro_MoveIt_demo/lib/python3.10/site-packages:/opt/ros/humble/lib/python3.10/site-packages:/opt/ros/humble/local/lib/python3.10/dist-packages'), ('LC_NUMERIC', 'en_US.UTF-8'), ('TURBO_CACHE_DIR', '/tmp/cursor-sandbox-cache/0a89fd5853a2775f9221d2afb3efaa11/turbo'), ('LC_PAPER', 'en_US.UTF-8'), ('COLCON', '1'), ('_ZO_DOCTOR', '0'), ('CURSOR_SANDBOX_LANDLOCK_STATUS', 'fully_enforced'), ('CMAKE_PREFIX_PATH', '/var/robotic/yahboomcar_ws/install/arm_interface:/var/robotic/yahboomcar_ws/install/yahboom_M3Pro_description:/var/robotic/yahboomcar_ws/install/arm_driver:/var/robotic/yahboomcar_ws/install/M3Pro_demo:/var/robotic/yahboomcar_ws/install/M3Pro_MoveIt_demo:/opt/ros/humble')]), 'shell': False}
[0.015776] (arm_kin) StdoutLine: {'line': b'-- Found ament_cmake: 1.3.12 (/opt/ros/humble/share/ament_cmake/cmake)\n'}
[0.085998] (arm_kin) StdoutLine: {'line': b'-- Found rclcpp: 16.0.17 (/opt/ros/humble/share/rclcpp/cmake)\n'}
[0.099840] (-) TimerEvent: {}
[0.100860] (arm_kin) StdoutLine: {'line': b'-- Found rosidl_generator_c: 3.1.8 (/opt/ros/humble/share/rosidl_generator_c/cmake)\n'}
[0.102281] (arm_kin) StdoutLine: {'line': b'-- Found rosidl_adapter: 3.1.8 (/opt/ros/humble/share/rosidl_adapter/cmake)\n'}
[0.105469] (arm_kin) StdoutLine: {'line': b'-- Found rosidl_generator_cpp: 3.1.8 (/opt/ros/humble/share/rosidl_generator_cpp/cmake)\n'}
[0.110683] (arm_kin) StdoutLine: {'line': b'-- Using all available rosidl_typesupport_c: rosidl_typesupport_fastrtps_c;rosidl_typesupport_introspection_c\n'}
[0.117521] (arm_kin) StdoutLine: {'line': b'-- Using all available rosidl_typesupport_cpp: rosidl_typesupport_fastrtps_cpp;rosidl_typesupport_introspection_cpp\n'}
[0.134278] (arm_kin) StdoutLine: {'line': b'-- Found rmw_implementation_cmake: 6.1.2 (/opt/ros/humble/share/rmw_implementation_cmake/cmake)\n'}
[0.135122] (arm_kin) StdoutLine: {'line': b'-- Found rmw_fastrtps_cpp: 6.2.9 (/opt/ros/humble/share/rmw_fastrtps_cpp/cmake)\n'}
[0.189056] (arm_kin) StdoutLine: {'line': b"-- Using RMW implementation 'rmw_fastrtps_cpp' as default\n"}
[0.200034] (-) TimerEvent: {}
[0.214087] (arm_kin) StdoutLine: {'line': b'-- Found arm_interface: 0.0.0 (/var/robotic/yahboomcar_ws/install/arm_interface/share/arm_interface/cmake)\n'}
[0.229311] (arm_kin) StdoutLine: {'line': b'-- Found kdl_parser: 2.6.4 (/opt/ros/humble/share/kdl_parser/cmake)\n'}
[0.235845] (arm_kin) StdoutLine: {'line': b'-- Found eigen3_cmake_module: 0.1.1 (/opt/ros/humble/share/eigen3_cmake_module/cmake)\n'}
[0.236651] (arm_kin) StdoutLine: {'line': b'-- Found Eigen3: TRUE (found version "3.4.0") \n'}
[0.237268] (arm_kin) StdoutLine: {'line': b'-- Ensuring Eigen3 include directory is part of orocos-kdl CMake target\n'}
[0.240951] (arm_kin) StdoutLine: {'line': b'-- Found ament_lint_auto: 0.12.14 (/opt/ros/humble/share/ament_lint_auto/cmake)\n'}
[0.290387] (arm_kin) StdoutLine: {'line': b"-- Added test 'cppcheck' to perform static code analysis on C / C++ code\n"}
[0.290702] (arm_kin) StdoutLine: {'line': b'-- Configured cppcheck include dirs: /var/robotic/yahboomcar_ws/src/arm_kin/include;$<BUILD_INTERFACE:/var/robotic/yahboomcar_ws/src/arm_kin/include>\n'}
[0.290853] (arm_kin) StdoutLine: {'line': b'-- Configured cppcheck exclude dirs and/or files: \n'}
[0.291245] (arm_kin) StdoutLine: {'line': b"-- Added test 'lint_cmake' to check CMake code style\n"}
[0.292217] (arm_kin) StdoutLine: {'line': b"-- Added test 'uncrustify' to check C / C++ code style\n"}
[0.292275] (arm_kin) StdoutLine: {'line': b'-- Configured uncrustify additional arguments: \n'}
[0.292514] (arm_kin) StdoutLine: {'line': b"-- Added test 'xmllint' to check XML markup files\n"}
[0.293182] (arm_kin) StdoutLine: {'line': b'-- Configuring done\n'}
[0.299005] (arm_kin) StdoutLine: {'line': b'-- Generating done\n'}
[0.300092] (-) TimerEvent: {}
[0.300962] (arm_kin) StdoutLine: {'line': b'-- Build files have been written to: /var/robotic/yahboomcar_ws/build/arm_kin\n'}
[0.306475] (arm_kin) CommandEnded: {'returncode': 0}
[0.306709] (arm_kin) JobProgress: {'identifier': 'arm_kin', 'progress': 'build'}
[0.306722] (arm_kin) Command: {'cmd': ['/usr/bin/cmake', '--build', '/var/robotic/yahboomcar_ws/build/arm_kin', '--', '-j2', '-l2'], 'cwd': '/var/robotic/yahboomcar_ws/build/arm_kin', 'env': OrderedDict([('npm_config_devdir', '/tmp/cursor-sandbox-cache/0a89fd5853a2775f9221d2afb3efaa11/node-gyp'), ('LESSOPEN', '| /usr/bin/lesspipe %s'), ('VSCODE_CWD', '/home/spen'), ('VSCODE_ESM_ENTRYPOINT', 'vs/workbench/api/node/extensionHostProcess'), ('PUPPETEER_CACHE_DIR', '/tmp/cursor-sandbox-cache/0a89fd5853a2775f9221d2afb3efaa11/puppeteer'), ('LANGUAGE', 'en_US'), ('USER', 'spen'), ('SSH_CLIENT', '192.168.50.35 2820 22'), ('LC_TIME', 'en_US.UTF-8'), ('VSCODE_NLS_CONFIG', '{"userLocale":"en","osLocale":"en","resolvedLanguage":"en","defaultMessagesFile":"/home/spen/.cursor-server/bin/linux-x64/4f2b772756b8f609e1354b3063de282ccbe7a690/out/nls.messages.json","locale":"en","availableLanguages":{}}'), ('CCACHE_DIR', '/tmp/cursor-sandbox-cache/0a89fd5853a2775f9221d2afb3efaa11/ccache'), ('CI', '1'), ('VSCODE_HANDLES_UNCAUGHT_ERRORS', 'true'), ('XDG_SESSION_TYPE', 'tty'), ('PIP_CACHE_DIR', '/tmp/cursor-sandbox-cache/0a89fd5853a2775f9221d2afb3efaa11/pip'), ('PIPX_HOME', '/tmp/cursor-sandbox-cache/0a89fd5853a2775f9221d2afb3efaa11/pipx'), ('NUGET_PACKAGES', '/tmp/cursor-sandbox-cache/0a89fd5853a2775f9221d2afb3efaa11/nuget'), ('HOMEBREW_CACHE', '/tmp/cursor-sandbox-cache/0a89fd5853a2775f9221d2afb3efaa11/homebrew'), ('SHLVL', '1'), ('LD_LIBRARY_PATH', '/var/robotic/yahboomcar_ws/install/arm_interface/lib:/opt/ros/humble/opt/rviz_ogre_vendor/lib:/opt/ros/humble/lib/x86_64-linux-gnu:/opt/ros/humble/lib'), ('BROWSER', '/home/spen/.cursor-server/bin/linux-x64/4f2b772756b8f609e1354b3063de282ccbe7a690/bin/helpers/browser.sh'), ('MOTD_SHOWN', 'pam'), ('HOME', '/home/spen'), ('OLDPWD', '/var/robotic/yahboomcar_ws'), ('VSCODE_IPC_HOOK_CLI', '/run/user/1000/vscode-ipc-c8f91eca-ec4d-4c49-9630-5865a294962b.sock'), ('ROS_PYTHON_VERSION', '3'), ('LC_MONETARY', 'en_US.UTF-8'), ('NO_COLOR', '1'), ('CONDA_PKGS_DIRS', '/tmp/cursor-sandbox-cache/0a89fd5853a2775f9221d2afb3efaa11/conda'), ('DBUS_SESSION_BUS_ADDRESS', 'unix:path=/run/user/1000/bus'), ('VOLTA_HOME', '/tmp/cursor-sandbox-cache/0a89fd5853a2775f9221d2afb3efaa11/volta'), ('COMPOSER_HOME', '/tmp/cursor-sandbox-cache/0a89fd5853a2775f9221d2afb3efaa11/composer'), ('COLCON_PREFIX_PATH', '/var/robotic/yahboomcar_ws/install'), ('ROS_DISTRO', 'humble'), ('LOGNAME', 'spen'), ('FORCE_COLOR', '0'), ('VSCODE_HANDLES_SIGPIPE', 'true'), ('BUN_INSTALL_CACHE_DIR', '/tmp/cursor-sandbox-cache/0a89fd5853a2775f9221d2afb3efaa11/bun'), ('_', '/usr/bin/colcon'), ('ROS_VERSION', '2'), ('GOMODCACHE', '/tmp/cursor-sandbox-cache/0a89fd5853a2775f9221d2afb3efaa11/go-mod'), ('XDG_SESSION_CLASS', 'user'), ('CP_HOME_DIR', '/tmp/cursor-sandbox-cache/0a89fd5853a2775f9221d2afb3efaa11/cocoapods'), ('TERM', 'dumb'), ('EVERYSPHERE_RIPGREP_PATH', '/home/spen/.cursor-server/bin/linux-x64/4f2b772756b8f609e1354b3063de282ccbe7a690/resources/helpers/rg'), ('XDG_SESSION_ID', '8'), ('RUSTUP_HOME', '/tmp/cursor-sandbox-cache/0a89fd5853a2775f9221d2afb3efaa11/rustup'), ('ROS_LOCALHOST_ONLY', '0'), ('POETRY_CACHE_DIR', '/tmp/cursor-sandbox-cache/0a89fd5853a2775f9221d2afb3efaa11/poetry'), ('PATH', '/home/spen/.cursor-server/bin/linux-x64/4f2b772756b8f609e1354b3063de282ccbe7a690/bin/remote-cli:/opt/ros/humble/bin:/home/spen/.cursor-server/bin/linux-x64/4f2b772756b8f609e1354b3063de282ccbe7a690/bin/remote-cli:/usr/local/sbin:/usr/local/bin:/usr/sbin:/usr/bin:/sbin:/bin:/usr/games:/usr/local/games:/snap/bin'), ('YARN_CACHE_FOLDER', '/tmp/cursor-sandbox-cache/0a89fd5853a2775f9221d2afb3efaa11/yarn'), ('VSCODE_AGENT_FOLDER', '/home/spen/.cursor-server'), ('PAPERSIZE', 'letter'), ('UV_CACHE_DIR', '/tmp/cursor-sandbox-cache/0a89fd5853a2775f9221d2afb3efaa11/uv'), ('LC_ADDRESS', 'en_US.UTF-8'), ('PLAYWRIGHT_BROWSERS_PATH', '/tmp/cursor-sandbox-cache/0a89fd5853a2775f9221d2afb3efaa11/playwright'), ('XDG_RUNTIME_DIR', '/run/user/1000'), ('BUNDLE_PATH', '/tmp/cursor-sandbox-cache/0a89fd5853a2775f9221d2afb3efaa11/bundle'), ('DENO_DIR', '/tmp/cursor-sandbox-cache/0a89fd5853a2775f9221d2afb3efaa11/deno'), ('CURSOR_AGENT', '1'), ('LANG', 'en_US.UTF-8'), ('NX_CACHE_DIRECTORY', '/tmp/cursor-sandbox-cache/0a89fd5853a2775f9221d2afb3efaa11/nx'), ('LC_TELEPHONE', 'en_US.UTF-8'), ('LS_COLORS', ''), ('CYPRESS_CACHE_FOLDER', '/tmp/cursor-sandbox-cache/0a89fd5853a2775f9221d2afb3efaa11/cypress'), ('PNPM_STORE_PATH', '/tmp/cursor-sandbox-cache/0a89fd5853a2775f9221d2afb3efaa11/pnpm-store'), ('AMENT_PREFIX_PATH', '/var/robotic/yahboomcar_ws/install/yahboom_M3Pro_description:/var/robotic/yahboomcar_ws/install/arm_interface:/var/robotic/yahboomcar_ws/install/arm_driver:/var/robotic/yahboomcar_ws/install/M3Pro_demo:/var/robotic/yahboomcar_ws/install/M3Pro_MoveIt_demo:/opt/ros/humble'), ('SHELL', '/bin/bash'), ('CURSOR_SANDBOX', 'native'), ('LC_NAME', 'en_US.UTF-8'), ('VSCODE_SERVER_SHUTDOWN_TIMEOUT', '300'), ('GOCACHE', '/tmp/cursor-sandbox-cache/0a89fd5853a2775f9221d2afb3efaa11/go-build'), ('ELECTRON_RUN_AS_NODE', '1'), ('GEM_HOME', '/tmp/cursor-sandbox-cache/0a89fd5853a2775f9221d2afb3efaa11/gem'), ('LESSCLOSE', '/usr/bin/lesspipe %s %s'), ('LC_MEASUREMENT', 'en_US.UTF-8'), ('LC_IDENTIFICATION', 'en_US.UTF-8'), ('NPM_CONFIG_CACHE', '/tmp/cursor-sandbox-cache/0a89fd5853a2775f9221d2afb3efaa11/npm'), ('PWD', '/var/robotic/yahboomcar_ws/build/arm_kin'), ('GRADLE_USER_HOME', '/tmp/cursor-sandbox-cache/0a89fd5853a2775f9221d2afb3efaa11/gradle'), ('CARGO_HOME', '/tmp/cursor-sandbox-cache/0a89fd5853a2775f9221d2afb3efaa11/cargo'), ('SSH_CONNECTION', '192.168.50.35 2820 192.168.50.88 22'), ('XDG_DATA_DIRS', '/usr/share/gnome:/usr/local/share:/usr/share:/var/lib/snapd/desktop'), ('PYTHONPATH', '/var/robotic/yahboomcar_ws/install/yahboom_M3Pro_description/lib/python3.10/site-packages:/var/robotic/yahboomcar_ws/install/arm_interface/local/lib/python3.10/dist-packages:/var/robotic/yahboomcar_ws/install/arm_driver/lib/python3.10/site-packages:/var/robotic/yahboomcar_ws/install/M3Pro_demo/lib/python3.10/site-packages:/var/robotic/yahboomcar_ws/install/M3Pro_MoveIt_demo/lib/python3.10/site-packages:/opt/ros/humble/lib/python3.10/site-packages:/opt/ros/humble/local/lib/python3.10/dist-packages'), ('LC_NUMERIC', 'en_US.UTF-8'), ('TURBO_CACHE_DIR', '/tmp/cursor-sandbox-cache/0a89fd5853a2775f9221d2afb3efaa11/turbo'), ('LC_PAPER', 'en_US.UTF-8'), ('COLCON', '1'), ('_ZO_DOCTOR', '0'), ('CURSOR_SANDBOX_LANDLOCK_STATUS', 'fully_enforced'), ('CMAKE_PREFIX_PATH', '/var/robotic/yahboomcar_ws/install/arm_interface:/var/robotic/yahboomcar_ws/install/yahboom_M3Pro_description:/var/robotic/yahboomcar_ws/install/arm_driver:/var/robotic/yahboomcar_ws/install/M3Pro_demo:/var/robotic/yahboomcar_ws/install/M3Pro_MoveIt_demo:/opt/ros/humble')]), 'shell': False}
[0.341462] (arm_kin) StdoutLine: {'line': b'[ 50%] Building CXX object CMakeFiles/kin_srv.dir/src/kin_srv.cpp.o\n'}
[0.400330] (-) TimerEvent: {}
[0.500513] (-) TimerEvent: {}
[0.600709] (-) TimerEvent: {}
[0.700900] (-) TimerEvent: {}
[0.801081] (-) TimerEvent: {}
[0.901254] (-) TimerEvent: {}
[1.001444] (-) TimerEvent: {}
[1.101626] (-) TimerEvent: {}
[1.201808] (-) TimerEvent: {}
[1.301982] (-) TimerEvent: {}
[1.402208] (-) TimerEvent: {}
[1.502422] (-) TimerEvent: {}
[1.602632] (-) TimerEvent: {}
[1.702891] (-) TimerEvent: {}
[1.803100] (-) TimerEvent: {}
[1.903308] (-) TimerEvent: {}
[2.003520] (-) TimerEvent: {}
[2.056450] (arm_kin) StderrLine: {'line': b'/var/robotic/yahboomcar_ws/src/arm_kin/src/kin_srv.cpp: In function \xe2\x80\x98void handle_service(std::shared_ptr<arm_interface::srv::ArmKinemarics_Request_<std::allocator<void> > >, std::shared_ptr<arm_interface::srv::ArmKinemarics_Response_<std::allocator<void> > >)\xe2\x80\x99:\n'}
[2.056587] (arm_kin) StderrLine: {'line': b'/var/robotic/yahboomcar_ws/src/arm_kin/src/kin_srv.cpp:63:16: warning: unused variable \xe2\x80\x98tool_param\xe2\x80\x99 [-Wunused-variable]\n'}
[2.056621] (arm_kin) StderrLine: {'line': b'   63 |         double tool_param = 0.12;\n'}
[2.056649] (arm_kin) StderrLine: {'line': b'      |                ^~~~~~~~~~\n'}
[2.103679] (-) TimerEvent: {}
[2.203906] (-) TimerEvent: {}
[2.304205] (-) TimerEvent: {}
[2.404464] (-) TimerEvent: {}
[2.425342] (arm_kin) StderrLine: {'line': b'/var/robotic/yahboomcar_ws/src/arm_kin/src/kin_srv.cpp: In function \xe2\x80\x98int main(int, char**)\xe2\x80\x99:\n'}
[2.425488] (arm_kin) StderrLine: {'line': b'/var/robotic/yahboomcar_ws/src/arm_kin/src/kin_srv.cpp:107:37: warning: ignoring return value of \xe2\x80\x98rcutils_ret_t rcutils_logging_set_logger_level(const char*, int)\xe2\x80\x99 declared with attribute \xe2\x80\x98warn_unused_result\xe2\x80\x99 [-Wunused-result]\n'}
[2.425528] (arm_kin) StderrLine: {'line': b'  107 |     rcutils_logging_set_logger_level("kdl_parser", RCUTILS_LOG_SEVERITY_ERROR);\n'}
[2.425557] (arm_kin) StderrLine: {'line': b'      |     ~~~~~~~~~~~~~~~~~~~~~~~~~~~~~~~~^~~~~~~~~~~~~~~~~~~~~~~~~~~~~~~~~~~~~~~~~~\n'}
[2.504591] (-) TimerEvent: {}
[2.604910] (-) TimerEvent: {}
[2.688635] (arm_kin) StdoutLine: {'line': b'[100%] Linking CXX executable kin_srv\n'}
[2.704544] (arm_kin) StderrLine: {'line': b'/usr/bin/ld: cannot find -larmkin: No such file or directory\n'}
[2.704937] (-) TimerEvent: {}
[2.732324] (arm_kin) StderrLine: {'line': b'collect2: error: ld returned 1 exit status\n'}
[2.733334] (arm_kin) StderrLine: {'line': b'gmake[2]: *** [CMakeFiles/kin_srv.dir/build.make:177: kin_srv] Error 1\n'}
[2.733420] (arm_kin) StderrLine: {'line': b'gmake[1]: *** [CMakeFiles/Makefile2:137: CMakeFiles/kin_srv.dir/all] Error 2\n'}
[2.733450] (arm_kin) StderrLine: {'line': b'gmake: *** [Makefile:146: all] Error 2\n'}
[2.734872] (arm_kin) CommandEnded: {'returncode': 2}
[2.740037] (arm_kin) JobEnded: {'identifier': 'arm_kin', 'rc': 2}
[2.750418] (-) EventReactorShutdown: {}
