[0.006s] Invoking command in '/var/robotic/yahboomcar_ws/build/pkg_interfaces': CMAKE_PREFIX_PATH=${CMAKE_PREFIX_PATH}:/var/robotic/yahboomcar_ws/install/pkg_service:/var/robotic/yahboomcar_ws/install/pkg_topic:/var/robotic/yahboomcar_ws/install/yahboom_M3Pro_description:/var/robotic/yahboomcar_ws/install/pkg_helloworld_py:/var/robotic/yahboomcar_ws/install/arm_driver:/var/robotic/yahboomcar_ws/install/M3Pro_demo:/var/robotic/yahboomcar_ws/install/M3Pro_MoveIt_demo:/opt/ros/humble /usr/bin/cmake --build /var/robotic/yahboomcar_ws/build/pkg_interfaces -- -j2 -l2
[0.026s] -- Found ament_cmake: 1.3.12 (/opt/ros/humble/share/ament_cmake/cmake)
[0.102s] -- Found rosidl_default_generators: 1.2.0 (/opt/ros/humble/share/rosidl_default_generators/cmake)
[0.102s] -- Using all available rosidl_typesupport_c: rosidl_typesupport_fastrtps_c;rosidl_typesupport_introspection_c
[0.103s] -- Found rosidl_adapter: 3.1.8 (/opt/ros/humble/share/rosidl_adapter/cmake)
[0.121s] -- Using all available rosidl_typesupport_cpp: rosidl_typesupport_fastrtps_cpp;rosidl_typesupport_introspection_cpp
[0.302s] -- Found ament_cmake_ros: 0.10.0 (/opt/ros/humble/share/ament_cmake_ros/cmake)
[0.415s] -- Using all available rosidl_typesupport_c: rosidl_typesupport_fastrtps_c;rosidl_typesupport_introspection_c
[0.570s] -- Using all available rosidl_typesupport_cpp: rosidl_typesupport_fastrtps_cpp;rosidl_typesupport_introspection_cpp
[0.584s] -- Found python_cmake_module: 0.10.0 (/opt/ros/humble/share/python_cmake_module/cmake)
[0.597s] -- Using PYTHON_EXECUTABLE: /usr/bin/python3
[0.597s] -- Using PYTHON_INCLUDE_DIRS: /usr/include/python3.10
[0.597s] -- Using PYTHON_LIBRARIES: /usr/lib/x86_64-linux-gnu/libpython3.10.so
[0.611s] -- Found ament_lint_auto: 0.12.14 (/opt/ros/humble/share/ament_lint_auto/cmake)
[0.616s] -- Added test 'lint_cmake' to check CMake code style
[0.617s] -- Added test 'xmllint' to check XML markup files
[0.618s] -- Configuring done
[0.640s] -- Generating done
[0.645s] -- Build files have been written to: /var/robotic/yahboomcar_ws/build/pkg_interfaces
[0.664s] [35m[1mConsolidate compiler generated dependencies of target pkg_interfaces__rosidl_generator_c[0m
[0.669s] [  3%] Built target pkg_interfaces__cpp
[0.674s] [ 12%] Built target pkg_interfaces__rosidl_generator_c
[0.681s] [35m[1mConsolidate compiler generated dependencies of target pkg_interfaces__rosidl_typesupport_cpp[0m
[0.688s] [ 12%] Built target ament_cmake_python_copy_pkg_interfaces
[0.691s] [ 22%] Built target pkg_interfaces__rosidl_typesupport_cpp
[0.698s] [35m[1mConsolidate compiler generated dependencies of target pkg_interfaces__rosidl_typesupport_fastrtps_c[0m
[0.701s] [35m[1mConsolidate compiler generated dependencies of target pkg_interfaces__rosidl_typesupport_introspection_c[0m
[0.708s] [ 32%] Built target pkg_interfaces__rosidl_typesupport_fastrtps_c
[0.708s] [ 41%] Built target pkg_interfaces__rosidl_typesupport_introspection_c
[0.720s] [35m[1mConsolidate compiler generated dependencies of target pkg_interfaces__rosidl_typesupport_c[0m
[0.722s] [35m[1mConsolidate compiler generated dependencies of target pkg_interfaces__rosidl_typesupport_fastrtps_cpp[0m
[0.729s] [ 51%] Built target pkg_interfaces__rosidl_typesupport_c
[0.732s] [ 61%] Built target pkg_interfaces__rosidl_typesupport_fastrtps_cpp
[0.737s] [35m[1mConsolidate compiler generated dependencies of target pkg_interfaces__rosidl_typesupport_introspection_cpp[0m
[0.746s] [ 70%] Built target pkg_interfaces__rosidl_typesupport_introspection_cpp
[0.764s] [ 70%] Built target pkg_interfaces
[0.786s] [ 74%] Built target pkg_interfaces__py
[0.794s] [35m[1mConsolidate compiler generated dependencies of target pkg_interfaces__rosidl_generator_py[0m
[0.800s] [ 80%] Built target pkg_interfaces__rosidl_generator_py
[0.809s] [35m[1mConsolidate compiler generated dependencies of target pkg_interfaces__rosidl_typesupport_fastrtps_c__pyext[0m
[0.817s] [ 87%] Built target pkg_interfaces__rosidl_typesupport_fastrtps_c__pyext
[0.829s] [35m[1mConsolidate compiler generated dependencies of target pkg_interfaces__rosidl_typesupport_introspection_c__pyext[0m
[0.836s] [ 93%] Built target pkg_interfaces__rosidl_typesupport_introspection_c__pyext
[0.844s] [35m[1mConsolidate compiler generated dependencies of target pkg_interfaces__rosidl_typesupport_c__pyext[0m
[0.855s] [100%] Built target pkg_interfaces__rosidl_typesupport_c__pyext
[0.898s] running egg_info
[0.898s] writing pkg_interfaces.egg-info/PKG-INFO
[0.899s] writing dependency_links to pkg_interfaces.egg-info/dependency_links.txt
[0.900s] writing top-level names to pkg_interfaces.egg-info/top_level.txt
[0.901s] reading manifest file 'pkg_interfaces.egg-info/SOURCES.txt'
[0.901s] writing manifest file 'pkg_interfaces.egg-info/SOURCES.txt'
[0.917s] [100%] Built target ament_cmake_python_build_pkg_interfaces_egg
[0.925s] Invoked command in '/var/robotic/yahboomcar_ws/build/pkg_interfaces' returned '0': CMAKE_PREFIX_PATH=${CMAKE_PREFIX_PATH}:/var/robotic/yahboomcar_ws/install/pkg_service:/var/robotic/yahboomcar_ws/install/pkg_topic:/var/robotic/yahboomcar_ws/install/yahboom_M3Pro_description:/var/robotic/yahboomcar_ws/install/pkg_helloworld_py:/var/robotic/yahboomcar_ws/install/arm_driver:/var/robotic/yahboomcar_ws/install/M3Pro_demo:/var/robotic/yahboomcar_ws/install/M3Pro_MoveIt_demo:/opt/ros/humble /usr/bin/cmake --build /var/robotic/yahboomcar_ws/build/pkg_interfaces -- -j2 -l2
[0.931s] Invoking command in '/var/robotic/yahboomcar_ws/build/pkg_interfaces': CMAKE_PREFIX_PATH=${CMAKE_PREFIX_PATH}:/var/robotic/yahboomcar_ws/install/pkg_service:/var/robotic/yahboomcar_ws/install/pkg_topic:/var/robotic/yahboomcar_ws/install/yahboom_M3Pro_description:/var/robotic/yahboomcar_ws/install/pkg_helloworld_py:/var/robotic/yahboomcar_ws/install/arm_driver:/var/robotic/yahboomcar_ws/install/M3Pro_demo:/var/robotic/yahboomcar_ws/install/M3Pro_MoveIt_demo:/opt/ros/humble /usr/bin/cmake --install /var/robotic/yahboomcar_ws/build/pkg_interfaces
[0.936s] -- Install configuration: ""
[0.936s] -- Up-to-date: /var/robotic/yahboomcar_ws/install/pkg_interfaces/share/ament_index/resource_index/rosidl_interfaces/pkg_interfaces
[0.937s] -- Up-to-date: /var/robotic/yahboomcar_ws/install/pkg_interfaces/include/pkg_interfaces/pkg_interfaces
[0.937s] -- Up-to-date: /var/robotic/yahboomcar_ws/install/pkg_interfaces/include/pkg_interfaces/pkg_interfaces/action
[0.937s] -- Up-to-date: /var/robotic/yahboomcar_ws/install/pkg_interfaces/include/pkg_interfaces/pkg_interfaces/action/detail
[0.937s] -- Up-to-date: /var/robotic/yahboomcar_ws/install/pkg_interfaces/include/pkg_interfaces/pkg_interfaces/action/detail/progress__functions.c
[0.937s] -- Up-to-date: /var/robotic/yahboomcar_ws/install/pkg_interfaces/include/pkg_interfaces/pkg_interfaces/action/detail/progress__type_support.h
[0.937s] -- Up-to-date: /var/robotic/yahboomcar_ws/install/pkg_interfaces/include/pkg_interfaces/pkg_interfaces/action/detail/progress__functions.h
[0.938s] -- Up-to-date: /var/robotic/yahboomcar_ws/install/pkg_interfaces/include/pkg_interfaces/pkg_interfaces/action/detail/progress__struct.h
[0.938s] -- Up-to-date: /var/robotic/yahboomcar_ws/install/pkg_interfaces/include/pkg_interfaces/pkg_interfaces/action/progress.h
[0.938s] -- Up-to-date: /var/robotic/yahboomcar_ws/install/pkg_interfaces/include/pkg_interfaces/pkg_interfaces/msg
[0.938s] -- Up-to-date: /var/robotic/yahboomcar_ws/install/pkg_interfaces/include/pkg_interfaces/pkg_interfaces/msg/rosidl_generator_c__visibility_control.h
[0.938s] -- Up-to-date: /var/robotic/yahboomcar_ws/install/pkg_interfaces/share/pkg_interfaces/environment/library_path.sh
[0.938s] -- Installing: /var/robotic/yahboomcar_ws/install/pkg_interfaces/share/pkg_interfaces/environment/library_path.dsv
[0.938s] -- Up-to-date: /var/robotic/yahboomcar_ws/install/pkg_interfaces/lib/libpkg_interfaces__rosidl_generator_c.so
[0.939s] -- Up-to-date: /var/robotic/yahboomcar_ws/install/pkg_interfaces/include/pkg_interfaces/pkg_interfaces
[0.939s] -- Up-to-date: /var/robotic/yahboomcar_ws/install/pkg_interfaces/include/pkg_interfaces/pkg_interfaces/action
[0.939s] -- Up-to-date: /var/robotic/yahboomcar_ws/install/pkg_interfaces/include/pkg_interfaces/pkg_interfaces/action/detail
[0.939s] -- Up-to-date: /var/robotic/yahboomcar_ws/install/pkg_interfaces/include/pkg_interfaces/pkg_interfaces/action/detail/progress__rosidl_typesupport_fastrtps_c.h
[0.939s] -- Up-to-date: /var/robotic/yahboomcar_ws/install/pkg_interfaces/include/pkg_interfaces/pkg_interfaces/msg
[0.939s] -- Up-to-date: /var/robotic/yahboomcar_ws/install/pkg_interfaces/include/pkg_interfaces/pkg_interfaces/msg/rosidl_typesupport_fastrtps_c__visibility_control.h
[0.939s] -- Up-to-date: /var/robotic/yahboomcar_ws/install/pkg_interfaces/lib/libpkg_interfaces__rosidl_typesupport_fastrtps_c.so
[0.940s] -- Up-to-date: /var/robotic/yahboomcar_ws/install/pkg_interfaces/include/pkg_interfaces/pkg_interfaces
[0.940s] -- Up-to-date: /var/robotic/yahboomcar_ws/install/pkg_interfaces/include/pkg_interfaces/pkg_interfaces/action
[0.940s] -- Up-to-date: /var/robotic/yahboomcar_ws/install/pkg_interfaces/include/pkg_interfaces/pkg_interfaces/action/detail
[0.940s] -- Up-to-date: /var/robotic/yahboomcar_ws/install/pkg_interfaces/include/pkg_interfaces/pkg_interfaces/action/detail/progress__type_support.c
[0.940s] -- Up-to-date: /var/robotic/yahboomcar_ws/install/pkg_interfaces/include/pkg_interfaces/pkg_interfaces/action/detail/progress__rosidl_typesupport_introspection_c.h
[0.940s] -- Up-to-date: /var/robotic/yahboomcar_ws/install/pkg_interfaces/include/pkg_interfaces/pkg_interfaces/msg
[0.940s] -- Up-to-date: /var/robotic/yahboomcar_ws/install/pkg_interfaces/include/pkg_interfaces/pkg_interfaces/msg/rosidl_typesupport_introspection_c__visibility_control.h
[0.940s] -- Up-to-date: /var/robotic/yahboomcar_ws/install/pkg_interfaces/lib/libpkg_interfaces__rosidl_typesupport_introspection_c.so
[0.940s] -- Up-to-date: /var/robotic/yahboomcar_ws/install/pkg_interfaces/lib/libpkg_interfaces__rosidl_typesupport_c.so
[0.941s] -- Up-to-date: /var/robotic/yahboomcar_ws/install/pkg_interfaces/include/pkg_interfaces/pkg_interfaces
[0.941s] -- Up-to-date: /var/robotic/yahboomcar_ws/install/pkg_interfaces/include/pkg_interfaces/pkg_interfaces/action
[0.941s] -- Up-to-date: /var/robotic/yahboomcar_ws/install/pkg_interfaces/include/pkg_interfaces/pkg_interfaces/action/detail
[0.941s] -- Up-to-date: /var/robotic/yahboomcar_ws/install/pkg_interfaces/include/pkg_interfaces/pkg_interfaces/action/detail/progress__traits.hpp
[0.941s] -- Up-to-date: /var/robotic/yahboomcar_ws/install/pkg_interfaces/include/pkg_interfaces/pkg_interfaces/action/detail/progress__type_support.hpp
[0.941s] -- Up-to-date: /var/robotic/yahboomcar_ws/install/pkg_interfaces/include/pkg_interfaces/pkg_interfaces/action/detail/progress__struct.hpp
[0.941s] -- Up-to-date: /var/robotic/yahboomcar_ws/install/pkg_interfaces/include/pkg_interfaces/pkg_interfaces/action/detail/progress__builder.hpp
[0.941s] -- Up-to-date: /var/robotic/yahboomcar_ws/install/pkg_interfaces/include/pkg_interfaces/pkg_interfaces/action/progress.hpp
[0.941s] -- Up-to-date: /var/robotic/yahboomcar_ws/install/pkg_interfaces/include/pkg_interfaces/pkg_interfaces/msg
[0.941s] -- Up-to-date: /var/robotic/yahboomcar_ws/install/pkg_interfaces/include/pkg_interfaces/pkg_interfaces/msg/rosidl_generator_cpp__visibility_control.hpp
[0.941s] -- Up-to-date: /var/robotic/yahboomcar_ws/install/pkg_interfaces/include/pkg_interfaces/pkg_interfaces
[0.941s] -- Up-to-date: /var/robotic/yahboomcar_ws/install/pkg_interfaces/include/pkg_interfaces/pkg_interfaces/action
[0.941s] -- Up-to-date: /var/robotic/yahboomcar_ws/install/pkg_interfaces/include/pkg_interfaces/pkg_interfaces/action/detail
[0.941s] -- Up-to-date: /var/robotic/yahboomcar_ws/install/pkg_interfaces/include/pkg_interfaces/pkg_interfaces/action/detail/progress__rosidl_typesupport_fastrtps_cpp.hpp
[0.941s] -- Up-to-date: /var/robotic/yahboomcar_ws/install/pkg_interfaces/include/pkg_interfaces/pkg_interfaces/action/detail/dds_fastrtps
[0.942s] -- Up-to-date: /var/robotic/yahboomcar_ws/install/pkg_interfaces/include/pkg_interfaces/pkg_interfaces/msg
[0.942s] -- Up-to-date: /var/robotic/yahboomcar_ws/install/pkg_interfaces/include/pkg_interfaces/pkg_interfaces/msg/rosidl_typesupport_fastrtps_cpp__visibility_control.h
[0.942s] -- Up-to-date: /var/robotic/yahboomcar_ws/install/pkg_interfaces/lib/libpkg_interfaces__rosidl_typesupport_fastrtps_cpp.so
[0.942s] -- Up-to-date: /var/robotic/yahboomcar_ws/install/pkg_interfaces/include/pkg_interfaces/pkg_interfaces
[0.942s] -- Up-to-date: /var/robotic/yahboomcar_ws/install/pkg_interfaces/include/pkg_interfaces/pkg_interfaces/action
[0.942s] -- Up-to-date: /var/robotic/yahboomcar_ws/install/pkg_interfaces/include/pkg_interfaces/pkg_interfaces/action/detail
[0.942s] -- Up-to-date: /var/robotic/yahboomcar_ws/install/pkg_interfaces/include/pkg_interfaces/pkg_interfaces/action/detail/progress__type_support.cpp
[0.942s] -- Up-to-date: /var/robotic/yahboomcar_ws/install/pkg_interfaces/include/pkg_interfaces/pkg_interfaces/action/detail/progress__rosidl_typesupport_introspection_cpp.hpp
[0.943s] -- Up-to-date: /var/robotic/yahboomcar_ws/install/pkg_interfaces/lib/libpkg_interfaces__rosidl_typesupport_introspection_cpp.so
[0.943s] -- Up-to-date: /var/robotic/yahboomcar_ws/install/pkg_interfaces/lib/libpkg_interfaces__rosidl_typesupport_cpp.so
[0.943s] -- Up-to-date: /var/robotic/yahboomcar_ws/install/pkg_interfaces/share/pkg_interfaces/environment/pythonpath.sh
[0.943s] -- Installing: /var/robotic/yahboomcar_ws/install/pkg_interfaces/share/pkg_interfaces/environment/pythonpath.dsv
[0.943s] -- Up-to-date: /var/robotic/yahboomcar_ws/install/pkg_interfaces/local/lib/python3.10/dist-packages/pkg_interfaces-0.0.0-py3.10.egg-info
[0.943s] -- Installing: /var/robotic/yahboomcar_ws/install/pkg_interfaces/local/lib/python3.10/dist-packages/pkg_interfaces-0.0.0-py3.10.egg-info/SOURCES.txt
[0.943s] -- Installing: /var/robotic/yahboomcar_ws/install/pkg_interfaces/local/lib/python3.10/dist-packages/pkg_interfaces-0.0.0-py3.10.egg-info/top_level.txt
[0.943s] -- Installing: /var/robotic/yahboomcar_ws/install/pkg_interfaces/local/lib/python3.10/dist-packages/pkg_interfaces-0.0.0-py3.10.egg-info/PKG-INFO
[0.943s] -- Installing: /var/robotic/yahboomcar_ws/install/pkg_interfaces/local/lib/python3.10/dist-packages/pkg_interfaces-0.0.0-py3.10.egg-info/dependency_links.txt
[0.944s] -- Up-to-date: /var/robotic/yahboomcar_ws/install/pkg_interfaces/local/lib/python3.10/dist-packages/pkg_interfaces
[0.944s] -- Up-to-date: /var/robotic/yahboomcar_ws/install/pkg_interfaces/local/lib/python3.10/dist-packages/pkg_interfaces/pkg_interfaces_s__rosidl_typesupport_c.cpython-310-x86_64-linux-gnu.so
[0.944s] -- Up-to-date: /var/robotic/yahboomcar_ws/install/pkg_interfaces/local/lib/python3.10/dist-packages/pkg_interfaces/action
[0.944s] -- Up-to-date: /var/robotic/yahboomcar_ws/install/pkg_interfaces/local/lib/python3.10/dist-packages/pkg_interfaces/action/_progress.py
[0.944s] -- Up-to-date: /var/robotic/yahboomcar_ws/install/pkg_interfaces/local/lib/python3.10/dist-packages/pkg_interfaces/action/_progress_s.c
[0.944s] -- Up-to-date: /var/robotic/yahboomcar_ws/install/pkg_interfaces/local/lib/python3.10/dist-packages/pkg_interfaces/action/__init__.py
[0.944s] -- Up-to-date: /var/robotic/yahboomcar_ws/install/pkg_interfaces/local/lib/python3.10/dist-packages/pkg_interfaces/pkg_interfaces_s__rosidl_typesupport_introspection_c.cpython-310-x86_64-linux-gnu.so
[0.944s] -- Up-to-date: /var/robotic/yahboomcar_ws/install/pkg_interfaces/local/lib/python3.10/dist-packages/pkg_interfaces/_pkg_interfaces_s.ep.rosidl_typesupport_introspection_c.c
[0.944s] -- Up-to-date: /var/robotic/yahboomcar_ws/install/pkg_interfaces/local/lib/python3.10/dist-packages/pkg_interfaces/_pkg_interfaces_s.ep.rosidl_typesupport_c.c
[0.944s] -- Up-to-date: /var/robotic/yahboomcar_ws/install/pkg_interfaces/local/lib/python3.10/dist-packages/pkg_interfaces/libpkg_interfaces__rosidl_generator_py.so
[0.944s] -- Installing: /var/robotic/yahboomcar_ws/install/pkg_interfaces/local/lib/python3.10/dist-packages/pkg_interfaces/__init__.py
[0.945s] -- Up-to-date: /var/robotic/yahboomcar_ws/install/pkg_interfaces/local/lib/python3.10/dist-packages/pkg_interfaces/_pkg_interfaces_s.ep.rosidl_typesupport_fastrtps_c.c
[0.945s] -- Up-to-date: /var/robotic/yahboomcar_ws/install/pkg_interfaces/local/lib/python3.10/dist-packages/pkg_interfaces/pkg_interfaces_s__rosidl_typesupport_fastrtps_c.cpython-310-x86_64-linux-gnu.so
[0.966s] Listing '/var/robotic/yahboomcar_ws/install/pkg_interfaces/local/lib/python3.10/dist-packages/pkg_interfaces'...
[0.967s] Compiling '/var/robotic/yahboomcar_ws/install/pkg_interfaces/local/lib/python3.10/dist-packages/pkg_interfaces/__init__.py'...
[0.967s] Listing '/var/robotic/yahboomcar_ws/install/pkg_interfaces/local/lib/python3.10/dist-packages/pkg_interfaces/action'...
[0.969s] -- Up-to-date: /var/robotic/yahboomcar_ws/install/pkg_interfaces/local/lib/python3.10/dist-packages/pkg_interfaces/pkg_interfaces_s__rosidl_typesupport_fastrtps_c.cpython-310-x86_64-linux-gnu.so
[0.970s] -- Up-to-date: /var/robotic/yahboomcar_ws/install/pkg_interfaces/local/lib/python3.10/dist-packages/pkg_interfaces/pkg_interfaces_s__rosidl_typesupport_introspection_c.cpython-310-x86_64-linux-gnu.so
[0.970s] -- Up-to-date: /var/robotic/yahboomcar_ws/install/pkg_interfaces/local/lib/python3.10/dist-packages/pkg_interfaces/pkg_interfaces_s__rosidl_typesupport_c.cpython-310-x86_64-linux-gnu.so
[0.970s] -- Up-to-date: /var/robotic/yahboomcar_ws/install/pkg_interfaces/lib/libpkg_interfaces__rosidl_generator_py.so
[0.970s] -- Up-to-date: /var/robotic/yahboomcar_ws/install/pkg_interfaces/share/pkg_interfaces/action/Progress.idl
[0.970s] -- Up-to-date: /var/robotic/yahboomcar_ws/install/pkg_interfaces/share/pkg_interfaces/action/Progress.action
[0.970s] -- Up-to-date: /var/robotic/yahboomcar_ws/install/pkg_interfaces/share/ament_index/resource_index/package_run_dependencies/pkg_interfaces
[0.971s] -- Installing: /var/robotic/yahboomcar_ws/install/pkg_interfaces/share/ament_index/resource_index/parent_prefix_path/pkg_interfaces
[0.971s] -- Up-to-date: /var/robotic/yahboomcar_ws/install/pkg_interfaces/share/pkg_interfaces/environment/ament_prefix_path.sh
[0.971s] -- Installing: /var/robotic/yahboomcar_ws/install/pkg_interfaces/share/pkg_interfaces/environment/ament_prefix_path.dsv
[0.971s] -- Up-to-date: /var/robotic/yahboomcar_ws/install/pkg_interfaces/share/pkg_interfaces/environment/path.sh
[0.971s] -- Installing: /var/robotic/yahboomcar_ws/install/pkg_interfaces/share/pkg_interfaces/environment/path.dsv
[0.971s] -- Up-to-date: /var/robotic/yahboomcar_ws/install/pkg_interfaces/share/pkg_interfaces/local_setup.bash
[0.971s] -- Up-to-date: /var/robotic/yahboomcar_ws/install/pkg_interfaces/share/pkg_interfaces/local_setup.sh
[0.971s] -- Up-to-date: /var/robotic/yahboomcar_ws/install/pkg_interfaces/share/pkg_interfaces/local_setup.zsh
[0.971s] -- Installing: /var/robotic/yahboomcar_ws/install/pkg_interfaces/share/pkg_interfaces/local_setup.dsv
[0.972s] -- Installing: /var/robotic/yahboomcar_ws/install/pkg_interfaces/share/pkg_interfaces/package.dsv
[0.972s] -- Up-to-date: /var/robotic/yahboomcar_ws/install/pkg_interfaces/share/ament_index/resource_index/packages/pkg_interfaces
[0.972s] -- Up-to-date: /var/robotic/yahboomcar_ws/install/pkg_interfaces/share/pkg_interfaces/cmake/export_pkg_interfaces__rosidl_generator_cExport.cmake
[0.972s] -- Up-to-date: /var/robotic/yahboomcar_ws/install/pkg_interfaces/share/pkg_interfaces/cmake/export_pkg_interfaces__rosidl_generator_cExport-noconfig.cmake
[0.972s] -- Up-to-date: /var/robotic/yahboomcar_ws/install/pkg_interfaces/share/pkg_interfaces/cmake/export_pkg_interfaces__rosidl_typesupport_fastrtps_cExport.cmake
[0.972s] -- Up-to-date: /var/robotic/yahboomcar_ws/install/pkg_interfaces/share/pkg_interfaces/cmake/export_pkg_interfaces__rosidl_typesupport_fastrtps_cExport-noconfig.cmake
[0.972s] -- Up-to-date: /var/robotic/yahboomcar_ws/install/pkg_interfaces/share/pkg_interfaces/cmake/pkg_interfaces__rosidl_typesupport_introspection_cExport.cmake
[0.972s] -- Up-to-date: /var/robotic/yahboomcar_ws/install/pkg_interfaces/share/pkg_interfaces/cmake/pkg_interfaces__rosidl_typesupport_introspection_cExport-noconfig.cmake
[0.972s] -- Up-to-date: /var/robotic/yahboomcar_ws/install/pkg_interfaces/share/pkg_interfaces/cmake/pkg_interfaces__rosidl_typesupport_cExport.cmake
[0.972s] -- Up-to-date: /var/robotic/yahboomcar_ws/install/pkg_interfaces/share/pkg_interfaces/cmake/pkg_interfaces__rosidl_typesupport_cExport-noconfig.cmake
[0.972s] -- Up-to-date: /var/robotic/yahboomcar_ws/install/pkg_interfaces/share/pkg_interfaces/cmake/export_pkg_interfaces__rosidl_generator_cppExport.cmake
[0.973s] -- Up-to-date: /var/robotic/yahboomcar_ws/install/pkg_interfaces/share/pkg_interfaces/cmake/export_pkg_interfaces__rosidl_typesupport_fastrtps_cppExport.cmake
[0.973s] -- Up-to-date: /var/robotic/yahboomcar_ws/install/pkg_interfaces/share/pkg_interfaces/cmake/export_pkg_interfaces__rosidl_typesupport_fastrtps_cppExport-noconfig.cmake
[0.973s] -- Up-to-date: /var/robotic/yahboomcar_ws/install/pkg_interfaces/share/pkg_interfaces/cmake/pkg_interfaces__rosidl_typesupport_introspection_cppExport.cmake
[0.973s] -- Up-to-date: /var/robotic/yahboomcar_ws/install/pkg_interfaces/share/pkg_interfaces/cmake/pkg_interfaces__rosidl_typesupport_introspection_cppExport-noconfig.cmake
[0.973s] -- Up-to-date: /var/robotic/yahboomcar_ws/install/pkg_interfaces/share/pkg_interfaces/cmake/pkg_interfaces__rosidl_typesupport_cppExport.cmake
[0.973s] -- Up-to-date: /var/robotic/yahboomcar_ws/install/pkg_interfaces/share/pkg_interfaces/cmake/pkg_interfaces__rosidl_typesupport_cppExport-noconfig.cmake
[0.973s] -- Up-to-date: /var/robotic/yahboomcar_ws/install/pkg_interfaces/share/pkg_interfaces/cmake/export_pkg_interfaces__rosidl_generator_pyExport.cmake
[0.973s] -- Up-to-date: /var/robotic/yahboomcar_ws/install/pkg_interfaces/share/pkg_interfaces/cmake/export_pkg_interfaces__rosidl_generator_pyExport-noconfig.cmake
[0.973s] -- Up-to-date: /var/robotic/yahboomcar_ws/install/pkg_interfaces/share/pkg_interfaces/cmake/rosidl_cmake-extras.cmake
[0.973s] -- Up-to-date: /var/robotic/yahboomcar_ws/install/pkg_interfaces/share/pkg_interfaces/cmake/ament_cmake_export_dependencies-extras.cmake
[0.973s] -- Up-to-date: /var/robotic/yahboomcar_ws/install/pkg_interfaces/share/pkg_interfaces/cmake/ament_cmake_export_include_directories-extras.cmake
[0.973s] -- Up-to-date: /var/robotic/yahboomcar_ws/install/pkg_interfaces/share/pkg_interfaces/cmake/ament_cmake_export_libraries-extras.cmake
[0.973s] -- Up-to-date: /var/robotic/yahboomcar_ws/install/pkg_interfaces/share/pkg_interfaces/cmake/ament_cmake_export_targets-extras.cmake
[0.974s] -- Up-to-date: /var/robotic/yahboomcar_ws/install/pkg_interfaces/share/pkg_interfaces/cmake/rosidl_cmake_export_typesupport_targets-extras.cmake
[0.974s] -- Up-to-date: /var/robotic/yahboomcar_ws/install/pkg_interfaces/share/pkg_interfaces/cmake/rosidl_cmake_export_typesupport_libraries-extras.cmake
[0.974s] -- Up-to-date: /var/robotic/yahboomcar_ws/install/pkg_interfaces/share/pkg_interfaces/cmake/pkg_interfacesConfig.cmake
[0.974s] -- Up-to-date: /var/robotic/yahboomcar_ws/install/pkg_interfaces/share/pkg_interfaces/cmake/pkg_interfacesConfig-version.cmake
[0.975s] -- Up-to-date: /var/robotic/yahboomcar_ws/install/pkg_interfaces/share/pkg_interfaces/package.xml
[0.976s] Invoked command in '/var/robotic/yahboomcar_ws/build/pkg_interfaces' returned '0': CMAKE_PREFIX_PATH=${CMAKE_PREFIX_PATH}:/var/robotic/yahboomcar_ws/install/pkg_service:/var/robotic/yahboomcar_ws/install/pkg_topic:/var/robotic/yahboomcar_ws/install/yahboom_M3Pro_description:/var/robotic/yahboomcar_ws/install/pkg_helloworld_py:/var/robotic/yahboomcar_ws/install/arm_driver:/var/robotic/yahboomcar_ws/install/M3Pro_demo:/var/robotic/yahboomcar_ws/install/M3Pro_MoveIt_demo:/opt/ros/humble /usr/bin/cmake --install /var/robotic/yahboomcar_ws/build/pkg_interfaces
