[0.000000] (-) TimerEvent: {}
[0.000047] (-) JobUnselected: {'identifier': 'M3Pro_MoveIt_demo'}
[0.000059] (-) JobUnselected: {'identifier': 'M3Pro_config'}
[0.000067] (-) JobUnselected: {'identifier': 'M3Pro_demo'}
[0.000074] (-) JobUnselected: {'identifier': 'MoveIt_demo'}
[0.000081] (-) JobUnselected: {'identifier': 'arm_driver'}
[0.000088] (-) JobUnselected: {'identifier': 'arm_interface'}
[0.000095] (-) JobUnselected: {'identifier': 'arm_msgs'}
[0.000102] (-) JobUnselected: {'identifier': 'test_config'}
[0.000109] (-) JobUnselected: {'identifier': 'test_moveit_config'}
[0.000116] (-) JobUnselected: {'identifier': 'yahboom_M3Pro_DepthCam'}
[0.000123] (-) JobUnselected: {'identifier': 'yahboom_M3Pro_description'}
[0.000129] (-) JobUnselected: {'identifier': 'yahboom_M3Pro_laser'}
[0.000136] (-) JobUnselected: {'identifier': 'yahboom_yolov8'}
[0.000143] (-) JobUnselected: {'identifier': 'yahboomcar_ctrl'}
[0.000149] (-) JobUnselected: {'identifier': 'yahboomcar_mediapipe'}
[0.000156] (-) JobUnselected: {'identifier': 'yahboomcar_msgs'}
[0.000164] (arm_kin) JobQueued: {'identifier': 'arm_kin', 'dependencies': OrderedDict()}
[0.000173] (arm_kin) JobStarted: {'identifier': 'arm_kin'}
[0.005349] (arm_kin) JobProgress: {'identifier': 'arm_kin', 'progress': 'cmake'}
[0.005816] (arm_kin) Command: {'cmd': ['/usr/bin/cmake', '/var/robotic/yahboomcar_ws/src/arm_kin', '-DCMAKE_INSTALL_PREFIX=/var/robotic/yahboomcar_ws/install/arm_kin'], 'cwd': '/var/robotic/yahboomcar_ws/build/arm_kin', 'env': OrderedDict([('npm_config_devdir', '/tmp/cursor-sandbox-cache/0a89fd5853a2775f9221d2afb3efaa11/node-gyp'), ('LESSOPEN', '| /usr/bin/lesspipe %s'), ('VSCODE_CWD', '/home/spen'), ('VSCODE_ESM_ENTRYPOINT', 'vs/workbench/api/node/extensionHostProcess'), ('PUPPETEER_CACHE_DIR', '/tmp/cursor-sandbox-cache/0a89fd5853a2775f9221d2afb3efaa11/puppeteer'), ('LANGUAGE', 'en_US'), ('USER', 'spen'), ('SSH_CLIENT', '192.168.50.35 2820 22'), ('LC_TIME', 'en_US.UTF-8'), ('VSCODE_NLS_CONFIG', '{"userLocale":"en","osLocale":"en","resolvedLanguage":"en","defaultMessagesFile":"/home/spen/.cursor-server/bin/linux-x64/4f2b772756b8f609e1354b3063de282ccbe7a690/out/nls.messages.json","locale":"en","availableLanguages":{}}'), ('CCACHE_DIR', '/tmp/cursor-sandbox-cache/0a89fd5853a2775f9221d2afb3efaa11/ccache'), ('CI', '1'), ('VSCODE_HANDLES_UNCAUGHT_ERRORS', 'true'), ('XDG_SESSION_TYPE', 'tty'), ('PIP_CACHE_DIR', '/tmp/cursor-sandbox-cache/0a89fd5853a2775f9221d2afb3efaa11/pip'), ('PIPX_HOME', '/tmp/cursor-sandbox-cache/0a89fd5853a2775f9221d2afb3efaa11/pipx'), ('NUGET_PACKAGES', '/tmp/cursor-sandbox-cache/0a89fd5853a2775f9221d2afb3efaa11/nuget'), ('HOMEBREW_CACHE', '/tmp/cursor-sandbox-cache/0a89fd5853a2775f9221d2afb3efaa11/homebrew'), ('SHLVL', '1'), ('LD_LIBRARY_PATH', '/opt/ros/humble/opt/rviz_ogre_vendor/lib:/opt/ros/humble/lib/x86_64-linux-gnu:/opt/ros/humble/lib'), ('BROWSER', '/home/spen/.cursor-server/bin/linux-x64/4f2b772756b8f609e1354b3063de282ccbe7a690/bin/helpers/browser.sh'), ('MOTD_SHOWN', 'pam'), ('HOME', '/home/spen'), ('OLDPWD', '/var/robotic/yahboomcar_ws'), ('VSCODE_IPC_HOOK_CLI', '/run/user/1000/vscode-ipc-c8f91eca-ec4d-4c49-9630-5865a294962b.sock'), ('ROS_PYTHON_VERSION', '3'), ('LC_MONETARY', 'en_US.UTF-8'), ('NO_COLOR', '1'), ('CONDA_PKGS_DIRS', '/tmp/cursor-sandbox-cache/0a89fd5853a2775f9221d2afb3efaa11/conda'), ('DBUS_SESSION_BUS_ADDRESS', 'unix:path=/run/user/1000/bus'), ('VOLTA_HOME', '/tmp/cursor-sandbox-cache/0a89fd5853a2775f9221d2afb3efaa11/volta'), ('COMPOSER_HOME', '/tmp/cursor-sandbox-cache/0a89fd5853a2775f9221d2afb3efaa11/composer'), ('ROS_DISTRO', 'humble'), ('LOGNAME', 'spen'), ('FORCE_COLOR', '0'), ('VSCODE_HANDLES_SIGPIPE', 'true'), ('BUN_INSTALL_CACHE_DIR', '/tmp/cursor-sandbox-cache/0a89fd5853a2775f9221d2afb3efaa11/bun'), ('_', '/usr/bin/colcon'), ('ROS_VERSION', '2'), ('GOMODCACHE', '/tmp/cursor-sandbox-cache/0a89fd5853a2775f9221d2afb3efaa11/go-mod'), ('XDG_SESSION_CLASS', 'user'), ('CP_HOME_DIR', '/tmp/cursor-sandbox-cache/0a89fd5853a2775f9221d2afb3efaa11/cocoapods'), ('TERM', 'dumb'), ('EVERYSPHERE_RIPGREP_PATH', '/home/spen/.cursor-server/bin/linux-x64/4f2b772756b8f609e1354b3063de282ccbe7a690/resources/helpers/rg'), ('XDG_SESSION_ID', '8'), ('RUSTUP_HOME', '/tmp/cursor-sandbox-cache/0a89fd5853a2775f9221d2afb3efaa11/rustup'), ('ROS_LOCALHOST_ONLY', '0'), ('POETRY_CACHE_DIR', '/tmp/cursor-sandbox-cache/0a89fd5853a2775f9221d2afb3efaa11/poetry'), ('PATH', '/home/spen/.cursor-server/bin/linux-x64/4f2b772756b8f609e1354b3063de282ccbe7a690/bin/remote-cli:/opt/ros/humble/bin:/home/spen/.cursor-server/bin/linux-x64/4f2b772756b8f609e1354b3063de282ccbe7a690/bin/remote-cli:/usr/local/sbin:/usr/local/bin:/usr/sbin:/usr/bin:/sbin:/bin:/usr/games:/usr/local/games:/snap/bin'), ('YARN_CACHE_FOLDER', '/tmp/cursor-sandbox-cache/0a89fd5853a2775f9221d2afb3efaa11/yarn'), ('VSCODE_AGENT_FOLDER', '/home/spen/.cursor-server'), ('PAPERSIZE', 'letter'), ('UV_CACHE_DIR', '/tmp/cursor-sandbox-cache/0a89fd5853a2775f9221d2afb3efaa11/uv'), ('LC_ADDRESS', 'en_US.UTF-8'), ('PLAYWRIGHT_BROWSERS_PATH', '/tmp/cursor-sandbox-cache/0a89fd5853a2775f9221d2afb3efaa11/playwright'), ('XDG_RUNTIME_DIR', '/run/user/1000'), ('BUNDLE_PATH', '/tmp/cursor-sandbox-cache/0a89fd5853a2775f9221d2afb3efaa11/bundle'), ('DENO_DIR', '/tmp/cursor-sandbox-cache/0a89fd5853a2775f9221d2afb3efaa11/deno'), ('CURSOR_AGENT', '1'), ('LANG', 'en_US.UTF-8'), ('NX_CACHE_DIRECTORY', '/tmp/cursor-sandbox-cache/0a89fd5853a2775f9221d2afb3efaa11/nx'), ('LC_TELEPHONE', 'en_US.UTF-8'), ('LS_COLORS', ''), ('CYPRESS_CACHE_FOLDER', '/tmp/cursor-sandbox-cache/0a89fd5853a2775f9221d2afb3efaa11/cypress'), ('PNPM_STORE_PATH', '/tmp/cursor-sandbox-cache/0a89fd5853a2775f9221d2afb3efaa11/pnpm-store'), ('AMENT_PREFIX_PATH', '/opt/ros/humble'), ('SHELL', '/bin/bash'), ('CURSOR_SANDBOX', 'native'), ('LC_NAME', 'en_US.UTF-8'), ('VSCODE_SERVER_SHUTDOWN_TIMEOUT', '300'), ('GOCACHE', '/tmp/cursor-sandbox-cache/0a89fd5853a2775f9221d2afb3efaa11/go-build'), ('ELECTRON_RUN_AS_NODE', '1'), ('GEM_HOME', '/tmp/cursor-sandbox-cache/0a89fd5853a2775f9221d2afb3efaa11/gem'), ('LESSCLOSE', '/usr/bin/lesspipe %s %s'), ('LC_MEASUREMENT', 'en_US.UTF-8'), ('LC_IDENTIFICATION', 'en_US.UTF-8'), ('NPM_CONFIG_CACHE', '/tmp/cursor-sandbox-cache/0a89fd5853a2775f9221d2afb3efaa11/npm'), ('PWD', '/var/robotic/yahboomcar_ws/build/arm_kin'), ('GRADLE_USER_HOME', '/tmp/cursor-sandbox-cache/0a89fd5853a2775f9221d2afb3efaa11/gradle'), ('CARGO_HOME', '/tmp/cursor-sandbox-cache/0a89fd5853a2775f9221d2afb3efaa11/cargo'), ('SSH_CONNECTION', '192.168.50.35 2820 192.168.50.88 22'), ('XDG_DATA_DIRS', '/usr/share/gnome:/usr/local/share:/usr/share:/var/lib/snapd/desktop'), ('PYTHONPATH', '/opt/ros/humble/lib/python3.10/site-packages:/opt/ros/humble/local/lib/python3.10/dist-packages'), ('LC_NUMERIC', 'en_US.UTF-8'), ('TURBO_CACHE_DIR', '/tmp/cursor-sandbox-cache/0a89fd5853a2775f9221d2afb3efaa11/turbo'), ('LC_PAPER', 'en_US.UTF-8'), ('COLCON', '1'), ('_ZO_DOCTOR', '0'), ('CURSOR_SANDBOX_LANDLOCK_STATUS', 'fully_enforced'), ('CMAKE_PREFIX_PATH', '/opt/ros/humble')]), 'shell': False}
[0.014330] (arm_kin) StdoutLine: {'line': b'-- Found ament_cmake: 1.3.12 (/opt/ros/humble/share/ament_cmake/cmake)\n'}
[0.081703] (arm_kin) StdoutLine: {'line': b'-- Found rclcpp: 16.0.17 (/opt/ros/humble/share/rclcpp/cmake)\n'}
[0.096517] (arm_kin) StdoutLine: {'line': b'-- Found rosidl_generator_c: 3.1.8 (/opt/ros/humble/share/rosidl_generator_c/cmake)\n'}
[0.097995] (arm_kin) StdoutLine: {'line': b'-- Found rosidl_adapter: 3.1.8 (/opt/ros/humble/share/rosidl_adapter/cmake)\n'}
[0.099081] (-) TimerEvent: {}
[0.101346] (arm_kin) StdoutLine: {'line': b'-- Found rosidl_generator_cpp: 3.1.8 (/opt/ros/humble/share/rosidl_generator_cpp/cmake)\n'}
[0.106429] (arm_kin) StdoutLine: {'line': b'-- Using all available rosidl_typesupport_c: rosidl_typesupport_fastrtps_c;rosidl_typesupport_introspection_c\n'}
[0.112813] (arm_kin) StdoutLine: {'line': b'-- Using all available rosidl_typesupport_cpp: rosidl_typesupport_fastrtps_cpp;rosidl_typesupport_introspection_cpp\n'}
[0.129602] (arm_kin) StdoutLine: {'line': b'-- Found rmw_implementation_cmake: 6.1.2 (/opt/ros/humble/share/rmw_implementation_cmake/cmake)\n'}
[0.130293] (arm_kin) StdoutLine: {'line': b'-- Found rmw_fastrtps_cpp: 6.2.9 (/opt/ros/humble/share/rmw_fastrtps_cpp/cmake)\n'}
[0.183377] (arm_kin) StdoutLine: {'line': b"-- Using RMW implementation 'rmw_fastrtps_cpp' as default\n"}
[0.199191] (-) TimerEvent: {}
[0.212694] (arm_kin) StderrLine: {'line': b'CMake Error at CMakeLists.txt:13 (find_package):\n'}
[0.212827] (arm_kin) StderrLine: {'line': b'  By not providing "Findarm_interface.cmake" in CMAKE_MODULE_PATH this\n'}
[0.212860] (arm_kin) StderrLine: {'line': b'  project has asked CMake to find a package configuration file provided by\n'}
[0.212889] (arm_kin) StderrLine: {'line': b'  "arm_interface", but CMake did not find one.\n'}
[0.212917] (arm_kin) StderrLine: {'line': b'\n'}
[0.212949] (arm_kin) StderrLine: {'line': b'  Could not find a package configuration file provided by "arm_interface"\n'}
[0.212976] (arm_kin) StderrLine: {'line': b'  with any of the following names:\n'}
[0.213003] (arm_kin) StderrLine: {'line': b'\n'}
[0.213028] (arm_kin) StderrLine: {'line': b'    arm_interfaceConfig.cmake\n'}
[0.213053] (arm_kin) StderrLine: {'line': b'    arm_interface-config.cmake\n'}
[0.213078] (arm_kin) StderrLine: {'line': b'\n'}
[0.213104] (arm_kin) StderrLine: {'line': b'  Add the installation prefix of "arm_interface" to CMAKE_PREFIX_PATH or set\n'}
[0.213129] (arm_kin) StderrLine: {'line': b'  "arm_interface_DIR" to a directory containing one of the above files.  If\n'}
[0.213154] (arm_kin) StderrLine: {'line': b'  "arm_interface" provides a separate development package or SDK, be sure it\n'}
[0.213180] (arm_kin) StderrLine: {'line': b'  has been installed.\n'}
[0.213205] (arm_kin) StderrLine: {'line': b'\n'}
[0.213230] (arm_kin) StderrLine: {'line': b'\n'}
[0.213256] (arm_kin) StdoutLine: {'line': b'-- Configuring incomplete, errors occurred!\n'}
[0.213283] (arm_kin) StdoutLine: {'line': b'See also "/var/robotic/yahboomcar_ws/build/arm_kin/CMakeFiles/CMakeOutput.log".\n'}
[0.216237] (arm_kin) CommandEnded: {'returncode': 1}
[0.228811] (arm_kin) JobEnded: {'identifier': 'arm_kin', 'rc': 1}
[0.229268] (-) EventReactorShutdown: {}
