[0.514s] Invoking command in '/var/robotic/yahboomcar_ws/src/M3Pro_demo': PYTHONPATH=/var/robotic/yahboomcar_ws/build/M3Pro_demo/prefix_override:/usr/lib/python3/dist-packages/colcon_core/task/python/colcon_distutils_commands:/var/robotic/yahboomcar_ws/install/M3Pro_demo/lib/python3.10/site-packages:${PYTHONPATH} /usr/bin/python3 -W ignore:setup.py install is deprecated -W ignore:easy_install command is deprecated setup.py egg_info --egg-base ../../build/M3Pro_demo build --build-base /var/robotic/yahboomcar_ws/build/M3Pro_demo/build install --record /var/robotic/yahboomcar_ws/build/M3Pro_demo/install.log --single-version-externally-managed install_data
[0.635s] running egg_info
[0.635s] writing ../../build/M3Pro_demo/M3Pro_demo.egg-info/PKG-INFO
[0.636s] writing dependency_links to ../../build/M3Pro_demo/M3Pro_demo.egg-info/dependency_links.txt
[0.637s] writing entry points to ../../build/M3Pro_demo/M3Pro_demo.egg-info/entry_points.txt
[0.637s] writing requirements to ../../build/M3Pro_demo/M3Pro_demo.egg-info/requires.txt
[0.638s] writing top-level names to ../../build/M3Pro_demo/M3Pro_demo.egg-info/top_level.txt
[0.640s] reading manifest file '../../build/M3Pro_demo/M3Pro_demo.egg-info/SOURCES.txt'
[0.640s] writing manifest file '../../build/M3Pro_demo/M3Pro_demo.egg-info/SOURCES.txt'
[0.641s] running build
[0.641s] running build_py
[0.643s] running install
[0.643s] running install_lib
[0.646s] running install_data
[0.646s] running install_egg_info
[0.647s] removing '/var/robotic/yahboomcar_ws/install/M3Pro_demo/lib/python3.10/site-packages/M3Pro_demo-0.0.0-py3.10.egg-info' (and everything under it)
[0.651s] Copying ../../build/M3Pro_demo/M3Pro_demo.egg-info to /var/robotic/yahboomcar_ws/install/M3Pro_demo/lib/python3.10/site-packages/M3Pro_demo-0.0.0-py3.10.egg-info
[0.653s] running install_scripts
[0.664s] Installing Gesture_Moving script to /var/robotic/yahboomcar_ws/install/M3Pro_demo/lib/M3Pro_demo
[0.665s] Installing KCF_follow script to /var/robotic/yahboomcar_ws/install/M3Pro_demo/lib/M3Pro_demo
[0.666s] Installing KCF_follow_desktop script to /var/robotic/yahboomcar_ws/install/M3Pro_demo/lib/M3Pro_demo
[0.667s] Installing KCF_track script to /var/robotic/yahboomcar_ws/install/M3Pro_demo/lib/M3Pro_demo
[0.667s] Installing M3Pro_Dancing script to /var/robotic/yahboomcar_ws/install/M3Pro_demo/lib/M3Pro_demo
[0.667s] Installing apriltagDist_gesture script to /var/robotic/yahboomcar_ws/install/M3Pro_demo/lib/M3Pro_demo
[0.668s] Installing apriltagHeight_gesture script to /var/robotic/yahboomcar_ws/install/M3Pro_demo/lib/M3Pro_demo
[0.668s] Installing apriltagID_gesture script to /var/robotic/yahboomcar_ws/install/M3Pro_demo/lib/M3Pro_demo
[0.668s] Installing apriltag_detect script to /var/robotic/yahboomcar_ws/install/M3Pro_demo/lib/M3Pro_demo
[0.669s] Installing apriltag_follow script to /var/robotic/yahboomcar_ws/install/M3Pro_demo/lib/M3Pro_demo
[0.670s] Installing apriltag_follow_2D script to /var/robotic/yahboomcar_ws/install/M3Pro_demo/lib/M3Pro_demo
[0.670s] Installing apriltag_list script to /var/robotic/yahboomcar_ws/install/M3Pro_demo/lib/M3Pro_demo
[0.670s] Installing apriltag_rotation script to /var/robotic/yahboomcar_ws/install/M3Pro_demo/lib/M3Pro_demo
[0.671s] Installing apriltag_track script to /var/robotic/yahboomcar_ws/install/M3Pro_demo/lib/M3Pro_demo
[0.671s] Installing apriltag_track_desktop script to /var/robotic/yahboomcar_ws/install/M3Pro_demo/lib/M3Pro_demo
[0.672s] Installing apriltag_transport script to /var/robotic/yahboomcar_ws/install/M3Pro_demo/lib/M3Pro_demo
[0.672s] Installing apriltag_transport_V2 script to /var/robotic/yahboomcar_ws/install/M3Pro_demo/lib/M3Pro_demo
[0.673s] Installing arm_offset script to /var/robotic/yahboomcar_ws/install/M3Pro_demo/lib/M3Pro_demo
[0.673s] Installing color_follow script to /var/robotic/yahboomcar_ws/install/M3Pro_demo/lib/M3Pro_demo
[0.673s] Installing color_list script to /var/robotic/yahboomcar_ws/install/M3Pro_demo/lib/M3Pro_demo
[0.674s] Installing color_recognize script to /var/robotic/yahboomcar_ws/install/M3Pro_demo/lib/M3Pro_demo
[0.675s] Installing color_track script to /var/robotic/yahboomcar_ws/install/M3Pro_demo/lib/M3Pro_demo
[0.675s] Installing color_track_desktop script to /var/robotic/yahboomcar_ws/install/M3Pro_demo/lib/M3Pro_demo
[0.675s] Installing color_transport script to /var/robotic/yahboomcar_ws/install/M3Pro_demo/lib/M3Pro_demo
[0.676s] Installing estimate_volume script to /var/robotic/yahboomcar_ws/install/M3Pro_demo/lib/M3Pro_demo
[0.676s] Installing follow_line script to /var/robotic/yahboomcar_ws/install/M3Pro_demo/lib/M3Pro_demo
[0.676s] Installing grasp script to /var/robotic/yahboomcar_ws/install/M3Pro_demo/lib/M3Pro_demo
[0.677s] Installing grasp_desktop script to /var/robotic/yahboomcar_ws/install/M3Pro_demo/lib/M3Pro_demo
[0.677s] Installing grasp_joint5 script to /var/robotic/yahboomcar_ws/install/M3Pro_demo/lib/M3Pro_demo
[0.678s] Installing grasp_transport script to /var/robotic/yahboomcar_ws/install/M3Pro_demo/lib/M3Pro_demo
[0.679s] Installing mediapipe_detect script to /var/robotic/yahboomcar_ws/install/M3Pro_demo/lib/M3Pro_demo
[0.679s] Installing mediapipe_gesture script to /var/robotic/yahboomcar_ws/install/M3Pro_demo/lib/M3Pro_demo
[0.680s] Installing shape_recognize script to /var/robotic/yahboomcar_ws/install/M3Pro_demo/lib/M3Pro_demo
[0.680s] Installing test_mediapipe script to /var/robotic/yahboomcar_ws/install/M3Pro_demo/lib/M3Pro_demo
[0.680s] Installing volume_calculations script to /var/robotic/yahboomcar_ws/install/M3Pro_demo/lib/M3Pro_demo
[0.681s] writing list of installed files to '/var/robotic/yahboomcar_ws/build/M3Pro_demo/install.log'
[0.696s] Invoked command in '/var/robotic/yahboomcar_ws/src/M3Pro_demo' returned '0': PYTHONPATH=/var/robotic/yahboomcar_ws/build/M3Pro_demo/prefix_override:/usr/lib/python3/dist-packages/colcon_core/task/python/colcon_distutils_commands:/var/robotic/yahboomcar_ws/install/M3Pro_demo/lib/python3.10/site-packages:${PYTHONPATH} /usr/bin/python3 -W ignore:setup.py install is deprecated -W ignore:easy_install command is deprecated setup.py egg_info --egg-base ../../build/M3Pro_demo build --build-base /var/robotic/yahboomcar_ws/build/M3Pro_demo/build install --record /var/robotic/yahboomcar_ws/build/M3Pro_demo/install.log --single-version-externally-managed install_data
