[0.063s] DEBUG:colcon:Command line arguments: ['/usr/bin/colcon', 'build', '--packages-select', 'pkg_interfaces']
[0.063s] DEBUG:colcon:Parsed command line arguments: Namespace(log_base=None, log_level=None, verb_name='build', build_base='build', install_base='install', merge_install=False, symlink_install=False, test_result_base=None, continue_on_error=False, executor='parallel', parallel_workers=2, event_handlers=None, ignore_user_meta=False, metas=['./colcon.meta'], base_paths=['.'], packages_ignore=None, packages_ignore_regex=None, paths=None, packages_up_to=None, packages_up_to_regex=None, packages_above=None, packages_above_and_dependencies=None, packages_above_depth=None, packages_select_by_dep=None, packages_skip_by_dep=None, packages_skip_up_to=None, packages_select_build_failed=False, packages_skip_build_finished=False, packages_select_test_failures=False, packages_skip_test_passed=False, packages_select=['pkg_interfaces'], packages_skip=None, packages_select_regex=None, packages_skip_regex=None, packages_start=None, packages_end=None, allow_overriding=[], cmake_args=None, cmake_target=None, cmake_target_skip_unavailable=False, cmake_clean_cache=False, cmake_clean_first=False, cmake_force_configure=False, ament_cmake_args=None, catkin_cmake_args=None, catkin_skip_building_tests=False, verb_parser=<colcon_defaults.argument_parser.defaults.DefaultArgumentsDecorator object at 0x774c9ab46b00>, verb_extension=<colcon_core.verb.build.BuildVerb object at 0x774c9ab001c0>, main=<bound method BuildVerb.main of <colcon_core.verb.build.BuildVerb object at 0x774c9ab001c0>>)
[0.154s] Level 1:colcon.colcon_core.package_discovery:discover_packages(colcon_meta) check parameters
[0.155s] Level 1:colcon.colcon_core.package_discovery:discover_packages(recursive) check parameters
[0.155s] Level 1:colcon.colcon_core.package_discovery:discover_packages(ignore) check parameters
[0.155s] Level 1:colcon.colcon_core.package_discovery:discover_packages(path) check parameters
[0.155s] Level 1:colcon.colcon_core.package_discovery:discover_packages(colcon_meta) discover
[0.155s] Level 1:colcon.colcon_core.package_discovery:discover_packages(recursive) discover
[0.155s] INFO:colcon.colcon_core.package_discovery:Crawling recursively for packages in '/var/robotic/yahboomcar_ws'
[0.155s] Level 1:colcon.colcon_core.package_identification:_identify(.) by extensions ['ignore', 'ignore_ament_install']
[0.155s] Level 1:colcon.colcon_core.package_identification:_identify(.) by extension 'ignore'
[0.155s] Level 1:colcon.colcon_core.package_identification:_identify(.) by extension 'ignore_ament_install'
[0.155s] Level 1:colcon.colcon_core.package_identification:_identify(.) by extensions ['colcon_pkg']
[0.155s] Level 1:colcon.colcon_core.package_identification:_identify(.) by extension 'colcon_pkg'
[0.155s] Level 1:colcon.colcon_core.package_identification:_identify(.) by extensions ['colcon_meta']
[0.155s] Level 1:colcon.colcon_core.package_identification:_identify(.) by extension 'colcon_meta'
[0.155s] Level 1:colcon.colcon_core.package_identification:_identify(.) by extensions ['ros']
[0.155s] Level 1:colcon.colcon_core.package_identification:_identify(.) by extension 'ros'
[0.161s] Level 1:colcon.colcon_core.package_identification:_identify(.) by extensions ['cmake', 'python']
[0.161s] Level 1:colcon.colcon_core.package_identification:_identify(.) by extension 'cmake'
[0.161s] Level 1:colcon.colcon_core.package_identification:_identify(.) by extension 'python'
[0.161s] Level 1:colcon.colcon_core.package_identification:_identify(.) by extensions ['python_setup_py']
[0.161s] Level 1:colcon.colcon_core.package_identification:_identify(.) by extension 'python_setup_py'
[0.161s] Level 1:colcon.colcon_core.package_identification:_identify(build) by extensions ['ignore', 'ignore_ament_install']
[0.161s] Level 1:colcon.colcon_core.package_identification:_identify(build) by extension 'ignore'
[0.161s] Level 1:colcon.colcon_core.package_identification:_identify(build) ignored
[0.161s] Level 1:colcon.colcon_core.package_identification:_identify(install) by extensions ['ignore', 'ignore_ament_install']
[0.161s] Level 1:colcon.colcon_core.package_identification:_identify(install) by extension 'ignore'
[0.161s] Level 1:colcon.colcon_core.package_identification:_identify(install) ignored
[0.161s] Level 1:colcon.colcon_core.package_identification:_identify(log) by extensions ['ignore', 'ignore_ament_install']
[0.161s] Level 1:colcon.colcon_core.package_identification:_identify(log) by extension 'ignore'
[0.162s] Level 1:colcon.colcon_core.package_identification:_identify(log) ignored
[0.162s] Level 1:colcon.colcon_core.package_identification:_identify(src) by extensions ['ignore', 'ignore_ament_install']
[0.162s] Level 1:colcon.colcon_core.package_identification:_identify(src) by extension 'ignore'
[0.162s] Level 1:colcon.colcon_core.package_identification:_identify(src) by extension 'ignore_ament_install'
[0.162s] Level 1:colcon.colcon_core.package_identification:_identify(src) by extensions ['colcon_pkg']
[0.162s] Level 1:colcon.colcon_core.package_identification:_identify(src) by extension 'colcon_pkg'
[0.162s] Level 1:colcon.colcon_core.package_identification:_identify(src) by extensions ['colcon_meta']
[0.162s] Level 1:colcon.colcon_core.package_identification:_identify(src) by extension 'colcon_meta'
[0.162s] Level 1:colcon.colcon_core.package_identification:_identify(src) by extensions ['ros']
[0.162s] Level 1:colcon.colcon_core.package_identification:_identify(src) by extension 'ros'
[0.162s] Level 1:colcon.colcon_core.package_identification:_identify(src) by extensions ['cmake', 'python']
[0.162s] Level 1:colcon.colcon_core.package_identification:_identify(src) by extension 'cmake'
[0.162s] Level 1:colcon.colcon_core.package_identification:_identify(src) by extension 'python'
[0.162s] Level 1:colcon.colcon_core.package_identification:_identify(src) by extensions ['python_setup_py']
[0.162s] Level 1:colcon.colcon_core.package_identification:_identify(src) by extension 'python_setup_py'
[0.162s] Level 1:colcon.colcon_core.package_identification:_identify(src/M3Pro_MoveIt_demo) by extensions ['ignore', 'ignore_ament_install']
[0.162s] Level 1:colcon.colcon_core.package_identification:_identify(src/M3Pro_MoveIt_demo) by extension 'ignore'
[0.162s] Level 1:colcon.colcon_core.package_identification:_identify(src/M3Pro_MoveIt_demo) by extension 'ignore_ament_install'
[0.162s] Level 1:colcon.colcon_core.package_identification:_identify(src/M3Pro_MoveIt_demo) by extensions ['colcon_pkg']
[0.162s] Level 1:colcon.colcon_core.package_identification:_identify(src/M3Pro_MoveIt_demo) by extension 'colcon_pkg'
[0.162s] Level 1:colcon.colcon_core.package_identification:_identify(src/M3Pro_MoveIt_demo) by extensions ['colcon_meta']
[0.162s] Level 1:colcon.colcon_core.package_identification:_identify(src/M3Pro_MoveIt_demo) by extension 'colcon_meta'
[0.162s] Level 1:colcon.colcon_core.package_identification:_identify(src/M3Pro_MoveIt_demo) by extensions ['ros']
[0.162s] Level 1:colcon.colcon_core.package_identification:_identify(src/M3Pro_MoveIt_demo) by extension 'ros'
[0.163s] DEBUG:colcon.colcon_core.package_identification:Package 'src/M3Pro_MoveIt_demo' with type 'ros.ament_python' and name 'M3Pro_MoveIt_demo'
[0.163s] Level 1:colcon.colcon_core.package_identification:_identify(src/M3Pro_config) by extensions ['ignore', 'ignore_ament_install']
[0.163s] Level 1:colcon.colcon_core.package_identification:_identify(src/M3Pro_config) by extension 'ignore'
[0.164s] Level 1:colcon.colcon_core.package_identification:_identify(src/M3Pro_config) by extension 'ignore_ament_install'
[0.164s] Level 1:colcon.colcon_core.package_identification:_identify(src/M3Pro_config) by extensions ['colcon_pkg']
[0.164s] Level 1:colcon.colcon_core.package_identification:_identify(src/M3Pro_config) by extension 'colcon_pkg'
[0.164s] Level 1:colcon.colcon_core.package_identification:_identify(src/M3Pro_config) by extensions ['colcon_meta']
[0.164s] Level 1:colcon.colcon_core.package_identification:_identify(src/M3Pro_config) by extension 'colcon_meta'
[0.164s] Level 1:colcon.colcon_core.package_identification:_identify(src/M3Pro_config) by extensions ['ros']
[0.164s] Level 1:colcon.colcon_core.package_identification:_identify(src/M3Pro_config) by extension 'ros'
[0.164s] DEBUG:colcon.colcon_core.package_identification:Package 'src/M3Pro_config' with type 'ros.ament_cmake' and name 'M3Pro_config'
[0.164s] Level 1:colcon.colcon_core.package_identification:_identify(src/M3Pro_demo) by extensions ['ignore', 'ignore_ament_install']
[0.164s] Level 1:colcon.colcon_core.package_identification:_identify(src/M3Pro_demo) by extension 'ignore'
[0.164s] Level 1:colcon.colcon_core.package_identification:_identify(src/M3Pro_demo) by extension 'ignore_ament_install'
[0.164s] Level 1:colcon.colcon_core.package_identification:_identify(src/M3Pro_demo) by extensions ['colcon_pkg']
[0.164s] Level 1:colcon.colcon_core.package_identification:_identify(src/M3Pro_demo) by extension 'colcon_pkg'
[0.164s] Level 1:colcon.colcon_core.package_identification:_identify(src/M3Pro_demo) by extensions ['colcon_meta']
[0.164s] Level 1:colcon.colcon_core.package_identification:_identify(src/M3Pro_demo) by extension 'colcon_meta'
[0.164s] Level 1:colcon.colcon_core.package_identification:_identify(src/M3Pro_demo) by extensions ['ros']
[0.164s] Level 1:colcon.colcon_core.package_identification:_identify(src/M3Pro_demo) by extension 'ros'
[0.165s] DEBUG:colcon.colcon_core.package_identification:Package 'src/M3Pro_demo' with type 'ros.ament_python' and name 'M3Pro_demo'
[0.165s] Level 1:colcon.colcon_core.package_identification:_identify(src/MoveIt_demo) by extensions ['ignore', 'ignore_ament_install']
[0.165s] Level 1:colcon.colcon_core.package_identification:_identify(src/MoveIt_demo) by extension 'ignore'
[0.165s] Level 1:colcon.colcon_core.package_identification:_identify(src/MoveIt_demo) by extension 'ignore_ament_install'
[0.165s] Level 1:colcon.colcon_core.package_identification:_identify(src/MoveIt_demo) by extensions ['colcon_pkg']
[0.165s] Level 1:colcon.colcon_core.package_identification:_identify(src/MoveIt_demo) by extension 'colcon_pkg'
[0.165s] Level 1:colcon.colcon_core.package_identification:_identify(src/MoveIt_demo) by extensions ['colcon_meta']
[0.165s] Level 1:colcon.colcon_core.package_identification:_identify(src/MoveIt_demo) by extension 'colcon_meta'
[0.165s] Level 1:colcon.colcon_core.package_identification:_identify(src/MoveIt_demo) by extensions ['ros']
[0.165s] Level 1:colcon.colcon_core.package_identification:_identify(src/MoveIt_demo) by extension 'ros'
[0.165s] DEBUG:colcon.colcon_core.package_identification:Package 'src/MoveIt_demo' with type 'ros.ament_cmake' and name 'MoveIt_demo'
[0.165s] Level 1:colcon.colcon_core.package_identification:_identify(src/OrbbecSDK_ROS2) by extensions ['ignore', 'ignore_ament_install']
[0.166s] Level 1:colcon.colcon_core.package_identification:_identify(src/OrbbecSDK_ROS2) by extension 'ignore'
[0.166s] Level 1:colcon.colcon_core.package_identification:_identify(src/OrbbecSDK_ROS2) by extension 'ignore_ament_install'
[0.166s] Level 1:colcon.colcon_core.package_identification:_identify(src/OrbbecSDK_ROS2) by extensions ['colcon_pkg']
[0.166s] Level 1:colcon.colcon_core.package_identification:_identify(src/OrbbecSDK_ROS2) by extension 'colcon_pkg'
[0.166s] Level 1:colcon.colcon_core.package_identification:_identify(src/OrbbecSDK_ROS2) by extensions ['colcon_meta']
[0.166s] Level 1:colcon.colcon_core.package_identification:_identify(src/OrbbecSDK_ROS2) by extension 'colcon_meta'
[0.166s] Level 1:colcon.colcon_core.package_identification:_identify(src/OrbbecSDK_ROS2) by extensions ['ros']
[0.166s] Level 1:colcon.colcon_core.package_identification:_identify(src/OrbbecSDK_ROS2) by extension 'ros'
[0.166s] Level 1:colcon.colcon_core.package_identification:_identify(src/OrbbecSDK_ROS2) by extensions ['cmake', 'python']
[0.166s] Level 1:colcon.colcon_core.package_identification:_identify(src/OrbbecSDK_ROS2) by extension 'cmake'
[0.166s] Level 1:colcon.colcon_core.package_identification:_identify(src/OrbbecSDK_ROS2) by extension 'python'
[0.166s] Level 1:colcon.colcon_core.package_identification:_identify(src/OrbbecSDK_ROS2) by extensions ['python_setup_py']
[0.166s] Level 1:colcon.colcon_core.package_identification:_identify(src/OrbbecSDK_ROS2) by extension 'python_setup_py'
[0.166s] Level 1:colcon.colcon_core.package_identification:_identify(src/arm_driver) by extensions ['ignore', 'ignore_ament_install']
[0.166s] Level 1:colcon.colcon_core.package_identification:_identify(src/arm_driver) by extension 'ignore'
[0.166s] Level 1:colcon.colcon_core.package_identification:_identify(src/arm_driver) by extension 'ignore_ament_install'
[0.166s] Level 1:colcon.colcon_core.package_identification:_identify(src/arm_driver) by extensions ['colcon_pkg']
[0.166s] Level 1:colcon.colcon_core.package_identification:_identify(src/arm_driver) by extension 'colcon_pkg'
[0.166s] Level 1:colcon.colcon_core.package_identification:_identify(src/arm_driver) by extensions ['colcon_meta']
[0.166s] Level 1:colcon.colcon_core.package_identification:_identify(src/arm_driver) by extension 'colcon_meta'
[0.166s] Level 1:colcon.colcon_core.package_identification:_identify(src/arm_driver) by extensions ['ros']
[0.166s] Level 1:colcon.colcon_core.package_identification:_identify(src/arm_driver) by extension 'ros'
[0.166s] DEBUG:colcon.colcon_core.package_identification:Package 'src/arm_driver' with type 'ros.ament_python' and name 'arm_driver'
[0.166s] Level 1:colcon.colcon_core.package_identification:_identify(src/arm_interface) by extensions ['ignore', 'ignore_ament_install']
[0.166s] Level 1:colcon.colcon_core.package_identification:_identify(src/arm_interface) by extension 'ignore'
[0.166s] Level 1:colcon.colcon_core.package_identification:_identify(src/arm_interface) by extension 'ignore_ament_install'
[0.166s] Level 1:colcon.colcon_core.package_identification:_identify(src/arm_interface) by extensions ['colcon_pkg']
[0.166s] Level 1:colcon.colcon_core.package_identification:_identify(src/arm_interface) by extension 'colcon_pkg'
[0.166s] Level 1:colcon.colcon_core.package_identification:_identify(src/arm_interface) by extensions ['colcon_meta']
[0.166s] Level 1:colcon.colcon_core.package_identification:_identify(src/arm_interface) by extension 'colcon_meta'
[0.167s] Level 1:colcon.colcon_core.package_identification:_identify(src/arm_interface) by extensions ['ros']
[0.167s] Level 1:colcon.colcon_core.package_identification:_identify(src/arm_interface) by extension 'ros'
[0.167s] DEBUG:colcon.colcon_core.package_identification:Package 'src/arm_interface' with type 'ros.ament_cmake' and name 'arm_interface'
[0.167s] Level 1:colcon.colcon_core.package_identification:_identify(src/arm_kin) by extensions ['ignore', 'ignore_ament_install']
[0.167s] Level 1:colcon.colcon_core.package_identification:_identify(src/arm_kin) by extension 'ignore'
[0.167s] Level 1:colcon.colcon_core.package_identification:_identify(src/arm_kin) by extension 'ignore_ament_install'
[0.167s] Level 1:colcon.colcon_core.package_identification:_identify(src/arm_kin) by extensions ['colcon_pkg']
[0.167s] Level 1:colcon.colcon_core.package_identification:_identify(src/arm_kin) by extension 'colcon_pkg'
[0.167s] Level 1:colcon.colcon_core.package_identification:_identify(src/arm_kin) by extensions ['colcon_meta']
[0.167s] Level 1:colcon.colcon_core.package_identification:_identify(src/arm_kin) by extension 'colcon_meta'
[0.167s] Level 1:colcon.colcon_core.package_identification:_identify(src/arm_kin) by extensions ['ros']
[0.167s] Level 1:colcon.colcon_core.package_identification:_identify(src/arm_kin) by extension 'ros'
[0.167s] DEBUG:colcon.colcon_core.package_identification:Package 'src/arm_kin' with type 'ros.ament_cmake' and name 'arm_kin'
[0.167s] Level 1:colcon.colcon_core.package_identification:_identify(src/arm_msgs) by extensions ['ignore', 'ignore_ament_install']
[0.167s] Level 1:colcon.colcon_core.package_identification:_identify(src/arm_msgs) by extension 'ignore'
[0.167s] Level 1:colcon.colcon_core.package_identification:_identify(src/arm_msgs) by extension 'ignore_ament_install'
[0.167s] Level 1:colcon.colcon_core.package_identification:_identify(src/arm_msgs) by extensions ['colcon_pkg']
[0.168s] Level 1:colcon.colcon_core.package_identification:_identify(src/arm_msgs) by extension 'colcon_pkg'
[0.168s] Level 1:colcon.colcon_core.package_identification:_identify(src/arm_msgs) by extensions ['colcon_meta']
[0.168s] Level 1:colcon.colcon_core.package_identification:_identify(src/arm_msgs) by extension 'colcon_meta'
[0.168s] Level 1:colcon.colcon_core.package_identification:_identify(src/arm_msgs) by extensions ['ros']
[0.168s] Level 1:colcon.colcon_core.package_identification:_identify(src/arm_msgs) by extension 'ros'
[0.168s] DEBUG:colcon.colcon_core.package_identification:Package 'src/arm_msgs' with type 'ros.ament_cmake' and name 'arm_msgs'
[0.168s] Level 1:colcon.colcon_core.package_identification:_identify(src/pkg_action) by extensions ['ignore', 'ignore_ament_install']
[0.168s] Level 1:colcon.colcon_core.package_identification:_identify(src/pkg_action) by extension 'ignore'
[0.168s] Level 1:colcon.colcon_core.package_identification:_identify(src/pkg_action) by extension 'ignore_ament_install'
[0.168s] Level 1:colcon.colcon_core.package_identification:_identify(src/pkg_action) by extensions ['colcon_pkg']
[0.168s] Level 1:colcon.colcon_core.package_identification:_identify(src/pkg_action) by extension 'colcon_pkg'
[0.168s] Level 1:colcon.colcon_core.package_identification:_identify(src/pkg_action) by extensions ['colcon_meta']
[0.168s] Level 1:colcon.colcon_core.package_identification:_identify(src/pkg_action) by extension 'colcon_meta'
[0.168s] Level 1:colcon.colcon_core.package_identification:_identify(src/pkg_action) by extensions ['ros']
[0.168s] Level 1:colcon.colcon_core.package_identification:_identify(src/pkg_action) by extension 'ros'
[0.168s] DEBUG:colcon.colcon_core.package_identification:Package 'src/pkg_action' with type 'ros.ament_python' and name 'pkg_action'
[0.168s] Level 1:colcon.colcon_core.package_identification:_identify(src/pkg_helloworld_cpp) by extensions ['ignore', 'ignore_ament_install']
[0.169s] Level 1:colcon.colcon_core.package_identification:_identify(src/pkg_helloworld_cpp) by extension 'ignore'
[0.169s] Level 1:colcon.colcon_core.package_identification:_identify(src/pkg_helloworld_cpp) by extension 'ignore_ament_install'
[0.169s] Level 1:colcon.colcon_core.package_identification:_identify(src/pkg_helloworld_cpp) by extensions ['colcon_pkg']
[0.169s] Level 1:colcon.colcon_core.package_identification:_identify(src/pkg_helloworld_cpp) by extension 'colcon_pkg'
[0.169s] Level 1:colcon.colcon_core.package_identification:_identify(src/pkg_helloworld_cpp) by extensions ['colcon_meta']
[0.169s] Level 1:colcon.colcon_core.package_identification:_identify(src/pkg_helloworld_cpp) by extension 'colcon_meta'
[0.169s] Level 1:colcon.colcon_core.package_identification:_identify(src/pkg_helloworld_cpp) by extensions ['ros']
[0.169s] Level 1:colcon.colcon_core.package_identification:_identify(src/pkg_helloworld_cpp) by extension 'ros'
[0.169s] DEBUG:colcon.colcon_core.package_identification:Package 'src/pkg_helloworld_cpp' with type 'ros.ament_cmake' and name 'pkg_helloworld_cpp'
[0.169s] Level 1:colcon.colcon_core.package_identification:_identify(src/pkg_helloworld_py) by extensions ['ignore', 'ignore_ament_install']
[0.170s] Level 1:colcon.colcon_core.package_identification:_identify(src/pkg_helloworld_py) by extension 'ignore'
[0.170s] Level 1:colcon.colcon_core.package_identification:_identify(src/pkg_helloworld_py) by extension 'ignore_ament_install'
[0.170s] Level 1:colcon.colcon_core.package_identification:_identify(src/pkg_helloworld_py) by extensions ['colcon_pkg']
[0.170s] Level 1:colcon.colcon_core.package_identification:_identify(src/pkg_helloworld_py) by extension 'colcon_pkg'
[0.170s] Level 1:colcon.colcon_core.package_identification:_identify(src/pkg_helloworld_py) by extensions ['colcon_meta']
[0.170s] Level 1:colcon.colcon_core.package_identification:_identify(src/pkg_helloworld_py) by extension 'colcon_meta'
[0.170s] Level 1:colcon.colcon_core.package_identification:_identify(src/pkg_helloworld_py) by extensions ['ros']
[0.170s] Level 1:colcon.colcon_core.package_identification:_identify(src/pkg_helloworld_py) by extension 'ros'
[0.170s] DEBUG:colcon.colcon_core.package_identification:Package 'src/pkg_helloworld_py' with type 'ros.ament_python' and name 'pkg_helloworld_py'
[0.170s] Level 1:colcon.colcon_core.package_identification:_identify(src/pkg_interfaces) by extensions ['ignore', 'ignore_ament_install']
[0.170s] Level 1:colcon.colcon_core.package_identification:_identify(src/pkg_interfaces) by extension 'ignore'
[0.170s] Level 1:colcon.colcon_core.package_identification:_identify(src/pkg_interfaces) by extension 'ignore_ament_install'
[0.170s] Level 1:colcon.colcon_core.package_identification:_identify(src/pkg_interfaces) by extensions ['colcon_pkg']
[0.170s] Level 1:colcon.colcon_core.package_identification:_identify(src/pkg_interfaces) by extension 'colcon_pkg'
[0.170s] Level 1:colcon.colcon_core.package_identification:_identify(src/pkg_interfaces) by extensions ['colcon_meta']
[0.170s] Level 1:colcon.colcon_core.package_identification:_identify(src/pkg_interfaces) by extension 'colcon_meta'
[0.170s] Level 1:colcon.colcon_core.package_identification:_identify(src/pkg_interfaces) by extensions ['ros']
[0.170s] Level 1:colcon.colcon_core.package_identification:_identify(src/pkg_interfaces) by extension 'ros'
[0.171s] DEBUG:colcon.colcon_core.package_identification:Package 'src/pkg_interfaces' with type 'ros.ament_cmake' and name 'pkg_interfaces'
[0.171s] Level 1:colcon.colcon_core.package_identification:_identify(src/pkg_service) by extensions ['ignore', 'ignore_ament_install']
[0.171s] Level 1:colcon.colcon_core.package_identification:_identify(src/pkg_service) by extension 'ignore'
[0.171s] Level 1:colcon.colcon_core.package_identification:_identify(src/pkg_service) by extension 'ignore_ament_install'
[0.171s] Level 1:colcon.colcon_core.package_identification:_identify(src/pkg_service) by extensions ['colcon_pkg']
[0.171s] Level 1:colcon.colcon_core.package_identification:_identify(src/pkg_service) by extension 'colcon_pkg'
[0.171s] Level 1:colcon.colcon_core.package_identification:_identify(src/pkg_service) by extensions ['colcon_meta']
[0.171s] Level 1:colcon.colcon_core.package_identification:_identify(src/pkg_service) by extension 'colcon_meta'
[0.171s] Level 1:colcon.colcon_core.package_identification:_identify(src/pkg_service) by extensions ['ros']
[0.171s] Level 1:colcon.colcon_core.package_identification:_identify(src/pkg_service) by extension 'ros'
[0.171s] DEBUG:colcon.colcon_core.package_identification:Package 'src/pkg_service' with type 'ros.ament_python' and name 'pkg_service'
[0.171s] Level 1:colcon.colcon_core.package_identification:_identify(src/pkg_topic) by extensions ['ignore', 'ignore_ament_install']
[0.171s] Level 1:colcon.colcon_core.package_identification:_identify(src/pkg_topic) by extension 'ignore'
[0.171s] Level 1:colcon.colcon_core.package_identification:_identify(src/pkg_topic) by extension 'ignore_ament_install'
[0.171s] Level 1:colcon.colcon_core.package_identification:_identify(src/pkg_topic) by extensions ['colcon_pkg']
[0.171s] Level 1:colcon.colcon_core.package_identification:_identify(src/pkg_topic) by extension 'colcon_pkg'
[0.171s] Level 1:colcon.colcon_core.package_identification:_identify(src/pkg_topic) by extensions ['colcon_meta']
[0.171s] Level 1:colcon.colcon_core.package_identification:_identify(src/pkg_topic) by extension 'colcon_meta'
[0.171s] Level 1:colcon.colcon_core.package_identification:_identify(src/pkg_topic) by extensions ['ros']
[0.171s] Level 1:colcon.colcon_core.package_identification:_identify(src/pkg_topic) by extension 'ros'
[0.172s] DEBUG:colcon.colcon_core.package_identification:Package 'src/pkg_topic' with type 'ros.ament_python' and name 'pkg_topic'
[0.172s] Level 1:colcon.colcon_core.package_identification:_identify(src/test_config) by extensions ['ignore', 'ignore_ament_install']
[0.172s] Level 1:colcon.colcon_core.package_identification:_identify(src/test_config) by extension 'ignore'
[0.172s] Level 1:colcon.colcon_core.package_identification:_identify(src/test_config) by extension 'ignore_ament_install'
[0.172s] Level 1:colcon.colcon_core.package_identification:_identify(src/test_config) by extensions ['colcon_pkg']
[0.172s] Level 1:colcon.colcon_core.package_identification:_identify(src/test_config) by extension 'colcon_pkg'
[0.172s] Level 1:colcon.colcon_core.package_identification:_identify(src/test_config) by extensions ['colcon_meta']
[0.172s] Level 1:colcon.colcon_core.package_identification:_identify(src/test_config) by extension 'colcon_meta'
[0.172s] Level 1:colcon.colcon_core.package_identification:_identify(src/test_config) by extensions ['ros']
[0.172s] Level 1:colcon.colcon_core.package_identification:_identify(src/test_config) by extension 'ros'
[0.172s] DEBUG:colcon.colcon_core.package_identification:Package 'src/test_config' with type 'ros.ament_cmake' and name 'test_config'
[0.172s] Level 1:colcon.colcon_core.package_identification:_identify(src/test_moveit_config) by extensions ['ignore', 'ignore_ament_install']
[0.172s] Level 1:colcon.colcon_core.package_identification:_identify(src/test_moveit_config) by extension 'ignore'
[0.172s] Level 1:colcon.colcon_core.package_identification:_identify(src/test_moveit_config) by extension 'ignore_ament_install'
[0.172s] Level 1:colcon.colcon_core.package_identification:_identify(src/test_moveit_config) by extensions ['colcon_pkg']
[0.172s] Level 1:colcon.colcon_core.package_identification:_identify(src/test_moveit_config) by extension 'colcon_pkg'
[0.172s] Level 1:colcon.colcon_core.package_identification:_identify(src/test_moveit_config) by extensions ['colcon_meta']
[0.172s] Level 1:colcon.colcon_core.package_identification:_identify(src/test_moveit_config) by extension 'colcon_meta'
[0.172s] Level 1:colcon.colcon_core.package_identification:_identify(src/test_moveit_config) by extensions ['ros']
[0.172s] Level 1:colcon.colcon_core.package_identification:_identify(src/test_moveit_config) by extension 'ros'
[0.178s] DEBUG:colcon.colcon_core.package_identification:Package 'src/test_moveit_config' with type 'ros.ament_cmake' and name 'test_moveit_config'
[0.178s] Level 1:colcon.colcon_core.package_identification:_identify(src/yahboom_M3Pro_DepthCam) by extensions ['ignore', 'ignore_ament_install']
[0.178s] Level 1:colcon.colcon_core.package_identification:_identify(src/yahboom_M3Pro_DepthCam) by extension 'ignore'
[0.178s] Level 1:colcon.colcon_core.package_identification:_identify(src/yahboom_M3Pro_DepthCam) by extension 'ignore_ament_install'
[0.178s] Level 1:colcon.colcon_core.package_identification:_identify(src/yahboom_M3Pro_DepthCam) by extensions ['colcon_pkg']
[0.178s] Level 1:colcon.colcon_core.package_identification:_identify(src/yahboom_M3Pro_DepthCam) by extension 'colcon_pkg'
[0.178s] Level 1:colcon.colcon_core.package_identification:_identify(src/yahboom_M3Pro_DepthCam) by extensions ['colcon_meta']
[0.178s] Level 1:colcon.colcon_core.package_identification:_identify(src/yahboom_M3Pro_DepthCam) by extension 'colcon_meta'
[0.178s] Level 1:colcon.colcon_core.package_identification:_identify(src/yahboom_M3Pro_DepthCam) by extensions ['ros']
[0.178s] Level 1:colcon.colcon_core.package_identification:_identify(src/yahboom_M3Pro_DepthCam) by extension 'ros'
[0.178s] DEBUG:colcon.colcon_core.package_identification:Package 'src/yahboom_M3Pro_DepthCam' with type 'ros.ament_python' and name 'yahboom_M3Pro_DepthCam'
[0.178s] Level 1:colcon.colcon_core.package_identification:_identify(src/yahboom_M3Pro_description) by extensions ['ignore', 'ignore_ament_install']
[0.178s] Level 1:colcon.colcon_core.package_identification:_identify(src/yahboom_M3Pro_description) by extension 'ignore'
[0.178s] Level 1:colcon.colcon_core.package_identification:_identify(src/yahboom_M3Pro_description) by extension 'ignore_ament_install'
[0.178s] Level 1:colcon.colcon_core.package_identification:_identify(src/yahboom_M3Pro_description) by extensions ['colcon_pkg']
[0.178s] Level 1:colcon.colcon_core.package_identification:_identify(src/yahboom_M3Pro_description) by extension 'colcon_pkg'
[0.179s] Level 1:colcon.colcon_core.package_identification:_identify(src/yahboom_M3Pro_description) by extensions ['colcon_meta']
[0.179s] Level 1:colcon.colcon_core.package_identification:_identify(src/yahboom_M3Pro_description) by extension 'colcon_meta'
[0.179s] Level 1:colcon.colcon_core.package_identification:_identify(src/yahboom_M3Pro_description) by extensions ['ros']
[0.179s] Level 1:colcon.colcon_core.package_identification:_identify(src/yahboom_M3Pro_description) by extension 'ros'
[0.179s] DEBUG:colcon.colcon_core.package_identification:Package 'src/yahboom_M3Pro_description' with type 'ros.ament_python' and name 'yahboom_M3Pro_description'
[0.179s] Level 1:colcon.colcon_core.package_identification:_identify(src/yahboom_M3Pro_laser) by extensions ['ignore', 'ignore_ament_install']
[0.179s] Level 1:colcon.colcon_core.package_identification:_identify(src/yahboom_M3Pro_laser) by extension 'ignore'
[0.179s] Level 1:colcon.colcon_core.package_identification:_identify(src/yahboom_M3Pro_laser) by extension 'ignore_ament_install'
[0.179s] Level 1:colcon.colcon_core.package_identification:_identify(src/yahboom_M3Pro_laser) by extensions ['colcon_pkg']
[0.179s] Level 1:colcon.colcon_core.package_identification:_identify(src/yahboom_M3Pro_laser) by extension 'colcon_pkg'
[0.179s] Level 1:colcon.colcon_core.package_identification:_identify(src/yahboom_M3Pro_laser) by extensions ['colcon_meta']
[0.179s] Level 1:colcon.colcon_core.package_identification:_identify(src/yahboom_M3Pro_laser) by extension 'colcon_meta'
[0.179s] Level 1:colcon.colcon_core.package_identification:_identify(src/yahboom_M3Pro_laser) by extensions ['ros']
[0.179s] Level 1:colcon.colcon_core.package_identification:_identify(src/yahboom_M3Pro_laser) by extension 'ros'
[0.179s] DEBUG:colcon.colcon_core.package_identification:Package 'src/yahboom_M3Pro_laser' with type 'ros.ament_python' and name 'yahboom_M3Pro_laser'
[0.179s] Level 1:colcon.colcon_core.package_identification:_identify(src/yahboom_yolov8) by extensions ['ignore', 'ignore_ament_install']
[0.179s] Level 1:colcon.colcon_core.package_identification:_identify(src/yahboom_yolov8) by extension 'ignore'
[0.179s] Level 1:colcon.colcon_core.package_identification:_identify(src/yahboom_yolov8) by extension 'ignore_ament_install'
[0.180s] Level 1:colcon.colcon_core.package_identification:_identify(src/yahboom_yolov8) by extensions ['colcon_pkg']
[0.180s] Level 1:colcon.colcon_core.package_identification:_identify(src/yahboom_yolov8) by extension 'colcon_pkg'
[0.180s] Level 1:colcon.colcon_core.package_identification:_identify(src/yahboom_yolov8) by extensions ['colcon_meta']
[0.180s] Level 1:colcon.colcon_core.package_identification:_identify(src/yahboom_yolov8) by extension 'colcon_meta'
[0.180s] Level 1:colcon.colcon_core.package_identification:_identify(src/yahboom_yolov8) by extensions ['ros']
[0.180s] Level 1:colcon.colcon_core.package_identification:_identify(src/yahboom_yolov8) by extension 'ros'
[0.180s] DEBUG:colcon.colcon_core.package_identification:Package 'src/yahboom_yolov8' with type 'ros.ament_python' and name 'yahboom_yolov8'
[0.180s] Level 1:colcon.colcon_core.package_identification:_identify(src/yahboomcar_ctrl) by extensions ['ignore', 'ignore_ament_install']
[0.180s] Level 1:colcon.colcon_core.package_identification:_identify(src/yahboomcar_ctrl) by extension 'ignore'
[0.180s] Level 1:colcon.colcon_core.package_identification:_identify(src/yahboomcar_ctrl) by extension 'ignore_ament_install'
[0.180s] Level 1:colcon.colcon_core.package_identification:_identify(src/yahboomcar_ctrl) by extensions ['colcon_pkg']
[0.180s] Level 1:colcon.colcon_core.package_identification:_identify(src/yahboomcar_ctrl) by extension 'colcon_pkg'
[0.180s] Level 1:colcon.colcon_core.package_identification:_identify(src/yahboomcar_ctrl) by extensions ['colcon_meta']
[0.180s] Level 1:colcon.colcon_core.package_identification:_identify(src/yahboomcar_ctrl) by extension 'colcon_meta'
[0.180s] Level 1:colcon.colcon_core.package_identification:_identify(src/yahboomcar_ctrl) by extensions ['ros']
[0.180s] Level 1:colcon.colcon_core.package_identification:_identify(src/yahboomcar_ctrl) by extension 'ros'
[0.180s] DEBUG:colcon.colcon_core.package_identification:Package 'src/yahboomcar_ctrl' with type 'ros.ament_python' and name 'yahboomcar_ctrl'
[0.180s] Level 1:colcon.colcon_core.package_identification:_identify(src/yahboomcar_mediapipe) by extensions ['ignore', 'ignore_ament_install']
[0.180s] Level 1:colcon.colcon_core.package_identification:_identify(src/yahboomcar_mediapipe) by extension 'ignore'
[0.181s] Level 1:colcon.colcon_core.package_identification:_identify(src/yahboomcar_mediapipe) by extension 'ignore_ament_install'
[0.181s] Level 1:colcon.colcon_core.package_identification:_identify(src/yahboomcar_mediapipe) by extensions ['colcon_pkg']
[0.181s] Level 1:colcon.colcon_core.package_identification:_identify(src/yahboomcar_mediapipe) by extension 'colcon_pkg'
[0.181s] Level 1:colcon.colcon_core.package_identification:_identify(src/yahboomcar_mediapipe) by extensions ['colcon_meta']
[0.181s] Level 1:colcon.colcon_core.package_identification:_identify(src/yahboomcar_mediapipe) by extension 'colcon_meta'
[0.181s] Level 1:colcon.colcon_core.package_identification:_identify(src/yahboomcar_mediapipe) by extensions ['ros']
[0.181s] Level 1:colcon.colcon_core.package_identification:_identify(src/yahboomcar_mediapipe) by extension 'ros'
[0.181s] DEBUG:colcon.colcon_core.package_identification:Package 'src/yahboomcar_mediapipe' with type 'ros.ament_python' and name 'yahboomcar_mediapipe'
[0.181s] Level 1:colcon.colcon_core.package_identification:_identify(src/yahboomcar_msgs) by extensions ['ignore', 'ignore_ament_install']
[0.181s] Level 1:colcon.colcon_core.package_identification:_identify(src/yahboomcar_msgs) by extension 'ignore'
[0.181s] Level 1:colcon.colcon_core.package_identification:_identify(src/yahboomcar_msgs) by extension 'ignore_ament_install'
[0.181s] Level 1:colcon.colcon_core.package_identification:_identify(src/yahboomcar_msgs) by extensions ['colcon_pkg']
[0.181s] Level 1:colcon.colcon_core.package_identification:_identify(src/yahboomcar_msgs) by extension 'colcon_pkg'
[0.181s] Level 1:colcon.colcon_core.package_identification:_identify(src/yahboomcar_msgs) by extensions ['colcon_meta']
[0.181s] Level 1:colcon.colcon_core.package_identification:_identify(src/yahboomcar_msgs) by extension 'colcon_meta'
[0.181s] Level 1:colcon.colcon_core.package_identification:_identify(src/yahboomcar_msgs) by extensions ['ros']
[0.181s] Level 1:colcon.colcon_core.package_identification:_identify(src/yahboomcar_msgs) by extension 'ros'
[0.181s] DEBUG:colcon.colcon_core.package_identification:Package 'src/yahboomcar_msgs' with type 'ros.ament_cmake' and name 'yahboomcar_msgs'
[0.181s] Level 1:colcon.colcon_core.package_discovery:discover_packages(recursive) using defaults
[0.182s] Level 1:colcon.colcon_core.package_discovery:discover_packages(ignore) discover
[0.182s] Level 1:colcon.colcon_core.package_discovery:discover_packages(ignore) using defaults
[0.182s] Level 1:colcon.colcon_core.package_discovery:discover_packages(path) discover
[0.182s] Level 1:colcon.colcon_core.package_discovery:discover_packages(path) using defaults
[0.195s] INFO:colcon.colcon_core.package_selection:Skipping not selected package 'M3Pro_MoveIt_demo' in 'src/M3Pro_MoveIt_demo'
[0.195s] INFO:colcon.colcon_core.package_selection:Skipping not selected package 'M3Pro_demo' in 'src/M3Pro_demo'
[0.195s] INFO:colcon.colcon_core.package_selection:Skipping not selected package 'MoveIt_demo' in 'src/MoveIt_demo'
[0.195s] INFO:colcon.colcon_core.package_selection:Skipping not selected package 'arm_driver' in 'src/arm_driver'
[0.195s] INFO:colcon.colcon_core.package_selection:Skipping not selected package 'arm_interface' in 'src/arm_interface'
[0.195s] INFO:colcon.colcon_core.package_selection:Skipping not selected package 'arm_kin' in 'src/arm_kin'
[0.195s] INFO:colcon.colcon_core.package_selection:Skipping not selected package 'arm_msgs' in 'src/arm_msgs'
[0.195s] INFO:colcon.colcon_core.package_selection:Skipping not selected package 'pkg_helloworld_cpp' in 'src/pkg_helloworld_cpp'
[0.195s] INFO:colcon.colcon_core.package_selection:Skipping not selected package 'pkg_helloworld_py' in 'src/pkg_helloworld_py'
[0.195s] INFO:colcon.colcon_core.package_selection:Skipping not selected package 'pkg_service' in 'src/pkg_service'
[0.195s] INFO:colcon.colcon_core.package_selection:Skipping not selected package 'pkg_topic' in 'src/pkg_topic'
[0.195s] INFO:colcon.colcon_core.package_selection:Skipping not selected package 'test_config' in 'src/test_config'
[0.195s] INFO:colcon.colcon_core.package_selection:Skipping not selected package 'yahboom_M3Pro_DepthCam' in 'src/yahboom_M3Pro_DepthCam'
[0.195s] INFO:colcon.colcon_core.package_selection:Skipping not selected package 'yahboom_M3Pro_description' in 'src/yahboom_M3Pro_description'
[0.195s] INFO:colcon.colcon_core.package_selection:Skipping not selected package 'yahboom_M3Pro_laser' in 'src/yahboom_M3Pro_laser'
[0.195s] INFO:colcon.colcon_core.package_selection:Skipping not selected package 'yahboom_yolov8' in 'src/yahboom_yolov8'
[0.195s] INFO:colcon.colcon_core.package_selection:Skipping not selected package 'yahboomcar_ctrl' in 'src/yahboomcar_ctrl'
[0.195s] INFO:colcon.colcon_core.package_selection:Skipping not selected package 'yahboomcar_mediapipe' in 'src/yahboomcar_mediapipe'
[0.195s] INFO:colcon.colcon_core.package_selection:Skipping not selected package 'yahboomcar_msgs' in 'src/yahboomcar_msgs'
[0.195s] INFO:colcon.colcon_core.package_selection:Skipping not selected package 'M3Pro_config' in 'src/M3Pro_config'
[0.195s] INFO:colcon.colcon_core.package_selection:Skipping not selected package 'pkg_action' in 'src/pkg_action'
[0.195s] INFO:colcon.colcon_core.package_selection:Skipping not selected package 'test_moveit_config' in 'src/test_moveit_config'
[0.195s] Level 1:colcon.colcon_core.package_discovery:discover_packages(prefix_path) check parameters
[0.195s] Level 1:colcon.colcon_core.package_discovery:discover_packages(prefix_path) discover
[0.197s] DEBUG:colcon.colcon_installed_package_information.package_discovery:Found 12 installed packages in /var/robotic/yahboomcar_ws/install
[0.198s] DEBUG:colcon.colcon_installed_package_information.package_discovery:Found 389 installed packages in /opt/ros/humble
[0.199s] Level 1:colcon.colcon_core.package_discovery:discover_packages(prefix_path) using defaults
[0.224s] WARNING:colcon.colcon_core.package_selection:Some selected packages are already built in one or more underlay workspaces:
	'pkg_interfaces' is in: /var/robotic/yahboomcar_ws/install/pkg_interfaces
If a package in a merged underlay workspace is overridden and it installs headers, then all packages in the overlay must sort their include directories by workspace order. Failure to do so may result in build failures or undefined behavior at run time.
If the overridden package is used by another package in any underlay, then the overriding package in the overlay must be API and ABI compatible or undefined behavior at run time may occur.

If you understand the risks and want to override a package anyways, add the following to the command line:
	--allow-overriding pkg_interfaces

This may be promoted to an error in a future release of colcon-override-check.
[0.224s] Level 5:colcon.colcon_core.verb:set package 'pkg_interfaces' build argument 'cmake_args' from command line to 'None'
[0.224s] Level 5:colcon.colcon_core.verb:set package 'pkg_interfaces' build argument 'cmake_target' from command line to 'None'
[0.224s] Level 5:colcon.colcon_core.verb:set package 'pkg_interfaces' build argument 'cmake_target_skip_unavailable' from command line to 'False'
[0.224s] Level 5:colcon.colcon_core.verb:set package 'pkg_interfaces' build argument 'cmake_clean_cache' from command line to 'False'
[0.224s] Level 5:colcon.colcon_core.verb:set package 'pkg_interfaces' build argument 'cmake_clean_first' from command line to 'False'
[0.224s] Level 5:colcon.colcon_core.verb:set package 'pkg_interfaces' build argument 'cmake_force_configure' from command line to 'False'
[0.225s] Level 5:colcon.colcon_core.verb:set package 'pkg_interfaces' build argument 'ament_cmake_args' from command line to 'None'
[0.225s] Level 5:colcon.colcon_core.verb:set package 'pkg_interfaces' build argument 'catkin_cmake_args' from command line to 'None'
[0.225s] Level 5:colcon.colcon_core.verb:set package 'pkg_interfaces' build argument 'catkin_skip_building_tests' from command line to 'False'
[0.225s] DEBUG:colcon.colcon_core.verb:Building package 'pkg_interfaces' with the following arguments: {'ament_cmake_args': None, 'build_base': '/var/robotic/yahboomcar_ws/build/pkg_interfaces', 'catkin_cmake_args': None, 'catkin_skip_building_tests': False, 'cmake_args': None, 'cmake_clean_cache': False, 'cmake_clean_first': False, 'cmake_force_configure': False, 'cmake_target': None, 'cmake_target_skip_unavailable': False, 'install_base': '/var/robotic/yahboomcar_ws/install/pkg_interfaces', 'merge_install': False, 'path': '/var/robotic/yahboomcar_ws/src/pkg_interfaces', 'symlink_install': False, 'test_result_base': None}
[0.225s] INFO:colcon.colcon_core.executor:Executing jobs using 'parallel' executor
[0.225s] DEBUG:colcon.colcon_parallel_executor.executor.parallel:run_until_complete
[0.226s] INFO:colcon.colcon_ros.task.ament_cmake.build:Building ROS package in '/var/robotic/yahboomcar_ws/src/pkg_interfaces' with build type 'ament_cmake'
[0.226s] INFO:colcon.colcon_cmake.task.cmake.build:Building CMake package in '/var/robotic/yahboomcar_ws/src/pkg_interfaces'
[0.227s] INFO:colcon.colcon_core.plugin_system:Skipping extension 'colcon_core.shell.bat': Not used on non-Windows systems
[0.228s] INFO:colcon.colcon_core.shell:Skip shell extension 'powershell' for command environment: Not usable outside of PowerShell
[0.228s] DEBUG:colcon.colcon_core.shell:Skip shell extension 'dsv' for command environment
[0.237s] DEBUG:colcon.colcon_core.event_handler.log_command:Invoking command in '/var/robotic/yahboomcar_ws/build/pkg_interfaces': CMAKE_PREFIX_PATH=${CMAKE_PREFIX_PATH}:/var/robotic/yahboomcar_ws/install/yahboom_M3Pro_description:/var/robotic/yahboomcar_ws/install/pkg_topic:/var/robotic/yahboomcar_ws/install/pkg_service:/var/robotic/yahboomcar_ws/install/pkg_action:/var/robotic/yahboomcar_ws/install/pkg_helloworld_py:/var/robotic/yahboomcar_ws/install/arm_driver:/var/robotic/yahboomcar_ws/install/M3Pro_demo:/var/robotic/yahboomcar_ws/install/M3Pro_MoveIt_demo:/opt/ros/humble /usr/bin/cmake --build /var/robotic/yahboomcar_ws/build/pkg_interfaces -- -j2 -l2
[4.190s] DEBUG:colcon.colcon_core.event_handler.log_command:Invoked command in '/var/robotic/yahboomcar_ws/build/pkg_interfaces' returned '0': CMAKE_PREFIX_PATH=${CMAKE_PREFIX_PATH}:/var/robotic/yahboomcar_ws/install/yahboom_M3Pro_description:/var/robotic/yahboomcar_ws/install/pkg_topic:/var/robotic/yahboomcar_ws/install/pkg_service:/var/robotic/yahboomcar_ws/install/pkg_action:/var/robotic/yahboomcar_ws/install/pkg_helloworld_py:/var/robotic/yahboomcar_ws/install/arm_driver:/var/robotic/yahboomcar_ws/install/M3Pro_demo:/var/robotic/yahboomcar_ws/install/M3Pro_MoveIt_demo:/opt/ros/humble /usr/bin/cmake --build /var/robotic/yahboomcar_ws/build/pkg_interfaces -- -j2 -l2
[4.197s] DEBUG:colcon.colcon_core.event_handler.log_command:Invoking command in '/var/robotic/yahboomcar_ws/build/pkg_interfaces': CMAKE_PREFIX_PATH=${CMAKE_PREFIX_PATH}:/var/robotic/yahboomcar_ws/install/yahboom_M3Pro_description:/var/robotic/yahboomcar_ws/install/pkg_topic:/var/robotic/yahboomcar_ws/install/pkg_service:/var/robotic/yahboomcar_ws/install/pkg_action:/var/robotic/yahboomcar_ws/install/pkg_helloworld_py:/var/robotic/yahboomcar_ws/install/arm_driver:/var/robotic/yahboomcar_ws/install/M3Pro_demo:/var/robotic/yahboomcar_ws/install/M3Pro_MoveIt_demo:/opt/ros/humble /usr/bin/cmake --install /var/robotic/yahboomcar_ws/build/pkg_interfaces
[4.252s] Level 1:colcon.colcon_core.environment:create_environment_scripts_only(pkg_interfaces)
[4.252s] DEBUG:colcon.colcon_core.event_handler.log_command:Invoked command in '/var/robotic/yahboomcar_ws/build/pkg_interfaces' returned '0': CMAKE_PREFIX_PATH=${CMAKE_PREFIX_PATH}:/var/robotic/yahboomcar_ws/install/yahboom_M3Pro_description:/var/robotic/yahboomcar_ws/install/pkg_topic:/var/robotic/yahboomcar_ws/install/pkg_service:/var/robotic/yahboomcar_ws/install/pkg_action:/var/robotic/yahboomcar_ws/install/pkg_helloworld_py:/var/robotic/yahboomcar_ws/install/arm_driver:/var/robotic/yahboomcar_ws/install/M3Pro_demo:/var/robotic/yahboomcar_ws/install/M3Pro_MoveIt_demo:/opt/ros/humble /usr/bin/cmake --install /var/robotic/yahboomcar_ws/build/pkg_interfaces
[4.253s] Level 1:colcon.colcon_core.environment:checking '/var/robotic/yahboomcar_ws/install/pkg_interfaces' for CMake module files
[4.254s] Level 1:colcon.colcon_core.environment:checking '/var/robotic/yahboomcar_ws/install/pkg_interfaces' for CMake config files
[4.254s] Level 1:colcon.colcon_core.shell:create_environment_hook('pkg_interfaces', 'cmake_prefix_path')
[4.254s] INFO:colcon.colcon_core.shell:Creating environment hook '/var/robotic/yahboomcar_ws/install/pkg_interfaces/share/pkg_interfaces/hook/cmake_prefix_path.ps1'
[4.255s] INFO:colcon.colcon_core.shell:Creating environment descriptor '/var/robotic/yahboomcar_ws/install/pkg_interfaces/share/pkg_interfaces/hook/cmake_prefix_path.dsv'
[4.255s] INFO:colcon.colcon_core.shell:Creating environment hook '/var/robotic/yahboomcar_ws/install/pkg_interfaces/share/pkg_interfaces/hook/cmake_prefix_path.sh'
[4.255s] Level 1:colcon.colcon_core.environment:checking '/var/robotic/yahboomcar_ws/install/pkg_interfaces/lib'
[4.255s] Level 1:colcon.colcon_core.shell:create_environment_hook('pkg_interfaces', 'ld_library_path_lib')
[4.256s] INFO:colcon.colcon_core.shell:Creating environment hook '/var/robotic/yahboomcar_ws/install/pkg_interfaces/share/pkg_interfaces/hook/ld_library_path_lib.ps1'
[4.256s] INFO:colcon.colcon_core.shell:Creating environment descriptor '/var/robotic/yahboomcar_ws/install/pkg_interfaces/share/pkg_interfaces/hook/ld_library_path_lib.dsv'
[4.256s] INFO:colcon.colcon_core.shell:Creating environment hook '/var/robotic/yahboomcar_ws/install/pkg_interfaces/share/pkg_interfaces/hook/ld_library_path_lib.sh'
[4.256s] Level 1:colcon.colcon_core.environment:checking '/var/robotic/yahboomcar_ws/install/pkg_interfaces/bin'
[4.256s] Level 1:colcon.colcon_core.environment:checking '/var/robotic/yahboomcar_ws/install/pkg_interfaces/lib/pkgconfig/pkg_interfaces.pc'
[4.256s] Level 1:colcon.colcon_core.environment:checking '/var/robotic/yahboomcar_ws/install/pkg_interfaces/lib/python3.10/site-packages'
[4.257s] Level 1:colcon.colcon_core.environment:checking '/var/robotic/yahboomcar_ws/install/pkg_interfaces/bin'
[4.257s] INFO:colcon.colcon_core.shell:Creating package script '/var/robotic/yahboomcar_ws/install/pkg_interfaces/share/pkg_interfaces/package.ps1'
[4.257s] INFO:colcon.colcon_core.shell:Creating package descriptor '/var/robotic/yahboomcar_ws/install/pkg_interfaces/share/pkg_interfaces/package.dsv'
[4.257s] INFO:colcon.colcon_core.shell:Creating package script '/var/robotic/yahboomcar_ws/install/pkg_interfaces/share/pkg_interfaces/package.sh'
[4.258s] INFO:colcon.colcon_core.shell:Creating package script '/var/robotic/yahboomcar_ws/install/pkg_interfaces/share/pkg_interfaces/package.bash'
[4.258s] INFO:colcon.colcon_core.shell:Creating package script '/var/robotic/yahboomcar_ws/install/pkg_interfaces/share/pkg_interfaces/package.zsh'
[4.258s] Level 1:colcon.colcon_core.environment:create_file_with_runtime_dependencies(/var/robotic/yahboomcar_ws/install/pkg_interfaces/share/colcon-core/packages/pkg_interfaces)
[4.259s] Level 1:colcon.colcon_core.environment:create_environment_scripts_only(pkg_interfaces)
[4.259s] Level 1:colcon.colcon_core.environment:checking '/var/robotic/yahboomcar_ws/install/pkg_interfaces' for CMake module files
[4.259s] Level 1:colcon.colcon_core.environment:checking '/var/robotic/yahboomcar_ws/install/pkg_interfaces' for CMake config files
[4.259s] Level 1:colcon.colcon_core.shell:create_environment_hook('pkg_interfaces', 'cmake_prefix_path')
[4.260s] INFO:colcon.colcon_core.shell:Creating environment hook '/var/robotic/yahboomcar_ws/install/pkg_interfaces/share/pkg_interfaces/hook/cmake_prefix_path.ps1'
[4.260s] INFO:colcon.colcon_core.shell:Creating environment descriptor '/var/robotic/yahboomcar_ws/install/pkg_interfaces/share/pkg_interfaces/hook/cmake_prefix_path.dsv'
[4.260s] INFO:colcon.colcon_core.shell:Creating environment hook '/var/robotic/yahboomcar_ws/install/pkg_interfaces/share/pkg_interfaces/hook/cmake_prefix_path.sh'
[4.260s] Level 1:colcon.colcon_core.environment:checking '/var/robotic/yahboomcar_ws/install/pkg_interfaces/lib'
[4.260s] Level 1:colcon.colcon_core.shell:create_environment_hook('pkg_interfaces', 'ld_library_path_lib')
[4.261s] INFO:colcon.colcon_core.shell:Creating environment hook '/var/robotic/yahboomcar_ws/install/pkg_interfaces/share/pkg_interfaces/hook/ld_library_path_lib.ps1'
[4.261s] INFO:colcon.colcon_core.shell:Creating environment descriptor '/var/robotic/yahboomcar_ws/install/pkg_interfaces/share/pkg_interfaces/hook/ld_library_path_lib.dsv'
[4.261s] INFO:colcon.colcon_core.shell:Creating environment hook '/var/robotic/yahboomcar_ws/install/pkg_interfaces/share/pkg_interfaces/hook/ld_library_path_lib.sh'
[4.261s] Level 1:colcon.colcon_core.environment:checking '/var/robotic/yahboomcar_ws/install/pkg_interfaces/bin'
[4.261s] Level 1:colcon.colcon_core.environment:checking '/var/robotic/yahboomcar_ws/install/pkg_interfaces/lib/pkgconfig/pkg_interfaces.pc'
[4.262s] Level 1:colcon.colcon_core.environment:checking '/var/robotic/yahboomcar_ws/install/pkg_interfaces/lib/python3.10/site-packages'
[4.262s] Level 1:colcon.colcon_core.environment:checking '/var/robotic/yahboomcar_ws/install/pkg_interfaces/bin'
[4.262s] INFO:colcon.colcon_core.shell:Creating package script '/var/robotic/yahboomcar_ws/install/pkg_interfaces/share/pkg_interfaces/package.ps1'
[4.262s] INFO:colcon.colcon_core.shell:Creating package descriptor '/var/robotic/yahboomcar_ws/install/pkg_interfaces/share/pkg_interfaces/package.dsv'
[4.263s] INFO:colcon.colcon_core.shell:Creating package script '/var/robotic/yahboomcar_ws/install/pkg_interfaces/share/pkg_interfaces/package.sh'
[4.263s] INFO:colcon.colcon_core.shell:Creating package script '/var/robotic/yahboomcar_ws/install/pkg_interfaces/share/pkg_interfaces/package.bash'
[4.263s] INFO:colcon.colcon_core.shell:Creating package script '/var/robotic/yahboomcar_ws/install/pkg_interfaces/share/pkg_interfaces/package.zsh'
[4.263s] Level 1:colcon.colcon_core.environment:create_file_with_runtime_dependencies(/var/robotic/yahboomcar_ws/install/pkg_interfaces/share/colcon-core/packages/pkg_interfaces)
[4.264s] DEBUG:colcon.colcon_parallel_executor.executor.parallel:closing loop
[4.264s] DEBUG:colcon.colcon_parallel_executor.executor.parallel:loop closed
[4.264s] DEBUG:colcon.colcon_parallel_executor.executor.parallel:run_until_complete finished with '0'
[4.264s] DEBUG:colcon.colcon_core.event_reactor:joining thread
[4.267s] INFO:colcon.colcon_core.plugin_system:Skipping extension 'colcon_notification.desktop_notification.terminal_notifier': Not used on non-Darwin systems
[4.268s] INFO:colcon.colcon_core.plugin_system:Skipping extension 'colcon_notification.desktop_notification.win32': Not used on non-Windows systems
[4.268s] INFO:colcon.colcon_notification.desktop_notification:Sending desktop notification using 'notify2'
[4.279s] DEBUG:colcon.colcon_core.event_reactor:joined thread
[4.279s] INFO:colcon.colcon_core.shell:Creating prefix script '/var/robotic/yahboomcar_ws/install/local_setup.ps1'
[4.280s] INFO:colcon.colcon_core.shell:Creating prefix util module '/var/robotic/yahboomcar_ws/install/_local_setup_util_ps1.py'
[4.281s] INFO:colcon.colcon_core.shell:Creating prefix chain script '/var/robotic/yahboomcar_ws/install/setup.ps1'
[4.282s] INFO:colcon.colcon_core.shell:Creating prefix script '/var/robotic/yahboomcar_ws/install/local_setup.sh'
[4.282s] INFO:colcon.colcon_core.shell:Creating prefix util module '/var/robotic/yahboomcar_ws/install/_local_setup_util_sh.py'
[4.283s] INFO:colcon.colcon_core.shell:Creating prefix chain script '/var/robotic/yahboomcar_ws/install/setup.sh'
[4.284s] INFO:colcon.colcon_core.shell:Creating prefix script '/var/robotic/yahboomcar_ws/install/local_setup.bash'
[4.284s] INFO:colcon.colcon_core.shell:Creating prefix chain script '/var/robotic/yahboomcar_ws/install/setup.bash'
[4.285s] INFO:colcon.colcon_core.shell:Creating prefix script '/var/robotic/yahboomcar_ws/install/local_setup.zsh'
[4.285s] INFO:colcon.colcon_core.shell:Creating prefix chain script '/var/robotic/yahboomcar_ws/install/setup.zsh'
