running egg_info
writing ../../build/M3Pro_MoveIt_demo/M3Pro_MoveIt_demo.egg-info/PKG-INFO
writing dependency_links to ../../build/M3Pro_MoveIt_demo/M3Pro_MoveIt_demo.egg-info/dependency_links.txt
writing entry points to ../../build/M3Pro_MoveIt_demo/M3Pro_MoveIt_demo.egg-info/entry_points.txt
writing requirements to ../../build/M3Pro_MoveIt_demo/M3Pro_MoveIt_demo.egg-info/requires.txt
writing top-level names to ../../build/M3Pro_MoveIt_demo/M3Pro_MoveIt_demo.egg-info/top_level.txt
reading manifest file '../../build/M3Pro_MoveIt_demo/M3Pro_MoveIt_demo.egg-info/SOURCES.txt'
writing manifest file '../../build/M3Pro_MoveIt_demo/M3Pro_MoveIt_demo.egg-info/SOURCES.txt'
running build
running build_py
running install
running install_lib
running install_data
running install_egg_info
removing '/var/robotic/yahboomcar_ws/install/M3Pro_MoveIt_demo/lib/python3.10/site-packages/M3Pro_MoveIt_demo-0.0.0-py3.10.egg-info' (and everything under it)
Copying ../../build/M3Pro_MoveIt_demo/M3Pro_MoveIt_demo.egg-info to /var/robotic/yahboomcar_ws/install/M3Pro_MoveIt_demo/lib/python3.10/site-packages/M3Pro_MoveIt_demo-0.0.0-py3.10.egg-info
running install_scripts
Installing SimulationToMachine script to /var/robotic/yahboomcar_ws/install/M3Pro_MoveIt_demo/lib/M3Pro_MoveIt_demo
Installing random_move script to /var/robotic/yahboomcar_ws/install/M3Pro_MoveIt_demo/lib/M3Pro_MoveIt_demo
writing list of installed files to '/var/robotic/yahboomcar_ws/build/M3Pro_MoveIt_demo/install.log'
