[0.467s] Invoking command in '/var/robotic/yahboomcar_ws/src/arm_driver': PYTHONPATH=/var/robotic/yahboomcar_ws/build/arm_driver/prefix_override:/usr/lib/python3/dist-packages/colcon_core/task/python/colcon_distutils_commands:/var/robotic/yahboomcar_ws/install/arm_driver/lib/python3.10/site-packages:${PYTHONPATH} /usr/bin/python3 -W ignore:setup.py install is deprecated -W ignore:easy_install command is deprecated setup.py egg_info --egg-base ../../build/arm_driver build --build-base /var/robotic/yahboomcar_ws/build/arm_driver/build install --record /var/robotic/yahboomcar_ws/build/arm_driver/install.log --single-version-externally-managed install_data
[0.639s] running egg_info
[0.639s] writing ../../build/arm_driver/arm_driver.egg-info/PKG-INFO
[0.639s] writing dependency_links to ../../build/arm_driver/arm_driver.egg-info/dependency_links.txt
[0.639s] writing entry points to ../../build/arm_driver/arm_driver.egg-info/entry_points.txt
[0.639s] writing requirements to ../../build/arm_driver/arm_driver.egg-info/requires.txt
[0.639s] writing top-level names to ../../build/arm_driver/arm_driver.egg-info/top_level.txt
[0.641s] reading manifest file '../../build/arm_driver/arm_driver.egg-info/SOURCES.txt'
[0.642s] writing manifest file '../../build/arm_driver/arm_driver.egg-info/SOURCES.txt'
[0.642s] running build
[0.643s] running build_py
[0.643s] running install
[0.643s] running install_lib
[0.644s] running install_data
[0.644s] running install_egg_info
[0.646s] removing '/var/robotic/yahboomcar_ws/install/arm_driver/lib/python3.10/site-packages/arm_driver-0.0.0-py3.10.egg-info' (and everything under it)
[0.648s] Copying ../../build/arm_driver/arm_driver.egg-info to /var/robotic/yahboomcar_ws/install/arm_driver/lib/python3.10/site-packages/arm_driver-0.0.0-py3.10.egg-info
[0.650s] running install_scripts
[0.663s] Installing arm_driver script to /var/robotic/yahboomcar_ws/install/arm_driver/lib/arm_driver
[0.664s] writing list of installed files to '/var/robotic/yahboomcar_ws/build/arm_driver/install.log'
[0.680s] Invoked command in '/var/robotic/yahboomcar_ws/src/arm_driver' returned '0': PYTHONPATH=/var/robotic/yahboomcar_ws/build/arm_driver/prefix_override:/usr/lib/python3/dist-packages/colcon_core/task/python/colcon_distutils_commands:/var/robotic/yahboomcar_ws/install/arm_driver/lib/python3.10/site-packages:${PYTHONPATH} /usr/bin/python3 -W ignore:setup.py install is deprecated -W ignore:easy_install command is deprecated setup.py egg_info --egg-base ../../build/arm_driver build --build-base /var/robotic/yahboomcar_ws/build/arm_driver/build install --record /var/robotic/yahboomcar_ws/build/arm_driver/install.log --single-version-externally-managed install_data
