[0.137s] Invoking command in '/var/robotic/yahboomcar_ws/build/MoveIt_demo': CMAKE_PREFIX_PATH=/opt/ros/humble /usr/bin/cmake --build /var/robotic/yahboomcar_ws/build/MoveIt_demo -- -j2 -l2
[0.189s] [ 14%] Built target set_target_joints
[0.200s] [ 28%] Built target set_target_position
[0.223s] [ 42%] Built target cartesian_path
[0.230s] [ 57%] Built target random_move
[0.251s] [ 71%] Built target multi_track_motion
[0.270s] [ 85%] Built target obstacle_avoidance
[0.274s] [100%] Built target set_scene
[0.282s] Invoked command in '/var/robotic/yahboomcar_ws/build/MoveIt_demo' returned '0': CMAKE_PREFIX_PATH=/opt/ros/humble /usr/bin/cmake --build /var/robotic/yahboomcar_ws/build/MoveIt_demo -- -j2 -l2
[0.289s] Invoking command in '/var/robotic/yahboomcar_ws/build/MoveIt_demo': CMAKE_PREFIX_PATH=/opt/ros/humble /usr/bin/cmake --install /var/robotic/yahboomcar_ws/build/MoveIt_demo
[0.293s] -- Install configuration: ""
[0.293s] -- Up-to-date: /var/robotic/yahboomcar_ws/install/MoveIt_demo/lib/MoveIt_demo/set_target_joints
[0.294s] -- Up-to-date: /var/robotic/yahboomcar_ws/install/MoveIt_demo/lib/MoveIt_demo/set_target_position
[0.294s] -- Up-to-date: /var/robotic/yahboomcar_ws/install/MoveIt_demo/lib/MoveIt_demo/cartesian_path
[0.295s] -- Up-to-date: /var/robotic/yahboomcar_ws/install/MoveIt_demo/lib/MoveIt_demo/multi_track_motion
[0.295s] -- Up-to-date: /var/robotic/yahboomcar_ws/install/MoveIt_demo/lib/MoveIt_demo/random_move
[0.295s] -- Up-to-date: /var/robotic/yahboomcar_ws/install/MoveIt_demo/lib/MoveIt_demo/obstacle_avoidance
[0.295s] -- Up-to-date: /var/robotic/yahboomcar_ws/install/MoveIt_demo/lib/MoveIt_demo/set_scene
[0.295s] -- Up-to-date: /var/robotic/yahboomcar_ws/install/MoveIt_demo/share/ament_index/resource_index/package_run_dependencies/MoveIt_demo
[0.295s] -- Up-to-date: /var/robotic/yahboomcar_ws/install/MoveIt_demo/share/ament_index/resource_index/parent_prefix_path/MoveIt_demo
[0.295s] -- Up-to-date: /var/robotic/yahboomcar_ws/install/MoveIt_demo/share/MoveIt_demo/environment/ament_prefix_path.sh
[0.295s] -- Up-to-date: /var/robotic/yahboomcar_ws/install/MoveIt_demo/share/MoveIt_demo/environment/ament_prefix_path.dsv
[0.295s] -- Up-to-date: /var/robotic/yahboomcar_ws/install/MoveIt_demo/share/MoveIt_demo/environment/path.sh
[0.295s] -- Up-to-date: /var/robotic/yahboomcar_ws/install/MoveIt_demo/share/MoveIt_demo/environment/path.dsv
[0.295s] -- Up-to-date: /var/robotic/yahboomcar_ws/install/MoveIt_demo/share/MoveIt_demo/local_setup.bash
[0.295s] -- Up-to-date: /var/robotic/yahboomcar_ws/install/MoveIt_demo/share/MoveIt_demo/local_setup.sh
[0.296s] -- Up-to-date: /var/robotic/yahboomcar_ws/install/MoveIt_demo/share/MoveIt_demo/local_setup.zsh
[0.296s] -- Up-to-date: /var/robotic/yahboomcar_ws/install/MoveIt_demo/share/MoveIt_demo/local_setup.dsv
[0.296s] -- Installing: /var/robotic/yahboomcar_ws/install/MoveIt_demo/share/MoveIt_demo/package.dsv
[0.296s] -- Up-to-date: /var/robotic/yahboomcar_ws/install/MoveIt_demo/share/ament_index/resource_index/packages/MoveIt_demo
[0.296s] -- Up-to-date: /var/robotic/yahboomcar_ws/install/MoveIt_demo/share/MoveIt_demo/cmake/MoveIt_demoConfig.cmake
[0.296s] -- Up-to-date: /var/robotic/yahboomcar_ws/install/MoveIt_demo/share/MoveIt_demo/cmake/MoveIt_demoConfig-version.cmake
[0.296s] -- Up-to-date: /var/robotic/yahboomcar_ws/install/MoveIt_demo/share/MoveIt_demo/package.xml
[0.299s] Invoked command in '/var/robotic/yahboomcar_ws/build/MoveIt_demo' returned '0': CMAKE_PREFIX_PATH=/opt/ros/humble /usr/bin/cmake --install /var/robotic/yahboomcar_ws/build/MoveIt_demo
