[0.370s] Invoking command in '/var/robotic/yahboomcar_ws/src/M3Pro_demo': PYTHONPATH=/var/robotic/yahboomcar_ws/build/M3Pro_demo/prefix_override:/usr/lib/python3/dist-packages/colcon_core/task/python/colcon_distutils_commands:/var/robotic/yahboomcar_ws/install/M3Pro_demo/lib/python3.10/site-packages:${PYTHONPATH} /usr/bin/python3 -W ignore:setup.py install is deprecated -W ignore:easy_install command is deprecated setup.py egg_info --egg-base ../../build/M3Pro_demo build --build-base /var/robotic/yahboomcar_ws/build/M3Pro_demo/build install --record /var/robotic/yahboomcar_ws/build/M3Pro_demo/install.log --single-version-externally-managed install_data
[0.488s] running egg_info
[0.488s] writing ../../build/M3Pro_demo/M3Pro_demo.egg-info/PKG-INFO
[0.489s] writing dependency_links to ../../build/M3Pro_demo/M3Pro_demo.egg-info/dependency_links.txt
[0.489s] writing entry points to ../../build/M3Pro_demo/M3Pro_demo.egg-info/entry_points.txt
[0.489s] writing requirements to ../../build/M3Pro_demo/M3Pro_demo.egg-info/requires.txt
[0.490s] writing top-level names to ../../build/M3Pro_demo/M3Pro_demo.egg-info/top_level.txt
[0.491s] reading manifest file '../../build/M3Pro_demo/M3Pro_demo.egg-info/SOURCES.txt'
[0.492s] writing manifest file '../../build/M3Pro_demo/M3Pro_demo.egg-info/SOURCES.txt'
[0.493s] running build
[0.493s] running build_py
[0.494s] running install
[0.494s] running install_lib
[0.497s] running install_data
[0.497s] running install_egg_info
[0.498s] removing '/var/robotic/yahboomcar_ws/install/M3Pro_demo/lib/python3.10/site-packages/M3Pro_demo-0.0.0-py3.10.egg-info' (and everything under it)
[0.504s] Copying ../../build/M3Pro_demo/M3Pro_demo.egg-info to /var/robotic/yahboomcar_ws/install/M3Pro_demo/lib/python3.10/site-packages/M3Pro_demo-0.0.0-py3.10.egg-info
[0.504s] running install_scripts
[0.512s] Installing Gesture_Moving script to /var/robotic/yahboomcar_ws/install/M3Pro_demo/lib/M3Pro_demo
[0.512s] Installing KCF_follow script to /var/robotic/yahboomcar_ws/install/M3Pro_demo/lib/M3Pro_demo
[0.512s] Installing KCF_follow_desktop script to /var/robotic/yahboomcar_ws/install/M3Pro_demo/lib/M3Pro_demo
[0.513s] Installing KCF_track script to /var/robotic/yahboomcar_ws/install/M3Pro_demo/lib/M3Pro_demo
[0.513s] Installing M3Pro_Dancing script to /var/robotic/yahboomcar_ws/install/M3Pro_demo/lib/M3Pro_demo
[0.513s] Installing apriltagDist_gesture script to /var/robotic/yahboomcar_ws/install/M3Pro_demo/lib/M3Pro_demo
[0.513s] Installing apriltagHeight_gesture script to /var/robotic/yahboomcar_ws/install/M3Pro_demo/lib/M3Pro_demo
[0.514s] Installing apriltagID_gesture script to /var/robotic/yahboomcar_ws/install/M3Pro_demo/lib/M3Pro_demo
[0.514s] Installing apriltag_detect script to /var/robotic/yahboomcar_ws/install/M3Pro_demo/lib/M3Pro_demo
[0.514s] Installing apriltag_follow script to /var/robotic/yahboomcar_ws/install/M3Pro_demo/lib/M3Pro_demo
[0.514s] Installing apriltag_follow_2D script to /var/robotic/yahboomcar_ws/install/M3Pro_demo/lib/M3Pro_demo
[0.515s] Installing apriltag_list script to /var/robotic/yahboomcar_ws/install/M3Pro_demo/lib/M3Pro_demo
[0.515s] Installing apriltag_rotation script to /var/robotic/yahboomcar_ws/install/M3Pro_demo/lib/M3Pro_demo
[0.515s] Installing apriltag_track script to /var/robotic/yahboomcar_ws/install/M3Pro_demo/lib/M3Pro_demo
[0.516s] Installing apriltag_track_desktop script to /var/robotic/yahboomcar_ws/install/M3Pro_demo/lib/M3Pro_demo
[0.516s] Installing apriltag_transport script to /var/robotic/yahboomcar_ws/install/M3Pro_demo/lib/M3Pro_demo
[0.516s] Installing apriltag_transport_V2 script to /var/robotic/yahboomcar_ws/install/M3Pro_demo/lib/M3Pro_demo
[0.517s] Installing arm_offset script to /var/robotic/yahboomcar_ws/install/M3Pro_demo/lib/M3Pro_demo
[0.517s] Installing color_follow script to /var/robotic/yahboomcar_ws/install/M3Pro_demo/lib/M3Pro_demo
[0.517s] Installing color_list script to /var/robotic/yahboomcar_ws/install/M3Pro_demo/lib/M3Pro_demo
[0.517s] Installing color_recognize script to /var/robotic/yahboomcar_ws/install/M3Pro_demo/lib/M3Pro_demo
[0.518s] Installing color_track script to /var/robotic/yahboomcar_ws/install/M3Pro_demo/lib/M3Pro_demo
[0.518s] Installing color_track_desktop script to /var/robotic/yahboomcar_ws/install/M3Pro_demo/lib/M3Pro_demo
[0.518s] Installing color_transport script to /var/robotic/yahboomcar_ws/install/M3Pro_demo/lib/M3Pro_demo
[0.518s] Installing estimate_volume script to /var/robotic/yahboomcar_ws/install/M3Pro_demo/lib/M3Pro_demo
[0.518s] Installing follow_line script to /var/robotic/yahboomcar_ws/install/M3Pro_demo/lib/M3Pro_demo
[0.519s] Installing grasp script to /var/robotic/yahboomcar_ws/install/M3Pro_demo/lib/M3Pro_demo
[0.519s] Installing grasp_desktop script to /var/robotic/yahboomcar_ws/install/M3Pro_demo/lib/M3Pro_demo
[0.519s] Installing grasp_joint5 script to /var/robotic/yahboomcar_ws/install/M3Pro_demo/lib/M3Pro_demo
[0.519s] Installing grasp_transport script to /var/robotic/yahboomcar_ws/install/M3Pro_demo/lib/M3Pro_demo
[0.519s] Installing mediapipe_detect script to /var/robotic/yahboomcar_ws/install/M3Pro_demo/lib/M3Pro_demo
[0.520s] Installing mediapipe_gesture script to /var/robotic/yahboomcar_ws/install/M3Pro_demo/lib/M3Pro_demo
[0.520s] Installing shape_recognize script to /var/robotic/yahboomcar_ws/install/M3Pro_demo/lib/M3Pro_demo
[0.520s] Installing test_mediapipe script to /var/robotic/yahboomcar_ws/install/M3Pro_demo/lib/M3Pro_demo
[0.520s] Installing volume_calculations script to /var/robotic/yahboomcar_ws/install/M3Pro_demo/lib/M3Pro_demo
[0.521s] writing list of installed files to '/var/robotic/yahboomcar_ws/build/M3Pro_demo/install.log'
[0.533s] Invoked command in '/var/robotic/yahboomcar_ws/src/M3Pro_demo' returned '0': PYTHONPATH=/var/robotic/yahboomcar_ws/build/M3Pro_demo/prefix_override:/usr/lib/python3/dist-packages/colcon_core/task/python/colcon_distutils_commands:/var/robotic/yahboomcar_ws/install/M3Pro_demo/lib/python3.10/site-packages:${PYTHONPATH} /usr/bin/python3 -W ignore:setup.py install is deprecated -W ignore:easy_install command is deprecated setup.py egg_info --egg-base ../../build/M3Pro_demo build --build-base /var/robotic/yahboomcar_ws/build/M3Pro_demo/build install --record /var/robotic/yahboomcar_ws/build/M3Pro_demo/install.log --single-version-externally-managed install_data
