[0.000000] (-) TimerEvent: {}
[0.000181] (-) JobUnselected: {'identifier': 'M3Pro_MoveIt_demo'}
[0.000205] (-) JobUnselected: {'identifier': 'M3Pro_config'}
[0.000231] (-) JobUnselected: {'identifier': 'M3Pro_demo'}
[0.000249] (-) JobUnselected: {'identifier': 'MoveIt_demo'}
[0.000267] (-) JobUnselected: {'identifier': 'arm_driver'}
[0.000285] (-) JobUnselected: {'identifier': 'arm_msgs'}
[0.000303] (-) JobUnselected: {'identifier': 'test_config'}
[0.000320] (-) JobUnselected: {'identifier': 'test_moveit_config'}
[0.000338] (-) JobUnselected: {'identifier': 'yahboom_M3Pro_DepthCam'}
[0.000356] (-) JobUnselected: {'identifier': 'yahboom_M3Pro_description'}
[0.000373] (-) JobUnselected: {'identifier': 'yahboom_M3Pro_laser'}
[0.000391] (-) JobUnselected: {'identifier': 'yahboom_yolov8'}
[0.000409] (-) JobUnselected: {'identifier': 'yahboomcar_ctrl'}
[0.000426] (-) JobUnselected: {'identifier': 'yahboomcar_mediapipe'}
[0.000443] (-) JobUnselected: {'identifier': 'yahboomcar_msgs'}
[0.000462] (arm_interface) JobQueued: {'identifier': 'arm_interface', 'dependencies': OrderedDict()}
[0.000482] (arm_kin) JobQueued: {'identifier': 'arm_kin', 'dependencies': OrderedDict()}
[0.000757] (arm_interface) JobStarted: {'identifier': 'arm_interface'}
[0.006332] (arm_kin) JobStarted: {'identifier': 'arm_kin'}
[0.008518] (arm_interface) JobProgress: {'identifier': 'arm_interface', 'progress': 'cmake'}
[0.009298] (arm_interface) JobProgress: {'identifier': 'arm_interface', 'progress': 'build'}
[0.009363] (arm_interface) Command: {'cmd': ['/usr/bin/cmake', '--build', '/var/robotic/yahboomcar_ws/build/arm_interface', '--', '-j2', '-l2'], 'cwd': '/var/robotic/yahboomcar_ws/build/arm_interface', 'env': OrderedDict([('npm_config_devdir', '/tmp/cursor-sandbox-cache/0a89fd5853a2775f9221d2afb3efaa11/node-gyp'), ('LESSOPEN', '| /usr/bin/lesspipe %s'), ('VSCODE_CWD', '/home/spen'), ('VSCODE_ESM_ENTRYPOINT', 'vs/workbench/api/node/extensionHostProcess'), ('PUPPETEER_CACHE_DIR', '/tmp/cursor-sandbox-cache/0a89fd5853a2775f9221d2afb3efaa11/puppeteer'), ('LANGUAGE', 'en_US'), ('USER', 'spen'), ('SSH_CLIENT', '192.168.50.35 2820 22'), ('LC_TIME', 'en_US.UTF-8'), ('VSCODE_NLS_CONFIG', '{"userLocale":"en","osLocale":"en","resolvedLanguage":"en","defaultMessagesFile":"/home/spen/.cursor-server/bin/linux-x64/4f2b772756b8f609e1354b3063de282ccbe7a690/out/nls.messages.json","locale":"en","availableLanguages":{}}'), ('CCACHE_DIR', '/tmp/cursor-sandbox-cache/0a89fd5853a2775f9221d2afb3efaa11/ccache'), ('CI', '1'), ('VSCODE_HANDLES_UNCAUGHT_ERRORS', 'true'), ('XDG_SESSION_TYPE', 'tty'), ('PIP_CACHE_DIR', '/tmp/cursor-sandbox-cache/0a89fd5853a2775f9221d2afb3efaa11/pip'), ('PIPX_HOME', '/tmp/cursor-sandbox-cache/0a89fd5853a2775f9221d2afb3efaa11/pipx'), ('NUGET_PACKAGES', '/tmp/cursor-sandbox-cache/0a89fd5853a2775f9221d2afb3efaa11/nuget'), ('HOMEBREW_CACHE', '/tmp/cursor-sandbox-cache/0a89fd5853a2775f9221d2afb3efaa11/homebrew'), ('SHLVL', '1'), ('LD_LIBRARY_PATH', '/opt/ros/humble/opt/rviz_ogre_vendor/lib:/opt/ros/humble/lib/x86_64-linux-gnu:/opt/ros/humble/lib'), ('BROWSER', '/home/spen/.cursor-server/bin/linux-x64/4f2b772756b8f609e1354b3063de282ccbe7a690/bin/helpers/browser.sh'), ('MOTD_SHOWN', 'pam'), ('HOME', '/home/spen'), ('OLDPWD', '/var/robotic/yahboomcar_ws'), ('VSCODE_IPC_HOOK_CLI', '/run/user/1000/vscode-ipc-c8f91eca-ec4d-4c49-9630-5865a294962b.sock'), ('ROS_PYTHON_VERSION', '3'), ('LC_MONETARY', 'en_US.UTF-8'), ('NO_COLOR', '1'), ('CONDA_PKGS_DIRS', '/tmp/cursor-sandbox-cache/0a89fd5853a2775f9221d2afb3efaa11/conda'), ('DBUS_SESSION_BUS_ADDRESS', 'unix:path=/run/user/1000/bus'), ('VOLTA_HOME', '/tmp/cursor-sandbox-cache/0a89fd5853a2775f9221d2afb3efaa11/volta'), ('COMPOSER_HOME', '/tmp/cursor-sandbox-cache/0a89fd5853a2775f9221d2afb3efaa11/composer'), ('ROS_DISTRO', 'humble'), ('LOGNAME', 'spen'), ('FORCE_COLOR', '0'), ('VSCODE_HANDLES_SIGPIPE', 'true'), ('BUN_INSTALL_CACHE_DIR', '/tmp/cursor-sandbox-cache/0a89fd5853a2775f9221d2afb3efaa11/bun'), ('_', '/usr/bin/colcon'), ('ROS_VERSION', '2'), ('GOMODCACHE', '/tmp/cursor-sandbox-cache/0a89fd5853a2775f9221d2afb3efaa11/go-mod'), ('XDG_SESSION_CLASS', 'user'), ('CP_HOME_DIR', '/tmp/cursor-sandbox-cache/0a89fd5853a2775f9221d2afb3efaa11/cocoapods'), ('TERM', 'dumb'), ('EVERYSPHERE_RIPGREP_PATH', '/home/spen/.cursor-server/bin/linux-x64/4f2b772756b8f609e1354b3063de282ccbe7a690/resources/helpers/rg'), ('XDG_SESSION_ID', '8'), ('RUSTUP_HOME', '/tmp/cursor-sandbox-cache/0a89fd5853a2775f9221d2afb3efaa11/rustup'), ('ROS_LOCALHOST_ONLY', '0'), ('POETRY_CACHE_DIR', '/tmp/cursor-sandbox-cache/0a89fd5853a2775f9221d2afb3efaa11/poetry'), ('PATH', '/home/spen/.local/bin:/home/spen/.cursor-server/bin/linux-x64/4f2b772756b8f609e1354b3063de282ccbe7a690/bin/remote-cli:/opt/ros/humble/bin:/home/spen/.cursor-server/bin/linux-x64/4f2b772756b8f609e1354b3063de282ccbe7a690/bin/remote-cli:/usr/local/sbin:/usr/local/bin:/usr/sbin:/usr/bin:/sbin:/bin:/usr/games:/usr/local/games:/snap/bin'), ('YARN_CACHE_FOLDER', '/tmp/cursor-sandbox-cache/0a89fd5853a2775f9221d2afb3efaa11/yarn'), ('VSCODE_AGENT_FOLDER', '/home/spen/.cursor-server'), ('PAPERSIZE', 'letter'), ('UV_CACHE_DIR', '/tmp/cursor-sandbox-cache/0a89fd5853a2775f9221d2afb3efaa11/uv'), ('LC_ADDRESS', 'en_US.UTF-8'), ('PLAYWRIGHT_BROWSERS_PATH', '/tmp/cursor-sandbox-cache/0a89fd5853a2775f9221d2afb3efaa11/playwright'), ('XDG_RUNTIME_DIR', '/run/user/1000'), ('BUNDLE_PATH', '/tmp/cursor-sandbox-cache/0a89fd5853a2775f9221d2afb3efaa11/bundle'), ('DENO_DIR', '/tmp/cursor-sandbox-cache/0a89fd5853a2775f9221d2afb3efaa11/deno'), ('CURSOR_AGENT', '1'), ('LANG', 'en_US.UTF-8'), ('NX_CACHE_DIRECTORY', '/tmp/cursor-sandbox-cache/0a89fd5853a2775f9221d2afb3efaa11/nx'), ('LC_TELEPHONE', 'en_US.UTF-8'), ('LS_COLORS', ''), ('CYPRESS_CACHE_FOLDER', '/tmp/cursor-sandbox-cache/0a89fd5853a2775f9221d2afb3efaa11/cypress'), ('PNPM_STORE_PATH', '/tmp/cursor-sandbox-cache/0a89fd5853a2775f9221d2afb3efaa11/pnpm-store'), ('AMENT_PREFIX_PATH', '/opt/ros/humble'), ('SHELL', '/bin/bash'), ('CURSOR_SANDBOX', 'native'), ('LC_NAME', 'en_US.UTF-8'), ('VSCODE_SERVER_SHUTDOWN_TIMEOUT', '300'), ('GOCACHE', '/tmp/cursor-sandbox-cache/0a89fd5853a2775f9221d2afb3efaa11/go-build'), ('ELECTRON_RUN_AS_NODE', '1'), ('GEM_HOME', '/tmp/cursor-sandbox-cache/0a89fd5853a2775f9221d2afb3efaa11/gem'), ('LESSCLOSE', '/usr/bin/lesspipe %s %s'), ('LC_MEASUREMENT', 'en_US.UTF-8'), ('LC_IDENTIFICATION', 'en_US.UTF-8'), ('NPM_CONFIG_CACHE', '/tmp/cursor-sandbox-cache/0a89fd5853a2775f9221d2afb3efaa11/npm'), ('PWD', '/var/robotic/yahboomcar_ws/build/arm_interface'), ('GRADLE_USER_HOME', '/tmp/cursor-sandbox-cache/0a89fd5853a2775f9221d2afb3efaa11/gradle'), ('CARGO_HOME', '/tmp/cursor-sandbox-cache/0a89fd5853a2775f9221d2afb3efaa11/cargo'), ('SSH_CONNECTION', '192.168.50.35 2820 192.168.50.88 22'), ('XDG_DATA_DIRS', '/usr/share/gnome:/usr/local/share:/usr/share:/var/lib/snapd/desktop'), ('PYTHONPATH', '/opt/ros/humble/lib/python3.10/site-packages:/opt/ros/humble/local/lib/python3.10/dist-packages'), ('LC_NUMERIC', 'en_US.UTF-8'), ('TURBO_CACHE_DIR', '/tmp/cursor-sandbox-cache/0a89fd5853a2775f9221d2afb3efaa11/turbo'), ('LC_PAPER', 'en_US.UTF-8'), ('COLCON', '1'), ('_ZO_DOCTOR', '0'), ('CURSOR_SANDBOX_LANDLOCK_STATUS', 'fully_enforced'), ('CMAKE_PREFIX_PATH', '/opt/ros/humble')]), 'shell': False}
[0.010848] (arm_kin) JobProgress: {'identifier': 'arm_kin', 'progress': 'cmake'}
[0.010962] (arm_kin) JobProgress: {'identifier': 'arm_kin', 'progress': 'build'}
[0.011113] (arm_kin) Command: {'cmd': ['/usr/bin/cmake', '--build', '/var/robotic/yahboomcar_ws/build/arm_kin', '--', '-j2', '-l2'], 'cwd': '/var/robotic/yahboomcar_ws/build/arm_kin', 'env': OrderedDict([('npm_config_devdir', '/tmp/cursor-sandbox-cache/0a89fd5853a2775f9221d2afb3efaa11/node-gyp'), ('LESSOPEN', '| /usr/bin/lesspipe %s'), ('VSCODE_CWD', '/home/spen'), ('VSCODE_ESM_ENTRYPOINT', 'vs/workbench/api/node/extensionHostProcess'), ('PUPPETEER_CACHE_DIR', '/tmp/cursor-sandbox-cache/0a89fd5853a2775f9221d2afb3efaa11/puppeteer'), ('LANGUAGE', 'en_US'), ('USER', 'spen'), ('SSH_CLIENT', '192.168.50.35 2820 22'), ('LC_TIME', 'en_US.UTF-8'), ('VSCODE_NLS_CONFIG', '{"userLocale":"en","osLocale":"en","resolvedLanguage":"en","defaultMessagesFile":"/home/spen/.cursor-server/bin/linux-x64/4f2b772756b8f609e1354b3063de282ccbe7a690/out/nls.messages.json","locale":"en","availableLanguages":{}}'), ('CCACHE_DIR', '/tmp/cursor-sandbox-cache/0a89fd5853a2775f9221d2afb3efaa11/ccache'), ('CI', '1'), ('VSCODE_HANDLES_UNCAUGHT_ERRORS', 'true'), ('XDG_SESSION_TYPE', 'tty'), ('PIP_CACHE_DIR', '/tmp/cursor-sandbox-cache/0a89fd5853a2775f9221d2afb3efaa11/pip'), ('PIPX_HOME', '/tmp/cursor-sandbox-cache/0a89fd5853a2775f9221d2afb3efaa11/pipx'), ('NUGET_PACKAGES', '/tmp/cursor-sandbox-cache/0a89fd5853a2775f9221d2afb3efaa11/nuget'), ('HOMEBREW_CACHE', '/tmp/cursor-sandbox-cache/0a89fd5853a2775f9221d2afb3efaa11/homebrew'), ('SHLVL', '1'), ('LD_LIBRARY_PATH', '/opt/ros/humble/opt/rviz_ogre_vendor/lib:/opt/ros/humble/lib/x86_64-linux-gnu:/opt/ros/humble/lib'), ('BROWSER', '/home/spen/.cursor-server/bin/linux-x64/4f2b772756b8f609e1354b3063de282ccbe7a690/bin/helpers/browser.sh'), ('MOTD_SHOWN', 'pam'), ('HOME', '/home/spen'), ('OLDPWD', '/var/robotic/yahboomcar_ws'), ('VSCODE_IPC_HOOK_CLI', '/run/user/1000/vscode-ipc-c8f91eca-ec4d-4c49-9630-5865a294962b.sock'), ('ROS_PYTHON_VERSION', '3'), ('LC_MONETARY', 'en_US.UTF-8'), ('NO_COLOR', '1'), ('CONDA_PKGS_DIRS', '/tmp/cursor-sandbox-cache/0a89fd5853a2775f9221d2afb3efaa11/conda'), ('DBUS_SESSION_BUS_ADDRESS', 'unix:path=/run/user/1000/bus'), ('VOLTA_HOME', '/tmp/cursor-sandbox-cache/0a89fd5853a2775f9221d2afb3efaa11/volta'), ('COMPOSER_HOME', '/tmp/cursor-sandbox-cache/0a89fd5853a2775f9221d2afb3efaa11/composer'), ('ROS_DISTRO', 'humble'), ('LOGNAME', 'spen'), ('FORCE_COLOR', '0'), ('VSCODE_HANDLES_SIGPIPE', 'true'), ('BUN_INSTALL_CACHE_DIR', '/tmp/cursor-sandbox-cache/0a89fd5853a2775f9221d2afb3efaa11/bun'), ('_', '/usr/bin/colcon'), ('ROS_VERSION', '2'), ('GOMODCACHE', '/tmp/cursor-sandbox-cache/0a89fd5853a2775f9221d2afb3efaa11/go-mod'), ('XDG_SESSION_CLASS', 'user'), ('CP_HOME_DIR', '/tmp/cursor-sandbox-cache/0a89fd5853a2775f9221d2afb3efaa11/cocoapods'), ('TERM', 'dumb'), ('EVERYSPHERE_RIPGREP_PATH', '/home/spen/.cursor-server/bin/linux-x64/4f2b772756b8f609e1354b3063de282ccbe7a690/resources/helpers/rg'), ('XDG_SESSION_ID', '8'), ('RUSTUP_HOME', '/tmp/cursor-sandbox-cache/0a89fd5853a2775f9221d2afb3efaa11/rustup'), ('ROS_LOCALHOST_ONLY', '0'), ('POETRY_CACHE_DIR', '/tmp/cursor-sandbox-cache/0a89fd5853a2775f9221d2afb3efaa11/poetry'), ('PATH', '/home/spen/.local/bin:/home/spen/.cursor-server/bin/linux-x64/4f2b772756b8f609e1354b3063de282ccbe7a690/bin/remote-cli:/opt/ros/humble/bin:/home/spen/.cursor-server/bin/linux-x64/4f2b772756b8f609e1354b3063de282ccbe7a690/bin/remote-cli:/usr/local/sbin:/usr/local/bin:/usr/sbin:/usr/bin:/sbin:/bin:/usr/games:/usr/local/games:/snap/bin'), ('YARN_CACHE_FOLDER', '/tmp/cursor-sandbox-cache/0a89fd5853a2775f9221d2afb3efaa11/yarn'), ('VSCODE_AGENT_FOLDER', '/home/spen/.cursor-server'), ('PAPERSIZE', 'letter'), ('UV_CACHE_DIR', '/tmp/cursor-sandbox-cache/0a89fd5853a2775f9221d2afb3efaa11/uv'), ('LC_ADDRESS', 'en_US.UTF-8'), ('PLAYWRIGHT_BROWSERS_PATH', '/tmp/cursor-sandbox-cache/0a89fd5853a2775f9221d2afb3efaa11/playwright'), ('XDG_RUNTIME_DIR', '/run/user/1000'), ('BUNDLE_PATH', '/tmp/cursor-sandbox-cache/0a89fd5853a2775f9221d2afb3efaa11/bundle'), ('DENO_DIR', '/tmp/cursor-sandbox-cache/0a89fd5853a2775f9221d2afb3efaa11/deno'), ('CURSOR_AGENT', '1'), ('LANG', 'en_US.UTF-8'), ('NX_CACHE_DIRECTORY', '/tmp/cursor-sandbox-cache/0a89fd5853a2775f9221d2afb3efaa11/nx'), ('LC_TELEPHONE', 'en_US.UTF-8'), ('LS_COLORS', ''), ('CYPRESS_CACHE_FOLDER', '/tmp/cursor-sandbox-cache/0a89fd5853a2775f9221d2afb3efaa11/cypress'), ('PNPM_STORE_PATH', '/tmp/cursor-sandbox-cache/0a89fd5853a2775f9221d2afb3efaa11/pnpm-store'), ('AMENT_PREFIX_PATH', '/opt/ros/humble'), ('SHELL', '/bin/bash'), ('CURSOR_SANDBOX', 'native'), ('LC_NAME', 'en_US.UTF-8'), ('VSCODE_SERVER_SHUTDOWN_TIMEOUT', '300'), ('GOCACHE', '/tmp/cursor-sandbox-cache/0a89fd5853a2775f9221d2afb3efaa11/go-build'), ('ELECTRON_RUN_AS_NODE', '1'), ('GEM_HOME', '/tmp/cursor-sandbox-cache/0a89fd5853a2775f9221d2afb3efaa11/gem'), ('LESSCLOSE', '/usr/bin/lesspipe %s %s'), ('LC_MEASUREMENT', 'en_US.UTF-8'), ('LC_IDENTIFICATION', 'en_US.UTF-8'), ('NPM_CONFIG_CACHE', '/tmp/cursor-sandbox-cache/0a89fd5853a2775f9221d2afb3efaa11/npm'), ('PWD', '/var/robotic/yahboomcar_ws/build/arm_kin'), ('GRADLE_USER_HOME', '/tmp/cursor-sandbox-cache/0a89fd5853a2775f9221d2afb3efaa11/gradle'), ('CARGO_HOME', '/tmp/cursor-sandbox-cache/0a89fd5853a2775f9221d2afb3efaa11/cargo'), ('SSH_CONNECTION', '192.168.50.35 2820 192.168.50.88 22'), ('XDG_DATA_DIRS', '/usr/share/gnome:/usr/local/share:/usr/share:/var/lib/snapd/desktop'), ('PYTHONPATH', '/opt/ros/humble/lib/python3.10/site-packages:/opt/ros/humble/local/lib/python3.10/dist-packages'), ('LC_NUMERIC', 'en_US.UTF-8'), ('TURBO_CACHE_DIR', '/tmp/cursor-sandbox-cache/0a89fd5853a2775f9221d2afb3efaa11/turbo'), ('LC_PAPER', 'en_US.UTF-8'), ('COLCON', '1'), ('_ZO_DOCTOR', '0'), ('CURSOR_SANDBOX_LANDLOCK_STATUS', 'fully_enforced'), ('CMAKE_PREFIX_PATH', '/opt/ros/humble')]), 'shell': False}
[0.028543] (arm_kin) StdoutLine: {'line': b'-- Found ament_cmake: 1.3.12 (/opt/ros/humble/share/ament_cmake/cmake)\n'}
[0.058560] (arm_interface) StdoutLine: {'line': b'[ 11%] Built target arm_interface__rosidl_generator_c\n'}
[0.058695] (arm_interface) StdoutLine: {'line': b'[ 12%] Built target arm_interface__cpp\n'}
[0.078742] (arm_interface) StdoutLine: {'line': b'[ 12%] Built target ament_cmake_python_copy_arm_interface\n'}
[0.098673] (arm_interface) StdoutLine: {'line': b'[ 24%] Built target arm_interface__rosidl_typesupport_cpp\n'}
[0.101538] (-) TimerEvent: {}
[0.113499] (arm_interface) StdoutLine: {'line': b'[ 35%] Built target arm_interface__rosidl_typesupport_fastrtps_c\n'}
[0.121855] (arm_interface) StdoutLine: {'line': b'[ 47%] Built target arm_interface__rosidl_typesupport_fastrtps_cpp\n'}
[0.125043] (arm_kin) StdoutLine: {'line': b'-- Found rclcpp: 16.0.17 (/opt/ros/humble/share/rclcpp/cmake)\n'}
[0.139546] (arm_interface) StdoutLine: {'line': b'[ 58%] Built target arm_interface__rosidl_typesupport_introspection_c\n'}
[0.142347] (arm_interface) StdoutLine: {'line': b'[ 70%] Built target arm_interface__rosidl_typesupport_c\n'}
[0.151564] (arm_kin) StdoutLine: {'line': b'-- Found rosidl_generator_c: 3.1.8 (/opt/ros/humble/share/rosidl_generator_c/cmake)\n'}
[0.152591] (arm_kin) StdoutLine: {'line': b'-- Found rosidl_adapter: 3.1.8 (/opt/ros/humble/share/rosidl_adapter/cmake)\n'}
[0.159667] (arm_kin) StdoutLine: {'line': b'-- Found rosidl_generator_cpp: 3.1.8 (/opt/ros/humble/share/rosidl_generator_cpp/cmake)\n'}
[0.166326] (arm_interface) StdoutLine: {'line': b'[ 82%] Built target arm_interface__rosidl_typesupport_introspection_cpp\n'}
[0.169186] (arm_kin) StdoutLine: {'line': b'-- Using all available rosidl_typesupport_c: rosidl_typesupport_fastrtps_c;rosidl_typesupport_introspection_c\n'}
[0.181497] (arm_kin) StdoutLine: {'line': b'-- Using all available rosidl_typesupport_cpp: rosidl_typesupport_fastrtps_cpp;rosidl_typesupport_introspection_cpp\n'}
[0.196246] (arm_interface) StdoutLine: {'line': b'[ 82%] Built target arm_interface\n'}
[0.201636] (-) TimerEvent: {}
[0.213290] (arm_kin) StdoutLine: {'line': b'-- Found rmw_implementation_cmake: 6.1.2 (/opt/ros/humble/share/rmw_implementation_cmake/cmake)\n'}
[0.215719] (arm_kin) StdoutLine: {'line': b'-- Found rmw_fastrtps_cpp: 6.2.9 (/opt/ros/humble/share/rmw_fastrtps_cpp/cmake)\n'}
[0.229853] (arm_interface) StdoutLine: {'line': b'[ 83%] Built target arm_interface__py\n'}
[0.258652] (arm_interface) StdoutLine: {'line': b'[ 93%] Built target arm_interface__rosidl_generator_py\n'}
[0.281727] (arm_kin) StdoutLine: {'line': b"-- Using RMW implementation 'rmw_fastrtps_cpp' as default\n"}
[0.290342] (arm_interface) StdoutLine: {'line': b'[ 95%] Built target arm_interface__rosidl_typesupport_fastrtps_c__pyext\n'}
[0.301613] (arm_interface) StdoutLine: {'line': b'running egg_info\n'}
[0.301715] (-) TimerEvent: {}
[0.302077] (arm_interface) StdoutLine: {'line': b'writing arm_interface.egg-info/PKG-INFO\n'}
[0.302482] (arm_interface) StdoutLine: {'line': b'writing dependency_links to arm_interface.egg-info/dependency_links.txt\n'}
[0.302572] (arm_interface) StdoutLine: {'line': b'writing top-level names to arm_interface.egg-info/top_level.txt\n'}
[0.303943] (arm_interface) StdoutLine: {'line': b"reading manifest file 'arm_interface.egg-info/SOURCES.txt'\n"}
[0.304464] (arm_interface) StdoutLine: {'line': b"writing manifest file 'arm_interface.egg-info/SOURCES.txt'\n"}
[0.319728] (arm_interface) StdoutLine: {'line': b'[ 95%] Built target ament_cmake_python_build_arm_interface_egg\n'}
[0.320110] (arm_interface) StdoutLine: {'line': b'[ 97%] Built target arm_interface__rosidl_typesupport_introspection_c__pyext\n'}
[0.326121] (arm_kin) StdoutLine: {'line': b'-- Found arm_interface: 0.0.0 (/var/robotic/yahboomcar_ws/install/arm_interface/share/arm_interface/cmake)\n'}
[0.334580] (arm_interface) StdoutLine: {'line': b'[100%] Built target arm_interface__rosidl_typesupport_c__pyext\n'}
[0.341856] (arm_interface) CommandEnded: {'returncode': 0}
[0.342568] (arm_interface) JobProgress: {'identifier': 'arm_interface', 'progress': 'install'}
[0.347432] (arm_interface) Command: {'cmd': ['/usr/bin/cmake', '--install', '/var/robotic/yahboomcar_ws/build/arm_interface'], 'cwd': '/var/robotic/yahboomcar_ws/build/arm_interface', 'env': OrderedDict([('npm_config_devdir', '/tmp/cursor-sandbox-cache/0a89fd5853a2775f9221d2afb3efaa11/node-gyp'), ('LESSOPEN', '| /usr/bin/lesspipe %s'), ('VSCODE_CWD', '/home/spen'), ('VSCODE_ESM_ENTRYPOINT', 'vs/workbench/api/node/extensionHostProcess'), ('PUPPETEER_CACHE_DIR', '/tmp/cursor-sandbox-cache/0a89fd5853a2775f9221d2afb3efaa11/puppeteer'), ('LANGUAGE', 'en_US'), ('USER', 'spen'), ('SSH_CLIENT', '192.168.50.35 2820 22'), ('LC_TIME', 'en_US.UTF-8'), ('VSCODE_NLS_CONFIG', '{"userLocale":"en","osLocale":"en","resolvedLanguage":"en","defaultMessagesFile":"/home/spen/.cursor-server/bin/linux-x64/4f2b772756b8f609e1354b3063de282ccbe7a690/out/nls.messages.json","locale":"en","availableLanguages":{}}'), ('CCACHE_DIR', '/tmp/cursor-sandbox-cache/0a89fd5853a2775f9221d2afb3efaa11/ccache'), ('CI', '1'), ('VSCODE_HANDLES_UNCAUGHT_ERRORS', 'true'), ('XDG_SESSION_TYPE', 'tty'), ('PIP_CACHE_DIR', '/tmp/cursor-sandbox-cache/0a89fd5853a2775f9221d2afb3efaa11/pip'), ('PIPX_HOME', '/tmp/cursor-sandbox-cache/0a89fd5853a2775f9221d2afb3efaa11/pipx'), ('NUGET_PACKAGES', '/tmp/cursor-sandbox-cache/0a89fd5853a2775f9221d2afb3efaa11/nuget'), ('HOMEBREW_CACHE', '/tmp/cursor-sandbox-cache/0a89fd5853a2775f9221d2afb3efaa11/homebrew'), ('SHLVL', '1'), ('LD_LIBRARY_PATH', '/opt/ros/humble/opt/rviz_ogre_vendor/lib:/opt/ros/humble/lib/x86_64-linux-gnu:/opt/ros/humble/lib'), ('BROWSER', '/home/spen/.cursor-server/bin/linux-x64/4f2b772756b8f609e1354b3063de282ccbe7a690/bin/helpers/browser.sh'), ('MOTD_SHOWN', 'pam'), ('HOME', '/home/spen'), ('OLDPWD', '/var/robotic/yahboomcar_ws'), ('VSCODE_IPC_HOOK_CLI', '/run/user/1000/vscode-ipc-c8f91eca-ec4d-4c49-9630-5865a294962b.sock'), ('ROS_PYTHON_VERSION', '3'), ('LC_MONETARY', 'en_US.UTF-8'), ('NO_COLOR', '1'), ('CONDA_PKGS_DIRS', '/tmp/cursor-sandbox-cache/0a89fd5853a2775f9221d2afb3efaa11/conda'), ('DBUS_SESSION_BUS_ADDRESS', 'unix:path=/run/user/1000/bus'), ('VOLTA_HOME', '/tmp/cursor-sandbox-cache/0a89fd5853a2775f9221d2afb3efaa11/volta'), ('COMPOSER_HOME', '/tmp/cursor-sandbox-cache/0a89fd5853a2775f9221d2afb3efaa11/composer'), ('ROS_DISTRO', 'humble'), ('LOGNAME', 'spen'), ('FORCE_COLOR', '0'), ('VSCODE_HANDLES_SIGPIPE', 'true'), ('BUN_INSTALL_CACHE_DIR', '/tmp/cursor-sandbox-cache/0a89fd5853a2775f9221d2afb3efaa11/bun'), ('_', '/usr/bin/colcon'), ('ROS_VERSION', '2'), ('GOMODCACHE', '/tmp/cursor-sandbox-cache/0a89fd5853a2775f9221d2afb3efaa11/go-mod'), ('XDG_SESSION_CLASS', 'user'), ('CP_HOME_DIR', '/tmp/cursor-sandbox-cache/0a89fd5853a2775f9221d2afb3efaa11/cocoapods'), ('TERM', 'dumb'), ('EVERYSPHERE_RIPGREP_PATH', '/home/spen/.cursor-server/bin/linux-x64/4f2b772756b8f609e1354b3063de282ccbe7a690/resources/helpers/rg'), ('XDG_SESSION_ID', '8'), ('RUSTUP_HOME', '/tmp/cursor-sandbox-cache/0a89fd5853a2775f9221d2afb3efaa11/rustup'), ('ROS_LOCALHOST_ONLY', '0'), ('POETRY_CACHE_DIR', '/tmp/cursor-sandbox-cache/0a89fd5853a2775f9221d2afb3efaa11/poetry'), ('PATH', '/home/spen/.local/bin:/home/spen/.cursor-server/bin/linux-x64/4f2b772756b8f609e1354b3063de282ccbe7a690/bin/remote-cli:/opt/ros/humble/bin:/home/spen/.cursor-server/bin/linux-x64/4f2b772756b8f609e1354b3063de282ccbe7a690/bin/remote-cli:/usr/local/sbin:/usr/local/bin:/usr/sbin:/usr/bin:/sbin:/bin:/usr/games:/usr/local/games:/snap/bin'), ('YARN_CACHE_FOLDER', '/tmp/cursor-sandbox-cache/0a89fd5853a2775f9221d2afb3efaa11/yarn'), ('VSCODE_AGENT_FOLDER', '/home/spen/.cursor-server'), ('PAPERSIZE', 'letter'), ('UV_CACHE_DIR', '/tmp/cursor-sandbox-cache/0a89fd5853a2775f9221d2afb3efaa11/uv'), ('LC_ADDRESS', 'en_US.UTF-8'), ('PLAYWRIGHT_BROWSERS_PATH', '/tmp/cursor-sandbox-cache/0a89fd5853a2775f9221d2afb3efaa11/playwright'), ('XDG_RUNTIME_DIR', '/run/user/1000'), ('BUNDLE_PATH', '/tmp/cursor-sandbox-cache/0a89fd5853a2775f9221d2afb3efaa11/bundle'), ('DENO_DIR', '/tmp/cursor-sandbox-cache/0a89fd5853a2775f9221d2afb3efaa11/deno'), ('CURSOR_AGENT', '1'), ('LANG', 'en_US.UTF-8'), ('NX_CACHE_DIRECTORY', '/tmp/cursor-sandbox-cache/0a89fd5853a2775f9221d2afb3efaa11/nx'), ('LC_TELEPHONE', 'en_US.UTF-8'), ('LS_COLORS', ''), ('CYPRESS_CACHE_FOLDER', '/tmp/cursor-sandbox-cache/0a89fd5853a2775f9221d2afb3efaa11/cypress'), ('PNPM_STORE_PATH', '/tmp/cursor-sandbox-cache/0a89fd5853a2775f9221d2afb3efaa11/pnpm-store'), ('AMENT_PREFIX_PATH', '/opt/ros/humble'), ('SHELL', '/bin/bash'), ('CURSOR_SANDBOX', 'native'), ('LC_NAME', 'en_US.UTF-8'), ('VSCODE_SERVER_SHUTDOWN_TIMEOUT', '300'), ('GOCACHE', '/tmp/cursor-sandbox-cache/0a89fd5853a2775f9221d2afb3efaa11/go-build'), ('ELECTRON_RUN_AS_NODE', '1'), ('GEM_HOME', '/tmp/cursor-sandbox-cache/0a89fd5853a2775f9221d2afb3efaa11/gem'), ('LESSCLOSE', '/usr/bin/lesspipe %s %s'), ('LC_MEASUREMENT', 'en_US.UTF-8'), ('LC_IDENTIFICATION', 'en_US.UTF-8'), ('NPM_CONFIG_CACHE', '/tmp/cursor-sandbox-cache/0a89fd5853a2775f9221d2afb3efaa11/npm'), ('PWD', '/var/robotic/yahboomcar_ws/build/arm_interface'), ('GRADLE_USER_HOME', '/tmp/cursor-sandbox-cache/0a89fd5853a2775f9221d2afb3efaa11/gradle'), ('CARGO_HOME', '/tmp/cursor-sandbox-cache/0a89fd5853a2775f9221d2afb3efaa11/cargo'), ('SSH_CONNECTION', '192.168.50.35 2820 192.168.50.88 22'), ('XDG_DATA_DIRS', '/usr/share/gnome:/usr/local/share:/usr/share:/var/lib/snapd/desktop'), ('PYTHONPATH', '/opt/ros/humble/lib/python3.10/site-packages:/opt/ros/humble/local/lib/python3.10/dist-packages'), ('LC_NUMERIC', 'en_US.UTF-8'), ('TURBO_CACHE_DIR', '/tmp/cursor-sandbox-cache/0a89fd5853a2775f9221d2afb3efaa11/turbo'), ('LC_PAPER', 'en_US.UTF-8'), ('COLCON', '1'), ('_ZO_DOCTOR', '0'), ('CURSOR_SANDBOX_LANDLOCK_STATUS', 'fully_enforced'), ('CMAKE_PREFIX_PATH', '/opt/ros/humble')]), 'shell': False}
[0.349073] (arm_kin) StdoutLine: {'line': b'-- Found kdl_parser: 2.6.4 (/opt/ros/humble/share/kdl_parser/cmake)\n'}
[0.349249] (arm_kin) StdoutLine: {'line': b'-- Found eigen3_cmake_module: 0.1.1 (/opt/ros/humble/share/eigen3_cmake_module/cmake)\n'}
[0.350589] (arm_kin) StdoutLine: {'line': b'-- Ensuring Eigen3 include directory is part of orocos-kdl CMake target\n'}
[0.350620] (arm_kin) StdoutLine: {'line': b'-- Found ament_lint_auto: 0.12.14 (/opt/ros/humble/share/ament_lint_auto/cmake)\n'}
[0.353379] (arm_interface) StdoutLine: {'line': b'-- Install configuration: ""\n'}
[0.353703] (arm_interface) StdoutLine: {'line': b'-- Up-to-date: /var/robotic/yahboomcar_ws/install/arm_interface/share/ament_index/resource_index/rosidl_interfaces/arm_interface\n'}
[0.353784] (arm_interface) StdoutLine: {'line': b'-- Up-to-date: /var/robotic/yahboomcar_ws/install/arm_interface/include/arm_interface/arm_interface\n'}
[0.354173] (arm_interface) StdoutLine: {'line': b'-- Up-to-date: /var/robotic/yahboomcar_ws/install/arm_interface/include/arm_interface/arm_interface/srv\n'}
[0.354209] (arm_interface) StdoutLine: {'line': b'-- Up-to-date: /var/robotic/yahboomcar_ws/install/arm_interface/include/arm_interface/arm_interface/srv/detail\n'}
[0.354236] (arm_interface) StdoutLine: {'line': b'-- Up-to-date: /var/robotic/yahboomcar_ws/install/arm_interface/include/arm_interface/arm_interface/srv/detail/arm_kinemarics__functions.h\n'}
[0.354267] (arm_interface) StdoutLine: {'line': b'-- Up-to-date: /var/robotic/yahboomcar_ws/install/arm_interface/include/arm_interface/arm_interface/srv/detail/arm_kinemarics__functions.c\n'}
[0.354292] (arm_interface) StdoutLine: {'line': b'-- Up-to-date: /var/robotic/yahboomcar_ws/install/arm_interface/include/arm_interface/arm_interface/srv/detail/arm_kinemarics__struct.h\n'}
[0.354318] (arm_interface) StdoutLine: {'line': b'-- Up-to-date: /var/robotic/yahboomcar_ws/install/arm_interface/include/arm_interface/arm_interface/srv/detail/arm_kinemarics__type_support.h\n'}
[0.354343] (arm_interface) StdoutLine: {'line': b'-- Up-to-date: /var/robotic/yahboomcar_ws/install/arm_interface/include/arm_interface/arm_interface/srv/arm_kinemarics.h\n'}
[0.354368] (arm_interface) StdoutLine: {'line': b'-- Up-to-date: /var/robotic/yahboomcar_ws/install/arm_interface/include/arm_interface/arm_interface/msg\n'}
[0.355562] (arm_interface) StdoutLine: {'line': b'-- Up-to-date: /var/robotic/yahboomcar_ws/install/arm_interface/include/arm_interface/arm_interface/msg/target_xy_roll.h\n'}
[0.355603] (arm_interface) StdoutLine: {'line': b'-- Up-to-date: /var/robotic/yahboomcar_ws/install/arm_interface/include/arm_interface/arm_interface/msg/yolov5_detect.h\n'}
[0.355631] (arm_interface) StdoutLine: {'line': b'-- Up-to-date: /var/robotic/yahboomcar_ws/install/arm_interface/include/arm_interface/arm_interface/msg/arm_joint.h\n'}
[0.355657] (arm_interface) StdoutLine: {'line': b'-- Up-to-date: /var/robotic/yahboomcar_ws/install/arm_interface/include/arm_interface/arm_interface/msg/rosidl_generator_c__visibility_control.h\n'}
[0.355683] (arm_interface) StdoutLine: {'line': b'-- Up-to-date: /var/robotic/yahboomcar_ws/install/arm_interface/include/arm_interface/arm_interface/msg/detail\n'}
[0.355708] (arm_interface) StdoutLine: {'line': b'-- Up-to-date: /var/robotic/yahboomcar_ws/install/arm_interface/include/arm_interface/arm_interface/msg/detail/yolov5_detect__struct.h\n'}
[0.355737] (arm_interface) StdoutLine: {'line': b'-- Up-to-date: /var/robotic/yahboomcar_ws/install/arm_interface/include/arm_interface/arm_interface/msg/detail/april_tag_info__functions.c\n'}
[0.355762] (arm_interface) StdoutLine: {'line': b'-- Up-to-date: /var/robotic/yahboomcar_ws/install/arm_interface/include/arm_interface/arm_interface/msg/detail/yolov5_detect__functions.c\n'}
[0.355787] (arm_interface) StdoutLine: {'line': b'-- Up-to-date: /var/robotic/yahboomcar_ws/install/arm_interface/include/arm_interface/arm_interface/msg/detail/center_xy__functions.c\n'}
[0.355811] (arm_interface) StdoutLine: {'line': b'-- Up-to-date: /var/robotic/yahboomcar_ws/install/arm_interface/include/arm_interface/arm_interface/msg/detail/target_xy_roll__type_support.h\n'}
[0.355835] (arm_interface) StdoutLine: {'line': b'-- Up-to-date: /var/robotic/yahboomcar_ws/install/arm_interface/include/arm_interface/arm_interface/msg/detail/cur_joints__functions.c\n'}
[0.355860] (arm_interface) StdoutLine: {'line': b'-- Up-to-date: /var/robotic/yahboomcar_ws/install/arm_interface/include/arm_interface/arm_interface/msg/detail/position__type_support.h\n'}
[0.355884] (arm_interface) StdoutLine: {'line': b'-- Up-to-date: /var/robotic/yahboomcar_ws/install/arm_interface/include/arm_interface/arm_interface/msg/detail/arm_joint__struct.h\n'}
[0.355913] (arm_interface) StdoutLine: {'line': b'-- Up-to-date: /var/robotic/yahboomcar_ws/install/arm_interface/include/arm_interface/arm_interface/msg/detail/april_tag_info__functions.h\n'}
[0.355937] (arm_interface) StdoutLine: {'line': b'-- Up-to-date: /var/robotic/yahboomcar_ws/install/arm_interface/include/arm_interface/arm_interface/msg/detail/shape_info__functions.h\n'}
[0.355961] (arm_interface) StdoutLine: {'line': b'-- Up-to-date: /var/robotic/yahboomcar_ws/install/arm_interface/include/arm_interface/arm_interface/msg/detail/arm_joint__type_support.h\n'}
[0.355985] (arm_interface) StdoutLine: {'line': b'-- Up-to-date: /var/robotic/yahboomcar_ws/install/arm_interface/include/arm_interface/arm_interface/msg/detail/position__functions.c\n'}
[0.356012] (arm_interface) StdoutLine: {'line': b'-- Up-to-date: /var/robotic/yahboomcar_ws/install/arm_interface/include/arm_interface/arm_interface/msg/detail/target_xy_roll__functions.h\n'}
[0.356037] (arm_interface) StdoutLine: {'line': b'-- Up-to-date: /var/robotic/yahboomcar_ws/install/arm_interface/include/arm_interface/arm_interface/msg/detail/yolov5_detect__type_support.h\n'}
[0.356061] (arm_interface) StdoutLine: {'line': b'-- Up-to-date: /var/robotic/yahboomcar_ws/install/arm_interface/include/arm_interface/arm_interface/msg/detail/april_tag_info__type_support.h\n'}
[0.356085] (arm_interface) StdoutLine: {'line': b'-- Up-to-date: /var/robotic/yahboomcar_ws/install/arm_interface/include/arm_interface/arm_interface/msg/detail/shape_info__functions.c\n'}
[0.356108] (arm_interface) StdoutLine: {'line': b'-- Up-to-date: /var/robotic/yahboomcar_ws/install/arm_interface/include/arm_interface/arm_interface/msg/detail/yolov5_detect__functions.h\n'}
[0.356132] (arm_interface) StdoutLine: {'line': b'-- Up-to-date: /var/robotic/yahboomcar_ws/install/arm_interface/include/arm_interface/arm_interface/msg/detail/position__struct.h\n'}
[0.356155] (arm_interface) StdoutLine: {'line': b'-- Up-to-date: /var/robotic/yahboomcar_ws/install/arm_interface/include/arm_interface/arm_interface/msg/detail/center_xy__type_support.h\n'}
[0.356180] (arm_interface) StdoutLine: {'line': b'-- Up-to-date: /var/robotic/yahboomcar_ws/install/arm_interface/include/arm_interface/arm_interface/msg/detail/target_xy_roll__struct.h\n'}
[0.356205] (arm_interface) StdoutLine: {'line': b'-- Up-to-date: /var/robotic/yahboomcar_ws/install/arm_interface/include/arm_interface/arm_interface/msg/detail/center_xy__functions.h\n'}
[0.356229] (arm_interface) StdoutLine: {'line': b'-- Up-to-date: /var/robotic/yahboomcar_ws/install/arm_interface/include/arm_interface/arm_interface/msg/detail/cur_joints__type_support.h\n'}
[0.356252] (arm_interface) StdoutLine: {'line': b'-- Up-to-date: /var/robotic/yahboomcar_ws/install/arm_interface/include/arm_interface/arm_interface/msg/detail/position__functions.h\n'}
[0.356276] (arm_interface) StdoutLine: {'line': b'-- Up-to-date: /var/robotic/yahboomcar_ws/install/arm_interface/include/arm_interface/arm_interface/msg/detail/april_tag_info__struct.h\n'}
[0.356300] (arm_interface) StdoutLine: {'line': b'-- Up-to-date: /var/robotic/yahboomcar_ws/install/arm_interface/include/arm_interface/arm_interface/msg/detail/shape_info__struct.h\n'}
[0.356324] (arm_interface) StdoutLine: {'line': b'-- Up-to-date: /var/robotic/yahboomcar_ws/install/arm_interface/include/arm_interface/arm_interface/msg/detail/arm_joint__functions.c\n'}
[0.356348] (arm_interface) StdoutLine: {'line': b'-- Up-to-date: /var/robotic/yahboomcar_ws/install/arm_interface/include/arm_interface/arm_interface/msg/detail/shape_info__type_support.h\n'}
[0.356373] (arm_interface) StdoutLine: {'line': b'-- Up-to-date: /var/robotic/yahboomcar_ws/install/arm_interface/include/arm_interface/arm_interface/msg/detail/target_xy_roll__functions.c\n'}
[0.356398] (arm_interface) StdoutLine: {'line': b'-- Up-to-date: /var/robotic/yahboomcar_ws/install/arm_interface/include/arm_interface/arm_interface/msg/detail/cur_joints__functions.h\n'}
[0.356423] (arm_interface) StdoutLine: {'line': b'-- Up-to-date: /var/robotic/yahboomcar_ws/install/arm_interface/include/arm_interface/arm_interface/msg/detail/center_xy__struct.h\n'}
[0.356447] (arm_interface) StdoutLine: {'line': b'-- Up-to-date: /var/robotic/yahboomcar_ws/install/arm_interface/include/arm_interface/arm_interface/msg/detail/arm_joint__functions.h\n'}
[0.356471] (arm_interface) StdoutLine: {'line': b'-- Up-to-date: /var/robotic/yahboomcar_ws/install/arm_interface/include/arm_interface/arm_interface/msg/detail/cur_joints__struct.h\n'}
[0.356495] (arm_interface) StdoutLine: {'line': b'-- Up-to-date: /var/robotic/yahboomcar_ws/install/arm_interface/include/arm_interface/arm_interface/msg/april_tag_info.h\n'}
[0.356527] (arm_interface) StdoutLine: {'line': b'-- Up-to-date: /var/robotic/yahboomcar_ws/install/arm_interface/include/arm_interface/arm_interface/msg/shape_info.h\n'}
[0.356553] (arm_interface) StdoutLine: {'line': b'-- Up-to-date: /var/robotic/yahboomcar_ws/install/arm_interface/include/arm_interface/arm_interface/msg/center_xy.h\n'}
[0.356578] (arm_interface) StdoutLine: {'line': b'-- Up-to-date: /var/robotic/yahboomcar_ws/install/arm_interface/include/arm_interface/arm_interface/msg/position.h\n'}
[0.356601] (arm_interface) StdoutLine: {'line': b'-- Up-to-date: /var/robotic/yahboomcar_ws/install/arm_interface/include/arm_interface/arm_interface/msg/cur_joints.h\n'}
[0.361522] (arm_interface) StdoutLine: {'line': b'-- Up-to-date: /var/robotic/yahboomcar_ws/install/arm_interface/share/arm_interface/environment/library_path.sh\n'}
[0.361579] (arm_interface) StdoutLine: {'line': b'-- Installing: /var/robotic/yahboomcar_ws/install/arm_interface/share/arm_interface/environment/library_path.dsv\n'}
[0.361611] (arm_interface) StdoutLine: {'line': b'-- Up-to-date: /var/robotic/yahboomcar_ws/install/arm_interface/lib/libarm_interface__rosidl_generator_c.so\n'}
[0.361638] (arm_interface) StdoutLine: {'line': b'-- Up-to-date: /var/robotic/yahboomcar_ws/install/arm_interface/include/arm_interface/arm_interface\n'}
[0.361663] (arm_interface) StdoutLine: {'line': b'-- Up-to-date: /var/robotic/yahboomcar_ws/install/arm_interface/include/arm_interface/arm_interface/srv\n'}
[0.361688] (arm_interface) StdoutLine: {'line': b'-- Up-to-date: /var/robotic/yahboomcar_ws/install/arm_interface/include/arm_interface/arm_interface/srv/detail\n'}
[0.361713] (arm_interface) StdoutLine: {'line': b'-- Up-to-date: /var/robotic/yahboomcar_ws/install/arm_interface/include/arm_interface/arm_interface/srv/detail/arm_kinemarics__rosidl_typesupport_fastrtps_c.h\n'}
[0.361738] (arm_interface) StdoutLine: {'line': b'-- Up-to-date: /var/robotic/yahboomcar_ws/install/arm_interface/include/arm_interface/arm_interface/msg\n'}
[0.361762] (arm_interface) StdoutLine: {'line': b'-- Up-to-date: /var/robotic/yahboomcar_ws/install/arm_interface/include/arm_interface/arm_interface/msg/detail\n'}
[0.361787] (arm_interface) StdoutLine: {'line': b'-- Up-to-date: /var/robotic/yahboomcar_ws/install/arm_interface/include/arm_interface/arm_interface/msg/detail/shape_info__rosidl_typesupport_fastrtps_c.h\n'}
[0.361811] (arm_interface) StdoutLine: {'line': b'-- Up-to-date: /var/robotic/yahboomcar_ws/install/arm_interface/include/arm_interface/arm_interface/msg/detail/center_xy__rosidl_typesupport_fastrtps_c.h\n'}
[0.361835] (arm_interface) StdoutLine: {'line': b'-- Up-to-date: /var/robotic/yahboomcar_ws/install/arm_interface/include/arm_interface/arm_interface/msg/detail/april_tag_info__rosidl_typesupport_fastrtps_c.h\n'}
[0.361859] (arm_interface) StdoutLine: {'line': b'-- Up-to-date: /var/robotic/yahboomcar_ws/install/arm_interface/include/arm_interface/arm_interface/msg/detail/arm_joint__rosidl_typesupport_fastrtps_c.h\n'}
[0.361884] (arm_interface) StdoutLine: {'line': b'-- Up-to-date: /var/robotic/yahboomcar_ws/install/arm_interface/include/arm_interface/arm_interface/msg/detail/target_xy_roll__rosidl_typesupport_fastrtps_c.h\n'}
[0.361908] (arm_interface) StdoutLine: {'line': b'-- Up-to-date: /var/robotic/yahboomcar_ws/install/arm_interface/include/arm_interface/arm_interface/msg/detail/yolov5_detect__rosidl_typesupport_fastrtps_c.h\n'}
[0.361932] (arm_interface) StdoutLine: {'line': b'-- Up-to-date: /var/robotic/yahboomcar_ws/install/arm_interface/include/arm_interface/arm_interface/msg/detail/position__rosidl_typesupport_fastrtps_c.h\n'}
[0.361956] (arm_interface) StdoutLine: {'line': b'-- Up-to-date: /var/robotic/yahboomcar_ws/install/arm_interface/include/arm_interface/arm_interface/msg/detail/cur_joints__rosidl_typesupport_fastrtps_c.h\n'}
[0.361981] (arm_interface) StdoutLine: {'line': b'-- Up-to-date: /var/robotic/yahboomcar_ws/install/arm_interface/include/arm_interface/arm_interface/msg/rosidl_typesupport_fastrtps_c__visibility_control.h\n'}
[0.362006] (arm_interface) StdoutLine: {'line': b'-- Up-to-date: /var/robotic/yahboomcar_ws/install/arm_interface/lib/libarm_interface__rosidl_typesupport_fastrtps_c.so\n'}
[0.362031] (arm_interface) StdoutLine: {'line': b'-- Up-to-date: /var/robotic/yahboomcar_ws/install/arm_interface/include/arm_interface/arm_interface\n'}
[0.362055] (arm_interface) StdoutLine: {'line': b'-- Up-to-date: /var/robotic/yahboomcar_ws/install/arm_interface/include/arm_interface/arm_interface/srv\n'}
[0.362080] (arm_interface) StdoutLine: {'line': b'-- Up-to-date: /var/robotic/yahboomcar_ws/install/arm_interface/include/arm_interface/arm_interface/srv/detail\n'}
[0.362105] (arm_interface) StdoutLine: {'line': b'-- Up-to-date: /var/robotic/yahboomcar_ws/install/arm_interface/include/arm_interface/arm_interface/srv/detail/arm_kinemarics__type_support.hpp\n'}
[0.362130] (arm_interface) StdoutLine: {'line': b'-- Up-to-date: /var/robotic/yahboomcar_ws/install/arm_interface/include/arm_interface/arm_interface/srv/detail/arm_kinemarics__struct.hpp\n'}
[0.362155] (arm_interface) StdoutLine: {'line': b'-- Up-to-date: /var/robotic/yahboomcar_ws/install/arm_interface/include/arm_interface/arm_interface/srv/detail/arm_kinemarics__traits.hpp\n'}
[0.362180] (arm_interface) StdoutLine: {'line': b'-- Up-to-date: /var/robotic/yahboomcar_ws/install/arm_interface/include/arm_interface/arm_interface/srv/detail/arm_kinemarics__builder.hpp\n'}
[0.362204] (arm_interface) StdoutLine: {'line': b'-- Up-to-date: /var/robotic/yahboomcar_ws/install/arm_interface/include/arm_interface/arm_interface/srv/arm_kinemarics.hpp\n'}
[0.362228] (arm_interface) StdoutLine: {'line': b'-- Up-to-date: /var/robotic/yahboomcar_ws/install/arm_interface/include/arm_interface/arm_interface/msg\n'}
[0.362252] (arm_interface) StdoutLine: {'line': b'-- Up-to-date: /var/robotic/yahboomcar_ws/install/arm_interface/include/arm_interface/arm_interface/msg/cur_joints.hpp\n'}
[0.362276] (arm_interface) StdoutLine: {'line': b'-- Up-to-date: /var/robotic/yahboomcar_ws/install/arm_interface/include/arm_interface/arm_interface/msg/target_xy_roll.hpp\n'}
[0.362300] (arm_interface) StdoutLine: {'line': b'-- Up-to-date: /var/robotic/yahboomcar_ws/install/arm_interface/include/arm_interface/arm_interface/msg/arm_joint.hpp\n'}
[0.362324] (arm_interface) StdoutLine: {'line': b'-- Up-to-date: /var/robotic/yahboomcar_ws/install/arm_interface/include/arm_interface/arm_interface/msg/detail\n'}
[0.362348] (arm_interface) StdoutLine: {'line': b'-- Up-to-date: /var/robotic/yahboomcar_ws/install/arm_interface/include/arm_interface/arm_interface/msg/detail/center_xy__builder.hpp\n'}
[0.362375] (arm_interface) StdoutLine: {'line': b'-- Up-to-date: /var/robotic/yahboomcar_ws/install/arm_interface/include/arm_interface/arm_interface/msg/detail/shape_info__struct.hpp\n'}
[0.362398] (arm_interface) StdoutLine: {'line': b'-- Up-to-date: /var/robotic/yahboomcar_ws/install/arm_interface/include/arm_interface/arm_interface/msg/detail/center_xy__type_support.hpp\n'}
[0.362422] (arm_interface) StdoutLine: {'line': b'-- Up-to-date: /var/robotic/yahboomcar_ws/install/arm_interface/include/arm_interface/arm_interface/msg/detail/arm_joint__struct.hpp\n'}
[0.362446] (arm_interface) StdoutLine: {'line': b'-- Up-to-date: /var/robotic/yahboomcar_ws/install/arm_interface/include/arm_interface/arm_interface/msg/detail/target_xy_roll__struct.hpp\n'}
[0.362470] (arm_interface) StdoutLine: {'line': b'-- Up-to-date: /var/robotic/yahboomcar_ws/install/arm_interface/include/arm_interface/arm_interface/msg/detail/center_xy__traits.hpp\n'}
[0.362494] (arm_interface) StdoutLine: {'line': b'-- Up-to-date: /var/robotic/yahboomcar_ws/install/arm_interface/include/arm_interface/arm_interface/msg/detail/cur_joints__struct.hpp\n'}
[0.362525] (arm_interface) StdoutLine: {'line': b'-- Up-to-date: /var/robotic/yahboomcar_ws/install/arm_interface/include/arm_interface/arm_interface/msg/detail/april_tag_info__type_support.hpp\n'}
[0.362550] (arm_interface) StdoutLine: {'line': b'-- Up-to-date: /var/robotic/yahboomcar_ws/install/arm_interface/include/arm_interface/arm_interface/msg/detail/arm_joint__builder.hpp\n'}
[0.362574] (arm_interface) StdoutLine: {'line': b'-- Up-to-date: /var/robotic/yahboomcar_ws/install/arm_interface/include/arm_interface/arm_interface/msg/detail/position__struct.hpp\n'}
[0.362600] (arm_interface) StdoutLine: {'line': b'-- Up-to-date: /var/robotic/yahboomcar_ws/install/arm_interface/include/arm_interface/arm_interface/msg/detail/yolov5_detect__builder.hpp\n'}
[0.362625] (arm_interface) StdoutLine: {'line': b'-- Up-to-date: /var/robotic/yahboomcar_ws/install/arm_interface/include/arm_interface/arm_interface/msg/detail/position__builder.hpp\n'}
[0.362649] (arm_interface) StdoutLine: {'line': b'-- Up-to-date: /var/robotic/yahboomcar_ws/install/arm_interface/include/arm_interface/arm_interface/msg/detail/arm_joint__type_support.hpp\n'}
[0.362674] (arm_interface) StdoutLine: {'line': b'-- Up-to-date: /var/robotic/yahboomcar_ws/install/arm_interface/include/arm_interface/arm_interface/msg/detail/position__traits.hpp\n'}
[0.362698] (arm_interface) StdoutLine: {'line': b'-- Up-to-date: /var/robotic/yahboomcar_ws/install/arm_interface/include/arm_interface/arm_interface/msg/detail/yolov5_detect__type_support.hpp\n'}
[0.362722] (arm_interface) StdoutLine: {'line': b'-- Up-to-date: /var/robotic/yahboomcar_ws/install/arm_interface/include/arm_interface/arm_interface/msg/detail/target_xy_roll__type_support.hpp\n'}
[0.362746] (arm_interface) StdoutLine: {'line': b'-- Up-to-date: /var/robotic/yahboomcar_ws/install/arm_interface/include/arm_interface/arm_interface/msg/detail/yolov5_detect__struct.hpp\n'}
[0.362771] (arm_interface) StdoutLine: {'line': b'-- Up-to-date: /var/robotic/yahboomcar_ws/install/arm_interface/include/arm_interface/arm_interface/msg/detail/shape_info__traits.hpp\n'}
[0.362795] (arm_interface) StdoutLine: {'line': b'-- Up-to-date: /var/robotic/yahboomcar_ws/install/arm_interface/include/arm_interface/arm_interface/msg/detail/target_xy_roll__traits.hpp\n'}
[0.362819] (arm_interface) StdoutLine: {'line': b'-- Up-to-date: /var/robotic/yahboomcar_ws/install/arm_interface/include/arm_interface/arm_interface/msg/detail/target_xy_roll__builder.hpp\n'}
[0.362844] (arm_interface) StdoutLine: {'line': b'-- Up-to-date: /var/robotic/yahboomcar_ws/install/arm_interface/include/arm_interface/arm_interface/msg/detail/cur_joints__builder.hpp\n'}
[0.362867] (arm_interface) StdoutLine: {'line': b'-- Up-to-date: /var/robotic/yahboomcar_ws/install/arm_interface/include/arm_interface/arm_interface/msg/detail/april_tag_info__traits.hpp\n'}
[0.362891] (arm_interface) StdoutLine: {'line': b'-- Up-to-date: /var/robotic/yahboomcar_ws/install/arm_interface/include/arm_interface/arm_interface/msg/detail/cur_joints__type_support.hpp\n'}
[0.362915] (arm_interface) StdoutLine: {'line': b'-- Up-to-date: /var/robotic/yahboomcar_ws/install/arm_interface/include/arm_interface/arm_interface/msg/detail/yolov5_detect__traits.hpp\n'}
[0.362952] (arm_interface) StdoutLine: {'line': b'-- Up-to-date: /var/robotic/yahboomcar_ws/install/arm_interface/include/arm_interface/arm_interface/msg/detail/center_xy__struct.hpp\n'}
[0.362978] (arm_interface) StdoutLine: {'line': b'-- Up-to-date: /var/robotic/yahboomcar_ws/install/arm_interface/include/arm_interface/arm_interface/msg/detail/position__type_support.hpp\n'}
[0.363002] (arm_interface) StdoutLine: {'line': b'-- Up-to-date: /var/robotic/yahboomcar_ws/install/arm_interface/include/arm_interface/arm_interface/msg/detail/cur_joints__traits.hpp\n'}
[0.363028] (arm_interface) StdoutLine: {'line': b'-- Up-to-date: /var/robotic/yahboomcar_ws/install/arm_interface/include/arm_interface/arm_interface/msg/detail/april_tag_info__struct.hpp\n'}
[0.363053] (arm_interface) StdoutLine: {'line': b'-- Up-to-date: /var/robotic/yahboomcar_ws/install/arm_interface/include/arm_interface/arm_interface/msg/detail/shape_info__builder.hpp\n'}
[0.363077] (arm_interface) StdoutLine: {'line': b'-- Up-to-date: /var/robotic/yahboomcar_ws/install/arm_interface/include/arm_interface/arm_interface/msg/detail/shape_info__type_support.hpp\n'}
[0.363101] (arm_interface) StdoutLine: {'line': b'-- Up-to-date: /var/robotic/yahboomcar_ws/install/arm_interface/include/arm_interface/arm_interface/msg/detail/arm_joint__traits.hpp\n'}
[0.363131] (arm_interface) StdoutLine: {'line': b'-- Up-to-date: /var/robotic/yahboomcar_ws/install/arm_interface/include/arm_interface/arm_interface/msg/detail/april_tag_info__builder.hpp\n'}
[0.363155] (arm_interface) StdoutLine: {'line': b'-- Up-to-date: /var/robotic/yahboomcar_ws/install/arm_interface/include/arm_interface/arm_interface/msg/position.hpp\n'}
[0.363180] (arm_interface) StdoutLine: {'line': b'-- Up-to-date: /var/robotic/yahboomcar_ws/install/arm_interface/include/arm_interface/arm_interface/msg/yolov5_detect.hpp\n'}
[0.363204] (arm_interface) StdoutLine: {'line': b'-- Up-to-date: /var/robotic/yahboomcar_ws/install/arm_interface/include/arm_interface/arm_interface/msg/center_xy.hpp\n'}
[0.363228] (arm_interface) StdoutLine: {'line': b'-- Up-to-date: /var/robotic/yahboomcar_ws/install/arm_interface/include/arm_interface/arm_interface/msg/shape_info.hpp\n'}
[0.363252] (arm_interface) StdoutLine: {'line': b'-- Up-to-date: /var/robotic/yahboomcar_ws/install/arm_interface/include/arm_interface/arm_interface/msg/rosidl_generator_cpp__visibility_control.hpp\n'}
[0.363278] (arm_interface) StdoutLine: {'line': b'-- Up-to-date: /var/robotic/yahboomcar_ws/install/arm_interface/include/arm_interface/arm_interface/msg/april_tag_info.hpp\n'}
[0.363302] (arm_interface) StdoutLine: {'line': b'-- Up-to-date: /var/robotic/yahboomcar_ws/install/arm_interface/include/arm_interface/arm_interface\n'}
[0.363326] (arm_interface) StdoutLine: {'line': b'-- Up-to-date: /var/robotic/yahboomcar_ws/install/arm_interface/include/arm_interface/arm_interface/srv\n'}
[0.363350] (arm_interface) StdoutLine: {'line': b'-- Up-to-date: /var/robotic/yahboomcar_ws/install/arm_interface/include/arm_interface/arm_interface/srv/detail\n'}
[0.363375] (arm_interface) StdoutLine: {'line': b'-- Up-to-date: /var/robotic/yahboomcar_ws/install/arm_interface/include/arm_interface/arm_interface/srv/detail/arm_kinemarics__rosidl_typesupport_fastrtps_cpp.hpp\n'}
[0.363399] (arm_interface) StdoutLine: {'line': b'-- Up-to-date: /var/robotic/yahboomcar_ws/install/arm_interface/include/arm_interface/arm_interface/srv/detail/dds_fastrtps\n'}
[0.363423] (arm_interface) StdoutLine: {'line': b'-- Up-to-date: /var/robotic/yahboomcar_ws/install/arm_interface/include/arm_interface/arm_interface/msg\n'}
[0.363448] (arm_interface) StdoutLine: {'line': b'-- Up-to-date: /var/robotic/yahboomcar_ws/install/arm_interface/include/arm_interface/arm_interface/msg/detail\n'}
[0.363472] (arm_interface) StdoutLine: {'line': b'-- Up-to-date: /var/robotic/yahboomcar_ws/install/arm_interface/include/arm_interface/arm_interface/msg/detail/april_tag_info__rosidl_typesupport_fastrtps_cpp.hpp\n'}
[0.363496] (arm_interface) StdoutLine: {'line': b'-- Up-to-date: /var/robotic/yahboomcar_ws/install/arm_interface/include/arm_interface/arm_interface/msg/detail/arm_joint__rosidl_typesupport_fastrtps_cpp.hpp\n'}
[0.367974] (arm_interface) StdoutLine: {'line': b'-- Up-to-date: /var/robotic/yahboomcar_ws/install/arm_interface/include/arm_interface/arm_interface/msg/detail/target_xy_roll__rosidl_typesupport_fastrtps_cpp.hpp\n'}
[0.368014] (arm_interface) StdoutLine: {'line': b'-- Up-to-date: /var/robotic/yahboomcar_ws/install/arm_interface/include/arm_interface/arm_interface/msg/detail/shape_info__rosidl_typesupport_fastrtps_cpp.hpp\n'}
[0.368042] (arm_interface) StdoutLine: {'line': b'-- Up-to-date: /var/robotic/yahboomcar_ws/install/arm_interface/include/arm_interface/arm_interface/msg/detail/position__rosidl_typesupport_fastrtps_cpp.hpp\n'}
[0.368067] (arm_interface) StdoutLine: {'line': b'-- Up-to-date: /var/robotic/yahboomcar_ws/install/arm_interface/include/arm_interface/arm_interface/msg/detail/center_xy__rosidl_typesupport_fastrtps_cpp.hpp\n'}
[0.368092] (arm_interface) StdoutLine: {'line': b'-- Up-to-date: /var/robotic/yahboomcar_ws/install/arm_interface/include/arm_interface/arm_interface/msg/detail/cur_joints__rosidl_typesupport_fastrtps_cpp.hpp\n'}
[0.368117] (arm_interface) StdoutLine: {'line': b'-- Up-to-date: /var/robotic/yahboomcar_ws/install/arm_interface/include/arm_interface/arm_interface/msg/detail/dds_fastrtps\n'}
[0.368144] (arm_interface) StdoutLine: {'line': b'-- Up-to-date: /var/robotic/yahboomcar_ws/install/arm_interface/include/arm_interface/arm_interface/msg/detail/yolov5_detect__rosidl_typesupport_fastrtps_cpp.hpp\n'}
[0.368168] (arm_interface) StdoutLine: {'line': b'-- Up-to-date: /var/robotic/yahboomcar_ws/install/arm_interface/include/arm_interface/arm_interface/msg/rosidl_typesupport_fastrtps_cpp__visibility_control.h\n'}
[0.368193] (arm_interface) StdoutLine: {'line': b'-- Up-to-date: /var/robotic/yahboomcar_ws/install/arm_interface/lib/libarm_interface__rosidl_typesupport_fastrtps_cpp.so\n'}
[0.368217] (arm_interface) StdoutLine: {'line': b'-- Up-to-date: /var/robotic/yahboomcar_ws/install/arm_interface/include/arm_interface/arm_interface\n'}
[0.368242] (arm_interface) StdoutLine: {'line': b'-- Up-to-date: /var/robotic/yahboomcar_ws/install/arm_interface/include/arm_interface/arm_interface/srv\n'}
[0.368268] (arm_interface) StdoutLine: {'line': b'-- Up-to-date: /var/robotic/yahboomcar_ws/install/arm_interface/include/arm_interface/arm_interface/srv/detail\n'}
[0.368293] (arm_interface) StdoutLine: {'line': b'-- Up-to-date: /var/robotic/yahboomcar_ws/install/arm_interface/include/arm_interface/arm_interface/srv/detail/arm_kinemarics__type_support.c\n'}
[0.368318] (arm_interface) StdoutLine: {'line': b'-- Up-to-date: /var/robotic/yahboomcar_ws/install/arm_interface/include/arm_interface/arm_interface/srv/detail/arm_kinemarics__rosidl_typesupport_introspection_c.h\n'}
[0.368342] (arm_interface) StdoutLine: {'line': b'-- Up-to-date: /var/robotic/yahboomcar_ws/install/arm_interface/include/arm_interface/arm_interface/msg\n'}
[0.368369] (arm_interface) StdoutLine: {'line': b'-- Up-to-date: /var/robotic/yahboomcar_ws/install/arm_interface/include/arm_interface/arm_interface/msg/detail\n'}
[0.368394] (arm_interface) StdoutLine: {'line': b'-- Up-to-date: /var/robotic/yahboomcar_ws/install/arm_interface/include/arm_interface/arm_interface/msg/detail/target_xy_roll__type_support.c\n'}
[0.368419] (arm_interface) StdoutLine: {'line': b'-- Up-to-date: /var/robotic/yahboomcar_ws/install/arm_interface/include/arm_interface/arm_interface/msg/detail/arm_joint__type_support.c\n'}
[0.368571] (arm_interface) StdoutLine: {'line': b'-- Up-to-date: /var/robotic/yahboomcar_ws/install/arm_interface/include/arm_interface/arm_interface/msg/detail/arm_joint__rosidl_typesupport_introspection_c.h\n'}
[0.368605] (arm_interface) StdoutLine: {'line': b'-- Up-to-date: /var/robotic/yahboomcar_ws/install/arm_interface/include/arm_interface/arm_interface/msg/detail/cur_joints__type_support.c\n'}
[0.368632] (arm_interface) StdoutLine: {'line': b'-- Up-to-date: /var/robotic/yahboomcar_ws/install/arm_interface/include/arm_interface/arm_interface/msg/detail/position__type_support.c\n'}
[0.368658] (arm_interface) StdoutLine: {'line': b'-- Up-to-date: /var/robotic/yahboomcar_ws/install/arm_interface/include/arm_interface/arm_interface/msg/detail/shape_info__type_support.c\n'}
[0.368684] (arm_interface) StdoutLine: {'line': b'-- Up-to-date: /var/robotic/yahboomcar_ws/install/arm_interface/include/arm_interface/arm_interface/msg/detail/target_xy_roll__rosidl_typesupport_introspection_c.h\n'}
[0.368709] (arm_interface) StdoutLine: {'line': b'-- Up-to-date: /var/robotic/yahboomcar_ws/install/arm_interface/include/arm_interface/arm_interface/msg/detail/position__rosidl_typesupport_introspection_c.h\n'}
[0.368735] (arm_interface) StdoutLine: {'line': b'-- Up-to-date: /var/robotic/yahboomcar_ws/install/arm_interface/include/arm_interface/arm_interface/msg/detail/shape_info__rosidl_typesupport_introspection_c.h\n'}
[0.368761] (arm_interface) StdoutLine: {'line': b'-- Up-to-date: /var/robotic/yahboomcar_ws/install/arm_interface/include/arm_interface/arm_interface/msg/detail/april_tag_info__type_support.c\n'}
[0.368785] (arm_interface) StdoutLine: {'line': b'-- Up-to-date: /var/robotic/yahboomcar_ws/install/arm_interface/include/arm_interface/arm_interface/msg/detail/yolov5_detect__rosidl_typesupport_introspection_c.h\n'}
[0.368814] (arm_interface) StdoutLine: {'line': b'-- Up-to-date: /var/robotic/yahboomcar_ws/install/arm_interface/include/arm_interface/arm_interface/msg/detail/center_xy__type_support.c\n'}
[0.368840] (arm_interface) StdoutLine: {'line': b'-- Up-to-date: /var/robotic/yahboomcar_ws/install/arm_interface/include/arm_interface/arm_interface/msg/detail/april_tag_info__rosidl_typesupport_introspection_c.h\n'}
[0.368864] (arm_interface) StdoutLine: {'line': b'-- Up-to-date: /var/robotic/yahboomcar_ws/install/arm_interface/include/arm_interface/arm_interface/msg/detail/yolov5_detect__type_support.c\n'}
[0.368889] (arm_interface) StdoutLine: {'line': b'-- Up-to-date: /var/robotic/yahboomcar_ws/install/arm_interface/include/arm_interface/arm_interface/msg/detail/center_xy__rosidl_typesupport_introspection_c.h\n'}
[0.368916] (arm_interface) StdoutLine: {'line': b'-- Up-to-date: /var/robotic/yahboomcar_ws/install/arm_interface/include/arm_interface/arm_interface/msg/detail/cur_joints__rosidl_typesupport_introspection_c.h\n'}
[0.368940] (arm_interface) StdoutLine: {'line': b'-- Up-to-date: /var/robotic/yahboomcar_ws/install/arm_interface/include/arm_interface/arm_interface/msg/rosidl_typesupport_introspection_c__visibility_control.h\n'}
[0.368965] (arm_interface) StdoutLine: {'line': b'-- Up-to-date: /var/robotic/yahboomcar_ws/install/arm_interface/lib/libarm_interface__rosidl_typesupport_introspection_c.so\n'}
[0.368990] (arm_interface) StdoutLine: {'line': b'-- Up-to-date: /var/robotic/yahboomcar_ws/install/arm_interface/lib/libarm_interface__rosidl_typesupport_c.so\n'}
[0.369014] (arm_interface) StdoutLine: {'line': b'-- Up-to-date: /var/robotic/yahboomcar_ws/install/arm_interface/include/arm_interface/arm_interface\n'}
[0.369038] (arm_interface) StdoutLine: {'line': b'-- Up-to-date: /var/robotic/yahboomcar_ws/install/arm_interface/include/arm_interface/arm_interface/srv\n'}
[0.369062] (arm_interface) StdoutLine: {'line': b'-- Up-to-date: /var/robotic/yahboomcar_ws/install/arm_interface/include/arm_interface/arm_interface/srv/detail\n'}
[0.369087] (arm_interface) StdoutLine: {'line': b'-- Up-to-date: /var/robotic/yahboomcar_ws/install/arm_interface/include/arm_interface/arm_interface/srv/detail/arm_kinemarics__rosidl_typesupport_introspection_cpp.hpp\n'}
[0.369111] (arm_interface) StdoutLine: {'line': b'-- Up-to-date: /var/robotic/yahboomcar_ws/install/arm_interface/include/arm_interface/arm_interface/srv/detail/arm_kinemarics__type_support.cpp\n'}
[0.369136] (arm_interface) StdoutLine: {'line': b'-- Up-to-date: /var/robotic/yahboomcar_ws/install/arm_interface/include/arm_interface/arm_interface/msg\n'}
[0.369161] (arm_interface) StdoutLine: {'line': b'-- Up-to-date: /var/robotic/yahboomcar_ws/install/arm_interface/include/arm_interface/arm_interface/msg/detail\n'}
[0.369185] (arm_interface) StdoutLine: {'line': b'-- Up-to-date: /var/robotic/yahboomcar_ws/install/arm_interface/include/arm_interface/arm_interface/msg/detail/shape_info__type_support.cpp\n'}
[0.369210] (arm_interface) StdoutLine: {'line': b'-- Up-to-date: /var/robotic/yahboomcar_ws/install/arm_interface/include/arm_interface/arm_interface/msg/detail/cur_joints__type_support.cpp\n'}
[0.369235] (arm_interface) StdoutLine: {'line': b'-- Up-to-date: /var/robotic/yahboomcar_ws/install/arm_interface/include/arm_interface/arm_interface/msg/detail/position__type_support.cpp\n'}
[0.369262] (arm_interface) StdoutLine: {'line': b'-- Up-to-date: /var/robotic/yahboomcar_ws/install/arm_interface/include/arm_interface/arm_interface/msg/detail/april_tag_info__rosidl_typesupport_introspection_cpp.hpp\n'}
[0.369337] (arm_interface) StdoutLine: {'line': b'-- Up-to-date: /var/robotic/yahboomcar_ws/install/arm_interface/include/arm_interface/arm_interface/msg/detail/arm_joint__rosidl_typesupport_introspection_cpp.hpp\n'}
[0.369472] (arm_interface) StdoutLine: {'line': b'-- Up-to-date: /var/robotic/yahboomcar_ws/install/arm_interface/include/arm_interface/arm_interface/msg/detail/center_xy__type_support.cpp\n'}
[0.369555] (arm_interface) StdoutLine: {'line': b'-- Up-to-date: /var/robotic/yahboomcar_ws/install/arm_interface/include/arm_interface/arm_interface/msg/detail/center_xy__rosidl_typesupport_introspection_cpp.hpp\n'}
[0.369590] (arm_interface) StdoutLine: {'line': b'-- Up-to-date: /var/robotic/yahboomcar_ws/install/arm_interface/include/arm_interface/arm_interface/msg/detail/yolov5_detect__rosidl_typesupport_introspection_cpp.hpp\n'}
[0.369616] (arm_interface) StdoutLine: {'line': b'-- Up-to-date: /var/robotic/yahboomcar_ws/install/arm_interface/include/arm_interface/arm_interface/msg/detail/arm_joint__type_support.cpp\n'}
[0.369641] (arm_interface) StdoutLine: {'line': b'-- Up-to-date: /var/robotic/yahboomcar_ws/install/arm_interface/include/arm_interface/arm_interface/msg/detail/position__rosidl_typesupport_introspection_cpp.hpp\n'}
[0.369666] (arm_interface) StdoutLine: {'line': b'-- Up-to-date: /var/robotic/yahboomcar_ws/install/arm_interface/include/arm_interface/arm_interface/msg/detail/cur_joints__rosidl_typesupport_introspection_cpp.hpp\n'}
[0.369691] (arm_interface) StdoutLine: {'line': b'-- Up-to-date: /var/robotic/yahboomcar_ws/install/arm_interface/include/arm_interface/arm_interface/msg/detail/april_tag_info__type_support.cpp\n'}
[0.369715] (arm_interface) StdoutLine: {'line': b'-- Up-to-date: /var/robotic/yahboomcar_ws/install/arm_interface/include/arm_interface/arm_interface/msg/detail/shape_info__rosidl_typesupport_introspection_cpp.hpp\n'}
[0.369744] (arm_interface) StdoutLine: {'line': b'-- Up-to-date: /var/robotic/yahboomcar_ws/install/arm_interface/include/arm_interface/arm_interface/msg/detail/yolov5_detect__type_support.cpp\n'}
[0.369768] (arm_interface) StdoutLine: {'line': b'-- Up-to-date: /var/robotic/yahboomcar_ws/install/arm_interface/include/arm_interface/arm_interface/msg/detail/target_xy_roll__type_support.cpp\n'}
[0.369795] (arm_interface) StdoutLine: {'line': b'-- Up-to-date: /var/robotic/yahboomcar_ws/install/arm_interface/include/arm_interface/arm_interface/msg/detail/target_xy_roll__rosidl_typesupport_introspection_cpp.hpp\n'}
[0.369820] (arm_interface) StdoutLine: {'line': b'-- Up-to-date: /var/robotic/yahboomcar_ws/install/arm_interface/lib/libarm_interface__rosidl_typesupport_introspection_cpp.so\n'}
[0.369844] (arm_interface) StdoutLine: {'line': b'-- Up-to-date: /var/robotic/yahboomcar_ws/install/arm_interface/lib/libarm_interface__rosidl_typesupport_cpp.so\n'}
[0.369869] (arm_interface) StdoutLine: {'line': b'-- Up-to-date: /var/robotic/yahboomcar_ws/install/arm_interface/share/arm_interface/environment/pythonpath.sh\n'}
[0.369893] (arm_interface) StdoutLine: {'line': b'-- Installing: /var/robotic/yahboomcar_ws/install/arm_interface/share/arm_interface/environment/pythonpath.dsv\n'}
[0.369917] (arm_interface) StdoutLine: {'line': b'-- Up-to-date: /var/robotic/yahboomcar_ws/install/arm_interface/local/lib/python3.10/dist-packages/arm_interface-0.0.0-py3.10.egg-info\n'}
[0.369941] (arm_interface) StdoutLine: {'line': b'-- Installing: /var/robotic/yahboomcar_ws/install/arm_interface/local/lib/python3.10/dist-packages/arm_interface-0.0.0-py3.10.egg-info/SOURCES.txt\n'}
[0.369966] (arm_interface) StdoutLine: {'line': b'-- Installing: /var/robotic/yahboomcar_ws/install/arm_interface/local/lib/python3.10/dist-packages/arm_interface-0.0.0-py3.10.egg-info/top_level.txt\n'}
[0.369990] (arm_interface) StdoutLine: {'line': b'-- Installing: /var/robotic/yahboomcar_ws/install/arm_interface/local/lib/python3.10/dist-packages/arm_interface-0.0.0-py3.10.egg-info/PKG-INFO\n'}
[0.370014] (arm_interface) StdoutLine: {'line': b'-- Installing: /var/robotic/yahboomcar_ws/install/arm_interface/local/lib/python3.10/dist-packages/arm_interface-0.0.0-py3.10.egg-info/dependency_links.txt\n'}
[0.370038] (arm_interface) StdoutLine: {'line': b'-- Up-to-date: /var/robotic/yahboomcar_ws/install/arm_interface/local/lib/python3.10/dist-packages/arm_interface\n'}
[0.370062] (arm_interface) StdoutLine: {'line': b'-- Up-to-date: /var/robotic/yahboomcar_ws/install/arm_interface/local/lib/python3.10/dist-packages/arm_interface/srv\n'}
[0.370086] (arm_interface) StdoutLine: {'line': b'-- Up-to-date: /var/robotic/yahboomcar_ws/install/arm_interface/local/lib/python3.10/dist-packages/arm_interface/srv/__init__.py\n'}
[0.370112] (arm_interface) StdoutLine: {'line': b'-- Up-to-date: /var/robotic/yahboomcar_ws/install/arm_interface/local/lib/python3.10/dist-packages/arm_interface/srv/_arm_kinemarics_s.c\n'}
[0.370136] (arm_interface) StdoutLine: {'line': b'-- Up-to-date: /var/robotic/yahboomcar_ws/install/arm_interface/local/lib/python3.10/dist-packages/arm_interface/srv/_arm_kinemarics.py\n'}
[0.370160] (arm_interface) StdoutLine: {'line': b'-- Up-to-date: /var/robotic/yahboomcar_ws/install/arm_interface/local/lib/python3.10/dist-packages/arm_interface/arm_interface_s__rosidl_typesupport_introspection_c.cpython-310-x86_64-linux-gnu.so\n'}
[0.370188] (arm_interface) StdoutLine: {'line': b'-- Up-to-date: /var/robotic/yahboomcar_ws/install/arm_interface/local/lib/python3.10/dist-packages/arm_interface/arm_interface_s__rosidl_typesupport_c.cpython-310-x86_64-linux-gnu.so\n'}
[0.370213] (arm_interface) StdoutLine: {'line': b'-- Up-to-date: /var/robotic/yahboomcar_ws/install/arm_interface/local/lib/python3.10/dist-packages/arm_interface/arm_interface_s__rosidl_typesupport_fastrtps_c.cpython-310-x86_64-linux-gnu.so\n'}
[0.370238] (arm_interface) StdoutLine: {'line': b'-- Up-to-date: /var/robotic/yahboomcar_ws/install/arm_interface/local/lib/python3.10/dist-packages/arm_interface/_arm_interface_s.ep.rosidl_typesupport_c.c\n'}
[0.370262] (arm_interface) StdoutLine: {'line': b'-- Installing: /var/robotic/yahboomcar_ws/install/arm_interface/local/lib/python3.10/dist-packages/arm_interface/__init__.py\n'}
[0.370286] (arm_interface) StdoutLine: {'line': b'-- Up-to-date: /var/robotic/yahboomcar_ws/install/arm_interface/local/lib/python3.10/dist-packages/arm_interface/_arm_interface_s.ep.rosidl_typesupport_fastrtps_c.c\n'}
[0.370309] (arm_interface) StdoutLine: {'line': b'-- Up-to-date: /var/robotic/yahboomcar_ws/install/arm_interface/local/lib/python3.10/dist-packages/arm_interface/msg\n'}
[0.370333] (arm_interface) StdoutLine: {'line': b'-- Up-to-date: /var/robotic/yahboomcar_ws/install/arm_interface/local/lib/python3.10/dist-packages/arm_interface/msg/_yolov5_detect_s.c\n'}
[0.370357] (arm_interface) StdoutLine: {'line': b'-- Up-to-date: /var/robotic/yahboomcar_ws/install/arm_interface/local/lib/python3.10/dist-packages/arm_interface/msg/_center_xy.py\n'}
[0.370381] (arm_interface) StdoutLine: {'line': b'-- Up-to-date: /var/robotic/yahboomcar_ws/install/arm_interface/local/lib/python3.10/dist-packages/arm_interface/msg/_yolov5_detect.py\n'}
[0.370406] (arm_interface) StdoutLine: {'line': b'-- Up-to-date: /var/robotic/yahboomcar_ws/install/arm_interface/local/lib/python3.10/dist-packages/arm_interface/msg/_shape_info.py\n'}
[0.370431] (arm_interface) StdoutLine: {'line': b'-- Up-to-date: /var/robotic/yahboomcar_ws/install/arm_interface/local/lib/python3.10/dist-packages/arm_interface/msg/_arm_joint_s.c\n'}
[0.370455] (arm_interface) StdoutLine: {'line': b'-- Up-to-date: /var/robotic/yahboomcar_ws/install/arm_interface/local/lib/python3.10/dist-packages/arm_interface/msg/_shape_info_s.c\n'}
[0.370478] (arm_interface) StdoutLine: {'line': b'-- Up-to-date: /var/robotic/yahboomcar_ws/install/arm_interface/local/lib/python3.10/dist-packages/arm_interface/msg/_position.py\n'}
[0.372516] (arm_interface) StdoutLine: {'line': b'-- Up-to-date: /var/robotic/yahboomcar_ws/install/arm_interface/local/lib/python3.10/dist-packages/arm_interface/msg/_april_tag_info.py\n'}
[0.372578] (arm_interface) StdoutLine: {'line': b'-- Up-to-date: /var/robotic/yahboomcar_ws/install/arm_interface/local/lib/python3.10/dist-packages/arm_interface/msg/_april_tag_info_s.c\n'}
[0.372607] (arm_interface) StdoutLine: {'line': b'-- Up-to-date: /var/robotic/yahboomcar_ws/install/arm_interface/local/lib/python3.10/dist-packages/arm_interface/msg/_target_xy_roll_s.c\n'}
[0.372633] (arm_interface) StdoutLine: {'line': b'-- Up-to-date: /var/robotic/yahboomcar_ws/install/arm_interface/local/lib/python3.10/dist-packages/arm_interface/msg/__init__.py\n'}
[0.372659] (arm_interface) StdoutLine: {'line': b'-- Up-to-date: /var/robotic/yahboomcar_ws/install/arm_interface/local/lib/python3.10/dist-packages/arm_interface/msg/_position_s.c\n'}
[0.372688] (arm_interface) StdoutLine: {'line': b'-- Up-to-date: /var/robotic/yahboomcar_ws/install/arm_interface/local/lib/python3.10/dist-packages/arm_interface/msg/_arm_joint.py\n'}
[0.372713] (arm_interface) StdoutLine: {'line': b'-- Up-to-date: /var/robotic/yahboomcar_ws/install/arm_interface/local/lib/python3.10/dist-packages/arm_interface/msg/_cur_joints.py\n'}
[0.372738] (arm_interface) StdoutLine: {'line': b'-- Up-to-date: /var/robotic/yahboomcar_ws/install/arm_interface/local/lib/python3.10/dist-packages/arm_interface/msg/_center_xy_s.c\n'}
[0.372763] (arm_interface) StdoutLine: {'line': b'-- Up-to-date: /var/robotic/yahboomcar_ws/install/arm_interface/local/lib/python3.10/dist-packages/arm_interface/msg/_target_xy_roll.py\n'}
[0.372787] (arm_interface) StdoutLine: {'line': b'-- Up-to-date: /var/robotic/yahboomcar_ws/install/arm_interface/local/lib/python3.10/dist-packages/arm_interface/msg/_cur_joints_s.c\n'}
[0.372811] (arm_interface) StdoutLine: {'line': b'-- Up-to-date: /var/robotic/yahboomcar_ws/install/arm_interface/local/lib/python3.10/dist-packages/arm_interface/libarm_interface__rosidl_generator_py.so\n'}
[0.372837] (arm_interface) StdoutLine: {'line': b'-- Up-to-date: /var/robotic/yahboomcar_ws/install/arm_interface/local/lib/python3.10/dist-packages/arm_interface/_arm_interface_s.ep.rosidl_typesupport_introspection_c.c\n'}
[0.395318] (arm_kin) StdoutLine: {'line': b"-- Added test 'cppcheck' to perform static code analysis on C / C++ code\n"}
[0.395481] (arm_kin) StdoutLine: {'line': b'-- Configured cppcheck include dirs: /var/robotic/yahboomcar_ws/src/arm_kin/include;$<BUILD_INTERFACE:/var/robotic/yahboomcar_ws/src/arm_kin/include>\n'}
[0.395525] (arm_kin) StdoutLine: {'line': b'-- Configured cppcheck exclude dirs and/or files: \n'}
[0.395860] (arm_kin) StdoutLine: {'line': b"-- Added test 'lint_cmake' to check CMake code style\n"}
[0.396073] (arm_interface) StdoutLine: {'line': b"Listing '/var/robotic/yahboomcar_ws/install/arm_interface/local/lib/python3.10/dist-packages/arm_interface'...\n"}
[0.396241] (arm_interface) StdoutLine: {'line': b"Compiling '/var/robotic/yahboomcar_ws/install/arm_interface/local/lib/python3.10/dist-packages/arm_interface/__init__.py'...\n"}
[0.396387] (arm_interface) StdoutLine: {'line': b"Listing '/var/robotic/yahboomcar_ws/install/arm_interface/local/lib/python3.10/dist-packages/arm_interface/msg'...\n"}
[0.396625] (arm_interface) StdoutLine: {'line': b"Listing '/var/robotic/yahboomcar_ws/install/arm_interface/local/lib/python3.10/dist-packages/arm_interface/srv'...\n"}
[0.396775] (arm_kin) StdoutLine: {'line': b"-- Added test 'uncrustify' to check C / C++ code style\n"}
[0.398582] (arm_kin) StdoutLine: {'line': b'-- Configured uncrustify additional arguments: \n'}
[0.398704] (arm_kin) StdoutLine: {'line': b"-- Added test 'xmllint' to check XML markup files\n"}
[0.398744] (arm_kin) StdoutLine: {'line': b'-- Configuring done\n'}
[0.400218] (arm_interface) StdoutLine: {'line': b'-- Up-to-date: /var/robotic/yahboomcar_ws/install/arm_interface/local/lib/python3.10/dist-packages/arm_interface/arm_interface_s__rosidl_typesupport_fastrtps_c.cpython-310-x86_64-linux-gnu.so\n'}
[0.401263] (arm_interface) StdoutLine: {'line': b'-- Up-to-date: /var/robotic/yahboomcar_ws/install/arm_interface/local/lib/python3.10/dist-packages/arm_interface/arm_interface_s__rosidl_typesupport_introspection_c.cpython-310-x86_64-linux-gnu.so\n'}
[0.401832] (arm_interface) StdoutLine: {'line': b'-- Up-to-date: /var/robotic/yahboomcar_ws/install/arm_interface/local/lib/python3.10/dist-packages/arm_interface/arm_interface_s__rosidl_typesupport_c.cpython-310-x86_64-linux-gnu.so\n'}
[0.401990] (-) TimerEvent: {}
[0.402141] (arm_interface) StdoutLine: {'line': b'-- Up-to-date: /var/robotic/yahboomcar_ws/install/arm_interface/lib/libarm_interface__rosidl_generator_py.so\n'}
[0.403664] (arm_interface) StdoutLine: {'line': b'-- Up-to-date: /var/robotic/yahboomcar_ws/install/arm_interface/share/arm_interface/srv/ArmKinemarics.idl\n'}
[0.403709] (arm_interface) StdoutLine: {'line': b'-- Up-to-date: /var/robotic/yahboomcar_ws/install/arm_interface/share/arm_interface/msg/ArmJoint.idl\n'}
[0.403736] (arm_interface) StdoutLine: {'line': b'-- Up-to-date: /var/robotic/yahboomcar_ws/install/arm_interface/share/arm_interface/msg/AprilTagInfo.idl\n'}
[0.403762] (arm_interface) StdoutLine: {'line': b'-- Up-to-date: /var/robotic/yahboomcar_ws/install/arm_interface/share/arm_interface/msg/CenterXY.idl\n'}
[0.403788] (arm_interface) StdoutLine: {'line': b'-- Up-to-date: /var/robotic/yahboomcar_ws/install/arm_interface/share/arm_interface/msg/ShapeInfo.idl\n'}
[0.403814] (arm_interface) StdoutLine: {'line': b'-- Up-to-date: /var/robotic/yahboomcar_ws/install/arm_interface/share/arm_interface/msg/Yolov5Detect.idl\n'}
[0.403918] (arm_interface) StdoutLine: {'line': b'-- Up-to-date: /var/robotic/yahboomcar_ws/install/arm_interface/share/arm_interface/msg/Position.idl\n'}
[0.403959] (arm_interface) StdoutLine: {'line': b'-- Up-to-date: /var/robotic/yahboomcar_ws/install/arm_interface/share/arm_interface/msg/CurJoints.idl\n'}
[0.403987] (arm_interface) StdoutLine: {'line': b'-- Up-to-date: /var/robotic/yahboomcar_ws/install/arm_interface/share/arm_interface/msg/TargetXYRoll.idl\n'}
[0.404013] (arm_interface) StdoutLine: {'line': b'-- Up-to-date: /var/robotic/yahboomcar_ws/install/arm_interface/share/arm_interface/srv/ArmKinemarics.srv\n'}
[0.404069] (arm_interface) StdoutLine: {'line': b'-- Up-to-date: /var/robotic/yahboomcar_ws/install/arm_interface/share/arm_interface/srv/ArmKinemarics_Request.msg\n'}
[0.404101] (arm_interface) StdoutLine: {'line': b'-- Up-to-date: /var/robotic/yahboomcar_ws/install/arm_interface/share/arm_interface/srv/ArmKinemarics_Response.msg\n'}
[0.404128] (arm_interface) StdoutLine: {'line': b'-- Up-to-date: /var/robotic/yahboomcar_ws/install/arm_interface/share/arm_interface/msg/ArmJoint.msg\n'}
[0.404154] (arm_interface) StdoutLine: {'line': b'-- Up-to-date: /var/robotic/yahboomcar_ws/install/arm_interface/share/arm_interface/msg/AprilTagInfo.msg\n'}
[0.404179] (arm_interface) StdoutLine: {'line': b'-- Up-to-date: /var/robotic/yahboomcar_ws/install/arm_interface/share/arm_interface/msg/CenterXY.msg\n'}
[0.404205] (arm_interface) StdoutLine: {'line': b'-- Up-to-date: /var/robotic/yahboomcar_ws/install/arm_interface/share/arm_interface/msg/ShapeInfo.msg\n'}
[0.404230] (arm_interface) StdoutLine: {'line': b'-- Up-to-date: /var/robotic/yahboomcar_ws/install/arm_interface/share/arm_interface/msg/Yolov5Detect.msg\n'}
[0.404255] (arm_interface) StdoutLine: {'line': b'-- Up-to-date: /var/robotic/yahboomcar_ws/install/arm_interface/share/arm_interface/msg/Position.msg\n'}
[0.404280] (arm_interface) StdoutLine: {'line': b'-- Up-to-date: /var/robotic/yahboomcar_ws/install/arm_interface/share/arm_interface/msg/CurJoints.msg\n'}
[0.404304] (arm_interface) StdoutLine: {'line': b'-- Up-to-date: /var/robotic/yahboomcar_ws/install/arm_interface/share/arm_interface/msg/TargetXYRoll.msg\n'}
[0.404329] (arm_interface) StdoutLine: {'line': b'-- Up-to-date: /var/robotic/yahboomcar_ws/install/arm_interface/share/ament_index/resource_index/package_run_dependencies/arm_interface\n'}
[0.404354] (arm_interface) StdoutLine: {'line': b'-- Up-to-date: /var/robotic/yahboomcar_ws/install/arm_interface/share/ament_index/resource_index/parent_prefix_path/arm_interface\n'}
[0.404388] (arm_interface) StdoutLine: {'line': b'-- Up-to-date: /var/robotic/yahboomcar_ws/install/arm_interface/share/arm_interface/environment/ament_prefix_path.sh\n'}
[0.404418] (arm_interface) StdoutLine: {'line': b'-- Installing: /var/robotic/yahboomcar_ws/install/arm_interface/share/arm_interface/environment/ament_prefix_path.dsv\n'}
[0.404444] (arm_interface) StdoutLine: {'line': b'-- Up-to-date: /var/robotic/yahboomcar_ws/install/arm_interface/share/arm_interface/environment/path.sh\n'}
[0.404470] (arm_interface) StdoutLine: {'line': b'-- Installing: /var/robotic/yahboomcar_ws/install/arm_interface/share/arm_interface/environment/path.dsv\n'}
[0.404499] (arm_interface) StdoutLine: {'line': b'-- Up-to-date: /var/robotic/yahboomcar_ws/install/arm_interface/share/arm_interface/local_setup.bash\n'}
[0.404541] (arm_interface) StdoutLine: {'line': b'-- Up-to-date: /var/robotic/yahboomcar_ws/install/arm_interface/share/arm_interface/local_setup.sh\n'}
[0.404568] (arm_interface) StdoutLine: {'line': b'-- Up-to-date: /var/robotic/yahboomcar_ws/install/arm_interface/share/arm_interface/local_setup.zsh\n'}
[0.404593] (arm_interface) StdoutLine: {'line': b'-- Installing: /var/robotic/yahboomcar_ws/install/arm_interface/share/arm_interface/local_setup.dsv\n'}
[0.404617] (arm_interface) StdoutLine: {'line': b'-- Installing: /var/robotic/yahboomcar_ws/install/arm_interface/share/arm_interface/package.dsv\n'}
[0.404642] (arm_interface) StdoutLine: {'line': b'-- Up-to-date: /var/robotic/yahboomcar_ws/install/arm_interface/share/ament_index/resource_index/packages/arm_interface\n'}
[0.404667] (arm_interface) StdoutLine: {'line': b'-- Up-to-date: /var/robotic/yahboomcar_ws/install/arm_interface/share/arm_interface/cmake/export_arm_interface__rosidl_generator_cExport.cmake\n'}
[0.404696] (arm_interface) StdoutLine: {'line': b'-- Up-to-date: /var/robotic/yahboomcar_ws/install/arm_interface/share/arm_interface/cmake/export_arm_interface__rosidl_generator_cExport-noconfig.cmake\n'}
[0.404722] (arm_interface) StdoutLine: {'line': b'-- Up-to-date: /var/robotic/yahboomcar_ws/install/arm_interface/share/arm_interface/cmake/export_arm_interface__rosidl_typesupport_fastrtps_cExport.cmake\n'}
[0.404747] (arm_interface) StdoutLine: {'line': b'-- Up-to-date: /var/robotic/yahboomcar_ws/install/arm_interface/share/arm_interface/cmake/export_arm_interface__rosidl_typesupport_fastrtps_cExport-noconfig.cmake\n'}
[0.408467] (arm_kin) StdoutLine: {'line': b'-- Generating done\n'}
[0.408543] (arm_interface) StdoutLine: {'line': b'-- Up-to-date: /var/robotic/yahboomcar_ws/install/arm_interface/share/arm_interface/cmake/export_arm_interface__rosidl_generator_cppExport.cmake\n'}
[0.408576] (arm_interface) StdoutLine: {'line': b'-- Up-to-date: /var/robotic/yahboomcar_ws/install/arm_interface/share/arm_interface/cmake/export_arm_interface__rosidl_typesupport_fastrtps_cppExport.cmake\n'}
[0.408606] (arm_interface) StdoutLine: {'line': b'-- Up-to-date: /var/robotic/yahboomcar_ws/install/arm_interface/share/arm_interface/cmake/export_arm_interface__rosidl_typesupport_fastrtps_cppExport-noconfig.cmake\n'}
[0.408633] (arm_interface) StdoutLine: {'line': b'-- Up-to-date: /var/robotic/yahboomcar_ws/install/arm_interface/share/arm_interface/cmake/arm_interface__rosidl_typesupport_introspection_cExport.cmake\n'}
[0.408659] (arm_interface) StdoutLine: {'line': b'-- Up-to-date: /var/robotic/yahboomcar_ws/install/arm_interface/share/arm_interface/cmake/arm_interface__rosidl_typesupport_introspection_cExport-noconfig.cmake\n'}
[0.408684] (arm_interface) StdoutLine: {'line': b'-- Up-to-date: /var/robotic/yahboomcar_ws/install/arm_interface/share/arm_interface/cmake/arm_interface__rosidl_typesupport_cExport.cmake\n'}
[0.408709] (arm_interface) StdoutLine: {'line': b'-- Up-to-date: /var/robotic/yahboomcar_ws/install/arm_interface/share/arm_interface/cmake/arm_interface__rosidl_typesupport_cExport-noconfig.cmake\n'}
[0.408734] (arm_interface) StdoutLine: {'line': b'-- Up-to-date: /var/robotic/yahboomcar_ws/install/arm_interface/share/arm_interface/cmake/arm_interface__rosidl_typesupport_introspection_cppExport.cmake\n'}
[0.408758] (arm_interface) StdoutLine: {'line': b'-- Up-to-date: /var/robotic/yahboomcar_ws/install/arm_interface/share/arm_interface/cmake/arm_interface__rosidl_typesupport_introspection_cppExport-noconfig.cmake\n'}
[0.408784] (arm_interface) StdoutLine: {'line': b'-- Up-to-date: /var/robotic/yahboomcar_ws/install/arm_interface/share/arm_interface/cmake/arm_interface__rosidl_typesupport_cppExport.cmake\n'}
[0.408809] (arm_interface) StdoutLine: {'line': b'-- Up-to-date: /var/robotic/yahboomcar_ws/install/arm_interface/share/arm_interface/cmake/arm_interface__rosidl_typesupport_cppExport-noconfig.cmake\n'}
[0.408835] (arm_interface) StdoutLine: {'line': b'-- Up-to-date: /var/robotic/yahboomcar_ws/install/arm_interface/share/arm_interface/cmake/export_arm_interface__rosidl_generator_pyExport.cmake\n'}
[0.408860] (arm_interface) StdoutLine: {'line': b'-- Up-to-date: /var/robotic/yahboomcar_ws/install/arm_interface/share/arm_interface/cmake/export_arm_interface__rosidl_generator_pyExport-noconfig.cmake\n'}
[0.408885] (arm_interface) StdoutLine: {'line': b'-- Up-to-date: /var/robotic/yahboomcar_ws/install/arm_interface/share/arm_interface/cmake/rosidl_cmake-extras.cmake\n'}
[0.408910] (arm_interface) StdoutLine: {'line': b'-- Installing: /var/robotic/yahboomcar_ws/install/arm_interface/share/arm_interface/cmake/ament_cmake_export_dependencies-extras.cmake\n'}
[0.408935] (arm_interface) StdoutLine: {'line': b'-- Up-to-date: /var/robotic/yahboomcar_ws/install/arm_interface/share/arm_interface/cmake/ament_cmake_export_include_directories-extras.cmake\n'}
[0.408961] (arm_interface) StdoutLine: {'line': b'-- Up-to-date: /var/robotic/yahboomcar_ws/install/arm_interface/share/arm_interface/cmake/ament_cmake_export_libraries-extras.cmake\n'}
[0.408998] (arm_interface) StdoutLine: {'line': b'-- Up-to-date: /var/robotic/yahboomcar_ws/install/arm_interface/share/arm_interface/cmake/ament_cmake_export_targets-extras.cmake\n'}
[0.409028] (arm_interface) StdoutLine: {'line': b'-- Up-to-date: /var/robotic/yahboomcar_ws/install/arm_interface/share/arm_interface/cmake/rosidl_cmake_export_typesupport_targets-extras.cmake\n'}
[0.409054] (arm_interface) StdoutLine: {'line': b'-- Up-to-date: /var/robotic/yahboomcar_ws/install/arm_interface/share/arm_interface/cmake/rosidl_cmake_export_typesupport_libraries-extras.cmake\n'}
[0.409079] (arm_interface) StdoutLine: {'line': b'-- Up-to-date: /var/robotic/yahboomcar_ws/install/arm_interface/share/arm_interface/cmake/arm_interfaceConfig.cmake\n'}
[0.409104] (arm_interface) StdoutLine: {'line': b'-- Up-to-date: /var/robotic/yahboomcar_ws/install/arm_interface/share/arm_interface/cmake/arm_interfaceConfig-version.cmake\n'}
[0.409128] (arm_interface) StdoutLine: {'line': b'-- Up-to-date: /var/robotic/yahboomcar_ws/install/arm_interface/share/arm_interface/package.xml\n'}
[0.409153] (arm_kin) StdoutLine: {'line': b'-- Build files have been written to: /var/robotic/yahboomcar_ws/build/arm_kin\n'}
[0.412574] (arm_interface) CommandEnded: {'returncode': 0}
[0.424789] (arm_interface) JobEnded: {'identifier': 'arm_interface', 'rc': 0}
[0.434803] (arm_kin) StdoutLine: {'line': b'Consolidate compiler generated dependencies of target kin_srv\n'}
[0.444999] (arm_kin) StdoutLine: {'line': b'[ 50%] Building CXX object CMakeFiles/kin_srv.dir/src/kin_srv.cpp.o\n'}
[0.502109] (-) TimerEvent: {}
[0.602297] (-) TimerEvent: {}
[0.702485] (-) TimerEvent: {}
[0.802747] (-) TimerEvent: {}
[0.902951] (-) TimerEvent: {}
[1.003175] (-) TimerEvent: {}
[1.103374] (-) TimerEvent: {}
[1.203572] (-) TimerEvent: {}
[1.303771] (-) TimerEvent: {}
[1.403962] (-) TimerEvent: {}
[1.504153] (-) TimerEvent: {}
[1.604344] (-) TimerEvent: {}
[1.704539] (-) TimerEvent: {}
[1.804748] (-) TimerEvent: {}
[1.904921] (-) TimerEvent: {}
[2.005112] (-) TimerEvent: {}
[2.105377] (-) TimerEvent: {}
[2.124407] (arm_kin) StderrLine: {'line': b'/var/robotic/yahboomcar_ws/src/arm_kin/src/kin_srv.cpp: In function \xe2\x80\x98bool arm_getFK(const char*, std::vector<double, std::allocator<double> >&, std::vector<double, std::allocator<double> >&)\xe2\x80\x99:\n'}
[2.124597] (arm_kin) StderrLine: {'line': b'/var/robotic/yahboomcar_ws/src/arm_kin/src/kin_srv.cpp:52:30: warning: comparison of constant \xe2\x80\x980\xe2\x80\x99 with boolean expression is always true [-Wbool-compare]\n'}
[2.124637] (arm_kin) StderrLine: {'line': b'   52 |     return kinematics_status >= 0;\n'}
[2.124680] (arm_kin) StderrLine: {'line': b'      |            ~~~~~~~~~~~~~~~~~~^~~~\n'}
[2.125220] (arm_kin) StderrLine: {'line': b'/var/robotic/yahboomcar_ws/src/arm_kin/src/kin_srv.cpp: In function \xe2\x80\x98bool arm_getIK(const char*, std::vector<double, std::allocator<double> >&, std::vector<double, std::allocator<double> >&, std::vector<double, std::allocator<double> >&)\xe2\x80\x99:\n'}
[2.125275] (arm_kin) StderrLine: {'line': b'/var/robotic/yahboomcar_ws/src/arm_kin/src/kin_srv.cpp:94:27: warning: comparison of constant \xe2\x80\x980\xe2\x80\x99 with boolean expression is always true [-Wbool-compare]\n'}
[2.125304] (arm_kin) StderrLine: {'line': b'   94 |     if (kinematics_status >= 0) {\n'}
[2.125330] (arm_kin) StderrLine: {'line': b'      |         ~~~~~~~~~~~~~~~~~~^~~~\n'}
[2.130060] (arm_kin) StderrLine: {'line': b'/var/robotic/yahboomcar_ws/src/arm_kin/src/kin_srv.cpp: In function \xe2\x80\x98void handle_service(std::shared_ptr<arm_interface::srv::ArmKinemarics_Request_<std::allocator<void> > >, std::shared_ptr<arm_interface::srv::ArmKinemarics_Response_<std::allocator<void> > >)\xe2\x80\x99:\n'}
[2.130201] (arm_kin) StderrLine: {'line': b'/var/robotic/yahboomcar_ws/src/arm_kin/src/kin_srv.cpp:133:16: warning: unused variable \xe2\x80\x98tool_param\xe2\x80\x99 [-Wunused-variable]\n'}
[2.130234] (arm_kin) StderrLine: {'line': b'  133 |         double tool_param = 0.12;\n'}
[2.130262] (arm_kin) StderrLine: {'line': b'      |                ^~~~~~~~~~\n'}
[2.205523] (-) TimerEvent: {}
[2.305742] (-) TimerEvent: {}
[2.405938] (-) TimerEvent: {}
[2.506191] (-) TimerEvent: {}
[2.509449] (arm_kin) StderrLine: {'line': b'/var/robotic/yahboomcar_ws/src/arm_kin/src/kin_srv.cpp: In function \xe2\x80\x98int main(int, char**)\xe2\x80\x99:\n'}
[2.509596] (arm_kin) StderrLine: {'line': b'/var/robotic/yahboomcar_ws/src/arm_kin/src/kin_srv.cpp:177:37: warning: ignoring return value of \xe2\x80\x98rcutils_ret_t rcutils_logging_set_logger_level(const char*, int)\xe2\x80\x99 declared with attribute \xe2\x80\x98warn_unused_result\xe2\x80\x99 [-Wunused-result]\n'}
[2.509638] (arm_kin) StderrLine: {'line': b'  177 |     rcutils_logging_set_logger_level("kdl_parser", RCUTILS_LOG_SEVERITY_ERROR);\n'}
[2.509666] (arm_kin) StderrLine: {'line': b'      |     ~~~~~~~~~~~~~~~~~~~~~~~~~~~~~~~~^~~~~~~~~~~~~~~~~~~~~~~~~~~~~~~~~~~~~~~~~~\n'}
[2.606313] (-) TimerEvent: {}
[2.706491] (-) TimerEvent: {}
[2.785612] (arm_kin) StdoutLine: {'line': b'[100%] Linking CXX executable kin_srv\n'}
[2.806590] (-) TimerEvent: {}
[2.876685] (arm_kin) StdoutLine: {'line': b'[100%] Built target kin_srv\n'}
[2.883535] (arm_kin) CommandEnded: {'returncode': 0}
[2.883744] (arm_kin) JobProgress: {'identifier': 'arm_kin', 'progress': 'install'}
[2.883756] (arm_kin) Command: {'cmd': ['/usr/bin/cmake', '--install', '/var/robotic/yahboomcar_ws/build/arm_kin'], 'cwd': '/var/robotic/yahboomcar_ws/build/arm_kin', 'env': OrderedDict([('npm_config_devdir', '/tmp/cursor-sandbox-cache/0a89fd5853a2775f9221d2afb3efaa11/node-gyp'), ('LESSOPEN', '| /usr/bin/lesspipe %s'), ('VSCODE_CWD', '/home/spen'), ('VSCODE_ESM_ENTRYPOINT', 'vs/workbench/api/node/extensionHostProcess'), ('PUPPETEER_CACHE_DIR', '/tmp/cursor-sandbox-cache/0a89fd5853a2775f9221d2afb3efaa11/puppeteer'), ('LANGUAGE', 'en_US'), ('USER', 'spen'), ('SSH_CLIENT', '192.168.50.35 2820 22'), ('LC_TIME', 'en_US.UTF-8'), ('VSCODE_NLS_CONFIG', '{"userLocale":"en","osLocale":"en","resolvedLanguage":"en","defaultMessagesFile":"/home/spen/.cursor-server/bin/linux-x64/4f2b772756b8f609e1354b3063de282ccbe7a690/out/nls.messages.json","locale":"en","availableLanguages":{}}'), ('CCACHE_DIR', '/tmp/cursor-sandbox-cache/0a89fd5853a2775f9221d2afb3efaa11/ccache'), ('CI', '1'), ('VSCODE_HANDLES_UNCAUGHT_ERRORS', 'true'), ('XDG_SESSION_TYPE', 'tty'), ('PIP_CACHE_DIR', '/tmp/cursor-sandbox-cache/0a89fd5853a2775f9221d2afb3efaa11/pip'), ('PIPX_HOME', '/tmp/cursor-sandbox-cache/0a89fd5853a2775f9221d2afb3efaa11/pipx'), ('NUGET_PACKAGES', '/tmp/cursor-sandbox-cache/0a89fd5853a2775f9221d2afb3efaa11/nuget'), ('HOMEBREW_CACHE', '/tmp/cursor-sandbox-cache/0a89fd5853a2775f9221d2afb3efaa11/homebrew'), ('SHLVL', '1'), ('LD_LIBRARY_PATH', '/opt/ros/humble/opt/rviz_ogre_vendor/lib:/opt/ros/humble/lib/x86_64-linux-gnu:/opt/ros/humble/lib'), ('BROWSER', '/home/spen/.cursor-server/bin/linux-x64/4f2b772756b8f609e1354b3063de282ccbe7a690/bin/helpers/browser.sh'), ('MOTD_SHOWN', 'pam'), ('HOME', '/home/spen'), ('OLDPWD', '/var/robotic/yahboomcar_ws'), ('VSCODE_IPC_HOOK_CLI', '/run/user/1000/vscode-ipc-c8f91eca-ec4d-4c49-9630-5865a294962b.sock'), ('ROS_PYTHON_VERSION', '3'), ('LC_MONETARY', 'en_US.UTF-8'), ('NO_COLOR', '1'), ('CONDA_PKGS_DIRS', '/tmp/cursor-sandbox-cache/0a89fd5853a2775f9221d2afb3efaa11/conda'), ('DBUS_SESSION_BUS_ADDRESS', 'unix:path=/run/user/1000/bus'), ('VOLTA_HOME', '/tmp/cursor-sandbox-cache/0a89fd5853a2775f9221d2afb3efaa11/volta'), ('COMPOSER_HOME', '/tmp/cursor-sandbox-cache/0a89fd5853a2775f9221d2afb3efaa11/composer'), ('ROS_DISTRO', 'humble'), ('LOGNAME', 'spen'), ('FORCE_COLOR', '0'), ('VSCODE_HANDLES_SIGPIPE', 'true'), ('BUN_INSTALL_CACHE_DIR', '/tmp/cursor-sandbox-cache/0a89fd5853a2775f9221d2afb3efaa11/bun'), ('_', '/usr/bin/colcon'), ('ROS_VERSION', '2'), ('GOMODCACHE', '/tmp/cursor-sandbox-cache/0a89fd5853a2775f9221d2afb3efaa11/go-mod'), ('XDG_SESSION_CLASS', 'user'), ('CP_HOME_DIR', '/tmp/cursor-sandbox-cache/0a89fd5853a2775f9221d2afb3efaa11/cocoapods'), ('TERM', 'dumb'), ('EVERYSPHERE_RIPGREP_PATH', '/home/spen/.cursor-server/bin/linux-x64/4f2b772756b8f609e1354b3063de282ccbe7a690/resources/helpers/rg'), ('XDG_SESSION_ID', '8'), ('RUSTUP_HOME', '/tmp/cursor-sandbox-cache/0a89fd5853a2775f9221d2afb3efaa11/rustup'), ('ROS_LOCALHOST_ONLY', '0'), ('POETRY_CACHE_DIR', '/tmp/cursor-sandbox-cache/0a89fd5853a2775f9221d2afb3efaa11/poetry'), ('PATH', '/home/spen/.local/bin:/home/spen/.cursor-server/bin/linux-x64/4f2b772756b8f609e1354b3063de282ccbe7a690/bin/remote-cli:/opt/ros/humble/bin:/home/spen/.cursor-server/bin/linux-x64/4f2b772756b8f609e1354b3063de282ccbe7a690/bin/remote-cli:/usr/local/sbin:/usr/local/bin:/usr/sbin:/usr/bin:/sbin:/bin:/usr/games:/usr/local/games:/snap/bin'), ('YARN_CACHE_FOLDER', '/tmp/cursor-sandbox-cache/0a89fd5853a2775f9221d2afb3efaa11/yarn'), ('VSCODE_AGENT_FOLDER', '/home/spen/.cursor-server'), ('PAPERSIZE', 'letter'), ('UV_CACHE_DIR', '/tmp/cursor-sandbox-cache/0a89fd5853a2775f9221d2afb3efaa11/uv'), ('LC_ADDRESS', 'en_US.UTF-8'), ('PLAYWRIGHT_BROWSERS_PATH', '/tmp/cursor-sandbox-cache/0a89fd5853a2775f9221d2afb3efaa11/playwright'), ('XDG_RUNTIME_DIR', '/run/user/1000'), ('BUNDLE_PATH', '/tmp/cursor-sandbox-cache/0a89fd5853a2775f9221d2afb3efaa11/bundle'), ('DENO_DIR', '/tmp/cursor-sandbox-cache/0a89fd5853a2775f9221d2afb3efaa11/deno'), ('CURSOR_AGENT', '1'), ('LANG', 'en_US.UTF-8'), ('NX_CACHE_DIRECTORY', '/tmp/cursor-sandbox-cache/0a89fd5853a2775f9221d2afb3efaa11/nx'), ('LC_TELEPHONE', 'en_US.UTF-8'), ('LS_COLORS', ''), ('CYPRESS_CACHE_FOLDER', '/tmp/cursor-sandbox-cache/0a89fd5853a2775f9221d2afb3efaa11/cypress'), ('PNPM_STORE_PATH', '/tmp/cursor-sandbox-cache/0a89fd5853a2775f9221d2afb3efaa11/pnpm-store'), ('AMENT_PREFIX_PATH', '/opt/ros/humble'), ('SHELL', '/bin/bash'), ('CURSOR_SANDBOX', 'native'), ('LC_NAME', 'en_US.UTF-8'), ('VSCODE_SERVER_SHUTDOWN_TIMEOUT', '300'), ('GOCACHE', '/tmp/cursor-sandbox-cache/0a89fd5853a2775f9221d2afb3efaa11/go-build'), ('ELECTRON_RUN_AS_NODE', '1'), ('GEM_HOME', '/tmp/cursor-sandbox-cache/0a89fd5853a2775f9221d2afb3efaa11/gem'), ('LESSCLOSE', '/usr/bin/lesspipe %s %s'), ('LC_MEASUREMENT', 'en_US.UTF-8'), ('LC_IDENTIFICATION', 'en_US.UTF-8'), ('NPM_CONFIG_CACHE', '/tmp/cursor-sandbox-cache/0a89fd5853a2775f9221d2afb3efaa11/npm'), ('PWD', '/var/robotic/yahboomcar_ws/build/arm_kin'), ('GRADLE_USER_HOME', '/tmp/cursor-sandbox-cache/0a89fd5853a2775f9221d2afb3efaa11/gradle'), ('CARGO_HOME', '/tmp/cursor-sandbox-cache/0a89fd5853a2775f9221d2afb3efaa11/cargo'), ('SSH_CONNECTION', '192.168.50.35 2820 192.168.50.88 22'), ('XDG_DATA_DIRS', '/usr/share/gnome:/usr/local/share:/usr/share:/var/lib/snapd/desktop'), ('PYTHONPATH', '/opt/ros/humble/lib/python3.10/site-packages:/opt/ros/humble/local/lib/python3.10/dist-packages'), ('LC_NUMERIC', 'en_US.UTF-8'), ('TURBO_CACHE_DIR', '/tmp/cursor-sandbox-cache/0a89fd5853a2775f9221d2afb3efaa11/turbo'), ('LC_PAPER', 'en_US.UTF-8'), ('COLCON', '1'), ('_ZO_DOCTOR', '0'), ('CURSOR_SANDBOX_LANDLOCK_STATUS', 'fully_enforced'), ('CMAKE_PREFIX_PATH', '/opt/ros/humble')]), 'shell': False}
[2.887620] (arm_kin) StdoutLine: {'line': b'-- Install configuration: ""\n'}
[2.887781] (arm_kin) StdoutLine: {'line': b'-- Installing: /var/robotic/yahboomcar_ws/install/arm_kin/share/arm_kin/param\n'}
[2.887824] (arm_kin) StdoutLine: {'line': b'-- Installing: /var/robotic/yahboomcar_ws/install/arm_kin/share/arm_kin/param/offset_value.yaml\n'}
[2.887858] (arm_kin) StdoutLine: {'line': b'-- Installing: /var/robotic/yahboomcar_ws/install/arm_kin/lib/arm_kin/kin_srv\n'}
[2.888577] (arm_kin) StdoutLine: {'line': b'-- Set runtime path of "/var/robotic/yahboomcar_ws/install/arm_kin/lib/arm_kin/kin_srv" to ""\n'}
[2.888673] (arm_kin) StdoutLine: {'line': b'-- Installing: /var/robotic/yahboomcar_ws/install/arm_kin/share/ament_index/resource_index/package_run_dependencies/arm_kin\n'}
[2.888704] (arm_kin) StdoutLine: {'line': b'-- Installing: /var/robotic/yahboomcar_ws/install/arm_kin/share/ament_index/resource_index/parent_prefix_path/arm_kin\n'}
[2.888764] (arm_kin) StdoutLine: {'line': b'-- Installing: /var/robotic/yahboomcar_ws/install/arm_kin/share/arm_kin/environment/ament_prefix_path.sh\n'}
[2.888792] (arm_kin) StdoutLine: {'line': b'-- Installing: /var/robotic/yahboomcar_ws/install/arm_kin/share/arm_kin/environment/ament_prefix_path.dsv\n'}
[2.890152] (arm_kin) StdoutLine: {'line': b'-- Installing: /var/robotic/yahboomcar_ws/install/arm_kin/share/arm_kin/environment/path.sh\n'}
[2.890200] (arm_kin) StdoutLine: {'line': b'-- Installing: /var/robotic/yahboomcar_ws/install/arm_kin/share/arm_kin/environment/path.dsv\n'}
[2.890230] (arm_kin) StdoutLine: {'line': b'-- Installing: /var/robotic/yahboomcar_ws/install/arm_kin/share/arm_kin/local_setup.bash\n'}
[2.890539] (arm_kin) StdoutLine: {'line': b'-- Installing: /var/robotic/yahboomcar_ws/install/arm_kin/share/arm_kin/local_setup.sh\n'}
[2.890596] (arm_kin) StdoutLine: {'line': b'-- Installing: /var/robotic/yahboomcar_ws/install/arm_kin/share/arm_kin/local_setup.zsh\n'}
[2.890676] (arm_kin) StdoutLine: {'line': b'-- Installing: /var/robotic/yahboomcar_ws/install/arm_kin/share/arm_kin/local_setup.dsv\n'}
[2.890733] (arm_kin) StdoutLine: {'line': b'-- Installing: /var/robotic/yahboomcar_ws/install/arm_kin/share/arm_kin/package.dsv\n'}
[2.890762] (arm_kin) StdoutLine: {'line': b'-- Installing: /var/robotic/yahboomcar_ws/install/arm_kin/share/ament_index/resource_index/packages/arm_kin\n'}
[2.890825] (arm_kin) StdoutLine: {'line': b'-- Installing: /var/robotic/yahboomcar_ws/install/arm_kin/share/arm_kin/cmake/arm_kinConfig.cmake\n'}
[2.890878] (arm_kin) StdoutLine: {'line': b'-- Installing: /var/robotic/yahboomcar_ws/install/arm_kin/share/arm_kin/cmake/arm_kinConfig-version.cmake\n'}
[2.890905] (arm_kin) StdoutLine: {'line': b'-- Installing: /var/robotic/yahboomcar_ws/install/arm_kin/share/arm_kin/package.xml\n'}
[2.892211] (arm_kin) CommandEnded: {'returncode': 0}
[2.900569] (arm_kin) JobEnded: {'identifier': 'arm_kin', 'rc': 0}
[2.902164] (-) EventReactorShutdown: {}
