[0.374s] Invoking command in '/var/robotic/yahboomcar_ws/src/arm_driver': PYTHONPATH=/var/robotic/yahboomcar_ws/build/arm_driver/prefix_override:/usr/lib/python3/dist-packages/colcon_core/task/python/colcon_distutils_commands:/var/robotic/yahboomcar_ws/install/arm_driver/lib/python3.10/site-packages:${PYTHONPATH} /usr/bin/python3 -W ignore:setup.py install is deprecated -W ignore:easy_install command is deprecated setup.py egg_info --egg-base ../../build/arm_driver build --build-base /var/robotic/yahboomcar_ws/build/arm_driver/build install --record /var/robotic/yahboomcar_ws/build/arm_driver/install.log --single-version-externally-managed install_data
[0.495s] running egg_info
[0.496s] creating ../../build/arm_driver/arm_driver.egg-info
[0.496s] writing ../../build/arm_driver/arm_driver.egg-info/PKG-INFO
[0.496s] writing dependency_links to ../../build/arm_driver/arm_driver.egg-info/dependency_links.txt
[0.497s] writing entry points to ../../build/arm_driver/arm_driver.egg-info/entry_points.txt
[0.497s] writing requirements to ../../build/arm_driver/arm_driver.egg-info/requires.txt
[0.497s] writing top-level names to ../../build/arm_driver/arm_driver.egg-info/top_level.txt
[0.497s] writing manifest file '../../build/arm_driver/arm_driver.egg-info/SOURCES.txt'
[0.497s] reading manifest file '../../build/arm_driver/arm_driver.egg-info/SOURCES.txt'
[0.497s] writing manifest file '../../build/arm_driver/arm_driver.egg-info/SOURCES.txt'
[0.498s] running build
[0.498s] running build_py
[0.498s] creating /var/robotic/yahboomcar_ws/build/arm_driver/build
[0.498s] creating /var/robotic/yahboomcar_ws/build/arm_driver/build/lib
[0.498s] creating /var/robotic/yahboomcar_ws/build/arm_driver/build/lib/arm_driver
[0.498s] copying arm_driver/arm_driver.py -> /var/robotic/yahboomcar_ws/build/arm_driver/build/lib/arm_driver
[0.498s] copying arm_driver/__init__.py -> /var/robotic/yahboomcar_ws/build/arm_driver/build/lib/arm_driver
[0.498s] running install
[0.498s] running install_lib
[0.498s] creating /var/robotic/yahboomcar_ws/install/arm_driver/lib/python3.10/site-packages/arm_driver
[0.498s] copying /var/robotic/yahboomcar_ws/build/arm_driver/build/lib/arm_driver/arm_driver.py -> /var/robotic/yahboomcar_ws/install/arm_driver/lib/python3.10/site-packages/arm_driver
[0.498s] copying /var/robotic/yahboomcar_ws/build/arm_driver/build/lib/arm_driver/__init__.py -> /var/robotic/yahboomcar_ws/install/arm_driver/lib/python3.10/site-packages/arm_driver
[0.499s] byte-compiling /var/robotic/yahboomcar_ws/install/arm_driver/lib/python3.10/site-packages/arm_driver/arm_driver.py to arm_driver.cpython-310.pyc
[0.499s] byte-compiling /var/robotic/yahboomcar_ws/install/arm_driver/lib/python3.10/site-packages/arm_driver/__init__.py to __init__.cpython-310.pyc
[0.499s] running install_data
[0.499s] creating /var/robotic/yahboomcar_ws/install/arm_driver/share/ament_index
[0.499s] creating /var/robotic/yahboomcar_ws/install/arm_driver/share/ament_index/resource_index
[0.500s] creating /var/robotic/yahboomcar_ws/install/arm_driver/share/ament_index/resource_index/packages
[0.500s] copying resource/arm_driver -> /var/robotic/yahboomcar_ws/install/arm_driver/share/ament_index/resource_index/packages
[0.500s] copying package.xml -> /var/robotic/yahboomcar_ws/install/arm_driver/share/arm_driver
[0.500s] running install_egg_info
[0.500s] Copying ../../build/arm_driver/arm_driver.egg-info to /var/robotic/yahboomcar_ws/install/arm_driver/lib/python3.10/site-packages/arm_driver-0.0.0-py3.10.egg-info
[0.501s] running install_scripts
[0.513s] Installing arm_driver script to /var/robotic/yahboomcar_ws/install/arm_driver/lib/arm_driver
[0.513s] writing list of installed files to '/var/robotic/yahboomcar_ws/build/arm_driver/install.log'
[0.526s] Invoked command in '/var/robotic/yahboomcar_ws/src/arm_driver' returned '0': PYTHONPATH=/var/robotic/yahboomcar_ws/build/arm_driver/prefix_override:/usr/lib/python3/dist-packages/colcon_core/task/python/colcon_distutils_commands:/var/robotic/yahboomcar_ws/install/arm_driver/lib/python3.10/site-packages:${PYTHONPATH} /usr/bin/python3 -W ignore:setup.py install is deprecated -W ignore:easy_install command is deprecated setup.py egg_info --egg-base ../../build/arm_driver build --build-base /var/robotic/yahboomcar_ws/build/arm_driver/build install --record /var/robotic/yahboomcar_ws/build/arm_driver/install.log --single-version-externally-managed install_data
