[0.007s] Invoking command in '/var/robotic/yahboomcar_ws/build/arm_kin': CMAKE_PREFIX_PATH=/opt/ros/humble /usr/bin/cmake --build /var/robotic/yahboomcar_ws/build/arm_kin -- -j2 -l2
[0.022s] -- Found ament_cmake: 1.3.12 (/opt/ros/humble/share/ament_cmake/cmake)
[0.119s] -- Found rclcpp: 16.0.17 (/opt/ros/humble/share/rclcpp/cmake)
[0.145s] -- Found rosidl_generator_c: 3.1.8 (/opt/ros/humble/share/rosidl_generator_c/cmake)
[0.146s] -- Found rosidl_adapter: 3.1.8 (/opt/ros/humble/share/rosidl_adapter/cmake)
[0.153s] -- Found rosidl_generator_cpp: 3.1.8 (/opt/ros/humble/share/rosidl_generator_cpp/cmake)
[0.163s] -- Using all available rosidl_typesupport_c: rosidl_typesupport_fastrtps_c;rosidl_typesupport_introspection_c
[0.175s] -- Using all available rosidl_typesupport_cpp: rosidl_typesupport_fastrtps_cpp;rosidl_typesupport_introspection_cpp
[0.207s] -- Found rmw_implementation_cmake: 6.1.2 (/opt/ros/humble/share/rmw_implementation_cmake/cmake)
[0.209s] -- Found rmw_fastrtps_cpp: 6.2.9 (/opt/ros/humble/share/rmw_fastrtps_cpp/cmake)
[0.275s] -- Using RMW implementation 'rmw_fastrtps_cpp' as default
[0.320s] -- Found arm_interface: 0.0.0 (/var/robotic/yahboomcar_ws/install/arm_interface/share/arm_interface/cmake)
[0.343s] -- Found kdl_parser: 2.6.4 (/opt/ros/humble/share/kdl_parser/cmake)
[0.344s] -- Found eigen3_cmake_module: 0.1.1 (/opt/ros/humble/share/eigen3_cmake_module/cmake)
[0.344s] -- Ensuring Eigen3 include directory is part of orocos-kdl CMake target
[0.344s] -- Found ament_lint_auto: 0.12.14 (/opt/ros/humble/share/ament_lint_auto/cmake)
[0.389s] -- Added test 'cppcheck' to perform static code analysis on C / C++ code
[0.389s] -- Configured cppcheck include dirs: /var/robotic/yahboomcar_ws/src/arm_kin/include;$<BUILD_INTERFACE:/var/robotic/yahboomcar_ws/src/arm_kin/include>
[0.389s] -- Configured cppcheck exclude dirs and/or files: 
[0.389s] -- Added test 'lint_cmake' to check CMake code style
[0.392s] -- Added test 'uncrustify' to check C / C++ code style
[0.392s] -- Configured uncrustify additional arguments: 
[0.392s] -- Added test 'xmllint' to check XML markup files
[0.392s] -- Configuring done
[0.402s] -- Generating done
[0.403s] -- Build files have been written to: /var/robotic/yahboomcar_ws/build/arm_kin
[0.429s] Consolidate compiler generated dependencies of target kin_srv
[0.439s] [ 50%] Building CXX object CMakeFiles/kin_srv.dir/src/kin_srv.cpp.o
[2.118s] /var/robotic/yahboomcar_ws/src/arm_kin/src/kin_srv.cpp: In function ‘bool arm_getFK(const char*, std::vector<double, std::allocator<double> >&, std::vector<double, std::allocator<double> >&)’:
[2.118s] /var/robotic/yahboomcar_ws/src/arm_kin/src/kin_srv.cpp:52:30: warning: comparison of constant ‘0’ with boolean expression is always true [-Wbool-compare]
[2.118s]    52 |     return kinematics_status >= 0;
[2.118s]       |            ~~~~~~~~~~~~~~~~~~^~~~
[2.119s] /var/robotic/yahboomcar_ws/src/arm_kin/src/kin_srv.cpp: In function ‘bool arm_getIK(const char*, std::vector<double, std::allocator<double> >&, std::vector<double, std::allocator<double> >&, std::vector<double, std::allocator<double> >&)’:
[2.119s] /var/robotic/yahboomcar_ws/src/arm_kin/src/kin_srv.cpp:94:27: warning: comparison of constant ‘0’ with boolean expression is always true [-Wbool-compare]
[2.119s]    94 |     if (kinematics_status >= 0) {
[2.119s]       |         ~~~~~~~~~~~~~~~~~~^~~~
[2.124s] /var/robotic/yahboomcar_ws/src/arm_kin/src/kin_srv.cpp: In function ‘void handle_service(std::shared_ptr<arm_interface::srv::ArmKinemarics_Request_<std::allocator<void> > >, std::shared_ptr<arm_interface::srv::ArmKinemarics_Response_<std::allocator<void> > >)’:
[2.124s] /var/robotic/yahboomcar_ws/src/arm_kin/src/kin_srv.cpp:133:16: warning: unused variable ‘tool_param’ [-Wunused-variable]
[2.124s]   133 |         double tool_param = 0.12;
[2.124s]       |                ^~~~~~~~~~
[2.503s] /var/robotic/yahboomcar_ws/src/arm_kin/src/kin_srv.cpp: In function ‘int main(int, char**)’:
[2.503s] /var/robotic/yahboomcar_ws/src/arm_kin/src/kin_srv.cpp:177:37: warning: ignoring return value of ‘rcutils_ret_t rcutils_logging_set_logger_level(const char*, int)’ declared with attribute ‘warn_unused_result’ [-Wunused-result]
[2.503s]   177 |     rcutils_logging_set_logger_level("kdl_parser", RCUTILS_LOG_SEVERITY_ERROR);
[2.503s]       |     ~~~~~~~~~~~~~~~~~~~~~~~~~~~~~~~~^~~~~~~~~~~~~~~~~~~~~~~~~~~~~~~~~~~~~~~~~~
[2.779s] [100%] Linking CXX executable kin_srv
[2.870s] [100%] Built target kin_srv
[2.877s] Invoked command in '/var/robotic/yahboomcar_ws/build/arm_kin' returned '0': CMAKE_PREFIX_PATH=/opt/ros/humble /usr/bin/cmake --build /var/robotic/yahboomcar_ws/build/arm_kin -- -j2 -l2
[2.877s] Invoking command in '/var/robotic/yahboomcar_ws/build/arm_kin': CMAKE_PREFIX_PATH=/opt/ros/humble /usr/bin/cmake --install /var/robotic/yahboomcar_ws/build/arm_kin
[2.881s] -- Install configuration: ""
[2.881s] -- Installing: /var/robotic/yahboomcar_ws/install/arm_kin/share/arm_kin/param
[2.881s] -- Installing: /var/robotic/yahboomcar_ws/install/arm_kin/share/arm_kin/param/offset_value.yaml
[2.881s] -- Installing: /var/robotic/yahboomcar_ws/install/arm_kin/lib/arm_kin/kin_srv
[2.882s] -- Set runtime path of "/var/robotic/yahboomcar_ws/install/arm_kin/lib/arm_kin/kin_srv" to ""
[2.882s] -- Installing: /var/robotic/yahboomcar_ws/install/arm_kin/share/ament_index/resource_index/package_run_dependencies/arm_kin
[2.882s] -- Installing: /var/robotic/yahboomcar_ws/install/arm_kin/share/ament_index/resource_index/parent_prefix_path/arm_kin
[2.882s] -- Installing: /var/robotic/yahboomcar_ws/install/arm_kin/share/arm_kin/environment/ament_prefix_path.sh
[2.882s] -- Installing: /var/robotic/yahboomcar_ws/install/arm_kin/share/arm_kin/environment/ament_prefix_path.dsv
[2.884s] -- Installing: /var/robotic/yahboomcar_ws/install/arm_kin/share/arm_kin/environment/path.sh
[2.884s] -- Installing: /var/robotic/yahboomcar_ws/install/arm_kin/share/arm_kin/environment/path.dsv
[2.884s] -- Installing: /var/robotic/yahboomcar_ws/install/arm_kin/share/arm_kin/local_setup.bash
[2.884s] -- Installing: /var/robotic/yahboomcar_ws/install/arm_kin/share/arm_kin/local_setup.sh
[2.884s] -- Installing: /var/robotic/yahboomcar_ws/install/arm_kin/share/arm_kin/local_setup.zsh
[2.884s] -- Installing: /var/robotic/yahboomcar_ws/install/arm_kin/share/arm_kin/local_setup.dsv
[2.884s] -- Installing: /var/robotic/yahboomcar_ws/install/arm_kin/share/arm_kin/package.dsv
[2.884s] -- Installing: /var/robotic/yahboomcar_ws/install/arm_kin/share/ament_index/resource_index/packages/arm_kin
[2.884s] -- Installing: /var/robotic/yahboomcar_ws/install/arm_kin/share/arm_kin/cmake/arm_kinConfig.cmake
[2.884s] -- Installing: /var/robotic/yahboomcar_ws/install/arm_kin/share/arm_kin/cmake/arm_kinConfig-version.cmake
[2.885s] -- Installing: /var/robotic/yahboomcar_ws/install/arm_kin/share/arm_kin/package.xml
[2.886s] Invoked command in '/var/robotic/yahboomcar_ws/build/arm_kin' returned '0': CMAKE_PREFIX_PATH=/opt/ros/humble /usr/bin/cmake --install /var/robotic/yahboomcar_ws/build/arm_kin
