[0.007s] Invoking command in '/var/robotic/yahboomcar_ws/build/arm_interface': CMAKE_PREFIX_PATH=/opt/ros/humble /usr/bin/cmake --build /var/robotic/yahboomcar_ws/build/arm_interface -- -j2 -l2
[0.043s] [  1%] [34m[1mGenerating C++ code for ROS interfaces[0m
[0.045s] [  2%] [34m[1mGenerating C code for ROS interfaces[0m
[0.756s] [  2%] Built target arm_interface__cpp
[0.779s] [  2%] Built target ament_cmake_python_copy_arm_interface
[0.799s] [  3%] [34m[1mGenerating C++ type support dispatch for ROS interfaces[0m
[0.938s] [  4%] [32mBuilding C object CMakeFiles/arm_interface__rosidl_generator_c.dir/rosidl_generator_c/arm_interface/srv/detail/arm_kinemarics__functions.c.o[0m
[1.039s] [  5%] [32mBuilding C object CMakeFiles/arm_interface__rosidl_generator_c.dir/rosidl_generator_c/arm_interface/msg/detail/arm_joint__functions.c.o[0m
[1.112s] [  6%] [32mBuilding C object CMakeFiles/arm_interface__rosidl_generator_c.dir/rosidl_generator_c/arm_interface/msg/detail/april_tag_info__functions.c.o[0m
[1.155s] [  7%] [32mBuilding C object CMakeFiles/arm_interface__rosidl_generator_c.dir/rosidl_generator_c/arm_interface/msg/detail/center_xy__functions.c.o[0m
[1.181s] [  8%] [32mBuilding CXX object CMakeFiles/arm_interface__rosidl_typesupport_cpp.dir/rosidl_typesupport_cpp/arm_interface/srv/arm_kinemarics__type_support.cpp.o[0m
[1.202s] [  9%] [32mBuilding C object CMakeFiles/arm_interface__rosidl_generator_c.dir/rosidl_generator_c/arm_interface/msg/detail/shape_info__functions.c.o[0m
[1.266s] [ 10%] [32mBuilding C object CMakeFiles/arm_interface__rosidl_generator_c.dir/rosidl_generator_c/arm_interface/msg/detail/yolov5_detect__functions.c.o[0m
[1.325s] [ 11%] [32mBuilding C object CMakeFiles/arm_interface__rosidl_generator_c.dir/rosidl_generator_c/arm_interface/msg/detail/position__functions.c.o[0m
[1.381s] [ 12%] [32mBuilding C object CMakeFiles/arm_interface__rosidl_generator_c.dir/rosidl_generator_c/arm_interface/msg/detail/cur_joints__functions.c.o[0m
[1.443s] [ 13%] [32mBuilding C object CMakeFiles/arm_interface__rosidl_generator_c.dir/rosidl_generator_c/arm_interface/msg/detail/target_xy_roll__functions.c.o[0m
[1.446s] [ 14%] [32mBuilding CXX object CMakeFiles/arm_interface__rosidl_typesupport_cpp.dir/rosidl_typesupport_cpp/arm_interface/msg/arm_joint__type_support.cpp.o[0m
[1.496s] [ 15%] [32m[1mLinking C shared library libarm_interface__rosidl_generator_c.so[0m
[1.533s] [ 15%] Built target arm_interface__rosidl_generator_c
[1.549s] [ 16%] [34m[1mGenerating C++ type support for eProsima Fast-RTPS[0m
[1.726s] [ 17%] [32mBuilding CXX object CMakeFiles/arm_interface__rosidl_typesupport_cpp.dir/rosidl_typesupport_cpp/arm_interface/msg/april_tag_info__type_support.cpp.o[0m
[2.071s] [ 18%] [32mBuilding CXX object CMakeFiles/arm_interface__rosidl_typesupport_cpp.dir/rosidl_typesupport_cpp/arm_interface/msg/center_xy__type_support.cpp.o[0m
[2.241s] [ 20%] [32mBuilding CXX object CMakeFiles/arm_interface__rosidl_typesupport_fastrtps_cpp.dir/rosidl_typesupport_fastrtps_cpp/arm_interface/srv/detail/dds_fastrtps/arm_kinemarics__type_support.cpp.o[0m
[2.465s] [ 21%] [32mBuilding CXX object CMakeFiles/arm_interface__rosidl_typesupport_cpp.dir/rosidl_typesupport_cpp/arm_interface/msg/shape_info__type_support.cpp.o[0m
[2.799s] [ 22%] [32mBuilding CXX object CMakeFiles/arm_interface__rosidl_typesupport_fastrtps_cpp.dir/rosidl_typesupport_fastrtps_cpp/arm_interface/msg/detail/dds_fastrtps/arm_joint__type_support.cpp.o[0m
[2.909s] [ 23%] [32mBuilding CXX object CMakeFiles/arm_interface__rosidl_typesupport_cpp.dir/rosidl_typesupport_cpp/arm_interface/msg/yolov5_detect__type_support.cpp.o[0m
[3.269s] [ 24%] [32mBuilding CXX object CMakeFiles/arm_interface__rosidl_typesupport_cpp.dir/rosidl_typesupport_cpp/arm_interface/msg/position__type_support.cpp.o[0m
[3.329s] [ 25%] [32mBuilding CXX object CMakeFiles/arm_interface__rosidl_typesupport_fastrtps_cpp.dir/rosidl_typesupport_fastrtps_cpp/arm_interface/msg/detail/dds_fastrtps/april_tag_info__type_support.cpp.o[0m
[3.791s] [ 26%] [32mBuilding CXX object CMakeFiles/arm_interface__rosidl_typesupport_cpp.dir/rosidl_typesupport_cpp/arm_interface/msg/cur_joints__type_support.cpp.o[0m
[3.963s] [ 27%] [32mBuilding CXX object CMakeFiles/arm_interface__rosidl_typesupport_fastrtps_cpp.dir/rosidl_typesupport_fastrtps_cpp/arm_interface/msg/detail/dds_fastrtps/center_xy__type_support.cpp.o[0m
[4.134s] [ 28%] [32mBuilding CXX object CMakeFiles/arm_interface__rosidl_typesupport_cpp.dir/rosidl_typesupport_cpp/arm_interface/msg/target_xy_roll__type_support.cpp.o[0m
[4.546s] [ 29%] [32m[1mLinking CXX shared library libarm_interface__rosidl_typesupport_cpp.so[0m
[4.609s] [ 29%] Built target arm_interface__rosidl_typesupport_cpp
[4.627s] [ 30%] [34m[1mGenerating C introspection for ROS interfaces[0m
[4.717s] [ 31%] [32mBuilding CXX object CMakeFiles/arm_interface__rosidl_typesupport_fastrtps_cpp.dir/rosidl_typesupport_fastrtps_cpp/arm_interface/msg/detail/dds_fastrtps/shape_info__type_support.cpp.o[0m
[5.239s] [ 32%] [32mBuilding CXX object CMakeFiles/arm_interface__rosidl_typesupport_fastrtps_cpp.dir/rosidl_typesupport_fastrtps_cpp/arm_interface/msg/detail/dds_fastrtps/yolov5_detect__type_support.cpp.o[0m
[5.396s] [ 33%] [32mBuilding C object CMakeFiles/arm_interface__rosidl_typesupport_introspection_c.dir/rosidl_typesupport_introspection_c/arm_interface/srv/detail/arm_kinemarics__type_support.c.o[0m
[5.485s] [ 34%] [32mBuilding C object CMakeFiles/arm_interface__rosidl_typesupport_introspection_c.dir/rosidl_typesupport_introspection_c/arm_interface/msg/detail/arm_joint__type_support.c.o[0m
[5.631s] [ 35%] [32mBuilding C object CMakeFiles/arm_interface__rosidl_typesupport_introspection_c.dir/rosidl_typesupport_introspection_c/arm_interface/msg/detail/april_tag_info__type_support.c.o[0m
[5.698s] [ 36%] [32mBuilding C object CMakeFiles/arm_interface__rosidl_typesupport_introspection_c.dir/rosidl_typesupport_introspection_c/arm_interface/msg/detail/center_xy__type_support.c.o[0m
[5.746s] [ 37%] [32mBuilding C object CMakeFiles/arm_interface__rosidl_typesupport_introspection_c.dir/rosidl_typesupport_introspection_c/arm_interface/msg/detail/shape_info__type_support.c.o[0m
[5.827s] [ 38%] [32mBuilding C object CMakeFiles/arm_interface__rosidl_typesupport_introspection_c.dir/rosidl_typesupport_introspection_c/arm_interface/msg/detail/yolov5_detect__type_support.c.o[0m
[5.907s] [ 40%] [32mBuilding C object CMakeFiles/arm_interface__rosidl_typesupport_introspection_c.dir/rosidl_typesupport_introspection_c/arm_interface/msg/detail/position__type_support.c.o[0m
[5.945s] [ 41%] [32mBuilding C object CMakeFiles/arm_interface__rosidl_typesupport_introspection_c.dir/rosidl_typesupport_introspection_c/arm_interface/msg/detail/cur_joints__type_support.c.o[0m
[5.973s] [ 42%] [32mBuilding C object CMakeFiles/arm_interface__rosidl_typesupport_introspection_c.dir/rosidl_typesupport_introspection_c/arm_interface/msg/detail/target_xy_roll__type_support.c.o[0m
[5.996s] [ 43%] [32m[1mLinking C shared library libarm_interface__rosidl_typesupport_introspection_c.so[0m
[6.054s] [ 43%] Built target arm_interface__rosidl_typesupport_introspection_c
[6.056s] [ 44%] [32mBuilding CXX object CMakeFiles/arm_interface__rosidl_typesupport_fastrtps_cpp.dir/rosidl_typesupport_fastrtps_cpp/arm_interface/msg/detail/dds_fastrtps/position__type_support.cpp.o[0m
[6.071s] [ 45%] [34m[1mGenerating C type support dispatch for ROS interfaces[0m
[6.577s] [ 46%] [32mBuilding CXX object CMakeFiles/arm_interface__rosidl_typesupport_fastrtps_cpp.dir/rosidl_typesupport_fastrtps_cpp/arm_interface/msg/detail/dds_fastrtps/cur_joints__type_support.cpp.o[0m
[6.605s] [ 47%] [32mBuilding CXX object CMakeFiles/arm_interface__rosidl_typesupport_c.dir/rosidl_typesupport_c/arm_interface/srv/arm_kinemarics__type_support.cpp.o[0m
[6.659s] [ 48%] [32mBuilding CXX object CMakeFiles/arm_interface__rosidl_typesupport_c.dir/rosidl_typesupport_c/arm_interface/msg/arm_joint__type_support.cpp.o[0m
[6.706s] [ 49%] [32mBuilding CXX object CMakeFiles/arm_interface__rosidl_typesupport_c.dir/rosidl_typesupport_c/arm_interface/msg/april_tag_info__type_support.cpp.o[0m
[6.757s] [ 50%] [32mBuilding CXX object CMakeFiles/arm_interface__rosidl_typesupport_c.dir/rosidl_typesupport_c/arm_interface/msg/center_xy__type_support.cpp.o[0m
[6.802s] [ 51%] [32mBuilding CXX object CMakeFiles/arm_interface__rosidl_typesupport_c.dir/rosidl_typesupport_c/arm_interface/msg/shape_info__type_support.cpp.o[0m
[6.848s] [ 52%] [32mBuilding CXX object CMakeFiles/arm_interface__rosidl_typesupport_c.dir/rosidl_typesupport_c/arm_interface/msg/yolov5_detect__type_support.cpp.o[0m
[6.905s] [ 53%] [32mBuilding CXX object CMakeFiles/arm_interface__rosidl_typesupport_c.dir/rosidl_typesupport_c/arm_interface/msg/position__type_support.cpp.o[0m
[6.945s] [ 54%] [32mBuilding CXX object CMakeFiles/arm_interface__rosidl_typesupport_c.dir/rosidl_typesupport_c/arm_interface/msg/cur_joints__type_support.cpp.o[0m
[6.989s] [ 55%] [32mBuilding CXX object CMakeFiles/arm_interface__rosidl_typesupport_c.dir/rosidl_typesupport_c/arm_interface/msg/target_xy_roll__type_support.cpp.o[0m
[7.031s] [ 56%] [32m[1mLinking CXX shared library libarm_interface__rosidl_typesupport_c.so[0m
[7.093s] [ 56%] Built target arm_interface__rosidl_typesupport_c
[7.110s] [ 57%] [34m[1mGenerating C++ introspection for ROS interfaces[0m
[7.272s] [ 58%] [32mBuilding CXX object CMakeFiles/arm_interface__rosidl_typesupport_fastrtps_cpp.dir/rosidl_typesupport_fastrtps_cpp/arm_interface/msg/detail/dds_fastrtps/target_xy_roll__type_support.cpp.o[0m
[7.793s] [ 60%] [32m[1mLinking CXX shared library libarm_interface__rosidl_typesupport_fastrtps_cpp.so[0m
[7.926s] [ 60%] Built target arm_interface__rosidl_typesupport_fastrtps_cpp
[7.953s] [ 61%] [32mBuilding CXX object CMakeFiles/arm_interface__rosidl_typesupport_introspection_cpp.dir/rosidl_typesupport_introspection_cpp/arm_interface/srv/detail/arm_kinemarics__type_support.cpp.o[0m
[8.229s] running egg_info
[8.233s] creating arm_interface.egg-info
[8.236s] writing arm_interface.egg-info/PKG-INFO
[8.236s] writing dependency_links to arm_interface.egg-info/dependency_links.txt
[8.236s] writing top-level names to arm_interface.egg-info/top_level.txt
[8.236s] writing manifest file 'arm_interface.egg-info/SOURCES.txt'
[8.240s] reading manifest file 'arm_interface.egg-info/SOURCES.txt'
[8.240s] writing manifest file 'arm_interface.egg-info/SOURCES.txt'
[8.292s] [ 61%] Built target ament_cmake_python_build_arm_interface_egg
[8.312s] [ 62%] [32mBuilding CXX object CMakeFiles/arm_interface__rosidl_typesupport_introspection_cpp.dir/rosidl_typesupport_introspection_cpp/arm_interface/msg/detail/arm_joint__type_support.cpp.o[0m
[8.519s] [ 63%] [32mBuilding CXX object CMakeFiles/arm_interface__rosidl_typesupport_introspection_cpp.dir/rosidl_typesupport_introspection_cpp/arm_interface/msg/detail/april_tag_info__type_support.cpp.o[0m
[8.946s] [ 64%] [32mBuilding CXX object CMakeFiles/arm_interface__rosidl_typesupport_introspection_cpp.dir/rosidl_typesupport_introspection_cpp/arm_interface/msg/detail/center_xy__type_support.cpp.o[0m
[9.206s] [ 65%] [32mBuilding CXX object CMakeFiles/arm_interface__rosidl_typesupport_introspection_cpp.dir/rosidl_typesupport_introspection_cpp/arm_interface/msg/detail/shape_info__type_support.cpp.o[0m
[9.334s] [ 66%] [32mBuilding CXX object CMakeFiles/arm_interface__rosidl_typesupport_introspection_cpp.dir/rosidl_typesupport_introspection_cpp/arm_interface/msg/detail/yolov5_detect__type_support.cpp.o[0m
[9.678s] [ 67%] [32mBuilding CXX object CMakeFiles/arm_interface__rosidl_typesupport_introspection_cpp.dir/rosidl_typesupport_introspection_cpp/arm_interface/msg/detail/position__type_support.cpp.o[0m
[9.844s] [ 68%] [32mBuilding CXX object CMakeFiles/arm_interface__rosidl_typesupport_introspection_cpp.dir/rosidl_typesupport_introspection_cpp/arm_interface/msg/detail/cur_joints__type_support.cpp.o[0m
[10.050s] [ 69%] [32mBuilding CXX object CMakeFiles/arm_interface__rosidl_typesupport_introspection_cpp.dir/rosidl_typesupport_introspection_cpp/arm_interface/msg/detail/target_xy_roll__type_support.cpp.o[0m
[10.698s] [ 70%] [34m[1mGenerating C type support for eProsima Fast-RTPS[0m
[10.723s] [ 71%] [32m[1mLinking CXX shared library libarm_interface__rosidl_typesupport_introspection_cpp.so[0m
[10.820s] [ 71%] Built target arm_interface__rosidl_typesupport_introspection_cpp
[11.152s] [ 72%] [32mBuilding CXX object CMakeFiles/arm_interface__rosidl_typesupport_fastrtps_c.dir/rosidl_typesupport_fastrtps_c/arm_interface/msg/detail/arm_joint__type_support_c.cpp.o[0m
[11.152s] [ 73%] [32mBuilding CXX object CMakeFiles/arm_interface__rosidl_typesupport_fastrtps_c.dir/rosidl_typesupport_fastrtps_c/arm_interface/srv/detail/arm_kinemarics__type_support_c.cpp.o[0m
[11.577s] [ 74%] [32mBuilding CXX object CMakeFiles/arm_interface__rosidl_typesupport_fastrtps_c.dir/rosidl_typesupport_fastrtps_c/arm_interface/msg/detail/april_tag_info__type_support_c.cpp.o[0m
[11.687s] [ 75%] [32mBuilding CXX object CMakeFiles/arm_interface__rosidl_typesupport_fastrtps_c.dir/rosidl_typesupport_fastrtps_c/arm_interface/msg/detail/center_xy__type_support_c.cpp.o[0m
[12.034s] [ 76%] [32mBuilding CXX object CMakeFiles/arm_interface__rosidl_typesupport_fastrtps_c.dir/rosidl_typesupport_fastrtps_c/arm_interface/msg/detail/shape_info__type_support_c.cpp.o[0m
[12.107s] [ 77%] [32mBuilding CXX object CMakeFiles/arm_interface__rosidl_typesupport_fastrtps_c.dir/rosidl_typesupport_fastrtps_c/arm_interface/msg/detail/yolov5_detect__type_support_c.cpp.o[0m
[12.423s] [ 78%] [32mBuilding CXX object CMakeFiles/arm_interface__rosidl_typesupport_fastrtps_c.dir/rosidl_typesupport_fastrtps_c/arm_interface/msg/detail/position__type_support_c.cpp.o[0m
[12.619s] [ 80%] [32mBuilding CXX object CMakeFiles/arm_interface__rosidl_typesupport_fastrtps_c.dir/rosidl_typesupport_fastrtps_c/arm_interface/msg/detail/cur_joints__type_support_c.cpp.o[0m
[12.699s] [ 81%] [32mBuilding CXX object CMakeFiles/arm_interface__rosidl_typesupport_fastrtps_c.dir/rosidl_typesupport_fastrtps_c/arm_interface/msg/detail/target_xy_roll__type_support_c.cpp.o[0m
[13.036s] [ 82%] [32m[1mLinking CXX shared library libarm_interface__rosidl_typesupport_fastrtps_c.so[0m
[13.089s] [ 82%] Built target arm_interface__rosidl_typesupport_fastrtps_c
[13.104s] [ 82%] Built target arm_interface
[13.124s] [ 83%] [34m[1mGenerating Python code for ROS interfaces[0m
[13.935s] [ 83%] Built target arm_interface__py
[13.968s] [ 84%] [32mBuilding C object CMakeFiles/arm_interface__rosidl_generator_py.dir/rosidl_generator_py/arm_interface/srv/_arm_kinemarics_s.c.o[0m
[13.969s] [ 85%] [32mBuilding C object CMakeFiles/arm_interface__rosidl_generator_py.dir/rosidl_generator_py/arm_interface/msg/_arm_joint_s.c.o[0m
[14.172s] [ 86%] [32mBuilding C object CMakeFiles/arm_interface__rosidl_generator_py.dir/rosidl_generator_py/arm_interface/msg/_center_xy_s.c.o[0m
[14.172s] [ 87%] [32mBuilding C object CMakeFiles/arm_interface__rosidl_generator_py.dir/rosidl_generator_py/arm_interface/msg/_april_tag_info_s.c.o[0m
[14.290s] [ 88%] [32mBuilding C object CMakeFiles/arm_interface__rosidl_generator_py.dir/rosidl_generator_py/arm_interface/msg/_shape_info_s.c.o[0m
[14.303s] [ 89%] [32mBuilding C object CMakeFiles/arm_interface__rosidl_generator_py.dir/rosidl_generator_py/arm_interface/msg/_yolov5_detect_s.c.o[0m
[14.411s] [ 90%] [32mBuilding C object CMakeFiles/arm_interface__rosidl_generator_py.dir/rosidl_generator_py/arm_interface/msg/_position_s.c.o[0m
[14.425s] [ 91%] [32mBuilding C object CMakeFiles/arm_interface__rosidl_generator_py.dir/rosidl_generator_py/arm_interface/msg/_cur_joints_s.c.o[0m
[14.502s] [ 92%] [32mBuilding C object CMakeFiles/arm_interface__rosidl_generator_py.dir/rosidl_generator_py/arm_interface/msg/_target_xy_roll_s.c.o[0m
[14.628s] [ 93%] [32m[1mLinking C shared library rosidl_generator_py/arm_interface/libarm_interface__rosidl_generator_py.so[0m
[14.690s] [ 93%] Built target arm_interface__rosidl_generator_py
[14.726s] [ 94%] [32mBuilding C object CMakeFiles/arm_interface__rosidl_typesupport_fastrtps_c__pyext.dir/rosidl_generator_py/arm_interface/_arm_interface_s.ep.rosidl_typesupport_fastrtps_c.c.o[0m
[14.728s] [ 95%] [32mBuilding C object CMakeFiles/arm_interface__rosidl_typesupport_introspection_c__pyext.dir/rosidl_generator_py/arm_interface/_arm_interface_s.ep.rosidl_typesupport_introspection_c.c.o[0m
[14.866s] [ 96%] [32m[1mLinking C shared library rosidl_generator_py/arm_interface/arm_interface_s__rosidl_typesupport_fastrtps_c.cpython-310-x86_64-linux-gnu.so[0m
[14.870s] [ 97%] [32m[1mLinking C shared library rosidl_generator_py/arm_interface/arm_interface_s__rosidl_typesupport_introspection_c.cpython-310-x86_64-linux-gnu.so[0m
[14.923s] [ 97%] Built target arm_interface__rosidl_typesupport_fastrtps_c__pyext
[14.925s] [ 97%] Built target arm_interface__rosidl_typesupport_introspection_c__pyext
[14.954s] [ 98%] [32mBuilding C object CMakeFiles/arm_interface__rosidl_typesupport_c__pyext.dir/rosidl_generator_py/arm_interface/_arm_interface_s.ep.rosidl_typesupport_c.c.o[0m
[15.073s] [100%] [32m[1mLinking C shared library rosidl_generator_py/arm_interface/arm_interface_s__rosidl_typesupport_c.cpython-310-x86_64-linux-gnu.so[0m
[15.107s] [100%] Built target arm_interface__rosidl_typesupport_c__pyext
[15.131s] Invoked command in '/var/robotic/yahboomcar_ws/build/arm_interface' returned '0': CMAKE_PREFIX_PATH=/opt/ros/humble /usr/bin/cmake --build /var/robotic/yahboomcar_ws/build/arm_interface -- -j2 -l2
[15.149s] Invoking command in '/var/robotic/yahboomcar_ws/build/arm_interface': CMAKE_PREFIX_PATH=/opt/ros/humble /usr/bin/cmake --install /var/robotic/yahboomcar_ws/build/arm_interface
[15.159s] -- Install configuration: ""
[15.160s] -- Installing: /var/robotic/yahboomcar_ws/install/arm_interface/share/ament_index/resource_index/rosidl_interfaces/arm_interface
[15.160s] -- Installing: /var/robotic/yahboomcar_ws/install/arm_interface/include/arm_interface/arm_interface
[15.160s] -- Installing: /var/robotic/yahboomcar_ws/install/arm_interface/include/arm_interface/arm_interface/srv
[15.160s] -- Installing: /var/robotic/yahboomcar_ws/install/arm_interface/include/arm_interface/arm_interface/srv/detail
[15.160s] -- Installing: /var/robotic/yahboomcar_ws/install/arm_interface/include/arm_interface/arm_interface/srv/detail/arm_kinemarics__functions.h
[15.160s] -- Installing: /var/robotic/yahboomcar_ws/install/arm_interface/include/arm_interface/arm_interface/srv/detail/arm_kinemarics__functions.c
[15.160s] -- Installing: /var/robotic/yahboomcar_ws/install/arm_interface/include/arm_interface/arm_interface/srv/detail/arm_kinemarics__struct.h
[15.160s] -- Installing: /var/robotic/yahboomcar_ws/install/arm_interface/include/arm_interface/arm_interface/srv/detail/arm_kinemarics__type_support.h
[15.160s] -- Installing: /var/robotic/yahboomcar_ws/install/arm_interface/include/arm_interface/arm_interface/srv/arm_kinemarics.h
[15.160s] -- Installing: /var/robotic/yahboomcar_ws/install/arm_interface/include/arm_interface/arm_interface/msg
[15.160s] -- Installing: /var/robotic/yahboomcar_ws/install/arm_interface/include/arm_interface/arm_interface/msg/target_xy_roll.h
[15.160s] -- Installing: /var/robotic/yahboomcar_ws/install/arm_interface/include/arm_interface/arm_interface/msg/yolov5_detect.h
[15.160s] -- Installing: /var/robotic/yahboomcar_ws/install/arm_interface/include/arm_interface/arm_interface/msg/arm_joint.h
[15.160s] -- Installing: /var/robotic/yahboomcar_ws/install/arm_interface/include/arm_interface/arm_interface/msg/rosidl_generator_c__visibility_control.h
[15.160s] -- Installing: /var/robotic/yahboomcar_ws/install/arm_interface/include/arm_interface/arm_interface/msg/detail
[15.160s] -- Installing: /var/robotic/yahboomcar_ws/install/arm_interface/include/arm_interface/arm_interface/msg/detail/yolov5_detect__struct.h
[15.160s] -- Installing: /var/robotic/yahboomcar_ws/install/arm_interface/include/arm_interface/arm_interface/msg/detail/april_tag_info__functions.c
[15.160s] -- Installing: /var/robotic/yahboomcar_ws/install/arm_interface/include/arm_interface/arm_interface/msg/detail/yolov5_detect__functions.c
[15.161s] -- Installing: /var/robotic/yahboomcar_ws/install/arm_interface/include/arm_interface/arm_interface/msg/detail/center_xy__functions.c
[15.161s] -- Installing: /var/robotic/yahboomcar_ws/install/arm_interface/include/arm_interface/arm_interface/msg/detail/target_xy_roll__type_support.h
[15.161s] -- Installing: /var/robotic/yahboomcar_ws/install/arm_interface/include/arm_interface/arm_interface/msg/detail/cur_joints__functions.c
[15.161s] -- Installing: /var/robotic/yahboomcar_ws/install/arm_interface/include/arm_interface/arm_interface/msg/detail/position__type_support.h
[15.161s] -- Installing: /var/robotic/yahboomcar_ws/install/arm_interface/include/arm_interface/arm_interface/msg/detail/arm_joint__struct.h
[15.161s] -- Installing: /var/robotic/yahboomcar_ws/install/arm_interface/include/arm_interface/arm_interface/msg/detail/april_tag_info__functions.h
[15.161s] -- Installing: /var/robotic/yahboomcar_ws/install/arm_interface/include/arm_interface/arm_interface/msg/detail/shape_info__functions.h
[15.161s] -- Installing: /var/robotic/yahboomcar_ws/install/arm_interface/include/arm_interface/arm_interface/msg/detail/arm_joint__type_support.h
[15.161s] -- Installing: /var/robotic/yahboomcar_ws/install/arm_interface/include/arm_interface/arm_interface/msg/detail/position__functions.c
[15.161s] -- Installing: /var/robotic/yahboomcar_ws/install/arm_interface/include/arm_interface/arm_interface/msg/detail/target_xy_roll__functions.h
[15.161s] -- Installing: /var/robotic/yahboomcar_ws/install/arm_interface/include/arm_interface/arm_interface/msg/detail/yolov5_detect__type_support.h
[15.161s] -- Installing: /var/robotic/yahboomcar_ws/install/arm_interface/include/arm_interface/arm_interface/msg/detail/april_tag_info__type_support.h
[15.161s] -- Installing: /var/robotic/yahboomcar_ws/install/arm_interface/include/arm_interface/arm_interface/msg/detail/shape_info__functions.c
[15.165s] -- Installing: /var/robotic/yahboomcar_ws/install/arm_interface/include/arm_interface/arm_interface/msg/detail/yolov5_detect__functions.h
[15.165s] -- Installing: /var/robotic/yahboomcar_ws/install/arm_interface/include/arm_interface/arm_interface/msg/detail/position__struct.h
[15.165s] -- Installing: /var/robotic/yahboomcar_ws/install/arm_interface/include/arm_interface/arm_interface/msg/detail/center_xy__type_support.h
[15.165s] -- Installing: /var/robotic/yahboomcar_ws/install/arm_interface/include/arm_interface/arm_interface/msg/detail/target_xy_roll__struct.h
[15.165s] -- Installing: /var/robotic/yahboomcar_ws/install/arm_interface/include/arm_interface/arm_interface/msg/detail/center_xy__functions.h
[15.165s] -- Installing: /var/robotic/yahboomcar_ws/install/arm_interface/include/arm_interface/arm_interface/msg/detail/cur_joints__type_support.h
[15.165s] -- Installing: /var/robotic/yahboomcar_ws/install/arm_interface/include/arm_interface/arm_interface/msg/detail/position__functions.h
[15.165s] -- Installing: /var/robotic/yahboomcar_ws/install/arm_interface/include/arm_interface/arm_interface/msg/detail/april_tag_info__struct.h
[15.165s] -- Installing: /var/robotic/yahboomcar_ws/install/arm_interface/include/arm_interface/arm_interface/msg/detail/shape_info__struct.h
[15.165s] -- Installing: /var/robotic/yahboomcar_ws/install/arm_interface/include/arm_interface/arm_interface/msg/detail/arm_joint__functions.c
[15.165s] -- Installing: /var/robotic/yahboomcar_ws/install/arm_interface/include/arm_interface/arm_interface/msg/detail/shape_info__type_support.h
[15.165s] -- Installing: /var/robotic/yahboomcar_ws/install/arm_interface/include/arm_interface/arm_interface/msg/detail/target_xy_roll__functions.c
[15.165s] -- Installing: /var/robotic/yahboomcar_ws/install/arm_interface/include/arm_interface/arm_interface/msg/detail/cur_joints__functions.h
[15.165s] -- Installing: /var/robotic/yahboomcar_ws/install/arm_interface/include/arm_interface/arm_interface/msg/detail/center_xy__struct.h
[15.165s] -- Installing: /var/robotic/yahboomcar_ws/install/arm_interface/include/arm_interface/arm_interface/msg/detail/arm_joint__functions.h
[15.165s] -- Installing: /var/robotic/yahboomcar_ws/install/arm_interface/include/arm_interface/arm_interface/msg/detail/cur_joints__struct.h
[15.165s] -- Installing: /var/robotic/yahboomcar_ws/install/arm_interface/include/arm_interface/arm_interface/msg/april_tag_info.h
[15.165s] -- Installing: /var/robotic/yahboomcar_ws/install/arm_interface/include/arm_interface/arm_interface/msg/shape_info.h
[15.165s] -- Installing: /var/robotic/yahboomcar_ws/install/arm_interface/include/arm_interface/arm_interface/msg/center_xy.h
[15.165s] -- Installing: /var/robotic/yahboomcar_ws/install/arm_interface/include/arm_interface/arm_interface/msg/position.h
[15.165s] -- Installing: /var/robotic/yahboomcar_ws/install/arm_interface/include/arm_interface/arm_interface/msg/cur_joints.h
[15.166s] -- Installing: /var/robotic/yahboomcar_ws/install/arm_interface/share/arm_interface/environment/library_path.sh
[15.166s] -- Installing: /var/robotic/yahboomcar_ws/install/arm_interface/share/arm_interface/environment/library_path.dsv
[15.166s] -- Installing: /var/robotic/yahboomcar_ws/install/arm_interface/lib/libarm_interface__rosidl_generator_c.so
[15.168s] -- Set runtime path of "/var/robotic/yahboomcar_ws/install/arm_interface/lib/libarm_interface__rosidl_generator_c.so" to ""
[15.168s] -- Up-to-date: /var/robotic/yahboomcar_ws/install/arm_interface/include/arm_interface/arm_interface
[15.168s] -- Up-to-date: /var/robotic/yahboomcar_ws/install/arm_interface/include/arm_interface/arm_interface/srv
[15.168s] -- Up-to-date: /var/robotic/yahboomcar_ws/install/arm_interface/include/arm_interface/arm_interface/srv/detail
[15.168s] -- Installing: /var/robotic/yahboomcar_ws/install/arm_interface/include/arm_interface/arm_interface/srv/detail/arm_kinemarics__rosidl_typesupport_fastrtps_c.h
[15.168s] -- Up-to-date: /var/robotic/yahboomcar_ws/install/arm_interface/include/arm_interface/arm_interface/msg
[15.168s] -- Up-to-date: /var/robotic/yahboomcar_ws/install/arm_interface/include/arm_interface/arm_interface/msg/detail
[15.168s] -- Installing: /var/robotic/yahboomcar_ws/install/arm_interface/include/arm_interface/arm_interface/msg/detail/shape_info__rosidl_typesupport_fastrtps_c.h
[15.168s] -- Installing: /var/robotic/yahboomcar_ws/install/arm_interface/include/arm_interface/arm_interface/msg/detail/center_xy__rosidl_typesupport_fastrtps_c.h
[15.168s] -- Installing: /var/robotic/yahboomcar_ws/install/arm_interface/include/arm_interface/arm_interface/msg/detail/april_tag_info__rosidl_typesupport_fastrtps_c.h
[15.168s] -- Installing: /var/robotic/yahboomcar_ws/install/arm_interface/include/arm_interface/arm_interface/msg/detail/arm_joint__rosidl_typesupport_fastrtps_c.h
[15.169s] -- Installing: /var/robotic/yahboomcar_ws/install/arm_interface/include/arm_interface/arm_interface/msg/detail/target_xy_roll__rosidl_typesupport_fastrtps_c.h
[15.171s] -- Installing: /var/robotic/yahboomcar_ws/install/arm_interface/include/arm_interface/arm_interface/msg/detail/yolov5_detect__rosidl_typesupport_fastrtps_c.h
[15.172s] -- Installing: /var/robotic/yahboomcar_ws/install/arm_interface/include/arm_interface/arm_interface/msg/detail/position__rosidl_typesupport_fastrtps_c.h
[15.172s] -- Installing: /var/robotic/yahboomcar_ws/install/arm_interface/include/arm_interface/arm_interface/msg/detail/cur_joints__rosidl_typesupport_fastrtps_c.h
[15.172s] -- Installing: /var/robotic/yahboomcar_ws/install/arm_interface/include/arm_interface/arm_interface/msg/rosidl_typesupport_fastrtps_c__visibility_control.h
[15.172s] -- Installing: /var/robotic/yahboomcar_ws/install/arm_interface/lib/libarm_interface__rosidl_typesupport_fastrtps_c.so
[15.172s] -- Set runtime path of "/var/robotic/yahboomcar_ws/install/arm_interface/lib/libarm_interface__rosidl_typesupport_fastrtps_c.so" to ""
[15.172s] -- Up-to-date: /var/robotic/yahboomcar_ws/install/arm_interface/include/arm_interface/arm_interface
[15.172s] -- Up-to-date: /var/robotic/yahboomcar_ws/install/arm_interface/include/arm_interface/arm_interface/srv
[15.172s] -- Up-to-date: /var/robotic/yahboomcar_ws/install/arm_interface/include/arm_interface/arm_interface/srv/detail
[15.172s] -- Installing: /var/robotic/yahboomcar_ws/install/arm_interface/include/arm_interface/arm_interface/srv/detail/arm_kinemarics__type_support.hpp
[15.172s] -- Installing: /var/robotic/yahboomcar_ws/install/arm_interface/include/arm_interface/arm_interface/srv/detail/arm_kinemarics__struct.hpp
[15.172s] -- Installing: /var/robotic/yahboomcar_ws/install/arm_interface/include/arm_interface/arm_interface/srv/detail/arm_kinemarics__traits.hpp
[15.172s] -- Installing: /var/robotic/yahboomcar_ws/install/arm_interface/include/arm_interface/arm_interface/srv/detail/arm_kinemarics__builder.hpp
[15.172s] -- Installing: /var/robotic/yahboomcar_ws/install/arm_interface/include/arm_interface/arm_interface/srv/arm_kinemarics.hpp
[15.172s] -- Up-to-date: /var/robotic/yahboomcar_ws/install/arm_interface/include/arm_interface/arm_interface/msg
[15.173s] -- Installing: /var/robotic/yahboomcar_ws/install/arm_interface/include/arm_interface/arm_interface/msg/cur_joints.hpp
[15.173s] -- Installing: /var/robotic/yahboomcar_ws/install/arm_interface/include/arm_interface/arm_interface/msg/target_xy_roll.hpp
[15.173s] -- Installing: /var/robotic/yahboomcar_ws/install/arm_interface/include/arm_interface/arm_interface/msg/arm_joint.hpp
[15.173s] -- Up-to-date: /var/robotic/yahboomcar_ws/install/arm_interface/include/arm_interface/arm_interface/msg/detail
[15.173s] -- Installing: /var/robotic/yahboomcar_ws/install/arm_interface/include/arm_interface/arm_interface/msg/detail/center_xy__builder.hpp
[15.173s] -- Installing: /var/robotic/yahboomcar_ws/install/arm_interface/include/arm_interface/arm_interface/msg/detail/shape_info__struct.hpp
[15.173s] -- Installing: /var/robotic/yahboomcar_ws/install/arm_interface/include/arm_interface/arm_interface/msg/detail/center_xy__type_support.hpp
[15.173s] -- Installing: /var/robotic/yahboomcar_ws/install/arm_interface/include/arm_interface/arm_interface/msg/detail/arm_joint__struct.hpp
[15.173s] -- Installing: /var/robotic/yahboomcar_ws/install/arm_interface/include/arm_interface/arm_interface/msg/detail/target_xy_roll__struct.hpp
[15.175s] -- Installing: /var/robotic/yahboomcar_ws/install/arm_interface/include/arm_interface/arm_interface/msg/detail/center_xy__traits.hpp
[15.175s] -- Installing: /var/robotic/yahboomcar_ws/install/arm_interface/include/arm_interface/arm_interface/msg/detail/cur_joints__struct.hpp
[15.175s] -- Installing: /var/robotic/yahboomcar_ws/install/arm_interface/include/arm_interface/arm_interface/msg/detail/april_tag_info__type_support.hpp
[15.175s] -- Installing: /var/robotic/yahboomcar_ws/install/arm_interface/include/arm_interface/arm_interface/msg/detail/arm_joint__builder.hpp
[15.175s] -- Installing: /var/robotic/yahboomcar_ws/install/arm_interface/include/arm_interface/arm_interface/msg/detail/position__struct.hpp
[15.175s] -- Installing: /var/robotic/yahboomcar_ws/install/arm_interface/include/arm_interface/arm_interface/msg/detail/yolov5_detect__builder.hpp
[15.175s] -- Installing: /var/robotic/yahboomcar_ws/install/arm_interface/include/arm_interface/arm_interface/msg/detail/position__builder.hpp
[15.175s] -- Installing: /var/robotic/yahboomcar_ws/install/arm_interface/include/arm_interface/arm_interface/msg/detail/arm_joint__type_support.hpp
[15.175s] -- Installing: /var/robotic/yahboomcar_ws/install/arm_interface/include/arm_interface/arm_interface/msg/detail/position__traits.hpp
[15.175s] -- Installing: /var/robotic/yahboomcar_ws/install/arm_interface/include/arm_interface/arm_interface/msg/detail/yolov5_detect__type_support.hpp
[15.175s] -- Installing: /var/robotic/yahboomcar_ws/install/arm_interface/include/arm_interface/arm_interface/msg/detail/target_xy_roll__type_support.hpp
[15.176s] -- Installing: /var/robotic/yahboomcar_ws/install/arm_interface/include/arm_interface/arm_interface/msg/detail/yolov5_detect__struct.hpp
[15.176s] -- Installing: /var/robotic/yahboomcar_ws/install/arm_interface/include/arm_interface/arm_interface/msg/detail/shape_info__traits.hpp
[15.176s] -- Installing: /var/robotic/yahboomcar_ws/install/arm_interface/include/arm_interface/arm_interface/msg/detail/target_xy_roll__traits.hpp
[15.176s] -- Installing: /var/robotic/yahboomcar_ws/install/arm_interface/include/arm_interface/arm_interface/msg/detail/target_xy_roll__builder.hpp
[15.176s] -- Installing: /var/robotic/yahboomcar_ws/install/arm_interface/include/arm_interface/arm_interface/msg/detail/cur_joints__builder.hpp
[15.176s] -- Installing: /var/robotic/yahboomcar_ws/install/arm_interface/include/arm_interface/arm_interface/msg/detail/april_tag_info__traits.hpp
[15.176s] -- Installing: /var/robotic/yahboomcar_ws/install/arm_interface/include/arm_interface/arm_interface/msg/detail/cur_joints__type_support.hpp
[15.176s] -- Installing: /var/robotic/yahboomcar_ws/install/arm_interface/include/arm_interface/arm_interface/msg/detail/yolov5_detect__traits.hpp
[15.176s] -- Installing: /var/robotic/yahboomcar_ws/install/arm_interface/include/arm_interface/arm_interface/msg/detail/center_xy__struct.hpp
[15.176s] -- Installing: /var/robotic/yahboomcar_ws/install/arm_interface/include/arm_interface/arm_interface/msg/detail/position__type_support.hpp
[15.178s] -- Installing: /var/robotic/yahboomcar_ws/install/arm_interface/include/arm_interface/arm_interface/msg/detail/cur_joints__traits.hpp
[15.178s] -- Installing: /var/robotic/yahboomcar_ws/install/arm_interface/include/arm_interface/arm_interface/msg/detail/april_tag_info__struct.hpp
[15.178s] -- Installing: /var/robotic/yahboomcar_ws/install/arm_interface/include/arm_interface/arm_interface/msg/detail/shape_info__builder.hpp
[15.178s] -- Installing: /var/robotic/yahboomcar_ws/install/arm_interface/include/arm_interface/arm_interface/msg/detail/shape_info__type_support.hpp
[15.178s] -- Installing: /var/robotic/yahboomcar_ws/install/arm_interface/include/arm_interface/arm_interface/msg/detail/arm_joint__traits.hpp
[15.178s] -- Installing: /var/robotic/yahboomcar_ws/install/arm_interface/include/arm_interface/arm_interface/msg/detail/april_tag_info__builder.hpp
[15.178s] -- Installing: /var/robotic/yahboomcar_ws/install/arm_interface/include/arm_interface/arm_interface/msg/position.hpp
[15.178s] -- Installing: /var/robotic/yahboomcar_ws/install/arm_interface/include/arm_interface/arm_interface/msg/yolov5_detect.hpp
[15.178s] -- Installing: /var/robotic/yahboomcar_ws/install/arm_interface/include/arm_interface/arm_interface/msg/center_xy.hpp
[15.178s] -- Installing: /var/robotic/yahboomcar_ws/install/arm_interface/include/arm_interface/arm_interface/msg/shape_info.hpp
[15.178s] -- Installing: /var/robotic/yahboomcar_ws/install/arm_interface/include/arm_interface/arm_interface/msg/rosidl_generator_cpp__visibility_control.hpp
[15.178s] -- Installing: /var/robotic/yahboomcar_ws/install/arm_interface/include/arm_interface/arm_interface/msg/april_tag_info.hpp
[15.182s] -- Up-to-date: /var/robotic/yahboomcar_ws/install/arm_interface/include/arm_interface/arm_interface
[15.182s] -- Up-to-date: /var/robotic/yahboomcar_ws/install/arm_interface/include/arm_interface/arm_interface/srv
[15.182s] -- Up-to-date: /var/robotic/yahboomcar_ws/install/arm_interface/include/arm_interface/arm_interface/srv/detail
[15.182s] -- Installing: /var/robotic/yahboomcar_ws/install/arm_interface/include/arm_interface/arm_interface/srv/detail/arm_kinemarics__rosidl_typesupport_fastrtps_cpp.hpp
[15.182s] -- Installing: /var/robotic/yahboomcar_ws/install/arm_interface/include/arm_interface/arm_interface/srv/detail/dds_fastrtps
[15.182s] -- Up-to-date: /var/robotic/yahboomcar_ws/install/arm_interface/include/arm_interface/arm_interface/msg
[15.182s] -- Up-to-date: /var/robotic/yahboomcar_ws/install/arm_interface/include/arm_interface/arm_interface/msg/detail
[15.182s] -- Installing: /var/robotic/yahboomcar_ws/install/arm_interface/include/arm_interface/arm_interface/msg/detail/april_tag_info__rosidl_typesupport_fastrtps_cpp.hpp
[15.182s] -- Installing: /var/robotic/yahboomcar_ws/install/arm_interface/include/arm_interface/arm_interface/msg/detail/arm_joint__rosidl_typesupport_fastrtps_cpp.hpp
[15.182s] -- Installing: /var/robotic/yahboomcar_ws/install/arm_interface/include/arm_interface/arm_interface/msg/detail/target_xy_roll__rosidl_typesupport_fastrtps_cpp.hpp
[15.182s] -- Installing: /var/robotic/yahboomcar_ws/install/arm_interface/include/arm_interface/arm_interface/msg/detail/shape_info__rosidl_typesupport_fastrtps_cpp.hpp
[15.182s] -- Installing: /var/robotic/yahboomcar_ws/install/arm_interface/include/arm_interface/arm_interface/msg/detail/position__rosidl_typesupport_fastrtps_cpp.hpp
[15.182s] -- Installing: /var/robotic/yahboomcar_ws/install/arm_interface/include/arm_interface/arm_interface/msg/detail/center_xy__rosidl_typesupport_fastrtps_cpp.hpp
[15.182s] -- Installing: /var/robotic/yahboomcar_ws/install/arm_interface/include/arm_interface/arm_interface/msg/detail/cur_joints__rosidl_typesupport_fastrtps_cpp.hpp
[15.182s] -- Installing: /var/robotic/yahboomcar_ws/install/arm_interface/include/arm_interface/arm_interface/msg/detail/dds_fastrtps
[15.182s] -- Installing: /var/robotic/yahboomcar_ws/install/arm_interface/include/arm_interface/arm_interface/msg/detail/yolov5_detect__rosidl_typesupport_fastrtps_cpp.hpp
[15.182s] -- Installing: /var/robotic/yahboomcar_ws/install/arm_interface/include/arm_interface/arm_interface/msg/rosidl_typesupport_fastrtps_cpp__visibility_control.h
[15.182s] -- Installing: /var/robotic/yahboomcar_ws/install/arm_interface/lib/libarm_interface__rosidl_typesupport_fastrtps_cpp.so
[15.182s] -- Set runtime path of "/var/robotic/yahboomcar_ws/install/arm_interface/lib/libarm_interface__rosidl_typesupport_fastrtps_cpp.so" to ""
[15.182s] -- Up-to-date: /var/robotic/yahboomcar_ws/install/arm_interface/include/arm_interface/arm_interface
[15.182s] -- Up-to-date: /var/robotic/yahboomcar_ws/install/arm_interface/include/arm_interface/arm_interface/srv
[15.182s] -- Up-to-date: /var/robotic/yahboomcar_ws/install/arm_interface/include/arm_interface/arm_interface/srv/detail
[15.183s] -- Installing: /var/robotic/yahboomcar_ws/install/arm_interface/include/arm_interface/arm_interface/srv/detail/arm_kinemarics__type_support.c
[15.183s] -- Installing: /var/robotic/yahboomcar_ws/install/arm_interface/include/arm_interface/arm_interface/srv/detail/arm_kinemarics__rosidl_typesupport_introspection_c.h
[15.183s] -- Up-to-date: /var/robotic/yahboomcar_ws/install/arm_interface/include/arm_interface/arm_interface/msg
[15.183s] -- Up-to-date: /var/robotic/yahboomcar_ws/install/arm_interface/include/arm_interface/arm_interface/msg/detail
[15.183s] -- Installing: /var/robotic/yahboomcar_ws/install/arm_interface/include/arm_interface/arm_interface/msg/detail/target_xy_roll__type_support.c
[15.183s] -- Installing: /var/robotic/yahboomcar_ws/install/arm_interface/include/arm_interface/arm_interface/msg/detail/arm_joint__type_support.c
[15.183s] -- Installing: /var/robotic/yahboomcar_ws/install/arm_interface/include/arm_interface/arm_interface/msg/detail/arm_joint__rosidl_typesupport_introspection_c.h
[15.187s] -- Installing: /var/robotic/yahboomcar_ws/install/arm_interface/include/arm_interface/arm_interface/msg/detail/cur_joints__type_support.c
[15.187s] -- Installing: /var/robotic/yahboomcar_ws/install/arm_interface/include/arm_interface/arm_interface/msg/detail/position__type_support.c
[15.187s] -- Installing: /var/robotic/yahboomcar_ws/install/arm_interface/include/arm_interface/arm_interface/msg/detail/shape_info__type_support.c
[15.187s] -- Installing: /var/robotic/yahboomcar_ws/install/arm_interface/include/arm_interface/arm_interface/msg/detail/target_xy_roll__rosidl_typesupport_introspection_c.h
[15.187s] -- Installing: /var/robotic/yahboomcar_ws/install/arm_interface/include/arm_interface/arm_interface/msg/detail/position__rosidl_typesupport_introspection_c.h
[15.187s] -- Installing: /var/robotic/yahboomcar_ws/install/arm_interface/include/arm_interface/arm_interface/msg/detail/shape_info__rosidl_typesupport_introspection_c.h
[15.187s] -- Installing: /var/robotic/yahboomcar_ws/install/arm_interface/include/arm_interface/arm_interface/msg/detail/april_tag_info__type_support.c
[15.187s] -- Installing: /var/robotic/yahboomcar_ws/install/arm_interface/include/arm_interface/arm_interface/msg/detail/yolov5_detect__rosidl_typesupport_introspection_c.h
[15.187s] -- Installing: /var/robotic/yahboomcar_ws/install/arm_interface/include/arm_interface/arm_interface/msg/detail/center_xy__type_support.c
[15.187s] -- Installing: /var/robotic/yahboomcar_ws/install/arm_interface/include/arm_interface/arm_interface/msg/detail/april_tag_info__rosidl_typesupport_introspection_c.h
[15.187s] -- Installing: /var/robotic/yahboomcar_ws/install/arm_interface/include/arm_interface/arm_interface/msg/detail/yolov5_detect__type_support.c
[15.187s] -- Installing: /var/robotic/yahboomcar_ws/install/arm_interface/include/arm_interface/arm_interface/msg/detail/center_xy__rosidl_typesupport_introspection_c.h
[15.187s] -- Installing: /var/robotic/yahboomcar_ws/install/arm_interface/include/arm_interface/arm_interface/msg/detail/cur_joints__rosidl_typesupport_introspection_c.h
[15.187s] -- Installing: /var/robotic/yahboomcar_ws/install/arm_interface/include/arm_interface/arm_interface/msg/rosidl_typesupport_introspection_c__visibility_control.h
[15.188s] -- Installing: /var/robotic/yahboomcar_ws/install/arm_interface/lib/libarm_interface__rosidl_typesupport_introspection_c.so
[15.188s] -- Set runtime path of "/var/robotic/yahboomcar_ws/install/arm_interface/lib/libarm_interface__rosidl_typesupport_introspection_c.so" to ""
[15.188s] -- Installing: /var/robotic/yahboomcar_ws/install/arm_interface/lib/libarm_interface__rosidl_typesupport_c.so
[15.188s] -- Set runtime path of "/var/robotic/yahboomcar_ws/install/arm_interface/lib/libarm_interface__rosidl_typesupport_c.so" to ""
[15.188s] -- Up-to-date: /var/robotic/yahboomcar_ws/install/arm_interface/include/arm_interface/arm_interface
[15.188s] -- Up-to-date: /var/robotic/yahboomcar_ws/install/arm_interface/include/arm_interface/arm_interface/srv
[15.188s] -- Up-to-date: /var/robotic/yahboomcar_ws/install/arm_interface/include/arm_interface/arm_interface/srv/detail
[15.188s] -- Installing: /var/robotic/yahboomcar_ws/install/arm_interface/include/arm_interface/arm_interface/srv/detail/arm_kinemarics__rosidl_typesupport_introspection_cpp.hpp
[15.188s] -- Installing: /var/robotic/yahboomcar_ws/install/arm_interface/include/arm_interface/arm_interface/srv/detail/arm_kinemarics__type_support.cpp
[15.190s] -- Up-to-date: /var/robotic/yahboomcar_ws/install/arm_interface/include/arm_interface/arm_interface/msg
[15.190s] -- Up-to-date: /var/robotic/yahboomcar_ws/install/arm_interface/include/arm_interface/arm_interface/msg/detail
[15.190s] -- Installing: /var/robotic/yahboomcar_ws/install/arm_interface/include/arm_interface/arm_interface/msg/detail/shape_info__type_support.cpp
[15.190s] -- Installing: /var/robotic/yahboomcar_ws/install/arm_interface/include/arm_interface/arm_interface/msg/detail/cur_joints__type_support.cpp
[15.190s] -- Installing: /var/robotic/yahboomcar_ws/install/arm_interface/include/arm_interface/arm_interface/msg/detail/position__type_support.cpp
[15.190s] -- Installing: /var/robotic/yahboomcar_ws/install/arm_interface/include/arm_interface/arm_interface/msg/detail/april_tag_info__rosidl_typesupport_introspection_cpp.hpp
[15.190s] -- Installing: /var/robotic/yahboomcar_ws/install/arm_interface/include/arm_interface/arm_interface/msg/detail/arm_joint__rosidl_typesupport_introspection_cpp.hpp
[15.191s] -- Installing: /var/robotic/yahboomcar_ws/install/arm_interface/include/arm_interface/arm_interface/msg/detail/center_xy__type_support.cpp
[15.191s] -- Installing: /var/robotic/yahboomcar_ws/install/arm_interface/include/arm_interface/arm_interface/msg/detail/center_xy__rosidl_typesupport_introspection_cpp.hpp
[15.191s] -- Installing: /var/robotic/yahboomcar_ws/install/arm_interface/include/arm_interface/arm_interface/msg/detail/yolov5_detect__rosidl_typesupport_introspection_cpp.hpp
[15.191s] -- Installing: /var/robotic/yahboomcar_ws/install/arm_interface/include/arm_interface/arm_interface/msg/detail/arm_joint__type_support.cpp
[15.191s] -- Installing: /var/robotic/yahboomcar_ws/install/arm_interface/include/arm_interface/arm_interface/msg/detail/position__rosidl_typesupport_introspection_cpp.hpp
[15.191s] -- Installing: /var/robotic/yahboomcar_ws/install/arm_interface/include/arm_interface/arm_interface/msg/detail/cur_joints__rosidl_typesupport_introspection_cpp.hpp
[15.191s] -- Installing: /var/robotic/yahboomcar_ws/install/arm_interface/include/arm_interface/arm_interface/msg/detail/april_tag_info__type_support.cpp
[15.191s] -- Installing: /var/robotic/yahboomcar_ws/install/arm_interface/include/arm_interface/arm_interface/msg/detail/shape_info__rosidl_typesupport_introspection_cpp.hpp
[15.191s] -- Installing: /var/robotic/yahboomcar_ws/install/arm_interface/include/arm_interface/arm_interface/msg/detail/yolov5_detect__type_support.cpp
[15.191s] -- Installing: /var/robotic/yahboomcar_ws/install/arm_interface/include/arm_interface/arm_interface/msg/detail/target_xy_roll__type_support.cpp
[15.191s] -- Installing: /var/robotic/yahboomcar_ws/install/arm_interface/include/arm_interface/arm_interface/msg/detail/target_xy_roll__rosidl_typesupport_introspection_cpp.hpp
[15.191s] -- Installing: /var/robotic/yahboomcar_ws/install/arm_interface/lib/libarm_interface__rosidl_typesupport_introspection_cpp.so
[15.193s] -- Set runtime path of "/var/robotic/yahboomcar_ws/install/arm_interface/lib/libarm_interface__rosidl_typesupport_introspection_cpp.so" to ""
[15.193s] -- Installing: /var/robotic/yahboomcar_ws/install/arm_interface/lib/libarm_interface__rosidl_typesupport_cpp.so
[15.193s] -- Set runtime path of "/var/robotic/yahboomcar_ws/install/arm_interface/lib/libarm_interface__rosidl_typesupport_cpp.so" to ""
[15.193s] -- Installing: /var/robotic/yahboomcar_ws/install/arm_interface/share/arm_interface/environment/pythonpath.sh
[15.193s] -- Installing: /var/robotic/yahboomcar_ws/install/arm_interface/share/arm_interface/environment/pythonpath.dsv
[15.193s] -- Installing: /var/robotic/yahboomcar_ws/install/arm_interface/local/lib/python3.10/dist-packages/arm_interface-0.0.0-py3.10.egg-info
[15.197s] -- Installing: /var/robotic/yahboomcar_ws/install/arm_interface/local/lib/python3.10/dist-packages/arm_interface-0.0.0-py3.10.egg-info/SOURCES.txt
[15.197s] -- Installing: /var/robotic/yahboomcar_ws/install/arm_interface/local/lib/python3.10/dist-packages/arm_interface-0.0.0-py3.10.egg-info/top_level.txt
[15.197s] -- Installing: /var/robotic/yahboomcar_ws/install/arm_interface/local/lib/python3.10/dist-packages/arm_interface-0.0.0-py3.10.egg-info/PKG-INFO
[15.197s] -- Installing: /var/robotic/yahboomcar_ws/install/arm_interface/local/lib/python3.10/dist-packages/arm_interface-0.0.0-py3.10.egg-info/dependency_links.txt
[15.197s] -- Installing: /var/robotic/yahboomcar_ws/install/arm_interface/local/lib/python3.10/dist-packages/arm_interface
[15.197s] -- Installing: /var/robotic/yahboomcar_ws/install/arm_interface/local/lib/python3.10/dist-packages/arm_interface/srv
[15.197s] -- Installing: /var/robotic/yahboomcar_ws/install/arm_interface/local/lib/python3.10/dist-packages/arm_interface/srv/__init__.py
[15.197s] -- Installing: /var/robotic/yahboomcar_ws/install/arm_interface/local/lib/python3.10/dist-packages/arm_interface/srv/_arm_kinemarics_s.c
[15.197s] -- Installing: /var/robotic/yahboomcar_ws/install/arm_interface/local/lib/python3.10/dist-packages/arm_interface/srv/_arm_kinemarics.py
[15.197s] -- Installing: /var/robotic/yahboomcar_ws/install/arm_interface/local/lib/python3.10/dist-packages/arm_interface/arm_interface_s__rosidl_typesupport_introspection_c.cpython-310-x86_64-linux-gnu.so
[15.197s] -- Installing: /var/robotic/yahboomcar_ws/install/arm_interface/local/lib/python3.10/dist-packages/arm_interface/arm_interface_s__rosidl_typesupport_c.cpython-310-x86_64-linux-gnu.so
[15.197s] -- Installing: /var/robotic/yahboomcar_ws/install/arm_interface/local/lib/python3.10/dist-packages/arm_interface/arm_interface_s__rosidl_typesupport_fastrtps_c.cpython-310-x86_64-linux-gnu.so
[15.197s] -- Installing: /var/robotic/yahboomcar_ws/install/arm_interface/local/lib/python3.10/dist-packages/arm_interface/_arm_interface_s.ep.rosidl_typesupport_c.c
[15.197s] -- Installing: /var/robotic/yahboomcar_ws/install/arm_interface/local/lib/python3.10/dist-packages/arm_interface/__init__.py
[15.197s] -- Installing: /var/robotic/yahboomcar_ws/install/arm_interface/local/lib/python3.10/dist-packages/arm_interface/_arm_interface_s.ep.rosidl_typesupport_fastrtps_c.c
[15.197s] -- Installing: /var/robotic/yahboomcar_ws/install/arm_interface/local/lib/python3.10/dist-packages/arm_interface/msg
[15.197s] -- Installing: /var/robotic/yahboomcar_ws/install/arm_interface/local/lib/python3.10/dist-packages/arm_interface/msg/_yolov5_detect_s.c
[15.197s] -- Installing: /var/robotic/yahboomcar_ws/install/arm_interface/local/lib/python3.10/dist-packages/arm_interface/msg/_center_xy.py
[15.197s] -- Installing: /var/robotic/yahboomcar_ws/install/arm_interface/local/lib/python3.10/dist-packages/arm_interface/msg/_yolov5_detect.py
[15.197s] -- Installing: /var/robotic/yahboomcar_ws/install/arm_interface/local/lib/python3.10/dist-packages/arm_interface/msg/_shape_info.py
[15.198s] -- Installing: /var/robotic/yahboomcar_ws/install/arm_interface/local/lib/python3.10/dist-packages/arm_interface/msg/_arm_joint_s.c
[15.198s] -- Installing: /var/robotic/yahboomcar_ws/install/arm_interface/local/lib/python3.10/dist-packages/arm_interface/msg/_shape_info_s.c
[15.198s] -- Installing: /var/robotic/yahboomcar_ws/install/arm_interface/local/lib/python3.10/dist-packages/arm_interface/msg/_position.py
[15.198s] -- Installing: /var/robotic/yahboomcar_ws/install/arm_interface/local/lib/python3.10/dist-packages/arm_interface/msg/_april_tag_info.py
[15.198s] -- Installing: /var/robotic/yahboomcar_ws/install/arm_interface/local/lib/python3.10/dist-packages/arm_interface/msg/_april_tag_info_s.c
[15.198s] -- Installing: /var/robotic/yahboomcar_ws/install/arm_interface/local/lib/python3.10/dist-packages/arm_interface/msg/_target_xy_roll_s.c
[15.198s] -- Installing: /var/robotic/yahboomcar_ws/install/arm_interface/local/lib/python3.10/dist-packages/arm_interface/msg/__init__.py
[15.198s] -- Installing: /var/robotic/yahboomcar_ws/install/arm_interface/local/lib/python3.10/dist-packages/arm_interface/msg/_position_s.c
[15.198s] -- Installing: /var/robotic/yahboomcar_ws/install/arm_interface/local/lib/python3.10/dist-packages/arm_interface/msg/_arm_joint.py
[15.198s] -- Installing: /var/robotic/yahboomcar_ws/install/arm_interface/local/lib/python3.10/dist-packages/arm_interface/msg/_cur_joints.py
[15.198s] -- Installing: /var/robotic/yahboomcar_ws/install/arm_interface/local/lib/python3.10/dist-packages/arm_interface/msg/_center_xy_s.c
[15.198s] -- Installing: /var/robotic/yahboomcar_ws/install/arm_interface/local/lib/python3.10/dist-packages/arm_interface/msg/_target_xy_roll.py
[15.199s] -- Installing: /var/robotic/yahboomcar_ws/install/arm_interface/local/lib/python3.10/dist-packages/arm_interface/msg/_cur_joints_s.c
[15.199s] -- Installing: /var/robotic/yahboomcar_ws/install/arm_interface/local/lib/python3.10/dist-packages/arm_interface/libarm_interface__rosidl_generator_py.so
[15.201s] -- Installing: /var/robotic/yahboomcar_ws/install/arm_interface/local/lib/python3.10/dist-packages/arm_interface/_arm_interface_s.ep.rosidl_typesupport_introspection_c.c
[15.256s] Listing '/var/robotic/yahboomcar_ws/install/arm_interface/local/lib/python3.10/dist-packages/arm_interface'...
[15.256s] Compiling '/var/robotic/yahboomcar_ws/install/arm_interface/local/lib/python3.10/dist-packages/arm_interface/__init__.py'...
[15.256s] Listing '/var/robotic/yahboomcar_ws/install/arm_interface/local/lib/python3.10/dist-packages/arm_interface/msg'...
[15.256s] Compiling '/var/robotic/yahboomcar_ws/install/arm_interface/local/lib/python3.10/dist-packages/arm_interface/msg/__init__.py'...
[15.257s] Compiling '/var/robotic/yahboomcar_ws/install/arm_interface/local/lib/python3.10/dist-packages/arm_interface/msg/_april_tag_info.py'...
[15.257s] Compiling '/var/robotic/yahboomcar_ws/install/arm_interface/local/lib/python3.10/dist-packages/arm_interface/msg/_arm_joint.py'...
[15.257s] Compiling '/var/robotic/yahboomcar_ws/install/arm_interface/local/lib/python3.10/dist-packages/arm_interface/msg/_center_xy.py'...
[15.257s] Compiling '/var/robotic/yahboomcar_ws/install/arm_interface/local/lib/python3.10/dist-packages/arm_interface/msg/_cur_joints.py'...
[15.257s] Compiling '/var/robotic/yahboomcar_ws/install/arm_interface/local/lib/python3.10/dist-packages/arm_interface/msg/_position.py'...
[15.257s] Compiling '/var/robotic/yahboomcar_ws/install/arm_interface/local/lib/python3.10/dist-packages/arm_interface/msg/_shape_info.py'...
[15.257s] Compiling '/var/robotic/yahboomcar_ws/install/arm_interface/local/lib/python3.10/dist-packages/arm_interface/msg/_target_xy_roll.py'...
[15.257s] Compiling '/var/robotic/yahboomcar_ws/install/arm_interface/local/lib/python3.10/dist-packages/arm_interface/msg/_yolov5_detect.py'...
[15.257s] Listing '/var/robotic/yahboomcar_ws/install/arm_interface/local/lib/python3.10/dist-packages/arm_interface/srv'...
[15.257s] Compiling '/var/robotic/yahboomcar_ws/install/arm_interface/local/lib/python3.10/dist-packages/arm_interface/srv/__init__.py'...
[15.257s] Compiling '/var/robotic/yahboomcar_ws/install/arm_interface/local/lib/python3.10/dist-packages/arm_interface/srv/_arm_kinemarics.py'...
[15.264s] -- Installing: /var/robotic/yahboomcar_ws/install/arm_interface/local/lib/python3.10/dist-packages/arm_interface/arm_interface_s__rosidl_typesupport_fastrtps_c.cpython-310-x86_64-linux-gnu.so
[15.264s] -- Set runtime path of "/var/robotic/yahboomcar_ws/install/arm_interface/local/lib/python3.10/dist-packages/arm_interface/arm_interface_s__rosidl_typesupport_fastrtps_c.cpython-310-x86_64-linux-gnu.so" to ""
[15.264s] -- Installing: /var/robotic/yahboomcar_ws/install/arm_interface/local/lib/python3.10/dist-packages/arm_interface/arm_interface_s__rosidl_typesupport_introspection_c.cpython-310-x86_64-linux-gnu.so
[15.264s] -- Set runtime path of "/var/robotic/yahboomcar_ws/install/arm_interface/local/lib/python3.10/dist-packages/arm_interface/arm_interface_s__rosidl_typesupport_introspection_c.cpython-310-x86_64-linux-gnu.so" to ""
[15.264s] -- Installing: /var/robotic/yahboomcar_ws/install/arm_interface/local/lib/python3.10/dist-packages/arm_interface/arm_interface_s__rosidl_typesupport_c.cpython-310-x86_64-linux-gnu.so
[15.265s] -- Set runtime path of "/var/robotic/yahboomcar_ws/install/arm_interface/local/lib/python3.10/dist-packages/arm_interface/arm_interface_s__rosidl_typesupport_c.cpython-310-x86_64-linux-gnu.so" to ""
[15.265s] -- Installing: /var/robotic/yahboomcar_ws/install/arm_interface/lib/libarm_interface__rosidl_generator_py.so
[15.266s] -- Set runtime path of "/var/robotic/yahboomcar_ws/install/arm_interface/lib/libarm_interface__rosidl_generator_py.so" to ""
[15.266s] -- Installing: /var/robotic/yahboomcar_ws/install/arm_interface/share/arm_interface/srv/ArmKinemarics.idl
[15.266s] -- Installing: /var/robotic/yahboomcar_ws/install/arm_interface/share/arm_interface/msg/ArmJoint.idl
[15.267s] -- Installing: /var/robotic/yahboomcar_ws/install/arm_interface/share/arm_interface/msg/AprilTagInfo.idl
[15.267s] -- Installing: /var/robotic/yahboomcar_ws/install/arm_interface/share/arm_interface/msg/CenterXY.idl
[15.267s] -- Installing: /var/robotic/yahboomcar_ws/install/arm_interface/share/arm_interface/msg/ShapeInfo.idl
[15.269s] -- Installing: /var/robotic/yahboomcar_ws/install/arm_interface/share/arm_interface/msg/Yolov5Detect.idl
[15.269s] -- Installing: /var/robotic/yahboomcar_ws/install/arm_interface/share/arm_interface/msg/Position.idl
[15.269s] -- Installing: /var/robotic/yahboomcar_ws/install/arm_interface/share/arm_interface/msg/CurJoints.idl
[15.269s] -- Installing: /var/robotic/yahboomcar_ws/install/arm_interface/share/arm_interface/msg/TargetXYRoll.idl
[15.269s] -- Installing: /var/robotic/yahboomcar_ws/install/arm_interface/share/arm_interface/srv/ArmKinemarics.srv
[15.269s] -- Installing: /var/robotic/yahboomcar_ws/install/arm_interface/share/arm_interface/srv/ArmKinemarics_Request.msg
[15.269s] -- Installing: /var/robotic/yahboomcar_ws/install/arm_interface/share/arm_interface/srv/ArmKinemarics_Response.msg
[15.269s] -- Installing: /var/robotic/yahboomcar_ws/install/arm_interface/share/arm_interface/msg/ArmJoint.msg
[15.269s] -- Installing: /var/robotic/yahboomcar_ws/install/arm_interface/share/arm_interface/msg/AprilTagInfo.msg
[15.269s] -- Installing: /var/robotic/yahboomcar_ws/install/arm_interface/share/arm_interface/msg/CenterXY.msg
[15.269s] -- Installing: /var/robotic/yahboomcar_ws/install/arm_interface/share/arm_interface/msg/ShapeInfo.msg
[15.270s] -- Installing: /var/robotic/yahboomcar_ws/install/arm_interface/share/arm_interface/msg/Yolov5Detect.msg
[15.273s] -- Installing: /var/robotic/yahboomcar_ws/install/arm_interface/share/arm_interface/msg/Position.msg
[15.273s] -- Installing: /var/robotic/yahboomcar_ws/install/arm_interface/share/arm_interface/msg/CurJoints.msg
[15.273s] -- Installing: /var/robotic/yahboomcar_ws/install/arm_interface/share/arm_interface/msg/TargetXYRoll.msg
[15.273s] -- Installing: /var/robotic/yahboomcar_ws/install/arm_interface/share/ament_index/resource_index/package_run_dependencies/arm_interface
[15.273s] -- Installing: /var/robotic/yahboomcar_ws/install/arm_interface/share/ament_index/resource_index/parent_prefix_path/arm_interface
[15.273s] -- Installing: /var/robotic/yahboomcar_ws/install/arm_interface/share/arm_interface/environment/ament_prefix_path.sh
[15.273s] -- Installing: /var/robotic/yahboomcar_ws/install/arm_interface/share/arm_interface/environment/ament_prefix_path.dsv
[15.273s] -- Installing: /var/robotic/yahboomcar_ws/install/arm_interface/share/arm_interface/environment/path.sh
[15.273s] -- Installing: /var/robotic/yahboomcar_ws/install/arm_interface/share/arm_interface/environment/path.dsv
[15.273s] -- Installing: /var/robotic/yahboomcar_ws/install/arm_interface/share/arm_interface/local_setup.bash
[15.273s] -- Installing: /var/robotic/yahboomcar_ws/install/arm_interface/share/arm_interface/local_setup.sh
[15.273s] -- Installing: /var/robotic/yahboomcar_ws/install/arm_interface/share/arm_interface/local_setup.zsh
[15.274s] -- Installing: /var/robotic/yahboomcar_ws/install/arm_interface/share/arm_interface/local_setup.dsv
[15.274s] -- Installing: /var/robotic/yahboomcar_ws/install/arm_interface/share/arm_interface/package.dsv
[15.274s] -- Installing: /var/robotic/yahboomcar_ws/install/arm_interface/share/ament_index/resource_index/packages/arm_interface
[15.274s] -- Installing: /var/robotic/yahboomcar_ws/install/arm_interface/share/arm_interface/cmake/export_arm_interface__rosidl_generator_cExport.cmake
[15.274s] -- Installing: /var/robotic/yahboomcar_ws/install/arm_interface/share/arm_interface/cmake/export_arm_interface__rosidl_generator_cExport-noconfig.cmake
[15.274s] -- Installing: /var/robotic/yahboomcar_ws/install/arm_interface/share/arm_interface/cmake/export_arm_interface__rosidl_typesupport_fastrtps_cExport.cmake
[15.274s] -- Installing: /var/robotic/yahboomcar_ws/install/arm_interface/share/arm_interface/cmake/export_arm_interface__rosidl_typesupport_fastrtps_cExport-noconfig.cmake
[15.274s] -- Installing: /var/robotic/yahboomcar_ws/install/arm_interface/share/arm_interface/cmake/export_arm_interface__rosidl_generator_cppExport.cmake
[15.274s] -- Installing: /var/robotic/yahboomcar_ws/install/arm_interface/share/arm_interface/cmake/export_arm_interface__rosidl_typesupport_fastrtps_cppExport.cmake
[15.274s] -- Installing: /var/robotic/yahboomcar_ws/install/arm_interface/share/arm_interface/cmake/export_arm_interface__rosidl_typesupport_fastrtps_cppExport-noconfig.cmake
[15.274s] -- Installing: /var/robotic/yahboomcar_ws/install/arm_interface/share/arm_interface/cmake/arm_interface__rosidl_typesupport_introspection_cExport.cmake
[15.275s] -- Installing: /var/robotic/yahboomcar_ws/install/arm_interface/share/arm_interface/cmake/arm_interface__rosidl_typesupport_introspection_cExport-noconfig.cmake
[15.275s] -- Installing: /var/robotic/yahboomcar_ws/install/arm_interface/share/arm_interface/cmake/arm_interface__rosidl_typesupport_cExport.cmake
[15.276s] -- Installing: /var/robotic/yahboomcar_ws/install/arm_interface/share/arm_interface/cmake/arm_interface__rosidl_typesupport_cExport-noconfig.cmake
[15.276s] -- Installing: /var/robotic/yahboomcar_ws/install/arm_interface/share/arm_interface/cmake/arm_interface__rosidl_typesupport_introspection_cppExport.cmake
[15.276s] -- Installing: /var/robotic/yahboomcar_ws/install/arm_interface/share/arm_interface/cmake/arm_interface__rosidl_typesupport_introspection_cppExport-noconfig.cmake
[15.276s] -- Installing: /var/robotic/yahboomcar_ws/install/arm_interface/share/arm_interface/cmake/arm_interface__rosidl_typesupport_cppExport.cmake
[15.276s] -- Installing: /var/robotic/yahboomcar_ws/install/arm_interface/share/arm_interface/cmake/arm_interface__rosidl_typesupport_cppExport-noconfig.cmake
[15.276s] -- Installing: /var/robotic/yahboomcar_ws/install/arm_interface/share/arm_interface/cmake/export_arm_interface__rosidl_generator_pyExport.cmake
[15.276s] -- Installing: /var/robotic/yahboomcar_ws/install/arm_interface/share/arm_interface/cmake/export_arm_interface__rosidl_generator_pyExport-noconfig.cmake
[15.277s] -- Installing: /var/robotic/yahboomcar_ws/install/arm_interface/share/arm_interface/cmake/rosidl_cmake-extras.cmake
[15.277s] -- Installing: /var/robotic/yahboomcar_ws/install/arm_interface/share/arm_interface/cmake/ament_cmake_export_dependencies-extras.cmake
[15.277s] -- Installing: /var/robotic/yahboomcar_ws/install/arm_interface/share/arm_interface/cmake/ament_cmake_export_include_directories-extras.cmake
[15.277s] -- Installing: /var/robotic/yahboomcar_ws/install/arm_interface/share/arm_interface/cmake/ament_cmake_export_libraries-extras.cmake
[15.278s] -- Installing: /var/robotic/yahboomcar_ws/install/arm_interface/share/arm_interface/cmake/ament_cmake_export_targets-extras.cmake
[15.278s] -- Installing: /var/robotic/yahboomcar_ws/install/arm_interface/share/arm_interface/cmake/rosidl_cmake_export_typesupport_targets-extras.cmake
[15.279s] -- Installing: /var/robotic/yahboomcar_ws/install/arm_interface/share/arm_interface/cmake/rosidl_cmake_export_typesupport_libraries-extras.cmake
[15.279s] -- Installing: /var/robotic/yahboomcar_ws/install/arm_interface/share/arm_interface/cmake/arm_interfaceConfig.cmake
[15.279s] -- Installing: /var/robotic/yahboomcar_ws/install/arm_interface/share/arm_interface/cmake/arm_interfaceConfig-version.cmake
[15.279s] -- Installing: /var/robotic/yahboomcar_ws/install/arm_interface/share/arm_interface/package.xml
[15.282s] Invoked command in '/var/robotic/yahboomcar_ws/build/arm_interface' returned '0': CMAKE_PREFIX_PATH=/opt/ros/humble /usr/bin/cmake --install /var/robotic/yahboomcar_ws/build/arm_interface
