[0.000000] (-) TimerEvent: {}
[0.000056] (-) JobUnselected: {'identifier': 'M3Pro_MoveIt_demo'}
[0.000079] (-) JobUnselected: {'identifier': 'M3Pro_config'}
[0.000098] (-) JobUnselected: {'identifier': 'M3Pro_demo'}
[0.000116] (-) JobUnselected: {'identifier': 'MoveIt_demo'}
[0.000134] (-) JobUnselected: {'identifier': 'arm_driver'}
[0.000152] (-) JobUnselected: {'identifier': 'arm_interface'}
[0.000170] (-) JobUnselected: {'identifier': 'arm_kin'}
[0.000189] (-) JobUnselected: {'identifier': 'arm_msgs'}
[0.000207] (-) JobUnselected: {'identifier': 'pkg_helloworld_cpp'}
[0.000225] (-) JobUnselected: {'identifier': 'pkg_helloworld_py'}
[0.000243] (-) JobUnselected: {'identifier': 'pkg_service'}
[0.000261] (-) JobUnselected: {'identifier': 'pkg_topic'}
[0.000279] (-) JobUnselected: {'identifier': 'test_config'}
[0.000297] (-) JobUnselected: {'identifier': 'test_moveit_config'}
[0.000314] (-) JobUnselected: {'identifier': 'yahboom_M3Pro_DepthCam'}
[0.000332] (-) JobUnselected: {'identifier': 'yahboom_M3Pro_description'}
[0.000351] (-) JobUnselected: {'identifier': 'yahboom_M3Pro_laser'}
[0.000369] (-) JobUnselected: {'identifier': 'yahboom_yolov8'}
[0.000387] (-) JobUnselected: {'identifier': 'yahboomcar_ctrl'}
[0.000397] (-) JobUnselected: {'identifier': 'yahboomcar_mediapipe'}
[0.000405] (-) JobUnselected: {'identifier': 'yahboomcar_msgs'}
[0.000416] (pkg_interfaces) JobQueued: {'identifier': 'pkg_interfaces', 'dependencies': OrderedDict()}
[0.000995] (pkg_interfaces) JobStarted: {'identifier': 'pkg_interfaces'}
[0.007507] (pkg_interfaces) JobProgress: {'identifier': 'pkg_interfaces', 'progress': 'cmake'}
[0.007873] (pkg_interfaces) Command: {'cmd': ['/usr/bin/cmake', '/var/robotic/yahboomcar_ws/src/pkg_interfaces', '-DCMAKE_INSTALL_PREFIX=/var/robotic/yahboomcar_ws/install/pkg_interfaces'], 'cwd': '/var/robotic/yahboomcar_ws/build/pkg_interfaces', 'env': OrderedDict([('npm_config_devdir', '/tmp/cursor-sandbox-cache/3ac4d0fc3b3eac28657f0729dde3bb6b/node-gyp'), ('LESSOPEN', '| /usr/bin/lesspipe %s'), ('VSCODE_CWD', '/home/spen'), ('VSCODE_ESM_ENTRYPOINT', 'vs/workbench/api/node/extensionHostProcess'), ('PUPPETEER_CACHE_DIR', '/tmp/cursor-sandbox-cache/3ac4d0fc3b3eac28657f0729dde3bb6b/puppeteer'), ('LANGUAGE', 'en_US'), ('USER', 'spen'), ('SSH_CLIENT', '192.168.50.22 4785 22'), ('LC_TIME', 'en_US.UTF-8'), ('VSCODE_NLS_CONFIG', '{"userLocale":"en","osLocale":"en","resolvedLanguage":"en","defaultMessagesFile":"/home/spen/.cursor-server/bin/linux-x64/7b9c34466f5c119e93c3e654bb80fe9306b6cc70/out/nls.messages.json","locale":"en","availableLanguages":{}}'), ('CCACHE_DIR', '/tmp/cursor-sandbox-cache/3ac4d0fc3b3eac28657f0729dde3bb6b/ccache'), ('CI', '1'), ('VSCODE_HANDLES_UNCAUGHT_ERRORS', 'true'), ('XDG_SESSION_TYPE', 'tty'), ('PIP_CACHE_DIR', '/tmp/cursor-sandbox-cache/3ac4d0fc3b3eac28657f0729dde3bb6b/pip'), ('PIPX_HOME', '/tmp/cursor-sandbox-cache/3ac4d0fc3b3eac28657f0729dde3bb6b/pipx'), ('NUGET_PACKAGES', '/tmp/cursor-sandbox-cache/3ac4d0fc3b3eac28657f0729dde3bb6b/nuget'), ('HOMEBREW_CACHE', '/tmp/cursor-sandbox-cache/3ac4d0fc3b3eac28657f0729dde3bb6b/homebrew'), ('SHLVL', '1'), ('LD_LIBRARY_PATH', '/usr/lib/x86_64-linux-gnu/gazebo-11/plugins:/opt/ros/humble/opt/rviz_ogre_vendor/lib:/opt/ros/humble/lib/x86_64-linux-gnu:/opt/ros/humble/lib'), ('BROWSER', '/home/spen/.cursor-server/bin/linux-x64/7b9c34466f5c119e93c3e654bb80fe9306b6cc70/bin/helpers/browser.sh'), ('MOTD_SHOWN', 'pam'), ('HOME', '/home/spen'), ('OLDPWD', '/var/robotic'), ('VSCODE_IPC_HOOK_CLI', '/run/user/1000/vscode-ipc-18a4b4f2-e876-467a-bb61-a8bceec51138.sock'), ('ROS_PYTHON_VERSION', '3'), ('LC_MONETARY', 'en_US.UTF-8'), ('NO_COLOR', '1'), ('CONDA_PKGS_DIRS', '/tmp/cursor-sandbox-cache/3ac4d0fc3b3eac28657f0729dde3bb6b/conda'), ('DBUS_SESSION_BUS_ADDRESS', 'unix:path=/run/user/1000/bus'), ('VOLTA_HOME', '/tmp/cursor-sandbox-cache/3ac4d0fc3b3eac28657f0729dde3bb6b/volta'), ('COMPOSER_HOME', '/tmp/cursor-sandbox-cache/3ac4d0fc3b3eac28657f0729dde3bb6b/composer'), ('ROS_DISTRO', 'humble'), ('LOGNAME', 'spen'), ('FORCE_COLOR', '0'), ('VSCODE_HANDLES_SIGPIPE', 'true'), ('BUN_INSTALL_CACHE_DIR', '/tmp/cursor-sandbox-cache/3ac4d0fc3b3eac28657f0729dde3bb6b/bun'), ('_', '/usr/bin/colcon'), ('ROS_VERSION', '2'), ('GOMODCACHE', '/tmp/cursor-sandbox-cache/3ac4d0fc3b3eac28657f0729dde3bb6b/go-mod'), ('XDG_SESSION_CLASS', 'user'), ('CP_HOME_DIR', '/tmp/cursor-sandbox-cache/3ac4d0fc3b3eac28657f0729dde3bb6b/cocoapods'), ('TERM', 'dumb'), ('EVERYSPHERE_RIPGREP_PATH', '/home/spen/.cursor-server/bin/linux-x64/7b9c34466f5c119e93c3e654bb80fe9306b6cc70/resources/helpers/rg'), ('XDG_SESSION_ID', '5'), ('RUSTUP_HOME', '/tmp/cursor-sandbox-cache/3ac4d0fc3b3eac28657f0729dde3bb6b/rustup'), ('ROS_LOCALHOST_ONLY', '0'), ('POETRY_CACHE_DIR', '/tmp/cursor-sandbox-cache/3ac4d0fc3b3eac28657f0729dde3bb6b/poetry'), ('PATH', '/home/spen/.local/bin:/home/spen/.cursor-server/bin/linux-x64/7b9c34466f5c119e93c3e654bb80fe9306b6cc70/bin/remote-cli:/home/spen/.local/bin:/opt/ros/humble/bin:/home/spen/.cursor-server/bin/linux-x64/7b9c34466f5c119e93c3e654bb80fe9306b6cc70/bin/remote-cli:/home/spen/.local/bin:/usr/local/sbin:/usr/local/bin:/usr/sbin:/usr/bin:/sbin:/bin:/usr/games:/usr/local/games:/snap/bin'), ('YARN_CACHE_FOLDER', '/tmp/cursor-sandbox-cache/3ac4d0fc3b3eac28657f0729dde3bb6b/yarn'), ('VSCODE_AGENT_FOLDER', '/home/spen/.cursor-server'), ('PAPERSIZE', 'letter'), ('UV_CACHE_DIR', '/tmp/cursor-sandbox-cache/3ac4d0fc3b3eac28657f0729dde3bb6b/uv'), ('LC_ADDRESS', 'en_US.UTF-8'), ('PLAYWRIGHT_BROWSERS_PATH', '/tmp/cursor-sandbox-cache/3ac4d0fc3b3eac28657f0729dde3bb6b/playwright'), ('XDG_RUNTIME_DIR', '/run/user/1000'), ('BUNDLE_PATH', '/tmp/cursor-sandbox-cache/3ac4d0fc3b3eac28657f0729dde3bb6b/bundle'), ('DENO_DIR', '/tmp/cursor-sandbox-cache/3ac4d0fc3b3eac28657f0729dde3bb6b/deno'), ('CURSOR_AGENT', '1'), ('LANG', 'en_US.UTF-8'), ('NX_CACHE_DIRECTORY', '/tmp/cursor-sandbox-cache/3ac4d0fc3b3eac28657f0729dde3bb6b/nx'), ('LC_TELEPHONE', 'en_US.UTF-8'), ('LS_COLORS', ''), ('CYPRESS_CACHE_FOLDER', '/tmp/cursor-sandbox-cache/3ac4d0fc3b3eac28657f0729dde3bb6b/cypress'), ('PNPM_STORE_PATH', '/tmp/cursor-sandbox-cache/3ac4d0fc3b3eac28657f0729dde3bb6b/pnpm-store'), ('AMENT_PREFIX_PATH', '/opt/ros/humble'), ('SHELL', '/bin/bash'), ('CURSOR_SANDBOX', 'native'), ('LC_NAME', 'en_US.UTF-8'), ('VSCODE_SERVER_SHUTDOWN_TIMEOUT', '300'), ('GOCACHE', '/tmp/cursor-sandbox-cache/3ac4d0fc3b3eac28657f0729dde3bb6b/go-build'), ('ELECTRON_RUN_AS_NODE', '1'), ('GEM_HOME', '/tmp/cursor-sandbox-cache/3ac4d0fc3b3eac28657f0729dde3bb6b/gem'), ('LESSCLOSE', '/usr/bin/lesspipe %s %s'), ('LC_MEASUREMENT', 'en_US.UTF-8'), ('LC_IDENTIFICATION', 'en_US.UTF-8'), ('NPM_CONFIG_CACHE', '/tmp/cursor-sandbox-cache/3ac4d0fc3b3eac28657f0729dde3bb6b/npm'), ('PWD', '/var/robotic/yahboomcar_ws/build/pkg_interfaces'), ('GRADLE_USER_HOME', '/tmp/cursor-sandbox-cache/3ac4d0fc3b3eac28657f0729dde3bb6b/gradle'), ('CARGO_HOME', '/tmp/cursor-sandbox-cache/3ac4d0fc3b3eac28657f0729dde3bb6b/cargo'), ('SSH_CONNECTION', '192.168.50.22 4785 192.168.50.88 22'), ('XDG_DATA_DIRS', '/usr/share/gnome:/usr/local/share:/usr/share:/var/lib/snapd/desktop'), ('PYTHONPATH', '/opt/ros/humble/lib/python3.10/site-packages:/opt/ros/humble/local/lib/python3.10/dist-packages'), ('LC_NUMERIC', 'en_US.UTF-8'), ('TURBO_CACHE_DIR', '/tmp/cursor-sandbox-cache/3ac4d0fc3b3eac28657f0729dde3bb6b/turbo'), ('LC_PAPER', 'en_US.UTF-8'), ('COLCON', '1'), ('_ZO_DOCTOR', '0'), ('CURSOR_SANDBOX_LANDLOCK_STATUS', 'fully_enforced'), ('CMAKE_PREFIX_PATH', '/opt/ros/humble')]), 'shell': False}
[0.099862] (-) TimerEvent: {}
[0.102192] (pkg_interfaces) StdoutLine: {'line': b'-- The C compiler identification is GNU 11.4.0\n'}
[0.193937] (pkg_interfaces) StdoutLine: {'line': b'-- The CXX compiler identification is GNU 11.4.0\n'}
[0.199941] (-) TimerEvent: {}
[0.203354] (pkg_interfaces) StdoutLine: {'line': b'-- Detecting C compiler ABI info\n'}
[0.257156] (pkg_interfaces) StdoutLine: {'line': b'-- Detecting C compiler ABI info - done\n'}
[0.260600] (pkg_interfaces) StdoutLine: {'line': b'-- Check for working C compiler: /usr/bin/cc - skipped\n'}
[0.261770] (pkg_interfaces) StdoutLine: {'line': b'-- Detecting C compile features\n'}
[0.262742] (pkg_interfaces) StdoutLine: {'line': b'-- Detecting C compile features - done\n'}
[0.265078] (pkg_interfaces) StdoutLine: {'line': b'-- Detecting CXX compiler ABI info\n'}
[0.300086] (-) TimerEvent: {}
[0.320878] (pkg_interfaces) StdoutLine: {'line': b'-- Detecting CXX compiler ABI info - done\n'}
[0.324356] (pkg_interfaces) StdoutLine: {'line': b'-- Check for working CXX compiler: /usr/bin/c++ - skipped\n'}
[0.324606] (pkg_interfaces) StdoutLine: {'line': b'-- Detecting CXX compile features\n'}
[0.324672] (pkg_interfaces) StdoutLine: {'line': b'-- Detecting CXX compile features - done\n'}
[0.330221] (pkg_interfaces) StdoutLine: {'line': b'-- Found ament_cmake: 1.3.12 (/opt/ros/humble/share/ament_cmake/cmake)\n'}
[0.400193] (-) TimerEvent: {}
[0.419095] (pkg_interfaces) StdoutLine: {'line': b'-- Found Python3: /usr/bin/python3 (found version "3.10.12") found components: Interpreter \n'}
[0.496278] (pkg_interfaces) StdoutLine: {'line': b'-- Found rosidl_default_generators: 1.2.0 (/opt/ros/humble/share/rosidl_default_generators/cmake)\n'}
[0.500290] (-) TimerEvent: {}
[0.500434] (pkg_interfaces) StdoutLine: {'line': b'-- Using all available rosidl_typesupport_c: rosidl_typesupport_fastrtps_c;rosidl_typesupport_introspection_c\n'}
[0.508242] (pkg_interfaces) StdoutLine: {'line': b'-- Found rosidl_adapter: 3.1.8 (/opt/ros/humble/share/rosidl_adapter/cmake)\n'}
[0.553549] (pkg_interfaces) StdoutLine: {'line': b'-- Using all available rosidl_typesupport_cpp: rosidl_typesupport_fastrtps_cpp;rosidl_typesupport_introspection_cpp\n'}
[0.600392] (-) TimerEvent: {}
[0.700586] (-) TimerEvent: {}
[0.789712] (pkg_interfaces) StdoutLine: {'line': b'-- Found ament_cmake_ros: 0.10.0 (/opt/ros/humble/share/ament_cmake_ros/cmake)\n'}
[0.801150] (-) TimerEvent: {}
[0.901290] (-) TimerEvent: {}
[0.902846] (pkg_interfaces) StdoutLine: {'line': b'-- Using all available rosidl_typesupport_c: rosidl_typesupport_fastrtps_c;rosidl_typesupport_introspection_c\n'}
[1.002968] (-) TimerEvent: {}
[1.052622] (pkg_interfaces) StdoutLine: {'line': b'-- Using all available rosidl_typesupport_cpp: rosidl_typesupport_fastrtps_cpp;rosidl_typesupport_introspection_cpp\n'}
[1.067760] (pkg_interfaces) StdoutLine: {'line': b'-- Found PythonInterp: /usr/bin/python3 (found suitable version "3.10.12", minimum required is "3.6") \n'}
[1.069571] (pkg_interfaces) StdoutLine: {'line': b'-- Found python_cmake_module: 0.10.0 (/opt/ros/humble/share/python_cmake_module/cmake)\n'}
[1.086811] (pkg_interfaces) StdoutLine: {'line': b'-- Found PythonLibs: /usr/lib/x86_64-linux-gnu/libpython3.10.so (found suitable version "3.10.12", minimum required is "3.5") \n'}
[1.086928] (pkg_interfaces) StdoutLine: {'line': b'-- Using PYTHON_EXECUTABLE: /usr/bin/python3\n'}
[1.086961] (pkg_interfaces) StdoutLine: {'line': b'-- Using PYTHON_INCLUDE_DIRS: /usr/include/python3.10\n'}
[1.086988] (pkg_interfaces) StdoutLine: {'line': b'-- Using PYTHON_LIBRARIES: /usr/lib/x86_64-linux-gnu/libpython3.10.so\n'}
[1.098802] (pkg_interfaces) StdoutLine: {'line': b'-- Found PythonExtra: .so  \n'}
[1.103240] (-) TimerEvent: {}
[1.123878] (pkg_interfaces) StdoutLine: {'line': b'-- Found ament_lint_auto: 0.12.14 (/opt/ros/humble/share/ament_lint_auto/cmake)\n'}
[1.149662] (pkg_interfaces) StdoutLine: {'line': b"-- Added test 'lint_cmake' to check CMake code style\n"}
[1.150984] (pkg_interfaces) StdoutLine: {'line': b"-- Added test 'xmllint' to check XML markup files\n"}
[1.153429] (pkg_interfaces) StdoutLine: {'line': b'-- Configuring done\n'}
[1.171791] (pkg_interfaces) StdoutLine: {'line': b'-- Generating done\n'}
[1.177988] (pkg_interfaces) StdoutLine: {'line': b'-- Build files have been written to: /var/robotic/yahboomcar_ws/build/pkg_interfaces\n'}
[1.181864] (pkg_interfaces) CommandEnded: {'returncode': 0}
[1.182164] (pkg_interfaces) JobProgress: {'identifier': 'pkg_interfaces', 'progress': 'build'}
[1.184786] (pkg_interfaces) Command: {'cmd': ['/usr/bin/cmake', '--build', '/var/robotic/yahboomcar_ws/build/pkg_interfaces', '--', '-j2', '-l2'], 'cwd': '/var/robotic/yahboomcar_ws/build/pkg_interfaces', 'env': OrderedDict([('npm_config_devdir', '/tmp/cursor-sandbox-cache/3ac4d0fc3b3eac28657f0729dde3bb6b/node-gyp'), ('LESSOPEN', '| /usr/bin/lesspipe %s'), ('VSCODE_CWD', '/home/spen'), ('VSCODE_ESM_ENTRYPOINT', 'vs/workbench/api/node/extensionHostProcess'), ('PUPPETEER_CACHE_DIR', '/tmp/cursor-sandbox-cache/3ac4d0fc3b3eac28657f0729dde3bb6b/puppeteer'), ('LANGUAGE', 'en_US'), ('USER', 'spen'), ('SSH_CLIENT', '192.168.50.22 4785 22'), ('LC_TIME', 'en_US.UTF-8'), ('VSCODE_NLS_CONFIG', '{"userLocale":"en","osLocale":"en","resolvedLanguage":"en","defaultMessagesFile":"/home/spen/.cursor-server/bin/linux-x64/7b9c34466f5c119e93c3e654bb80fe9306b6cc70/out/nls.messages.json","locale":"en","availableLanguages":{}}'), ('CCACHE_DIR', '/tmp/cursor-sandbox-cache/3ac4d0fc3b3eac28657f0729dde3bb6b/ccache'), ('CI', '1'), ('VSCODE_HANDLES_UNCAUGHT_ERRORS', 'true'), ('XDG_SESSION_TYPE', 'tty'), ('PIP_CACHE_DIR', '/tmp/cursor-sandbox-cache/3ac4d0fc3b3eac28657f0729dde3bb6b/pip'), ('PIPX_HOME', '/tmp/cursor-sandbox-cache/3ac4d0fc3b3eac28657f0729dde3bb6b/pipx'), ('NUGET_PACKAGES', '/tmp/cursor-sandbox-cache/3ac4d0fc3b3eac28657f0729dde3bb6b/nuget'), ('HOMEBREW_CACHE', '/tmp/cursor-sandbox-cache/3ac4d0fc3b3eac28657f0729dde3bb6b/homebrew'), ('SHLVL', '1'), ('LD_LIBRARY_PATH', '/usr/lib/x86_64-linux-gnu/gazebo-11/plugins:/opt/ros/humble/opt/rviz_ogre_vendor/lib:/opt/ros/humble/lib/x86_64-linux-gnu:/opt/ros/humble/lib'), ('BROWSER', '/home/spen/.cursor-server/bin/linux-x64/7b9c34466f5c119e93c3e654bb80fe9306b6cc70/bin/helpers/browser.sh'), ('MOTD_SHOWN', 'pam'), ('HOME', '/home/spen'), ('OLDPWD', '/var/robotic'), ('VSCODE_IPC_HOOK_CLI', '/run/user/1000/vscode-ipc-18a4b4f2-e876-467a-bb61-a8bceec51138.sock'), ('ROS_PYTHON_VERSION', '3'), ('LC_MONETARY', 'en_US.UTF-8'), ('NO_COLOR', '1'), ('CONDA_PKGS_DIRS', '/tmp/cursor-sandbox-cache/3ac4d0fc3b3eac28657f0729dde3bb6b/conda'), ('DBUS_SESSION_BUS_ADDRESS', 'unix:path=/run/user/1000/bus'), ('VOLTA_HOME', '/tmp/cursor-sandbox-cache/3ac4d0fc3b3eac28657f0729dde3bb6b/volta'), ('COMPOSER_HOME', '/tmp/cursor-sandbox-cache/3ac4d0fc3b3eac28657f0729dde3bb6b/composer'), ('ROS_DISTRO', 'humble'), ('LOGNAME', 'spen'), ('FORCE_COLOR', '0'), ('VSCODE_HANDLES_SIGPIPE', 'true'), ('BUN_INSTALL_CACHE_DIR', '/tmp/cursor-sandbox-cache/3ac4d0fc3b3eac28657f0729dde3bb6b/bun'), ('_', '/usr/bin/colcon'), ('ROS_VERSION', '2'), ('GOMODCACHE', '/tmp/cursor-sandbox-cache/3ac4d0fc3b3eac28657f0729dde3bb6b/go-mod'), ('XDG_SESSION_CLASS', 'user'), ('CP_HOME_DIR', '/tmp/cursor-sandbox-cache/3ac4d0fc3b3eac28657f0729dde3bb6b/cocoapods'), ('TERM', 'dumb'), ('EVERYSPHERE_RIPGREP_PATH', '/home/spen/.cursor-server/bin/linux-x64/7b9c34466f5c119e93c3e654bb80fe9306b6cc70/resources/helpers/rg'), ('XDG_SESSION_ID', '5'), ('RUSTUP_HOME', '/tmp/cursor-sandbox-cache/3ac4d0fc3b3eac28657f0729dde3bb6b/rustup'), ('ROS_LOCALHOST_ONLY', '0'), ('POETRY_CACHE_DIR', '/tmp/cursor-sandbox-cache/3ac4d0fc3b3eac28657f0729dde3bb6b/poetry'), ('PATH', '/home/spen/.local/bin:/home/spen/.cursor-server/bin/linux-x64/7b9c34466f5c119e93c3e654bb80fe9306b6cc70/bin/remote-cli:/home/spen/.local/bin:/opt/ros/humble/bin:/home/spen/.cursor-server/bin/linux-x64/7b9c34466f5c119e93c3e654bb80fe9306b6cc70/bin/remote-cli:/home/spen/.local/bin:/usr/local/sbin:/usr/local/bin:/usr/sbin:/usr/bin:/sbin:/bin:/usr/games:/usr/local/games:/snap/bin'), ('YARN_CACHE_FOLDER', '/tmp/cursor-sandbox-cache/3ac4d0fc3b3eac28657f0729dde3bb6b/yarn'), ('VSCODE_AGENT_FOLDER', '/home/spen/.cursor-server'), ('PAPERSIZE', 'letter'), ('UV_CACHE_DIR', '/tmp/cursor-sandbox-cache/3ac4d0fc3b3eac28657f0729dde3bb6b/uv'), ('LC_ADDRESS', 'en_US.UTF-8'), ('PLAYWRIGHT_BROWSERS_PATH', '/tmp/cursor-sandbox-cache/3ac4d0fc3b3eac28657f0729dde3bb6b/playwright'), ('XDG_RUNTIME_DIR', '/run/user/1000'), ('BUNDLE_PATH', '/tmp/cursor-sandbox-cache/3ac4d0fc3b3eac28657f0729dde3bb6b/bundle'), ('DENO_DIR', '/tmp/cursor-sandbox-cache/3ac4d0fc3b3eac28657f0729dde3bb6b/deno'), ('CURSOR_AGENT', '1'), ('LANG', 'en_US.UTF-8'), ('NX_CACHE_DIRECTORY', '/tmp/cursor-sandbox-cache/3ac4d0fc3b3eac28657f0729dde3bb6b/nx'), ('LC_TELEPHONE', 'en_US.UTF-8'), ('LS_COLORS', ''), ('CYPRESS_CACHE_FOLDER', '/tmp/cursor-sandbox-cache/3ac4d0fc3b3eac28657f0729dde3bb6b/cypress'), ('PNPM_STORE_PATH', '/tmp/cursor-sandbox-cache/3ac4d0fc3b3eac28657f0729dde3bb6b/pnpm-store'), ('AMENT_PREFIX_PATH', '/opt/ros/humble'), ('SHELL', '/bin/bash'), ('CURSOR_SANDBOX', 'native'), ('LC_NAME', 'en_US.UTF-8'), ('VSCODE_SERVER_SHUTDOWN_TIMEOUT', '300'), ('GOCACHE', '/tmp/cursor-sandbox-cache/3ac4d0fc3b3eac28657f0729dde3bb6b/go-build'), ('ELECTRON_RUN_AS_NODE', '1'), ('GEM_HOME', '/tmp/cursor-sandbox-cache/3ac4d0fc3b3eac28657f0729dde3bb6b/gem'), ('LESSCLOSE', '/usr/bin/lesspipe %s %s'), ('LC_MEASUREMENT', 'en_US.UTF-8'), ('LC_IDENTIFICATION', 'en_US.UTF-8'), ('NPM_CONFIG_CACHE', '/tmp/cursor-sandbox-cache/3ac4d0fc3b3eac28657f0729dde3bb6b/npm'), ('PWD', '/var/robotic/yahboomcar_ws/build/pkg_interfaces'), ('GRADLE_USER_HOME', '/tmp/cursor-sandbox-cache/3ac4d0fc3b3eac28657f0729dde3bb6b/gradle'), ('CARGO_HOME', '/tmp/cursor-sandbox-cache/3ac4d0fc3b3eac28657f0729dde3bb6b/cargo'), ('SSH_CONNECTION', '192.168.50.22 4785 192.168.50.88 22'), ('XDG_DATA_DIRS', '/usr/share/gnome:/usr/local/share:/usr/share:/var/lib/snapd/desktop'), ('PYTHONPATH', '/opt/ros/humble/lib/python3.10/site-packages:/opt/ros/humble/local/lib/python3.10/dist-packages'), ('LC_NUMERIC', 'en_US.UTF-8'), ('TURBO_CACHE_DIR', '/tmp/cursor-sandbox-cache/3ac4d0fc3b3eac28657f0729dde3bb6b/turbo'), ('LC_PAPER', 'en_US.UTF-8'), ('COLCON', '1'), ('_ZO_DOCTOR', '0'), ('CURSOR_SANDBOX_LANDLOCK_STATUS', 'fully_enforced'), ('CMAKE_PREFIX_PATH', '/opt/ros/humble')]), 'shell': False}
[1.203336] (-) TimerEvent: {}
[1.210997] (pkg_interfaces) StdoutLine: {'line': b'[  3%] Generating C code for ROS interfaces\n'}
[1.219246] (pkg_interfaces) StdoutLine: {'line': b'[  6%] Generating C++ code for ROS interfaces\n'}
[1.303426] (-) TimerEvent: {}
[1.403588] (-) TimerEvent: {}
[1.438608] (pkg_interfaces) StdoutLine: {'line': b'[  6%] Built target pkg_interfaces__cpp\n'}
[1.462007] (pkg_interfaces) StdoutLine: {'line': b'[  9%] Building C object CMakeFiles/pkg_interfaces__rosidl_generator_c.dir/rosidl_generator_c/pkg_interfaces/action/detail/progress__functions.c.o\n'}
[1.468220] (pkg_interfaces) StdoutLine: {'line': b'[  9%] Built target ament_cmake_python_copy_pkg_interfaces\n'}
[1.479852] (pkg_interfaces) StdoutLine: {'line': b'[ 12%] Generating C++ type support dispatch for ROS interfaces\n'}
[1.503679] (-) TimerEvent: {}
[1.568959] (pkg_interfaces) StdoutLine: {'line': b'[ 16%] Linking C shared library libpkg_interfaces__rosidl_generator_c.so\n'}
[1.597962] (pkg_interfaces) StdoutLine: {'line': b'[ 16%] Built target pkg_interfaces__rosidl_generator_c\n'}
[1.603334] (pkg_interfaces) StdoutLine: {'line': b'[ 19%] Generating C++ type support for eProsima Fast-RTPS\n'}
[1.605811] (-) TimerEvent: {}
[1.624575] (pkg_interfaces) StdoutLine: {'line': b'[ 22%] Building CXX object CMakeFiles/pkg_interfaces__rosidl_typesupport_cpp.dir/rosidl_typesupport_cpp/pkg_interfaces/action/progress__type_support.cpp.o\n'}
[1.705920] (-) TimerEvent: {}
[1.792975] (pkg_interfaces) StdoutLine: {'line': b'[ 25%] Building CXX object CMakeFiles/pkg_interfaces__rosidl_typesupport_fastrtps_cpp.dir/rosidl_typesupport_fastrtps_cpp/pkg_interfaces/action/detail/dds_fastrtps/progress__type_support.cpp.o\n'}
[1.806033] (-) TimerEvent: {}
[1.907937] (-) TimerEvent: {}
[1.946078] (pkg_interfaces) StdoutLine: {'line': b'[ 29%] Linking CXX shared library libpkg_interfaces__rosidl_typesupport_cpp.so\n'}
[1.972439] (pkg_interfaces) StdoutLine: {'line': b'[ 29%] Built target pkg_interfaces__rosidl_typesupport_cpp\n'}
[1.979975] (pkg_interfaces) StdoutLine: {'line': b'[ 32%] Generating C++ introspection for ROS interfaces\n'}
[2.008059] (-) TimerEvent: {}
[2.108283] (-) TimerEvent: {}
[2.137270] (pkg_interfaces) StdoutLine: {'line': b'[ 35%] Building CXX object CMakeFiles/pkg_interfaces__rosidl_typesupport_introspection_cpp.dir/rosidl_typesupport_introspection_cpp/pkg_interfaces/action/detail/progress__type_support.cpp.o\n'}
[2.178208] (pkg_interfaces) StdoutLine: {'line': b'[ 38%] Linking CXX shared library libpkg_interfaces__rosidl_typesupport_fastrtps_cpp.so\n'}
[2.210827] (-) TimerEvent: {}
[2.226939] (pkg_interfaces) StdoutLine: {'line': b'[ 38%] Built target pkg_interfaces__rosidl_typesupport_fastrtps_cpp\n'}
[2.310916] (-) TimerEvent: {}
[2.351252] (pkg_interfaces) StdoutLine: {'line': b'running egg_info\n'}
[2.351706] (pkg_interfaces) StdoutLine: {'line': b'creating pkg_interfaces.egg-info\n'}
[2.351828] (pkg_interfaces) StdoutLine: {'line': b'writing pkg_interfaces.egg-info/PKG-INFO\n'}
[2.351902] (pkg_interfaces) StdoutLine: {'line': b'writing dependency_links to pkg_interfaces.egg-info/dependency_links.txt\n'}
[2.351952] (pkg_interfaces) StdoutLine: {'line': b'writing top-level names to pkg_interfaces.egg-info/top_level.txt\n'}
[2.352011] (pkg_interfaces) StdoutLine: {'line': b"writing manifest file 'pkg_interfaces.egg-info/SOURCES.txt'\n"}
[2.354103] (pkg_interfaces) StdoutLine: {'line': b"reading manifest file 'pkg_interfaces.egg-info/SOURCES.txt'\n"}
[2.354394] (pkg_interfaces) StdoutLine: {'line': b"writing manifest file 'pkg_interfaces.egg-info/SOURCES.txt'\n"}
[2.372074] (pkg_interfaces) StdoutLine: {'line': b'[ 38%] Built target ament_cmake_python_build_pkg_interfaces_egg\n'}
[2.381849] (pkg_interfaces) StdoutLine: {'line': b'[ 41%] Generating C type support for eProsima Fast-RTPS\n'}
[2.411012] (-) TimerEvent: {}
[2.427547] (pkg_interfaces) StdoutLine: {'line': b'[ 45%] Linking CXX shared library libpkg_interfaces__rosidl_typesupport_introspection_cpp.so\n'}
[2.471607] (pkg_interfaces) StdoutLine: {'line': b'[ 45%] Built target pkg_interfaces__rosidl_typesupport_introspection_cpp\n'}
[2.478908] (pkg_interfaces) StdoutLine: {'line': b'[ 48%] Generating C introspection for ROS interfaces\n'}
[2.511102] (-) TimerEvent: {}
[2.554601] (pkg_interfaces) StdoutLine: {'line': b'[ 51%] Building CXX object CMakeFiles/pkg_interfaces__rosidl_typesupport_fastrtps_c.dir/rosidl_typesupport_fastrtps_c/pkg_interfaces/action/detail/progress__type_support_c.cpp.o\n'}
[2.612813] (-) TimerEvent: {}
[2.685511] (pkg_interfaces) StdoutLine: {'line': b'[ 54%] Building C object CMakeFiles/pkg_interfaces__rosidl_typesupport_introspection_c.dir/rosidl_typesupport_introspection_c/pkg_interfaces/action/detail/progress__type_support.c.o\n'}
[2.716598] (-) TimerEvent: {}
[2.751938] (pkg_interfaces) StdoutLine: {'line': b'[ 58%] Linking C shared library libpkg_interfaces__rosidl_typesupport_introspection_c.so\n'}
[2.777064] (pkg_interfaces) StdoutLine: {'line': b'[ 58%] Built target pkg_interfaces__rosidl_typesupport_introspection_c\n'}
[2.784757] (pkg_interfaces) StdoutLine: {'line': b'[ 61%] Generating C type support dispatch for ROS interfaces\n'}
[2.805946] (pkg_interfaces) StdoutLine: {'line': b'[ 64%] Linking CXX shared library libpkg_interfaces__rosidl_typesupport_fastrtps_c.so\n'}
[2.816701] (-) TimerEvent: {}
[2.851337] (pkg_interfaces) StdoutLine: {'line': b'[ 64%] Built target pkg_interfaces__rosidl_typesupport_fastrtps_c\n'}
[2.916822] (-) TimerEvent: {}
[2.918420] (pkg_interfaces) StdoutLine: {'line': b'[ 67%] Building CXX object CMakeFiles/pkg_interfaces__rosidl_typesupport_c.dir/rosidl_typesupport_c/pkg_interfaces/action/progress__type_support.cpp.o\n'}
[2.951438] (pkg_interfaces) StdoutLine: {'line': b'[ 70%] Linking CXX shared library libpkg_interfaces__rosidl_typesupport_c.so\n'}
[2.979571] (pkg_interfaces) StdoutLine: {'line': b'[ 70%] Built target pkg_interfaces__rosidl_typesupport_c\n'}
[2.992509] (pkg_interfaces) StdoutLine: {'line': b'[ 70%] Built target pkg_interfaces\n'}
[3.006755] (pkg_interfaces) StdoutLine: {'line': b'[ 74%] Generating Python code for ROS interfaces\n'}
[3.017838] (-) TimerEvent: {}
[3.118029] (-) TimerEvent: {}
[3.218251] (-) TimerEvent: {}
[3.318436] (-) TimerEvent: {}
[3.319714] (pkg_interfaces) StdoutLine: {'line': b'[ 74%] Built target pkg_interfaces__py\n'}
[3.333057] (pkg_interfaces) StdoutLine: {'line': b'[ 77%] Building C object CMakeFiles/pkg_interfaces__rosidl_generator_py.dir/rosidl_generator_py/pkg_interfaces/action/_progress_s.c.o\n'}
[3.418603] (-) TimerEvent: {}
[3.445943] (pkg_interfaces) StdoutLine: {'line': b'[ 80%] Linking C shared library rosidl_generator_py/pkg_interfaces/libpkg_interfaces__rosidl_generator_py.so\n'}
[3.474955] (pkg_interfaces) StdoutLine: {'line': b'[ 80%] Built target pkg_interfaces__rosidl_generator_py\n'}
[3.489837] (pkg_interfaces) StdoutLine: {'line': b'[ 87%] Building C object CMakeFiles/pkg_interfaces__rosidl_typesupport_fastrtps_c__pyext.dir/rosidl_generator_py/pkg_interfaces/_pkg_interfaces_s.ep.rosidl_typesupport_fastrtps_c.c.o\n'}
[3.490045] (pkg_interfaces) StdoutLine: {'line': b'[ 87%] Building C object CMakeFiles/pkg_interfaces__rosidl_typesupport_introspection_c__pyext.dir/rosidl_generator_py/pkg_interfaces/_pkg_interfaces_s.ep.rosidl_typesupport_introspection_c.c.o\n'}
[3.518723] (-) TimerEvent: {}
[3.554318] (pkg_interfaces) StdoutLine: {'line': b'[ 93%] Linking C shared library rosidl_generator_py/pkg_interfaces/pkg_interfaces_s__rosidl_typesupport_fastrtps_c.cpython-310-x86_64-linux-gnu.so\n'}
[3.554441] (pkg_interfaces) StdoutLine: {'line': b'[ 93%] Linking C shared library rosidl_generator_py/pkg_interfaces/pkg_interfaces_s__rosidl_typesupport_introspection_c.cpython-310-x86_64-linux-gnu.so\n'}
[3.580381] (pkg_interfaces) StdoutLine: {'line': b'[ 93%] Built target pkg_interfaces__rosidl_typesupport_introspection_c__pyext\n'}
[3.580633] (pkg_interfaces) StdoutLine: {'line': b'[ 93%] Built target pkg_interfaces__rosidl_typesupport_fastrtps_c__pyext\n'}
[3.594264] (pkg_interfaces) StdoutLine: {'line': b'[ 96%] Building C object CMakeFiles/pkg_interfaces__rosidl_typesupport_c__pyext.dir/rosidl_generator_py/pkg_interfaces/_pkg_interfaces_s.ep.rosidl_typesupport_c.c.o\n'}
[3.618862] (-) TimerEvent: {}
[3.662060] (pkg_interfaces) StdoutLine: {'line': b'[100%] Linking C shared library rosidl_generator_py/pkg_interfaces/pkg_interfaces_s__rosidl_typesupport_c.cpython-310-x86_64-linux-gnu.so\n'}
[3.687770] (pkg_interfaces) StdoutLine: {'line': b'[100%] Built target pkg_interfaces__rosidl_typesupport_c__pyext\n'}
[3.694987] (pkg_interfaces) CommandEnded: {'returncode': 0}
[3.695475] (pkg_interfaces) JobProgress: {'identifier': 'pkg_interfaces', 'progress': 'install'}
[3.701080] (pkg_interfaces) Command: {'cmd': ['/usr/bin/cmake', '--install', '/var/robotic/yahboomcar_ws/build/pkg_interfaces'], 'cwd': '/var/robotic/yahboomcar_ws/build/pkg_interfaces', 'env': OrderedDict([('npm_config_devdir', '/tmp/cursor-sandbox-cache/3ac4d0fc3b3eac28657f0729dde3bb6b/node-gyp'), ('LESSOPEN', '| /usr/bin/lesspipe %s'), ('VSCODE_CWD', '/home/spen'), ('VSCODE_ESM_ENTRYPOINT', 'vs/workbench/api/node/extensionHostProcess'), ('PUPPETEER_CACHE_DIR', '/tmp/cursor-sandbox-cache/3ac4d0fc3b3eac28657f0729dde3bb6b/puppeteer'), ('LANGUAGE', 'en_US'), ('USER', 'spen'), ('SSH_CLIENT', '192.168.50.22 4785 22'), ('LC_TIME', 'en_US.UTF-8'), ('VSCODE_NLS_CONFIG', '{"userLocale":"en","osLocale":"en","resolvedLanguage":"en","defaultMessagesFile":"/home/spen/.cursor-server/bin/linux-x64/7b9c34466f5c119e93c3e654bb80fe9306b6cc70/out/nls.messages.json","locale":"en","availableLanguages":{}}'), ('CCACHE_DIR', '/tmp/cursor-sandbox-cache/3ac4d0fc3b3eac28657f0729dde3bb6b/ccache'), ('CI', '1'), ('VSCODE_HANDLES_UNCAUGHT_ERRORS', 'true'), ('XDG_SESSION_TYPE', 'tty'), ('PIP_CACHE_DIR', '/tmp/cursor-sandbox-cache/3ac4d0fc3b3eac28657f0729dde3bb6b/pip'), ('PIPX_HOME', '/tmp/cursor-sandbox-cache/3ac4d0fc3b3eac28657f0729dde3bb6b/pipx'), ('NUGET_PACKAGES', '/tmp/cursor-sandbox-cache/3ac4d0fc3b3eac28657f0729dde3bb6b/nuget'), ('HOMEBREW_CACHE', '/tmp/cursor-sandbox-cache/3ac4d0fc3b3eac28657f0729dde3bb6b/homebrew'), ('SHLVL', '1'), ('LD_LIBRARY_PATH', '/usr/lib/x86_64-linux-gnu/gazebo-11/plugins:/opt/ros/humble/opt/rviz_ogre_vendor/lib:/opt/ros/humble/lib/x86_64-linux-gnu:/opt/ros/humble/lib'), ('BROWSER', '/home/spen/.cursor-server/bin/linux-x64/7b9c34466f5c119e93c3e654bb80fe9306b6cc70/bin/helpers/browser.sh'), ('MOTD_SHOWN', 'pam'), ('HOME', '/home/spen'), ('OLDPWD', '/var/robotic'), ('VSCODE_IPC_HOOK_CLI', '/run/user/1000/vscode-ipc-18a4b4f2-e876-467a-bb61-a8bceec51138.sock'), ('ROS_PYTHON_VERSION', '3'), ('LC_MONETARY', 'en_US.UTF-8'), ('NO_COLOR', '1'), ('CONDA_PKGS_DIRS', '/tmp/cursor-sandbox-cache/3ac4d0fc3b3eac28657f0729dde3bb6b/conda'), ('DBUS_SESSION_BUS_ADDRESS', 'unix:path=/run/user/1000/bus'), ('VOLTA_HOME', '/tmp/cursor-sandbox-cache/3ac4d0fc3b3eac28657f0729dde3bb6b/volta'), ('COMPOSER_HOME', '/tmp/cursor-sandbox-cache/3ac4d0fc3b3eac28657f0729dde3bb6b/composer'), ('ROS_DISTRO', 'humble'), ('LOGNAME', 'spen'), ('FORCE_COLOR', '0'), ('VSCODE_HANDLES_SIGPIPE', 'true'), ('BUN_INSTALL_CACHE_DIR', '/tmp/cursor-sandbox-cache/3ac4d0fc3b3eac28657f0729dde3bb6b/bun'), ('_', '/usr/bin/colcon'), ('ROS_VERSION', '2'), ('GOMODCACHE', '/tmp/cursor-sandbox-cache/3ac4d0fc3b3eac28657f0729dde3bb6b/go-mod'), ('XDG_SESSION_CLASS', 'user'), ('CP_HOME_DIR', '/tmp/cursor-sandbox-cache/3ac4d0fc3b3eac28657f0729dde3bb6b/cocoapods'), ('TERM', 'dumb'), ('EVERYSPHERE_RIPGREP_PATH', '/home/spen/.cursor-server/bin/linux-x64/7b9c34466f5c119e93c3e654bb80fe9306b6cc70/resources/helpers/rg'), ('XDG_SESSION_ID', '5'), ('RUSTUP_HOME', '/tmp/cursor-sandbox-cache/3ac4d0fc3b3eac28657f0729dde3bb6b/rustup'), ('ROS_LOCALHOST_ONLY', '0'), ('POETRY_CACHE_DIR', '/tmp/cursor-sandbox-cache/3ac4d0fc3b3eac28657f0729dde3bb6b/poetry'), ('PATH', '/home/spen/.local/bin:/home/spen/.cursor-server/bin/linux-x64/7b9c34466f5c119e93c3e654bb80fe9306b6cc70/bin/remote-cli:/home/spen/.local/bin:/opt/ros/humble/bin:/home/spen/.cursor-server/bin/linux-x64/7b9c34466f5c119e93c3e654bb80fe9306b6cc70/bin/remote-cli:/home/spen/.local/bin:/usr/local/sbin:/usr/local/bin:/usr/sbin:/usr/bin:/sbin:/bin:/usr/games:/usr/local/games:/snap/bin'), ('YARN_CACHE_FOLDER', '/tmp/cursor-sandbox-cache/3ac4d0fc3b3eac28657f0729dde3bb6b/yarn'), ('VSCODE_AGENT_FOLDER', '/home/spen/.cursor-server'), ('PAPERSIZE', 'letter'), ('UV_CACHE_DIR', '/tmp/cursor-sandbox-cache/3ac4d0fc3b3eac28657f0729dde3bb6b/uv'), ('LC_ADDRESS', 'en_US.UTF-8'), ('PLAYWRIGHT_BROWSERS_PATH', '/tmp/cursor-sandbox-cache/3ac4d0fc3b3eac28657f0729dde3bb6b/playwright'), ('XDG_RUNTIME_DIR', '/run/user/1000'), ('BUNDLE_PATH', '/tmp/cursor-sandbox-cache/3ac4d0fc3b3eac28657f0729dde3bb6b/bundle'), ('DENO_DIR', '/tmp/cursor-sandbox-cache/3ac4d0fc3b3eac28657f0729dde3bb6b/deno'), ('CURSOR_AGENT', '1'), ('LANG', 'en_US.UTF-8'), ('NX_CACHE_DIRECTORY', '/tmp/cursor-sandbox-cache/3ac4d0fc3b3eac28657f0729dde3bb6b/nx'), ('LC_TELEPHONE', 'en_US.UTF-8'), ('LS_COLORS', ''), ('CYPRESS_CACHE_FOLDER', '/tmp/cursor-sandbox-cache/3ac4d0fc3b3eac28657f0729dde3bb6b/cypress'), ('PNPM_STORE_PATH', '/tmp/cursor-sandbox-cache/3ac4d0fc3b3eac28657f0729dde3bb6b/pnpm-store'), ('AMENT_PREFIX_PATH', '/opt/ros/humble'), ('SHELL', '/bin/bash'), ('CURSOR_SANDBOX', 'native'), ('LC_NAME', 'en_US.UTF-8'), ('VSCODE_SERVER_SHUTDOWN_TIMEOUT', '300'), ('GOCACHE', '/tmp/cursor-sandbox-cache/3ac4d0fc3b3eac28657f0729dde3bb6b/go-build'), ('ELECTRON_RUN_AS_NODE', '1'), ('GEM_HOME', '/tmp/cursor-sandbox-cache/3ac4d0fc3b3eac28657f0729dde3bb6b/gem'), ('LESSCLOSE', '/usr/bin/lesspipe %s %s'), ('LC_MEASUREMENT', 'en_US.UTF-8'), ('LC_IDENTIFICATION', 'en_US.UTF-8'), ('NPM_CONFIG_CACHE', '/tmp/cursor-sandbox-cache/3ac4d0fc3b3eac28657f0729dde3bb6b/npm'), ('PWD', '/var/robotic/yahboomcar_ws/build/pkg_interfaces'), ('GRADLE_USER_HOME', '/tmp/cursor-sandbox-cache/3ac4d0fc3b3eac28657f0729dde3bb6b/gradle'), ('CARGO_HOME', '/tmp/cursor-sandbox-cache/3ac4d0fc3b3eac28657f0729dde3bb6b/cargo'), ('SSH_CONNECTION', '192.168.50.22 4785 192.168.50.88 22'), ('XDG_DATA_DIRS', '/usr/share/gnome:/usr/local/share:/usr/share:/var/lib/snapd/desktop'), ('PYTHONPATH', '/opt/ros/humble/lib/python3.10/site-packages:/opt/ros/humble/local/lib/python3.10/dist-packages'), ('LC_NUMERIC', 'en_US.UTF-8'), ('TURBO_CACHE_DIR', '/tmp/cursor-sandbox-cache/3ac4d0fc3b3eac28657f0729dde3bb6b/turbo'), ('LC_PAPER', 'en_US.UTF-8'), ('COLCON', '1'), ('_ZO_DOCTOR', '0'), ('CURSOR_SANDBOX_LANDLOCK_STATUS', 'fully_enforced'), ('CMAKE_PREFIX_PATH', '/opt/ros/humble')]), 'shell': False}
[3.707862] (pkg_interfaces) StdoutLine: {'line': b'-- Install configuration: ""\n'}
[3.707984] (pkg_interfaces) StdoutLine: {'line': b'-- Installing: /var/robotic/yahboomcar_ws/install/pkg_interfaces/share/ament_index/resource_index/rosidl_interfaces/pkg_interfaces\n'}
[3.708068] (pkg_interfaces) StdoutLine: {'line': b'-- Installing: /var/robotic/yahboomcar_ws/install/pkg_interfaces/include/pkg_interfaces/pkg_interfaces\n'}
[3.708133] (pkg_interfaces) StdoutLine: {'line': b'-- Installing: /var/robotic/yahboomcar_ws/install/pkg_interfaces/include/pkg_interfaces/pkg_interfaces/action\n'}
[3.708192] (pkg_interfaces) StdoutLine: {'line': b'-- Installing: /var/robotic/yahboomcar_ws/install/pkg_interfaces/include/pkg_interfaces/pkg_interfaces/action/detail\n'}
[3.708221] (pkg_interfaces) StdoutLine: {'line': b'-- Installing: /var/robotic/yahboomcar_ws/install/pkg_interfaces/include/pkg_interfaces/pkg_interfaces/action/detail/progress__functions.c\n'}
[3.708276] (pkg_interfaces) StdoutLine: {'line': b'-- Installing: /var/robotic/yahboomcar_ws/install/pkg_interfaces/include/pkg_interfaces/pkg_interfaces/action/detail/progress__type_support.h\n'}
[3.708303] (pkg_interfaces) StdoutLine: {'line': b'-- Installing: /var/robotic/yahboomcar_ws/install/pkg_interfaces/include/pkg_interfaces/pkg_interfaces/action/detail/progress__functions.h\n'}
[3.708380] (pkg_interfaces) StdoutLine: {'line': b'-- Installing: /var/robotic/yahboomcar_ws/install/pkg_interfaces/include/pkg_interfaces/pkg_interfaces/action/detail/progress__struct.h\n'}
[3.708436] (pkg_interfaces) StdoutLine: {'line': b'-- Installing: /var/robotic/yahboomcar_ws/install/pkg_interfaces/include/pkg_interfaces/pkg_interfaces/action/progress.h\n'}
[3.708467] (pkg_interfaces) StdoutLine: {'line': b'-- Installing: /var/robotic/yahboomcar_ws/install/pkg_interfaces/include/pkg_interfaces/pkg_interfaces/msg\n'}
[3.708495] (pkg_interfaces) StdoutLine: {'line': b'-- Installing: /var/robotic/yahboomcar_ws/install/pkg_interfaces/include/pkg_interfaces/pkg_interfaces/msg/rosidl_generator_c__visibility_control.h\n'}
[3.708561] (pkg_interfaces) StdoutLine: {'line': b'-- Installing: /var/robotic/yahboomcar_ws/install/pkg_interfaces/share/pkg_interfaces/environment/library_path.sh\n'}
[3.708592] (pkg_interfaces) StdoutLine: {'line': b'-- Installing: /var/robotic/yahboomcar_ws/install/pkg_interfaces/share/pkg_interfaces/environment/library_path.dsv\n'}
[3.708643] (pkg_interfaces) StdoutLine: {'line': b'-- Installing: /var/robotic/yahboomcar_ws/install/pkg_interfaces/lib/libpkg_interfaces__rosidl_generator_c.so\n'}
[3.710918] (pkg_interfaces) StdoutLine: {'line': b'-- Set runtime path of "/var/robotic/yahboomcar_ws/install/pkg_interfaces/lib/libpkg_interfaces__rosidl_generator_c.so" to ""\n'}
[3.710995] (pkg_interfaces) StdoutLine: {'line': b'-- Up-to-date: /var/robotic/yahboomcar_ws/install/pkg_interfaces/include/pkg_interfaces/pkg_interfaces\n'}
[3.711027] (pkg_interfaces) StdoutLine: {'line': b'-- Up-to-date: /var/robotic/yahboomcar_ws/install/pkg_interfaces/include/pkg_interfaces/pkg_interfaces/action\n'}
[3.711054] (pkg_interfaces) StdoutLine: {'line': b'-- Up-to-date: /var/robotic/yahboomcar_ws/install/pkg_interfaces/include/pkg_interfaces/pkg_interfaces/action/detail\n'}
[3.711081] (pkg_interfaces) StdoutLine: {'line': b'-- Installing: /var/robotic/yahboomcar_ws/install/pkg_interfaces/include/pkg_interfaces/pkg_interfaces/action/detail/progress__rosidl_typesupport_fastrtps_c.h\n'}
[3.711107] (pkg_interfaces) StdoutLine: {'line': b'-- Up-to-date: /var/robotic/yahboomcar_ws/install/pkg_interfaces/include/pkg_interfaces/pkg_interfaces/msg\n'}
[3.711150] (pkg_interfaces) StdoutLine: {'line': b'-- Installing: /var/robotic/yahboomcar_ws/install/pkg_interfaces/include/pkg_interfaces/pkg_interfaces/msg/rosidl_typesupport_fastrtps_c__visibility_control.h\n'}
[3.711177] (pkg_interfaces) StdoutLine: {'line': b'-- Installing: /var/robotic/yahboomcar_ws/install/pkg_interfaces/lib/libpkg_interfaces__rosidl_typesupport_fastrtps_c.so\n'}
[3.711203] (pkg_interfaces) StdoutLine: {'line': b'-- Set runtime path of "/var/robotic/yahboomcar_ws/install/pkg_interfaces/lib/libpkg_interfaces__rosidl_typesupport_fastrtps_c.so" to ""\n'}
[3.711234] (pkg_interfaces) StdoutLine: {'line': b'-- Up-to-date: /var/robotic/yahboomcar_ws/install/pkg_interfaces/include/pkg_interfaces/pkg_interfaces\n'}
[3.711264] (pkg_interfaces) StdoutLine: {'line': b'-- Up-to-date: /var/robotic/yahboomcar_ws/install/pkg_interfaces/include/pkg_interfaces/pkg_interfaces/action\n'}
[3.711290] (pkg_interfaces) StdoutLine: {'line': b'-- Up-to-date: /var/robotic/yahboomcar_ws/install/pkg_interfaces/include/pkg_interfaces/pkg_interfaces/action/detail\n'}
[3.711315] (pkg_interfaces) StdoutLine: {'line': b'-- Installing: /var/robotic/yahboomcar_ws/install/pkg_interfaces/include/pkg_interfaces/pkg_interfaces/action/detail/progress__type_support.c\n'}
[3.711340] (pkg_interfaces) StdoutLine: {'line': b'-- Installing: /var/robotic/yahboomcar_ws/install/pkg_interfaces/include/pkg_interfaces/pkg_interfaces/action/detail/progress__rosidl_typesupport_introspection_c.h\n'}
[3.711365] (pkg_interfaces) StdoutLine: {'line': b'-- Up-to-date: /var/robotic/yahboomcar_ws/install/pkg_interfaces/include/pkg_interfaces/pkg_interfaces/msg\n'}
[3.711390] (pkg_interfaces) StdoutLine: {'line': b'-- Installing: /var/robotic/yahboomcar_ws/install/pkg_interfaces/include/pkg_interfaces/pkg_interfaces/msg/rosidl_typesupport_introspection_c__visibility_control.h\n'}
[3.711415] (pkg_interfaces) StdoutLine: {'line': b'-- Installing: /var/robotic/yahboomcar_ws/install/pkg_interfaces/lib/libpkg_interfaces__rosidl_typesupport_introspection_c.so\n'}
[3.711440] (pkg_interfaces) StdoutLine: {'line': b'-- Set runtime path of "/var/robotic/yahboomcar_ws/install/pkg_interfaces/lib/libpkg_interfaces__rosidl_typesupport_introspection_c.so" to ""\n'}
[3.711466] (pkg_interfaces) StdoutLine: {'line': b'-- Installing: /var/robotic/yahboomcar_ws/install/pkg_interfaces/lib/libpkg_interfaces__rosidl_typesupport_c.so\n'}
[3.711491] (pkg_interfaces) StdoutLine: {'line': b'-- Set runtime path of "/var/robotic/yahboomcar_ws/install/pkg_interfaces/lib/libpkg_interfaces__rosidl_typesupport_c.so" to ""\n'}
[3.711515] (pkg_interfaces) StdoutLine: {'line': b'-- Up-to-date: /var/robotic/yahboomcar_ws/install/pkg_interfaces/include/pkg_interfaces/pkg_interfaces\n'}
[3.711540] (pkg_interfaces) StdoutLine: {'line': b'-- Up-to-date: /var/robotic/yahboomcar_ws/install/pkg_interfaces/include/pkg_interfaces/pkg_interfaces/action\n'}
[3.711565] (pkg_interfaces) StdoutLine: {'line': b'-- Up-to-date: /var/robotic/yahboomcar_ws/install/pkg_interfaces/include/pkg_interfaces/pkg_interfaces/action/detail\n'}
[3.711589] (pkg_interfaces) StdoutLine: {'line': b'-- Installing: /var/robotic/yahboomcar_ws/install/pkg_interfaces/include/pkg_interfaces/pkg_interfaces/action/detail/progress__traits.hpp\n'}
[3.711614] (pkg_interfaces) StdoutLine: {'line': b'-- Installing: /var/robotic/yahboomcar_ws/install/pkg_interfaces/include/pkg_interfaces/pkg_interfaces/action/detail/progress__type_support.hpp\n'}
[3.711639] (pkg_interfaces) StdoutLine: {'line': b'-- Installing: /var/robotic/yahboomcar_ws/install/pkg_interfaces/include/pkg_interfaces/pkg_interfaces/action/detail/progress__struct.hpp\n'}
[3.711663] (pkg_interfaces) StdoutLine: {'line': b'-- Installing: /var/robotic/yahboomcar_ws/install/pkg_interfaces/include/pkg_interfaces/pkg_interfaces/action/detail/progress__builder.hpp\n'}
[3.711688] (pkg_interfaces) StdoutLine: {'line': b'-- Installing: /var/robotic/yahboomcar_ws/install/pkg_interfaces/include/pkg_interfaces/pkg_interfaces/action/progress.hpp\n'}
[3.711714] (pkg_interfaces) StdoutLine: {'line': b'-- Up-to-date: /var/robotic/yahboomcar_ws/install/pkg_interfaces/include/pkg_interfaces/pkg_interfaces/msg\n'}
[3.711739] (pkg_interfaces) StdoutLine: {'line': b'-- Installing: /var/robotic/yahboomcar_ws/install/pkg_interfaces/include/pkg_interfaces/pkg_interfaces/msg/rosidl_generator_cpp__visibility_control.hpp\n'}
[3.711770] (pkg_interfaces) StdoutLine: {'line': b'-- Up-to-date: /var/robotic/yahboomcar_ws/install/pkg_interfaces/include/pkg_interfaces/pkg_interfaces\n'}
[3.711797] (pkg_interfaces) StdoutLine: {'line': b'-- Up-to-date: /var/robotic/yahboomcar_ws/install/pkg_interfaces/include/pkg_interfaces/pkg_interfaces/action\n'}
[3.711823] (pkg_interfaces) StdoutLine: {'line': b'-- Up-to-date: /var/robotic/yahboomcar_ws/install/pkg_interfaces/include/pkg_interfaces/pkg_interfaces/action/detail\n'}
[3.711847] (pkg_interfaces) StdoutLine: {'line': b'-- Installing: /var/robotic/yahboomcar_ws/install/pkg_interfaces/include/pkg_interfaces/pkg_interfaces/action/detail/progress__rosidl_typesupport_fastrtps_cpp.hpp\n'}
[3.711872] (pkg_interfaces) StdoutLine: {'line': b'-- Installing: /var/robotic/yahboomcar_ws/install/pkg_interfaces/include/pkg_interfaces/pkg_interfaces/action/detail/dds_fastrtps\n'}
[3.711897] (pkg_interfaces) StdoutLine: {'line': b'-- Up-to-date: /var/robotic/yahboomcar_ws/install/pkg_interfaces/include/pkg_interfaces/pkg_interfaces/msg\n'}
[3.711923] (pkg_interfaces) StdoutLine: {'line': b'-- Installing: /var/robotic/yahboomcar_ws/install/pkg_interfaces/include/pkg_interfaces/pkg_interfaces/msg/rosidl_typesupport_fastrtps_cpp__visibility_control.h\n'}
[3.712452] (pkg_interfaces) StdoutLine: {'line': b'-- Installing: /var/robotic/yahboomcar_ws/install/pkg_interfaces/lib/libpkg_interfaces__rosidl_typesupport_fastrtps_cpp.so\n'}
[3.713802] (pkg_interfaces) StdoutLine: {'line': b'-- Set runtime path of "/var/robotic/yahboomcar_ws/install/pkg_interfaces/lib/libpkg_interfaces__rosidl_typesupport_fastrtps_cpp.so" to ""\n'}
[3.713833] (pkg_interfaces) StdoutLine: {'line': b'-- Up-to-date: /var/robotic/yahboomcar_ws/install/pkg_interfaces/include/pkg_interfaces/pkg_interfaces\n'}
[3.713860] (pkg_interfaces) StdoutLine: {'line': b'-- Up-to-date: /var/robotic/yahboomcar_ws/install/pkg_interfaces/include/pkg_interfaces/pkg_interfaces/action\n'}
[3.713887] (pkg_interfaces) StdoutLine: {'line': b'-- Up-to-date: /var/robotic/yahboomcar_ws/install/pkg_interfaces/include/pkg_interfaces/pkg_interfaces/action/detail\n'}
[3.713913] (pkg_interfaces) StdoutLine: {'line': b'-- Installing: /var/robotic/yahboomcar_ws/install/pkg_interfaces/include/pkg_interfaces/pkg_interfaces/action/detail/progress__type_support.cpp\n'}
[3.713938] (pkg_interfaces) StdoutLine: {'line': b'-- Installing: /var/robotic/yahboomcar_ws/install/pkg_interfaces/include/pkg_interfaces/pkg_interfaces/action/detail/progress__rosidl_typesupport_introspection_cpp.hpp\n'}
[3.713963] (pkg_interfaces) StdoutLine: {'line': b'-- Installing: /var/robotic/yahboomcar_ws/install/pkg_interfaces/lib/libpkg_interfaces__rosidl_typesupport_introspection_cpp.so\n'}
[3.713988] (pkg_interfaces) StdoutLine: {'line': b'-- Set runtime path of "/var/robotic/yahboomcar_ws/install/pkg_interfaces/lib/libpkg_interfaces__rosidl_typesupport_introspection_cpp.so" to ""\n'}
[3.714013] (pkg_interfaces) StdoutLine: {'line': b'-- Installing: /var/robotic/yahboomcar_ws/install/pkg_interfaces/lib/libpkg_interfaces__rosidl_typesupport_cpp.so\n'}
[3.714038] (pkg_interfaces) StdoutLine: {'line': b'-- Set runtime path of "/var/robotic/yahboomcar_ws/install/pkg_interfaces/lib/libpkg_interfaces__rosidl_typesupport_cpp.so" to ""\n'}
[3.714063] (pkg_interfaces) StdoutLine: {'line': b'-- Installing: /var/robotic/yahboomcar_ws/install/pkg_interfaces/share/pkg_interfaces/environment/pythonpath.sh\n'}
[3.714088] (pkg_interfaces) StdoutLine: {'line': b'-- Installing: /var/robotic/yahboomcar_ws/install/pkg_interfaces/share/pkg_interfaces/environment/pythonpath.dsv\n'}
[3.714114] (pkg_interfaces) StdoutLine: {'line': b'-- Installing: /var/robotic/yahboomcar_ws/install/pkg_interfaces/local/lib/python3.10/dist-packages/pkg_interfaces-0.0.0-py3.10.egg-info\n'}
[3.714140] (pkg_interfaces) StdoutLine: {'line': b'-- Installing: /var/robotic/yahboomcar_ws/install/pkg_interfaces/local/lib/python3.10/dist-packages/pkg_interfaces-0.0.0-py3.10.egg-info/SOURCES.txt\n'}
[3.714166] (pkg_interfaces) StdoutLine: {'line': b'-- Installing: /var/robotic/yahboomcar_ws/install/pkg_interfaces/local/lib/python3.10/dist-packages/pkg_interfaces-0.0.0-py3.10.egg-info/top_level.txt\n'}
[3.714191] (pkg_interfaces) StdoutLine: {'line': b'-- Installing: /var/robotic/yahboomcar_ws/install/pkg_interfaces/local/lib/python3.10/dist-packages/pkg_interfaces-0.0.0-py3.10.egg-info/PKG-INFO\n'}
[3.714218] (pkg_interfaces) StdoutLine: {'line': b'-- Installing: /var/robotic/yahboomcar_ws/install/pkg_interfaces/local/lib/python3.10/dist-packages/pkg_interfaces-0.0.0-py3.10.egg-info/dependency_links.txt\n'}
[3.714243] (pkg_interfaces) StdoutLine: {'line': b'-- Installing: /var/robotic/yahboomcar_ws/install/pkg_interfaces/local/lib/python3.10/dist-packages/pkg_interfaces\n'}
[3.714268] (pkg_interfaces) StdoutLine: {'line': b'-- Installing: /var/robotic/yahboomcar_ws/install/pkg_interfaces/local/lib/python3.10/dist-packages/pkg_interfaces/pkg_interfaces_s__rosidl_typesupport_c.cpython-310-x86_64-linux-gnu.so\n'}
[3.714294] (pkg_interfaces) StdoutLine: {'line': b'-- Installing: /var/robotic/yahboomcar_ws/install/pkg_interfaces/local/lib/python3.10/dist-packages/pkg_interfaces/action\n'}
[3.714561] (pkg_interfaces) StdoutLine: {'line': b'-- Installing: /var/robotic/yahboomcar_ws/install/pkg_interfaces/local/lib/python3.10/dist-packages/pkg_interfaces/action/_progress.py\n'}
[3.714609] (pkg_interfaces) StdoutLine: {'line': b'-- Installing: /var/robotic/yahboomcar_ws/install/pkg_interfaces/local/lib/python3.10/dist-packages/pkg_interfaces/action/_progress_s.c\n'}
[3.714636] (pkg_interfaces) StdoutLine: {'line': b'-- Installing: /var/robotic/yahboomcar_ws/install/pkg_interfaces/local/lib/python3.10/dist-packages/pkg_interfaces/action/__init__.py\n'}
[3.714661] (pkg_interfaces) StdoutLine: {'line': b'-- Installing: /var/robotic/yahboomcar_ws/install/pkg_interfaces/local/lib/python3.10/dist-packages/pkg_interfaces/pkg_interfaces_s__rosidl_typesupport_introspection_c.cpython-310-x86_64-linux-gnu.so\n'}
[3.714689] (pkg_interfaces) StdoutLine: {'line': b'-- Installing: /var/robotic/yahboomcar_ws/install/pkg_interfaces/local/lib/python3.10/dist-packages/pkg_interfaces/_pkg_interfaces_s.ep.rosidl_typesupport_introspection_c.c\n'}
[3.714714] (pkg_interfaces) StdoutLine: {'line': b'-- Installing: /var/robotic/yahboomcar_ws/install/pkg_interfaces/local/lib/python3.10/dist-packages/pkg_interfaces/_pkg_interfaces_s.ep.rosidl_typesupport_c.c\n'}
[3.714739] (pkg_interfaces) StdoutLine: {'line': b'-- Installing: /var/robotic/yahboomcar_ws/install/pkg_interfaces/local/lib/python3.10/dist-packages/pkg_interfaces/libpkg_interfaces__rosidl_generator_py.so\n'}
[3.714771] (pkg_interfaces) StdoutLine: {'line': b'-- Installing: /var/robotic/yahboomcar_ws/install/pkg_interfaces/local/lib/python3.10/dist-packages/pkg_interfaces/__init__.py\n'}
[3.714801] (pkg_interfaces) StdoutLine: {'line': b'-- Installing: /var/robotic/yahboomcar_ws/install/pkg_interfaces/local/lib/python3.10/dist-packages/pkg_interfaces/_pkg_interfaces_s.ep.rosidl_typesupport_fastrtps_c.c\n'}
[3.714826] (pkg_interfaces) StdoutLine: {'line': b'-- Installing: /var/robotic/yahboomcar_ws/install/pkg_interfaces/local/lib/python3.10/dist-packages/pkg_interfaces/pkg_interfaces_s__rosidl_typesupport_fastrtps_c.cpython-310-x86_64-linux-gnu.so\n'}
[3.719598] (-) TimerEvent: {}
[3.735563] (pkg_interfaces) StdoutLine: {'line': b"Listing '/var/robotic/yahboomcar_ws/install/pkg_interfaces/local/lib/python3.10/dist-packages/pkg_interfaces'...\n"}
[3.735666] (pkg_interfaces) StdoutLine: {'line': b"Compiling '/var/robotic/yahboomcar_ws/install/pkg_interfaces/local/lib/python3.10/dist-packages/pkg_interfaces/__init__.py'...\n"}
[3.735697] (pkg_interfaces) StdoutLine: {'line': b"Listing '/var/robotic/yahboomcar_ws/install/pkg_interfaces/local/lib/python3.10/dist-packages/pkg_interfaces/action'...\n"}
[3.735724] (pkg_interfaces) StdoutLine: {'line': b"Compiling '/var/robotic/yahboomcar_ws/install/pkg_interfaces/local/lib/python3.10/dist-packages/pkg_interfaces/action/__init__.py'...\n"}
[3.735750] (pkg_interfaces) StdoutLine: {'line': b"Compiling '/var/robotic/yahboomcar_ws/install/pkg_interfaces/local/lib/python3.10/dist-packages/pkg_interfaces/action/_progress.py'...\n"}
[3.737944] (pkg_interfaces) StdoutLine: {'line': b'-- Installing: /var/robotic/yahboomcar_ws/install/pkg_interfaces/local/lib/python3.10/dist-packages/pkg_interfaces/pkg_interfaces_s__rosidl_typesupport_fastrtps_c.cpython-310-x86_64-linux-gnu.so\n'}
[3.738311] (pkg_interfaces) StdoutLine: {'line': b'-- Set runtime path of "/var/robotic/yahboomcar_ws/install/pkg_interfaces/local/lib/python3.10/dist-packages/pkg_interfaces/pkg_interfaces_s__rosidl_typesupport_fastrtps_c.cpython-310-x86_64-linux-gnu.so" to ""\n'}
[3.738375] (pkg_interfaces) StdoutLine: {'line': b'-- Installing: /var/robotic/yahboomcar_ws/install/pkg_interfaces/local/lib/python3.10/dist-packages/pkg_interfaces/pkg_interfaces_s__rosidl_typesupport_introspection_c.cpython-310-x86_64-linux-gnu.so\n'}
[3.738753] (pkg_interfaces) StdoutLine: {'line': b'-- Set runtime path of "/var/robotic/yahboomcar_ws/install/pkg_interfaces/local/lib/python3.10/dist-packages/pkg_interfaces/pkg_interfaces_s__rosidl_typesupport_introspection_c.cpython-310-x86_64-linux-gnu.so" to ""\n'}
[3.738806] (pkg_interfaces) StdoutLine: {'line': b'-- Installing: /var/robotic/yahboomcar_ws/install/pkg_interfaces/local/lib/python3.10/dist-packages/pkg_interfaces/pkg_interfaces_s__rosidl_typesupport_c.cpython-310-x86_64-linux-gnu.so\n'}
[3.739018] (pkg_interfaces) StdoutLine: {'line': b'-- Set runtime path of "/var/robotic/yahboomcar_ws/install/pkg_interfaces/local/lib/python3.10/dist-packages/pkg_interfaces/pkg_interfaces_s__rosidl_typesupport_c.cpython-310-x86_64-linux-gnu.so" to ""\n'}
[3.739480] (pkg_interfaces) StdoutLine: {'line': b'-- Installing: /var/robotic/yahboomcar_ws/install/pkg_interfaces/lib/libpkg_interfaces__rosidl_generator_py.so\n'}
[3.739516] (pkg_interfaces) StdoutLine: {'line': b'-- Set runtime path of "/var/robotic/yahboomcar_ws/install/pkg_interfaces/lib/libpkg_interfaces__rosidl_generator_py.so" to ""\n'}
[3.739545] (pkg_interfaces) StdoutLine: {'line': b'-- Installing: /var/robotic/yahboomcar_ws/install/pkg_interfaces/share/pkg_interfaces/action/Progress.idl\n'}
[3.739573] (pkg_interfaces) StdoutLine: {'line': b'-- Installing: /var/robotic/yahboomcar_ws/install/pkg_interfaces/share/pkg_interfaces/action/Progress.action\n'}
[3.739653] (pkg_interfaces) StdoutLine: {'line': b'-- Installing: /var/robotic/yahboomcar_ws/install/pkg_interfaces/share/ament_index/resource_index/package_run_dependencies/pkg_interfaces\n'}
[3.739686] (pkg_interfaces) StdoutLine: {'line': b'-- Installing: /var/robotic/yahboomcar_ws/install/pkg_interfaces/share/ament_index/resource_index/parent_prefix_path/pkg_interfaces\n'}
[3.739714] (pkg_interfaces) StdoutLine: {'line': b'-- Installing: /var/robotic/yahboomcar_ws/install/pkg_interfaces/share/pkg_interfaces/environment/ament_prefix_path.sh\n'}
[3.739781] (pkg_interfaces) StdoutLine: {'line': b'-- Installing: /var/robotic/yahboomcar_ws/install/pkg_interfaces/share/pkg_interfaces/environment/ament_prefix_path.dsv\n'}
[3.739843] (pkg_interfaces) StdoutLine: {'line': b'-- Installing: /var/robotic/yahboomcar_ws/install/pkg_interfaces/share/pkg_interfaces/environment/path.sh\n'}
[3.740777] (pkg_interfaces) StdoutLine: {'line': b'-- Installing: /var/robotic/yahboomcar_ws/install/pkg_interfaces/share/pkg_interfaces/environment/path.dsv\n'}
[3.740871] (pkg_interfaces) StdoutLine: {'line': b'-- Installing: /var/robotic/yahboomcar_ws/install/pkg_interfaces/share/pkg_interfaces/local_setup.bash\n'}
[3.741014] (pkg_interfaces) StdoutLine: {'line': b'-- Installing: /var/robotic/yahboomcar_ws/install/pkg_interfaces/share/pkg_interfaces/local_setup.sh\n'}
[3.741052] (pkg_interfaces) StdoutLine: {'line': b'-- Installing: /var/robotic/yahboomcar_ws/install/pkg_interfaces/share/pkg_interfaces/local_setup.zsh\n'}
[3.741079] (pkg_interfaces) StdoutLine: {'line': b'-- Installing: /var/robotic/yahboomcar_ws/install/pkg_interfaces/share/pkg_interfaces/local_setup.dsv\n'}
[3.741105] (pkg_interfaces) StdoutLine: {'line': b'-- Installing: /var/robotic/yahboomcar_ws/install/pkg_interfaces/share/pkg_interfaces/package.dsv\n'}
[3.741130] (pkg_interfaces) StdoutLine: {'line': b'-- Installing: /var/robotic/yahboomcar_ws/install/pkg_interfaces/share/ament_index/resource_index/packages/pkg_interfaces\n'}
[3.741155] (pkg_interfaces) StdoutLine: {'line': b'-- Installing: /var/robotic/yahboomcar_ws/install/pkg_interfaces/share/pkg_interfaces/cmake/export_pkg_interfaces__rosidl_generator_cExport.cmake\n'}
[3.741186] (pkg_interfaces) StdoutLine: {'line': b'-- Installing: /var/robotic/yahboomcar_ws/install/pkg_interfaces/share/pkg_interfaces/cmake/export_pkg_interfaces__rosidl_generator_cExport-noconfig.cmake\n'}
[3.741211] (pkg_interfaces) StdoutLine: {'line': b'-- Installing: /var/robotic/yahboomcar_ws/install/pkg_interfaces/share/pkg_interfaces/cmake/export_pkg_interfaces__rosidl_typesupport_fastrtps_cExport.cmake\n'}
[3.741236] (pkg_interfaces) StdoutLine: {'line': b'-- Installing: /var/robotic/yahboomcar_ws/install/pkg_interfaces/share/pkg_interfaces/cmake/export_pkg_interfaces__rosidl_typesupport_fastrtps_cExport-noconfig.cmake\n'}
[3.741260] (pkg_interfaces) StdoutLine: {'line': b'-- Installing: /var/robotic/yahboomcar_ws/install/pkg_interfaces/share/pkg_interfaces/cmake/pkg_interfaces__rosidl_typesupport_introspection_cExport.cmake\n'}
[3.741285] (pkg_interfaces) StdoutLine: {'line': b'-- Installing: /var/robotic/yahboomcar_ws/install/pkg_interfaces/share/pkg_interfaces/cmake/pkg_interfaces__rosidl_typesupport_introspection_cExport-noconfig.cmake\n'}
[3.741310] (pkg_interfaces) StdoutLine: {'line': b'-- Installing: /var/robotic/yahboomcar_ws/install/pkg_interfaces/share/pkg_interfaces/cmake/pkg_interfaces__rosidl_typesupport_cExport.cmake\n'}
[3.741335] (pkg_interfaces) StdoutLine: {'line': b'-- Installing: /var/robotic/yahboomcar_ws/install/pkg_interfaces/share/pkg_interfaces/cmake/pkg_interfaces__rosidl_typesupport_cExport-noconfig.cmake\n'}
[3.741360] (pkg_interfaces) StdoutLine: {'line': b'-- Installing: /var/robotic/yahboomcar_ws/install/pkg_interfaces/share/pkg_interfaces/cmake/export_pkg_interfaces__rosidl_generator_cppExport.cmake\n'}
[3.741385] (pkg_interfaces) StdoutLine: {'line': b'-- Installing: /var/robotic/yahboomcar_ws/install/pkg_interfaces/share/pkg_interfaces/cmake/export_pkg_interfaces__rosidl_typesupport_fastrtps_cppExport.cmake\n'}
[3.741409] (pkg_interfaces) StdoutLine: {'line': b'-- Installing: /var/robotic/yahboomcar_ws/install/pkg_interfaces/share/pkg_interfaces/cmake/export_pkg_interfaces__rosidl_typesupport_fastrtps_cppExport-noconfig.cmake\n'}
[3.741434] (pkg_interfaces) StdoutLine: {'line': b'-- Installing: /var/robotic/yahboomcar_ws/install/pkg_interfaces/share/pkg_interfaces/cmake/pkg_interfaces__rosidl_typesupport_introspection_cppExport.cmake\n'}
[3.741502] (pkg_interfaces) StdoutLine: {'line': b'-- Installing: /var/robotic/yahboomcar_ws/install/pkg_interfaces/share/pkg_interfaces/cmake/pkg_interfaces__rosidl_typesupport_introspection_cppExport-noconfig.cmake\n'}
[3.741534] (pkg_interfaces) StdoutLine: {'line': b'-- Installing: /var/robotic/yahboomcar_ws/install/pkg_interfaces/share/pkg_interfaces/cmake/pkg_interfaces__rosidl_typesupport_cppExport.cmake\n'}
[3.741561] (pkg_interfaces) StdoutLine: {'line': b'-- Installing: /var/robotic/yahboomcar_ws/install/pkg_interfaces/share/pkg_interfaces/cmake/pkg_interfaces__rosidl_typesupport_cppExport-noconfig.cmake\n'}
[3.741587] (pkg_interfaces) StdoutLine: {'line': b'-- Installing: /var/robotic/yahboomcar_ws/install/pkg_interfaces/share/pkg_interfaces/cmake/export_pkg_interfaces__rosidl_generator_pyExport.cmake\n'}
[3.741612] (pkg_interfaces) StdoutLine: {'line': b'-- Installing: /var/robotic/yahboomcar_ws/install/pkg_interfaces/share/pkg_interfaces/cmake/export_pkg_interfaces__rosidl_generator_pyExport-noconfig.cmake\n'}
[3.741638] (pkg_interfaces) StdoutLine: {'line': b'-- Installing: /var/robotic/yahboomcar_ws/install/pkg_interfaces/share/pkg_interfaces/cmake/rosidl_cmake-extras.cmake\n'}
[3.741664] (pkg_interfaces) StdoutLine: {'line': b'-- Installing: /var/robotic/yahboomcar_ws/install/pkg_interfaces/share/pkg_interfaces/cmake/ament_cmake_export_dependencies-extras.cmake\n'}
[3.741707] (pkg_interfaces) StdoutLine: {'line': b'-- Installing: /var/robotic/yahboomcar_ws/install/pkg_interfaces/share/pkg_interfaces/cmake/ament_cmake_export_include_directories-extras.cmake\n'}
[3.741741] (pkg_interfaces) StdoutLine: {'line': b'-- Installing: /var/robotic/yahboomcar_ws/install/pkg_interfaces/share/pkg_interfaces/cmake/ament_cmake_export_libraries-extras.cmake\n'}
[3.742959] (pkg_interfaces) StdoutLine: {'line': b'-- Installing: /var/robotic/yahboomcar_ws/install/pkg_interfaces/share/pkg_interfaces/cmake/ament_cmake_export_targets-extras.cmake\n'}
[3.743043] (pkg_interfaces) StdoutLine: {'line': b'-- Installing: /var/robotic/yahboomcar_ws/install/pkg_interfaces/share/pkg_interfaces/cmake/rosidl_cmake_export_typesupport_targets-extras.cmake\n'}
[3.743074] (pkg_interfaces) StdoutLine: {'line': b'-- Installing: /var/robotic/yahboomcar_ws/install/pkg_interfaces/share/pkg_interfaces/cmake/rosidl_cmake_export_typesupport_libraries-extras.cmake\n'}
[3.743101] (pkg_interfaces) StdoutLine: {'line': b'-- Installing: /var/robotic/yahboomcar_ws/install/pkg_interfaces/share/pkg_interfaces/cmake/pkg_interfacesConfig.cmake\n'}
[3.743127] (pkg_interfaces) StdoutLine: {'line': b'-- Installing: /var/robotic/yahboomcar_ws/install/pkg_interfaces/share/pkg_interfaces/cmake/pkg_interfacesConfig-version.cmake\n'}
[3.743153] (pkg_interfaces) StdoutLine: {'line': b'-- Installing: /var/robotic/yahboomcar_ws/install/pkg_interfaces/share/pkg_interfaces/package.xml\n'}
[3.743783] (pkg_interfaces) CommandEnded: {'returncode': 0}
[3.754757] (pkg_interfaces) JobEnded: {'identifier': 'pkg_interfaces', 'rc': 0}
[3.755269] (-) EventReactorShutdown: {}
