[0.000000] (-) TimerEvent: {}
[0.000268] (-) JobUnselected: {'identifier': 'M3Pro_MoveIt_demo'}
[0.000313] (-) JobUnselected: {'identifier': 'M3Pro_config'}
[0.000350] (-) JobUnselected: {'identifier': 'M3Pro_demo'}
[0.000384] (-) JobUnselected: {'identifier': 'MoveIt_demo'}
[0.000421] (-) JobUnselected: {'identifier': 'arm_driver'}
[0.000568] (-) JobUnselected: {'identifier': 'arm_interface'}
[0.000578] (-) JobUnselected: {'identifier': 'arm_kin'}
[0.000586] (-) JobUnselected: {'identifier': 'arm_msgs'}
[0.000594] (-) JobUnselected: {'identifier': 'pkg_helloworld_cpp'}
[0.000601] (-) JobUnselected: {'identifier': 'pkg_helloworld_py'}
[0.000608] (-) JobUnselected: {'identifier': 'test_config'}
[0.000616] (-) JobUnselected: {'identifier': 'test_moveit_config'}
[0.000623] (-) JobUnselected: {'identifier': 'yahboom_M3Pro_DepthCam'}
[0.000630] (-) JobUnselected: {'identifier': 'yahboom_M3Pro_description'}
[0.000637] (-) JobUnselected: {'identifier': 'yahboom_M3Pro_laser'}
[0.000644] (-) JobUnselected: {'identifier': 'yahboom_yolov8'}
[0.000651] (-) JobUnselected: {'identifier': 'yahboomcar_ctrl'}
[0.000658] (-) JobUnselected: {'identifier': 'yahboomcar_mediapipe'}
[0.000665] (-) JobUnselected: {'identifier': 'yahboomcar_msgs'}
[0.000673] (-) EventReactorShutdown: {}
