[0.000000] (-) TimerEvent: {}
[0.000421] (-) JobUnselected: {'identifier': 'M3Pro_MoveIt_demo'}
[0.000446] (-) JobUnselected: {'identifier': 'M3Pro_config'}
[0.000465] (-) JobUnselected: {'identifier': 'M3Pro_demo'}
[0.000483] (-) JobUnselected: {'identifier': 'MoveIt_demo'}
[0.000501] (-) JobUnselected: {'identifier': 'arm_driver'}
[0.000519] (-) JobUnselected: {'identifier': 'arm_interface'}
[0.000537] (-) JobUnselected: {'identifier': 'arm_msgs'}
[0.000560] (-) JobUnselected: {'identifier': 'test_config'}
[0.000577] (-) JobUnselected: {'identifier': 'test_moveit_config'}
[0.000595] (-) JobUnselected: {'identifier': 'yahboom_M3Pro_DepthCam'}
[0.000613] (-) JobUnselected: {'identifier': 'yahboom_M3Pro_description'}
[0.000631] (-) JobUnselected: {'identifier': 'yahboom_M3Pro_laser'}
[0.000648] (-) JobUnselected: {'identifier': 'yahboom_yolov8'}
[0.000666] (-) JobUnselected: {'identifier': 'yahboomcar_ctrl'}
[0.000684] (-) JobUnselected: {'identifier': 'yahboomcar_mediapipe'}
[0.000701] (-) JobUnselected: {'identifier': 'yahboomcar_msgs'}
[0.000722] (arm_kin) JobQueued: {'identifier': 'arm_kin', 'dependencies': OrderedDict()}
[0.000741] (arm_kin) JobStarted: {'identifier': 'arm_kin'}
[0.005727] (arm_kin) JobProgress: {'identifier': 'arm_kin', 'progress': 'cmake'}
[0.006183] (arm_kin) JobProgress: {'identifier': 'arm_kin', 'progress': 'build'}
[0.008910] (arm_kin) Command: {'cmd': ['/usr/bin/cmake', '--build', '/var/robotic/yahboomcar_ws/build/arm_kin', '--', '-j2', '-l2'], 'cwd': '/var/robotic/yahboomcar_ws/build/arm_kin', 'env': OrderedDict([('npm_config_devdir', '/tmp/cursor-sandbox-cache/0a89fd5853a2775f9221d2afb3efaa11/node-gyp'), ('LESSOPEN', '| /usr/bin/lesspipe %s'), ('VSCODE_CWD', '/home/spen'), ('VSCODE_ESM_ENTRYPOINT', 'vs/workbench/api/node/extensionHostProcess'), ('PUPPETEER_CACHE_DIR', '/tmp/cursor-sandbox-cache/0a89fd5853a2775f9221d2afb3efaa11/puppeteer'), ('LANGUAGE', 'en_US'), ('USER', 'spen'), ('SSH_CLIENT', '192.168.50.35 2820 22'), ('LC_TIME', 'en_US.UTF-8'), ('VSCODE_NLS_CONFIG', '{"userLocale":"en","osLocale":"en","resolvedLanguage":"en","defaultMessagesFile":"/home/spen/.cursor-server/bin/linux-x64/4f2b772756b8f609e1354b3063de282ccbe7a690/out/nls.messages.json","locale":"en","availableLanguages":{}}'), ('CCACHE_DIR', '/tmp/cursor-sandbox-cache/0a89fd5853a2775f9221d2afb3efaa11/ccache'), ('CI', '1'), ('VSCODE_HANDLES_UNCAUGHT_ERRORS', 'true'), ('XDG_SESSION_TYPE', 'tty'), ('PIP_CACHE_DIR', '/tmp/cursor-sandbox-cache/0a89fd5853a2775f9221d2afb3efaa11/pip'), ('PIPX_HOME', '/tmp/cursor-sandbox-cache/0a89fd5853a2775f9221d2afb3efaa11/pipx'), ('NUGET_PACKAGES', '/tmp/cursor-sandbox-cache/0a89fd5853a2775f9221d2afb3efaa11/nuget'), ('HOMEBREW_CACHE', '/tmp/cursor-sandbox-cache/0a89fd5853a2775f9221d2afb3efaa11/homebrew'), ('SHLVL', '1'), ('LD_LIBRARY_PATH', '/opt/ros/humble/opt/rviz_ogre_vendor/lib:/opt/ros/humble/lib/x86_64-linux-gnu:/opt/ros/humble/lib'), ('BROWSER', '/home/spen/.cursor-server/bin/linux-x64/4f2b772756b8f609e1354b3063de282ccbe7a690/bin/helpers/browser.sh'), ('MOTD_SHOWN', 'pam'), ('HOME', '/home/spen'), ('OLDPWD', '/var/robotic/yahboomcar_ws'), ('VSCODE_IPC_HOOK_CLI', '/run/user/1000/vscode-ipc-c8f91eca-ec4d-4c49-9630-5865a294962b.sock'), ('ROS_PYTHON_VERSION', '3'), ('LC_MONETARY', 'en_US.UTF-8'), ('NO_COLOR', '1'), ('CONDA_PKGS_DIRS', '/tmp/cursor-sandbox-cache/0a89fd5853a2775f9221d2afb3efaa11/conda'), ('DBUS_SESSION_BUS_ADDRESS', 'unix:path=/run/user/1000/bus'), ('VOLTA_HOME', '/tmp/cursor-sandbox-cache/0a89fd5853a2775f9221d2afb3efaa11/volta'), ('COMPOSER_HOME', '/tmp/cursor-sandbox-cache/0a89fd5853a2775f9221d2afb3efaa11/composer'), ('ROS_DISTRO', 'humble'), ('LOGNAME', 'spen'), ('FORCE_COLOR', '0'), ('VSCODE_HANDLES_SIGPIPE', 'true'), ('BUN_INSTALL_CACHE_DIR', '/tmp/cursor-sandbox-cache/0a89fd5853a2775f9221d2afb3efaa11/bun'), ('_', '/usr/bin/colcon'), ('ROS_VERSION', '2'), ('GOMODCACHE', '/tmp/cursor-sandbox-cache/0a89fd5853a2775f9221d2afb3efaa11/go-mod'), ('XDG_SESSION_CLASS', 'user'), ('CP_HOME_DIR', '/tmp/cursor-sandbox-cache/0a89fd5853a2775f9221d2afb3efaa11/cocoapods'), ('TERM', 'dumb'), ('EVERYSPHERE_RIPGREP_PATH', '/home/spen/.cursor-server/bin/linux-x64/4f2b772756b8f609e1354b3063de282ccbe7a690/resources/helpers/rg'), ('XDG_SESSION_ID', '8'), ('RUSTUP_HOME', '/tmp/cursor-sandbox-cache/0a89fd5853a2775f9221d2afb3efaa11/rustup'), ('ROS_LOCALHOST_ONLY', '0'), ('POETRY_CACHE_DIR', '/tmp/cursor-sandbox-cache/0a89fd5853a2775f9221d2afb3efaa11/poetry'), ('PATH', '/home/spen/.local/bin:/home/spen/.cursor-server/bin/linux-x64/4f2b772756b8f609e1354b3063de282ccbe7a690/bin/remote-cli:/opt/ros/humble/bin:/home/spen/.cursor-server/bin/linux-x64/4f2b772756b8f609e1354b3063de282ccbe7a690/bin/remote-cli:/usr/local/sbin:/usr/local/bin:/usr/sbin:/usr/bin:/sbin:/bin:/usr/games:/usr/local/games:/snap/bin'), ('YARN_CACHE_FOLDER', '/tmp/cursor-sandbox-cache/0a89fd5853a2775f9221d2afb3efaa11/yarn'), ('VSCODE_AGENT_FOLDER', '/home/spen/.cursor-server'), ('PAPERSIZE', 'letter'), ('UV_CACHE_DIR', '/tmp/cursor-sandbox-cache/0a89fd5853a2775f9221d2afb3efaa11/uv'), ('LC_ADDRESS', 'en_US.UTF-8'), ('PLAYWRIGHT_BROWSERS_PATH', '/tmp/cursor-sandbox-cache/0a89fd5853a2775f9221d2afb3efaa11/playwright'), ('XDG_RUNTIME_DIR', '/run/user/1000'), ('BUNDLE_PATH', '/tmp/cursor-sandbox-cache/0a89fd5853a2775f9221d2afb3efaa11/bundle'), ('DENO_DIR', '/tmp/cursor-sandbox-cache/0a89fd5853a2775f9221d2afb3efaa11/deno'), ('CURSOR_AGENT', '1'), ('LANG', 'en_US.UTF-8'), ('NX_CACHE_DIRECTORY', '/tmp/cursor-sandbox-cache/0a89fd5853a2775f9221d2afb3efaa11/nx'), ('LC_TELEPHONE', 'en_US.UTF-8'), ('LS_COLORS', ''), ('CYPRESS_CACHE_FOLDER', '/tmp/cursor-sandbox-cache/0a89fd5853a2775f9221d2afb3efaa11/cypress'), ('PNPM_STORE_PATH', '/tmp/cursor-sandbox-cache/0a89fd5853a2775f9221d2afb3efaa11/pnpm-store'), ('AMENT_PREFIX_PATH', '/opt/ros/humble'), ('SHELL', '/bin/bash'), ('CURSOR_SANDBOX', 'native'), ('LC_NAME', 'en_US.UTF-8'), ('VSCODE_SERVER_SHUTDOWN_TIMEOUT', '300'), ('GOCACHE', '/tmp/cursor-sandbox-cache/0a89fd5853a2775f9221d2afb3efaa11/go-build'), ('ELECTRON_RUN_AS_NODE', '1'), ('GEM_HOME', '/tmp/cursor-sandbox-cache/0a89fd5853a2775f9221d2afb3efaa11/gem'), ('LESSCLOSE', '/usr/bin/lesspipe %s %s'), ('LC_MEASUREMENT', 'en_US.UTF-8'), ('LC_IDENTIFICATION', 'en_US.UTF-8'), ('NPM_CONFIG_CACHE', '/tmp/cursor-sandbox-cache/0a89fd5853a2775f9221d2afb3efaa11/npm'), ('PWD', '/var/robotic/yahboomcar_ws/build/arm_kin'), ('GRADLE_USER_HOME', '/tmp/cursor-sandbox-cache/0a89fd5853a2775f9221d2afb3efaa11/gradle'), ('CARGO_HOME', '/tmp/cursor-sandbox-cache/0a89fd5853a2775f9221d2afb3efaa11/cargo'), ('SSH_CONNECTION', '192.168.50.35 2820 192.168.50.88 22'), ('XDG_DATA_DIRS', '/usr/share/gnome:/usr/local/share:/usr/share:/var/lib/snapd/desktop'), ('PYTHONPATH', '/opt/ros/humble/lib/python3.10/site-packages:/opt/ros/humble/local/lib/python3.10/dist-packages'), ('LC_NUMERIC', 'en_US.UTF-8'), ('TURBO_CACHE_DIR', '/tmp/cursor-sandbox-cache/0a89fd5853a2775f9221d2afb3efaa11/turbo'), ('LC_PAPER', 'en_US.UTF-8'), ('COLCON', '1'), ('_ZO_DOCTOR', '0'), ('CURSOR_SANDBOX_LANDLOCK_STATUS', 'fully_enforced'), ('CMAKE_PREFIX_PATH', '/opt/ros/humble')]), 'shell': False}
[0.038158] (arm_kin) StdoutLine: {'line': b'Consolidate compiler generated dependencies of target kin_srv\n'}
[0.046706] (arm_kin) StdoutLine: {'line': b'[ 50%] Building CXX object CMakeFiles/kin_srv.dir/src/kin_srv.cpp.o\n'}
[0.099702] (-) TimerEvent: {}
[0.199906] (-) TimerEvent: {}
[0.300169] (-) TimerEvent: {}
[0.400386] (-) TimerEvent: {}
[0.500640] (-) TimerEvent: {}
[0.600848] (-) TimerEvent: {}
[0.702477] (-) TimerEvent: {}
[0.802675] (-) TimerEvent: {}
[0.902958] (-) TimerEvent: {}
[1.003216] (-) TimerEvent: {}
[1.103490] (-) TimerEvent: {}
[1.203783] (-) TimerEvent: {}
[1.304082] (-) TimerEvent: {}
[1.404358] (-) TimerEvent: {}
[1.504659] (-) TimerEvent: {}
[1.604932] (-) TimerEvent: {}
[1.705232] (-) TimerEvent: {}
[1.805513] (-) TimerEvent: {}
[1.905781] (-) TimerEvent: {}
[2.006121] (-) TimerEvent: {}
[2.078507] (arm_kin) StderrLine: {'line': b'/var/robotic/yahboomcar_ws/src/arm_kin/src/kin_srv.cpp: In function \xe2\x80\x98int main(int, char**)\xe2\x80\x99:\n'}
[2.078822] (arm_kin) StderrLine: {'line': b'/var/robotic/yahboomcar_ws/src/arm_kin/src/kin_srv.cpp:175:43: warning: ignoring return value of \xe2\x80\x98rcutils_ret_t rcutils_logging_set_logger_level(const char*, int)\xe2\x80\x99 declared with attribute \xe2\x80\x98warn_unused_result\xe2\x80\x99 [-Wunused-result]\n'}
[2.078968] (arm_kin) StderrLine: {'line': b'  175 |     (void)rcutils_logging_set_logger_level("kdl_parser", RCUTILS_LOG_SEVERITY_ERROR);\n'}
[2.078998] (arm_kin) StderrLine: {'line': b'      |           ~~~~~~~~~~~~~~~~~~~~~~~~~~~~~~~~^~~~~~~~~~~~~~~~~~~~~~~~~~~~~~~~~~~~~~~~~~\n'}
[2.106250] (-) TimerEvent: {}
[2.206507] (-) TimerEvent: {}
[2.306728] (-) TimerEvent: {}
[2.348000] (arm_kin) StdoutLine: {'line': b'[100%] Linking CXX executable kin_srv\n'}
[2.406829] (-) TimerEvent: {}
[2.437069] (arm_kin) StdoutLine: {'line': b'[100%] Built target kin_srv\n'}
[2.445956] (arm_kin) CommandEnded: {'returncode': 0}
[2.446191] (arm_kin) JobProgress: {'identifier': 'arm_kin', 'progress': 'install'}
[2.449961] (arm_kin) Command: {'cmd': ['/usr/bin/cmake', '--install', '/var/robotic/yahboomcar_ws/build/arm_kin'], 'cwd': '/var/robotic/yahboomcar_ws/build/arm_kin', 'env': OrderedDict([('npm_config_devdir', '/tmp/cursor-sandbox-cache/0a89fd5853a2775f9221d2afb3efaa11/node-gyp'), ('LESSOPEN', '| /usr/bin/lesspipe %s'), ('VSCODE_CWD', '/home/spen'), ('VSCODE_ESM_ENTRYPOINT', 'vs/workbench/api/node/extensionHostProcess'), ('PUPPETEER_CACHE_DIR', '/tmp/cursor-sandbox-cache/0a89fd5853a2775f9221d2afb3efaa11/puppeteer'), ('LANGUAGE', 'en_US'), ('USER', 'spen'), ('SSH_CLIENT', '192.168.50.35 2820 22'), ('LC_TIME', 'en_US.UTF-8'), ('VSCODE_NLS_CONFIG', '{"userLocale":"en","osLocale":"en","resolvedLanguage":"en","defaultMessagesFile":"/home/spen/.cursor-server/bin/linux-x64/4f2b772756b8f609e1354b3063de282ccbe7a690/out/nls.messages.json","locale":"en","availableLanguages":{}}'), ('CCACHE_DIR', '/tmp/cursor-sandbox-cache/0a89fd5853a2775f9221d2afb3efaa11/ccache'), ('CI', '1'), ('VSCODE_HANDLES_UNCAUGHT_ERRORS', 'true'), ('XDG_SESSION_TYPE', 'tty'), ('PIP_CACHE_DIR', '/tmp/cursor-sandbox-cache/0a89fd5853a2775f9221d2afb3efaa11/pip'), ('PIPX_HOME', '/tmp/cursor-sandbox-cache/0a89fd5853a2775f9221d2afb3efaa11/pipx'), ('NUGET_PACKAGES', '/tmp/cursor-sandbox-cache/0a89fd5853a2775f9221d2afb3efaa11/nuget'), ('HOMEBREW_CACHE', '/tmp/cursor-sandbox-cache/0a89fd5853a2775f9221d2afb3efaa11/homebrew'), ('SHLVL', '1'), ('LD_LIBRARY_PATH', '/opt/ros/humble/opt/rviz_ogre_vendor/lib:/opt/ros/humble/lib/x86_64-linux-gnu:/opt/ros/humble/lib'), ('BROWSER', '/home/spen/.cursor-server/bin/linux-x64/4f2b772756b8f609e1354b3063de282ccbe7a690/bin/helpers/browser.sh'), ('MOTD_SHOWN', 'pam'), ('HOME', '/home/spen'), ('OLDPWD', '/var/robotic/yahboomcar_ws'), ('VSCODE_IPC_HOOK_CLI', '/run/user/1000/vscode-ipc-c8f91eca-ec4d-4c49-9630-5865a294962b.sock'), ('ROS_PYTHON_VERSION', '3'), ('LC_MONETARY', 'en_US.UTF-8'), ('NO_COLOR', '1'), ('CONDA_PKGS_DIRS', '/tmp/cursor-sandbox-cache/0a89fd5853a2775f9221d2afb3efaa11/conda'), ('DBUS_SESSION_BUS_ADDRESS', 'unix:path=/run/user/1000/bus'), ('VOLTA_HOME', '/tmp/cursor-sandbox-cache/0a89fd5853a2775f9221d2afb3efaa11/volta'), ('COMPOSER_HOME', '/tmp/cursor-sandbox-cache/0a89fd5853a2775f9221d2afb3efaa11/composer'), ('ROS_DISTRO', 'humble'), ('LOGNAME', 'spen'), ('FORCE_COLOR', '0'), ('VSCODE_HANDLES_SIGPIPE', 'true'), ('BUN_INSTALL_CACHE_DIR', '/tmp/cursor-sandbox-cache/0a89fd5853a2775f9221d2afb3efaa11/bun'), ('_', '/usr/bin/colcon'), ('ROS_VERSION', '2'), ('GOMODCACHE', '/tmp/cursor-sandbox-cache/0a89fd5853a2775f9221d2afb3efaa11/go-mod'), ('XDG_SESSION_CLASS', 'user'), ('CP_HOME_DIR', '/tmp/cursor-sandbox-cache/0a89fd5853a2775f9221d2afb3efaa11/cocoapods'), ('TERM', 'dumb'), ('EVERYSPHERE_RIPGREP_PATH', '/home/spen/.cursor-server/bin/linux-x64/4f2b772756b8f609e1354b3063de282ccbe7a690/resources/helpers/rg'), ('XDG_SESSION_ID', '8'), ('RUSTUP_HOME', '/tmp/cursor-sandbox-cache/0a89fd5853a2775f9221d2afb3efaa11/rustup'), ('ROS_LOCALHOST_ONLY', '0'), ('POETRY_CACHE_DIR', '/tmp/cursor-sandbox-cache/0a89fd5853a2775f9221d2afb3efaa11/poetry'), ('PATH', '/home/spen/.local/bin:/home/spen/.cursor-server/bin/linux-x64/4f2b772756b8f609e1354b3063de282ccbe7a690/bin/remote-cli:/opt/ros/humble/bin:/home/spen/.cursor-server/bin/linux-x64/4f2b772756b8f609e1354b3063de282ccbe7a690/bin/remote-cli:/usr/local/sbin:/usr/local/bin:/usr/sbin:/usr/bin:/sbin:/bin:/usr/games:/usr/local/games:/snap/bin'), ('YARN_CACHE_FOLDER', '/tmp/cursor-sandbox-cache/0a89fd5853a2775f9221d2afb3efaa11/yarn'), ('VSCODE_AGENT_FOLDER', '/home/spen/.cursor-server'), ('PAPERSIZE', 'letter'), ('UV_CACHE_DIR', '/tmp/cursor-sandbox-cache/0a89fd5853a2775f9221d2afb3efaa11/uv'), ('LC_ADDRESS', 'en_US.UTF-8'), ('PLAYWRIGHT_BROWSERS_PATH', '/tmp/cursor-sandbox-cache/0a89fd5853a2775f9221d2afb3efaa11/playwright'), ('XDG_RUNTIME_DIR', '/run/user/1000'), ('BUNDLE_PATH', '/tmp/cursor-sandbox-cache/0a89fd5853a2775f9221d2afb3efaa11/bundle'), ('DENO_DIR', '/tmp/cursor-sandbox-cache/0a89fd5853a2775f9221d2afb3efaa11/deno'), ('CURSOR_AGENT', '1'), ('LANG', 'en_US.UTF-8'), ('NX_CACHE_DIRECTORY', '/tmp/cursor-sandbox-cache/0a89fd5853a2775f9221d2afb3efaa11/nx'), ('LC_TELEPHONE', 'en_US.UTF-8'), ('LS_COLORS', ''), ('CYPRESS_CACHE_FOLDER', '/tmp/cursor-sandbox-cache/0a89fd5853a2775f9221d2afb3efaa11/cypress'), ('PNPM_STORE_PATH', '/tmp/cursor-sandbox-cache/0a89fd5853a2775f9221d2afb3efaa11/pnpm-store'), ('AMENT_PREFIX_PATH', '/opt/ros/humble'), ('SHELL', '/bin/bash'), ('CURSOR_SANDBOX', 'native'), ('LC_NAME', 'en_US.UTF-8'), ('VSCODE_SERVER_SHUTDOWN_TIMEOUT', '300'), ('GOCACHE', '/tmp/cursor-sandbox-cache/0a89fd5853a2775f9221d2afb3efaa11/go-build'), ('ELECTRON_RUN_AS_NODE', '1'), ('GEM_HOME', '/tmp/cursor-sandbox-cache/0a89fd5853a2775f9221d2afb3efaa11/gem'), ('LESSCLOSE', '/usr/bin/lesspipe %s %s'), ('LC_MEASUREMENT', 'en_US.UTF-8'), ('LC_IDENTIFICATION', 'en_US.UTF-8'), ('NPM_CONFIG_CACHE', '/tmp/cursor-sandbox-cache/0a89fd5853a2775f9221d2afb3efaa11/npm'), ('PWD', '/var/robotic/yahboomcar_ws/build/arm_kin'), ('GRADLE_USER_HOME', '/tmp/cursor-sandbox-cache/0a89fd5853a2775f9221d2afb3efaa11/gradle'), ('CARGO_HOME', '/tmp/cursor-sandbox-cache/0a89fd5853a2775f9221d2afb3efaa11/cargo'), ('SSH_CONNECTION', '192.168.50.35 2820 192.168.50.88 22'), ('XDG_DATA_DIRS', '/usr/share/gnome:/usr/local/share:/usr/share:/var/lib/snapd/desktop'), ('PYTHONPATH', '/opt/ros/humble/lib/python3.10/site-packages:/opt/ros/humble/local/lib/python3.10/dist-packages'), ('LC_NUMERIC', 'en_US.UTF-8'), ('TURBO_CACHE_DIR', '/tmp/cursor-sandbox-cache/0a89fd5853a2775f9221d2afb3efaa11/turbo'), ('LC_PAPER', 'en_US.UTF-8'), ('COLCON', '1'), ('_ZO_DOCTOR', '0'), ('CURSOR_SANDBOX_LANDLOCK_STATUS', 'fully_enforced'), ('CMAKE_PREFIX_PATH', '/opt/ros/humble')]), 'shell': False}
[2.454305] (arm_kin) StdoutLine: {'line': b'-- Install configuration: ""\n'}
[2.454431] (arm_kin) StdoutLine: {'line': b'-- Up-to-date: /var/robotic/yahboomcar_ws/install/arm_kin/share/arm_kin/param\n'}
[2.454462] (arm_kin) StdoutLine: {'line': b'-- Up-to-date: /var/robotic/yahboomcar_ws/install/arm_kin/share/arm_kin/param/offset_value.yaml\n'}
[2.454490] (arm_kin) StdoutLine: {'line': b'-- Installing: /var/robotic/yahboomcar_ws/install/arm_kin/lib/arm_kin/kin_srv\n'}
[2.455632] (arm_kin) StdoutLine: {'line': b'-- Set runtime path of "/var/robotic/yahboomcar_ws/install/arm_kin/lib/arm_kin/kin_srv" to ""\n'}
[2.455679] (arm_kin) StdoutLine: {'line': b'-- Up-to-date: /var/robotic/yahboomcar_ws/install/arm_kin/share/ament_index/resource_index/package_run_dependencies/arm_kin\n'}
[2.455708] (arm_kin) StdoutLine: {'line': b'-- Up-to-date: /var/robotic/yahboomcar_ws/install/arm_kin/share/ament_index/resource_index/parent_prefix_path/arm_kin\n'}
[2.455734] (arm_kin) StdoutLine: {'line': b'-- Up-to-date: /var/robotic/yahboomcar_ws/install/arm_kin/share/arm_kin/environment/ament_prefix_path.sh\n'}
[2.455761] (arm_kin) StdoutLine: {'line': b'-- Up-to-date: /var/robotic/yahboomcar_ws/install/arm_kin/share/arm_kin/environment/ament_prefix_path.dsv\n'}
[2.455786] (arm_kin) StdoutLine: {'line': b'-- Up-to-date: /var/robotic/yahboomcar_ws/install/arm_kin/share/arm_kin/environment/path.sh\n'}
[2.455810] (arm_kin) StdoutLine: {'line': b'-- Up-to-date: /var/robotic/yahboomcar_ws/install/arm_kin/share/arm_kin/environment/path.dsv\n'}
[2.455855] (arm_kin) StdoutLine: {'line': b'-- Up-to-date: /var/robotic/yahboomcar_ws/install/arm_kin/share/arm_kin/local_setup.bash\n'}
[2.455896] (arm_kin) StdoutLine: {'line': b'-- Up-to-date: /var/robotic/yahboomcar_ws/install/arm_kin/share/arm_kin/local_setup.sh\n'}
[2.455926] (arm_kin) StdoutLine: {'line': b'-- Up-to-date: /var/robotic/yahboomcar_ws/install/arm_kin/share/arm_kin/local_setup.zsh\n'}
[2.455957] (arm_kin) StdoutLine: {'line': b'-- Up-to-date: /var/robotic/yahboomcar_ws/install/arm_kin/share/arm_kin/local_setup.dsv\n'}
[2.455982] (arm_kin) StdoutLine: {'line': b'-- Installing: /var/robotic/yahboomcar_ws/install/arm_kin/share/arm_kin/package.dsv\n'}
[2.457801] (arm_kin) StdoutLine: {'line': b'-- Up-to-date: /var/robotic/yahboomcar_ws/install/arm_kin/share/ament_index/resource_index/packages/arm_kin\n'}
[2.457931] (arm_kin) StdoutLine: {'line': b'-- Up-to-date: /var/robotic/yahboomcar_ws/install/arm_kin/share/arm_kin/cmake/arm_kinConfig.cmake\n'}
[2.458000] (arm_kin) StdoutLine: {'line': b'-- Up-to-date: /var/robotic/yahboomcar_ws/install/arm_kin/share/arm_kin/cmake/arm_kinConfig-version.cmake\n'}
[2.458067] (arm_kin) StdoutLine: {'line': b'-- Up-to-date: /var/robotic/yahboomcar_ws/install/arm_kin/share/arm_kin/package.xml\n'}
[2.458133] (arm_kin) CommandEnded: {'returncode': 0}
[2.467141] (arm_kin) JobEnded: {'identifier': 'arm_kin', 'rc': 0}
[2.467592] (-) EventReactorShutdown: {}
