-- The C compiler identification is GNU 11.4.0
-- The CXX compiler identification is GNU 11.4.0
-- Detecting C compiler ABI info
-- Detecting C compiler ABI info - done
-- Check for working C compiler: /usr/bin/cc - skipped
-- Detecting C compile features
-- Detecting C compile features - done
-- Detecting CXX compiler ABI info
-- Detecting CXX compiler ABI info - done
-- Check for working CXX compiler: /usr/bin/c++ - skipped
-- Detecting CXX compile features
-- Detecting CXX compile features - done
-- Found ament_cmake: 1.3.12 (/opt/ros/humble/share/ament_cmake/cmake)
-- Found Python3: /usr/bin/python3 (found version "3.10.12") found components: Interpreter 
-- Found ament_lint_auto: 0.12.14 (/opt/ros/humble/share/ament_lint_auto/cmake)
-- Added test 'lint_cmake' to check CMake code style
-- Added test 'xmllint' to check XML markup files
-- Configuring done
-- Generating done
-- Build files have been written to: /var/robotic/yahboomcar_ws/build/pkg_metapackage
-- Install configuration: ""
-- Installing: /var/robotic/yahboomcar_ws/install/pkg_metapackage/share/ament_index/resource_index/package_run_dependencies/pkg_metapackage
-- Installing: /var/robotic/yahboomcar_ws/install/pkg_metapackage/share/ament_index/resource_index/parent_prefix_path/pkg_metapackage
-- Installing: /var/robotic/yahboomcar_ws/install/pkg_metapackage/share/pkg_metapackage/environment/ament_prefix_path.sh
-- Installing: /var/robotic/yahboomcar_ws/install/pkg_metapackage/share/pkg_metapackage/environment/ament_prefix_path.dsv
-- Installing: /var/robotic/yahboomcar_ws/install/pkg_metapackage/share/pkg_metapackage/environment/path.sh
-- Installing: /var/robotic/yahboomcar_ws/install/pkg_metapackage/share/pkg_metapackage/environment/path.dsv
-- Installing: /var/robotic/yahboomcar_ws/install/pkg_metapackage/share/pkg_metapackage/local_setup.bash
-- Installing: /var/robotic/yahboomcar_ws/install/pkg_metapackage/share/pkg_metapackage/local_setup.sh
-- Installing: /var/robotic/yahboomcar_ws/install/pkg_metapackage/share/pkg_metapackage/local_setup.zsh
-- Installing: /var/robotic/yahboomcar_ws/install/pkg_metapackage/share/pkg_metapackage/local_setup.dsv
-- Installing: /var/robotic/yahboomcar_ws/install/pkg_metapackage/share/pkg_metapackage/package.dsv
-- Installing: /var/robotic/yahboomcar_ws/install/pkg_metapackage/share/ament_index/resource_index/packages/pkg_metapackage
-- Installing: /var/robotic/yahboomcar_ws/install/pkg_metapackage/share/pkg_metapackage/cmake/pkg_metapackageConfig.cmake
-- Installing: /var/robotic/yahboomcar_ws/install/pkg_metapackage/share/pkg_metapackage/cmake/pkg_metapackageConfig-version.cmake
-- Installing: /var/robotic/yahboomcar_ws/install/pkg_metapackage/share/pkg_metapackage/package.xml
