-- Found ament_cmake: 1.3.12 (/opt/ros/humble/share/ament_cmake/cmake)
-- Found rclcpp: 16.0.17 (/opt/ros/humble/share/rclcpp/cmake)
-- Found rosidl_generator_c: 3.1.8 (/opt/ros/humble/share/rosidl_generator_c/cmake)
-- Found rosidl_adapter: 3.1.8 (/opt/ros/humble/share/rosidl_adapter/cmake)
-- Found rosidl_generator_cpp: 3.1.8 (/opt/ros/humble/share/rosidl_generator_cpp/cmake)
-- Using all available rosidl_typesupport_c: rosidl_typesupport_fastrtps_c;rosidl_typesupport_introspection_c
-- Using all available rosidl_typesupport_cpp: rosidl_typesupport_fastrtps_cpp;rosidl_typesupport_introspection_cpp
-- Found rmw_implementation_cmake: 6.1.2 (/opt/ros/humble/share/rmw_implementation_cmake/cmake)
-- Found rmw_fastrtps_cpp: 6.2.9 (/opt/ros/humble/share/rmw_fastrtps_cpp/cmake)
-- Using RMW implementation 'rmw_fastrtps_cpp' as default
-- Found rosidl_default_generators: 1.2.0 (/opt/ros/humble/share/rosidl_default_generators/cmake)
-- Found geometry_msgs: 4.9.0 (/opt/ros/humble/share/geometry_msgs/cmake)
-- Found ament_cmake_ros: 0.10.0 (/opt/ros/humble/share/ament_cmake_ros/cmake)
-- Using all available rosidl_typesupport_c: rosidl_typesupport_fastrtps_c;rosidl_typesupport_introspection_c
-- Using all available rosidl_typesupport_cpp: rosidl_typesupport_fastrtps_cpp;rosidl_typesupport_introspection_cpp
-- Found python_cmake_module: 0.10.0 (/opt/ros/humble/share/python_cmake_module/cmake)
-- Using PYTHON_EXECUTABLE: /usr/bin/python3
-- Using PYTHON_INCLUDE_DIRS: /usr/include/python3.10
-- Using PYTHON_LIBRARIES: /usr/lib/x86_64-linux-gnu/libpython3.10.so
-- Found ament_lint_auto: 0.12.14 (/opt/ros/humble/share/ament_lint_auto/cmake)
-- Added test 'lint_cmake' to check CMake code style
-- Added test 'xmllint' to check XML markup files
-- Configuring done
-- Generating done
-- Build files have been written to: /var/robotic/yahboomcar_ws/build/arm_interface
[35m[1mConsolidate compiler generated dependencies of target arm_interface__rosidl_generator_c[0m
[  1%] Built target arm_interface__cpp
[ 12%] Built target arm_interface__rosidl_generator_c
[35m[1mConsolidate compiler generated dependencies of target arm_interface__rosidl_typesupport_cpp[0m
[ 12%] Built target ament_cmake_python_copy_arm_interface
[ 24%] Built target arm_interface__rosidl_typesupport_cpp
[35m[1mConsolidate compiler generated dependencies of target arm_interface__rosidl_typesupport_fastrtps_c[0m
[35m[1mConsolidate compiler generated dependencies of target arm_interface__rosidl_typesupport_fastrtps_cpp[0m
[ 35%] Built target arm_interface__rosidl_typesupport_fastrtps_c
[35m[1mConsolidate compiler generated dependencies of target arm_interface__rosidl_typesupport_introspection_c[0m
[ 47%] Built target arm_interface__rosidl_typesupport_fastrtps_cpp
[ 58%] Built target arm_interface__rosidl_typesupport_introspection_c
[35m[1mConsolidate compiler generated dependencies of target arm_interface__rosidl_typesupport_c[0m
[35m[1mConsolidate compiler generated dependencies of target arm_interface__rosidl_typesupport_introspection_cpp[0m
[ 70%] Built target arm_interface__rosidl_typesupport_c
[ 82%] Built target arm_interface__rosidl_typesupport_introspection_cpp
[ 82%] Built target arm_interface
[ 83%] Built target arm_interface__py
[35m[1mConsolidate compiler generated dependencies of target arm_interface__rosidl_generator_py[0m
[ 93%] Built target arm_interface__rosidl_generator_py
[35m[1mConsolidate compiler generated dependencies of target arm_interface__rosidl_typesupport_fastrtps_c__pyext[0m
[ 95%] Built target arm_interface__rosidl_typesupport_fastrtps_c__pyext
[35m[1mConsolidate compiler generated dependencies of target arm_interface__rosidl_typesupport_introspection_c__pyext[0m
[ 97%] Built target arm_interface__rosidl_typesupport_introspection_c__pyext
[35m[1mConsolidate compiler generated dependencies of target arm_interface__rosidl_typesupport_c__pyext[0m
[100%] Built target arm_interface__rosidl_typesupport_c__pyext
running egg_info
writing arm_interface.egg-info/PKG-INFO
writing dependency_links to arm_interface.egg-info/dependency_links.txt
writing top-level names to arm_interface.egg-info/top_level.txt
reading manifest file 'arm_interface.egg-info/SOURCES.txt'
writing manifest file 'arm_interface.egg-info/SOURCES.txt'
[100%] Built target ament_cmake_python_build_arm_interface_egg
