[0.008s] Invoking command in '/var/robotic/yahboomcar_ws/build/arm_interface': CMAKE_PREFIX_PATH=/opt/ros/humble /usr/bin/cmake --build /var/robotic/yahboomcar_ws/build/arm_interface -- -j2 -l2
[0.024s] -- Found ament_cmake: 1.3.12 (/opt/ros/humble/share/ament_cmake/cmake)
[0.091s] -- Found rclcpp: 16.0.17 (/opt/ros/humble/share/rclcpp/cmake)
[0.106s] -- Found rosidl_generator_c: 3.1.8 (/opt/ros/humble/share/rosidl_generator_c/cmake)
[0.107s] -- Found rosidl_adapter: 3.1.8 (/opt/ros/humble/share/rosidl_adapter/cmake)
[0.113s] -- Found rosidl_generator_cpp: 3.1.8 (/opt/ros/humble/share/rosidl_generator_cpp/cmake)
[0.118s] -- Using all available rosidl_typesupport_c: rosidl_typesupport_fastrtps_c;rosidl_typesupport_introspection_c
[0.126s] -- Using all available rosidl_typesupport_cpp: rosidl_typesupport_fastrtps_cpp;rosidl_typesupport_introspection_cpp
[0.147s] -- Found rmw_implementation_cmake: 6.1.2 (/opt/ros/humble/share/rmw_implementation_cmake/cmake)
[0.149s] -- Found rmw_fastrtps_cpp: 6.2.9 (/opt/ros/humble/share/rmw_fastrtps_cpp/cmake)
[0.238s] -- Using RMW implementation 'rmw_fastrtps_cpp' as default
[0.286s] -- Found rosidl_default_generators: 1.2.0 (/opt/ros/humble/share/rosidl_default_generators/cmake)
[0.291s] -- Found geometry_msgs: 4.9.0 (/opt/ros/humble/share/geometry_msgs/cmake)
[0.486s] -- Found ament_cmake_ros: 0.10.0 (/opt/ros/humble/share/ament_cmake_ros/cmake)
[0.727s] -- Using all available rosidl_typesupport_c: rosidl_typesupport_fastrtps_c;rosidl_typesupport_introspection_c
[0.820s] -- Using all available rosidl_typesupport_cpp: rosidl_typesupport_fastrtps_cpp;rosidl_typesupport_introspection_cpp
[0.833s] -- Found python_cmake_module: 0.10.0 (/opt/ros/humble/share/python_cmake_module/cmake)
[0.845s] -- Using PYTHON_EXECUTABLE: /usr/bin/python3
[0.845s] -- Using PYTHON_INCLUDE_DIRS: /usr/include/python3.10
[0.845s] -- Using PYTHON_LIBRARIES: /usr/lib/x86_64-linux-gnu/libpython3.10.so
[0.866s] -- Found ament_lint_auto: 0.12.14 (/opt/ros/humble/share/ament_lint_auto/cmake)
[0.872s] -- Added test 'lint_cmake' to check CMake code style
[0.873s] -- Added test 'xmllint' to check XML markup files
[0.874s] -- Configuring done
[0.905s] -- Generating done
[0.913s] -- Build files have been written to: /var/robotic/yahboomcar_ws/build/arm_interface
[0.936s] [35m[1mConsolidate compiler generated dependencies of target arm_interface__rosidl_generator_c[0m
[0.941s] [  1%] Built target arm_interface__cpp
[0.947s] [ 12%] Built target arm_interface__rosidl_generator_c
[0.956s] [35m[1mConsolidate compiler generated dependencies of target arm_interface__rosidl_typesupport_cpp[0m
[0.966s] [ 12%] Built target ament_cmake_python_copy_arm_interface
[0.969s] [ 24%] Built target arm_interface__rosidl_typesupport_cpp
[0.975s] [35m[1mConsolidate compiler generated dependencies of target arm_interface__rosidl_typesupport_fastrtps_c[0m
[0.980s] [35m[1mConsolidate compiler generated dependencies of target arm_interface__rosidl_typesupport_fastrtps_cpp[0m
[0.990s] [ 35%] Built target arm_interface__rosidl_typesupport_fastrtps_c
[0.997s] [35m[1mConsolidate compiler generated dependencies of target arm_interface__rosidl_typesupport_introspection_c[0m
[1.005s] [ 47%] Built target arm_interface__rosidl_typesupport_fastrtps_cpp
[1.005s] [ 58%] Built target arm_interface__rosidl_typesupport_introspection_c
[1.012s] [35m[1mConsolidate compiler generated dependencies of target arm_interface__rosidl_typesupport_c[0m
[1.014s] [35m[1mConsolidate compiler generated dependencies of target arm_interface__rosidl_typesupport_introspection_cpp[0m
[1.025s] [ 70%] Built target arm_interface__rosidl_typesupport_c
[1.027s] [ 82%] Built target arm_interface__rosidl_typesupport_introspection_cpp
[1.041s] [ 82%] Built target arm_interface
[1.055s] [ 83%] Built target arm_interface__py
[1.062s] [35m[1mConsolidate compiler generated dependencies of target arm_interface__rosidl_generator_py[0m
[1.079s] [ 93%] Built target arm_interface__rosidl_generator_py
[1.086s] [35m[1mConsolidate compiler generated dependencies of target arm_interface__rosidl_typesupport_fastrtps_c__pyext[0m
[1.098s] [ 95%] Built target arm_interface__rosidl_typesupport_fastrtps_c__pyext
[1.105s] [35m[1mConsolidate compiler generated dependencies of target arm_interface__rosidl_typesupport_introspection_c__pyext[0m
[1.118s] [ 97%] Built target arm_interface__rosidl_typesupport_introspection_c__pyext
[1.125s] [35m[1mConsolidate compiler generated dependencies of target arm_interface__rosidl_typesupport_c__pyext[0m
[1.152s] [100%] Built target arm_interface__rosidl_typesupport_c__pyext
[1.164s] running egg_info
[1.164s] writing arm_interface.egg-info/PKG-INFO
[1.164s] writing dependency_links to arm_interface.egg-info/dependency_links.txt
[1.165s] writing top-level names to arm_interface.egg-info/top_level.txt
[1.166s] reading manifest file 'arm_interface.egg-info/SOURCES.txt'
[1.166s] writing manifest file 'arm_interface.egg-info/SOURCES.txt'
[1.181s] [100%] Built target ament_cmake_python_build_arm_interface_egg
