running egg_info
creating ../../build/learning_dds/learning_dds.egg-info
writing ../../build/learning_dds/learning_dds.egg-info/PKG-INFO
writing dependency_links to ../../build/learning_dds/learning_dds.egg-info/dependency_links.txt
writing entry points to ../../build/learning_dds/learning_dds.egg-info/entry_points.txt
writing requirements to ../../build/learning_dds/learning_dds.egg-info/requires.txt
writing top-level names to ../../build/learning_dds/learning_dds.egg-info/top_level.txt
writing manifest file '../../build/learning_dds/learning_dds.egg-info/SOURCES.txt'
reading manifest file '../../build/learning_dds/learning_dds.egg-info/SOURCES.txt'
writing manifest file '../../build/learning_dds/learning_dds.egg-info/SOURCES.txt'
running build
running build_py
creating /var/robotic/yahboomcar_ws/build/learning_dds/build
creating /var/robotic/yahboomcar_ws/build/learning_dds/build/lib
creating /var/robotic/yahboomcar_ws/build/learning_dds/build/lib/learning_dds
copying learning_dds/dds_controller_pub.py -> /var/robotic/yahboomcar_ws/build/learning_dds/build/lib/learning_dds
copying learning_dds/dds_robot_sub.py -> /var/robotic/yahboomcar_ws/build/learning_dds/build/lib/learning_dds
copying learning_dds/__init__.py -> /var/robotic/yahboomcar_ws/build/learning_dds/build/lib/learning_dds
running install
running install_lib
creating /var/robotic/yahboomcar_ws/install/learning_dds/lib/python3.10/site-packages/learning_dds
copying /var/robotic/yahboomcar_ws/build/learning_dds/build/lib/learning_dds/dds_controller_pub.py -> /var/robotic/yahboomcar_ws/install/learning_dds/lib/python3.10/site-packages/learning_dds
copying /var/robotic/yahboomcar_ws/build/learning_dds/build/lib/learning_dds/dds_robot_sub.py -> /var/robotic/yahboomcar_ws/install/learning_dds/lib/python3.10/site-packages/learning_dds
copying /var/robotic/yahboomcar_ws/build/learning_dds/build/lib/learning_dds/__init__.py -> /var/robotic/yahboomcar_ws/install/learning_dds/lib/python3.10/site-packages/learning_dds
byte-compiling /var/robotic/yahboomcar_ws/install/learning_dds/lib/python3.10/site-packages/learning_dds/dds_controller_pub.py to dds_controller_pub.cpython-310.pyc
byte-compiling /var/robotic/yahboomcar_ws/install/learning_dds/lib/python3.10/site-packages/learning_dds/dds_robot_sub.py to dds_robot_sub.cpython-310.pyc
byte-compiling /var/robotic/yahboomcar_ws/install/learning_dds/lib/python3.10/site-packages/learning_dds/__init__.py to __init__.cpython-310.pyc
running install_data
creating /var/robotic/yahboomcar_ws/install/learning_dds/share/ament_index
creating /var/robotic/yahboomcar_ws/install/learning_dds/share/ament_index/resource_index
creating /var/robotic/yahboomcar_ws/install/learning_dds/share/ament_index/resource_index/packages
copying resource/learning_dds -> /var/robotic/yahboomcar_ws/install/learning_dds/share/ament_index/resource_index/packages
copying package.xml -> /var/robotic/yahboomcar_ws/install/learning_dds/share/learning_dds
running install_egg_info
Copying ../../build/learning_dds/learning_dds.egg-info to /var/robotic/yahboomcar_ws/install/learning_dds/lib/python3.10/site-packages/learning_dds-0.0.0-py3.10.egg-info
running install_scripts
Installing dds_controller_pub script to /var/robotic/yahboomcar_ws/install/learning_dds/lib/learning_dds
Installing dds_robot_sub script to /var/robotic/yahboomcar_ws/install/learning_dds/lib/learning_dds
writing list of installed files to '/var/robotic/yahboomcar_ws/build/learning_dds/install.log'
