running egg_info
writing ../../build/pkg_action/pkg_action.egg-info/PKG-INFO
writing dependency_links to ../../build/pkg_action/pkg_action.egg-info/dependency_links.txt
writing entry points to ../../build/pkg_action/pkg_action.egg-info/entry_points.txt
writing requirements to ../../build/pkg_action/pkg_action.egg-info/requires.txt
writing top-level names to ../../build/pkg_action/pkg_action.egg-info/top_level.txt
reading manifest file '../../build/pkg_action/pkg_action.egg-info/SOURCES.txt'
writing manifest file '../../build/pkg_action/pkg_action.egg-info/SOURCES.txt'
running build
running build_py
copying pkg_action/action_client_demo.py -> /var/robotic/yahboomcar_ws/build/pkg_action/build/lib/pkg_action
copying pkg_action/action_server_demo.py -> /var/robotic/yahboomcar_ws/build/pkg_action/build/lib/pkg_action
running install
running install_lib
copying /var/robotic/yahboomcar_ws/build/pkg_action/build/lib/pkg_action/action_client_demo.py -> /var/robotic/yahboomcar_ws/install/pkg_action/lib/python3.10/site-packages/pkg_action
copying /var/robotic/yahboomcar_ws/build/pkg_action/build/lib/pkg_action/action_server_demo.py -> /var/robotic/yahboomcar_ws/install/pkg_action/lib/python3.10/site-packages/pkg_action
byte-compiling /var/robotic/yahboomcar_ws/install/pkg_action/lib/python3.10/site-packages/pkg_action/action_client_demo.py to action_client_demo.cpython-310.pyc
byte-compiling /var/robotic/yahboomcar_ws/install/pkg_action/lib/python3.10/site-packages/pkg_action/action_server_demo.py to action_server_demo.cpython-310.pyc
running install_data
running install_egg_info
removing '/var/robotic/yahboomcar_ws/install/pkg_action/lib/python3.10/site-packages/pkg_action-0.0.0-py3.10.egg-info' (and everything under it)
Copying ../../build/pkg_action/pkg_action.egg-info to /var/robotic/yahboomcar_ws/install/pkg_action/lib/python3.10/site-packages/pkg_action-0.0.0-py3.10.egg-info
running install_scripts
Installing action_server_demo script to /var/robotic/yahboomcar_ws/install/pkg_action/lib/pkg_action
writing list of installed files to '/var/robotic/yahboomcar_ws/build/pkg_action/install.log'
