[0.488s] Invoking command in '/var/robotic/yahboomcar_ws/src/pkg_action': PYTHONPATH=/var/robotic/yahboomcar_ws/build/pkg_action/prefix_override:/usr/lib/python3/dist-packages/colcon_core/task/python/colcon_distutils_commands:/var/robotic/yahboomcar_ws/install/pkg_action/lib/python3.10/site-packages:${PYTHONPATH} /usr/bin/python3 -W ignore:setup.py install is deprecated -W ignore:easy_install command is deprecated setup.py egg_info --egg-base ../../build/pkg_action build --build-base /var/robotic/yahboomcar_ws/build/pkg_action/build install --record /var/robotic/yahboomcar_ws/build/pkg_action/install.log --single-version-externally-managed install_data
[0.619s] running egg_info
[0.620s] writing ../../build/pkg_action/pkg_action.egg-info/PKG-INFO
[0.620s] writing dependency_links to ../../build/pkg_action/pkg_action.egg-info/dependency_links.txt
[0.621s] writing entry points to ../../build/pkg_action/pkg_action.egg-info/entry_points.txt
[0.621s] writing requirements to ../../build/pkg_action/pkg_action.egg-info/requires.txt
[0.621s] writing top-level names to ../../build/pkg_action/pkg_action.egg-info/top_level.txt
[0.623s] reading manifest file '../../build/pkg_action/pkg_action.egg-info/SOURCES.txt'
[0.623s] writing manifest file '../../build/pkg_action/pkg_action.egg-info/SOURCES.txt'
[0.624s] running build
[0.624s] running build_py
[0.624s] copying pkg_action/action_client_demo.py -> /var/robotic/yahboomcar_ws/build/pkg_action/build/lib/pkg_action
[0.624s] copying pkg_action/action_server_demo.py -> /var/robotic/yahboomcar_ws/build/pkg_action/build/lib/pkg_action
[0.624s] running install
[0.624s] running install_lib
[0.625s] copying /var/robotic/yahboomcar_ws/build/pkg_action/build/lib/pkg_action/action_client_demo.py -> /var/robotic/yahboomcar_ws/install/pkg_action/lib/python3.10/site-packages/pkg_action
[0.625s] copying /var/robotic/yahboomcar_ws/build/pkg_action/build/lib/pkg_action/action_server_demo.py -> /var/robotic/yahboomcar_ws/install/pkg_action/lib/python3.10/site-packages/pkg_action
[0.625s] byte-compiling /var/robotic/yahboomcar_ws/install/pkg_action/lib/python3.10/site-packages/pkg_action/action_client_demo.py to action_client_demo.cpython-310.pyc
[0.625s]   File "/var/robotic/yahboomcar_ws/install/pkg_action/lib/python3.10/site-packages/pkg_action/action_client_demo.py", line 5
[0.625s]     ​
[0.625s]     ^
[0.625s] SyntaxError: invalid non-printable character U+200B
[0.625s] 
[0.625s] byte-compiling /var/robotic/yahboomcar_ws/install/pkg_action/lib/python3.10/site-packages/pkg_action/action_server_demo.py to action_server_demo.cpython-310.pyc
[0.626s] running install_data
[0.626s] running install_egg_info
[0.628s] removing '/var/robotic/yahboomcar_ws/install/pkg_action/lib/python3.10/site-packages/pkg_action-0.0.0-py3.10.egg-info' (and everything under it)
[0.629s] Copying ../../build/pkg_action/pkg_action.egg-info to /var/robotic/yahboomcar_ws/install/pkg_action/lib/python3.10/site-packages/pkg_action-0.0.0-py3.10.egg-info
[0.629s] running install_scripts
[0.641s] Installing action_server_demo script to /var/robotic/yahboomcar_ws/install/pkg_action/lib/pkg_action
[0.641s] writing list of installed files to '/var/robotic/yahboomcar_ws/build/pkg_action/install.log'
[0.652s] Invoked command in '/var/robotic/yahboomcar_ws/src/pkg_action' returned '0': PYTHONPATH=/var/robotic/yahboomcar_ws/build/pkg_action/prefix_override:/usr/lib/python3/dist-packages/colcon_core/task/python/colcon_distutils_commands:/var/robotic/yahboomcar_ws/install/pkg_action/lib/python3.10/site-packages:${PYTHONPATH} /usr/bin/python3 -W ignore:setup.py install is deprecated -W ignore:easy_install command is deprecated setup.py egg_info --egg-base ../../build/pkg_action build --build-base /var/robotic/yahboomcar_ws/build/pkg_action/build install --record /var/robotic/yahboomcar_ws/build/pkg_action/install.log --single-version-externally-managed install_data
