running egg_info
writing ../../build/pkg_service/pkg_service.egg-info/PKG-INFO
writing dependency_links to ../../build/pkg_service/pkg_service.egg-info/dependency_links.txt
writing entry points to ../../build/pkg_service/pkg_service.egg-info/entry_points.txt
writing requirements to ../../build/pkg_service/pkg_service.egg-info/requires.txt
writing top-level names to ../../build/pkg_service/pkg_service.egg-info/top_level.txt
reading manifest file '../../build/pkg_service/pkg_service.egg-info/SOURCES.txt'
writing manifest file '../../build/pkg_service/pkg_service.egg-info/SOURCES.txt'
running build
running build_py
copying pkg_service/client_demo.py -> /var/robotic/yahboomcar_ws/build/pkg_service/build/lib/pkg_service
running install
running install_lib
copying /var/robotic/yahboomcar_ws/build/pkg_service/build/lib/pkg_service/client_demo.py -> /var/robotic/yahboomcar_ws/install/pkg_service/lib/python3.10/site-packages/pkg_service
byte-compiling /var/robotic/yahboomcar_ws/install/pkg_service/lib/python3.10/site-packages/pkg_service/client_demo.py to client_demo.cpython-310.pyc
running install_data
running install_egg_info
removing '/var/robotic/yahboomcar_ws/install/pkg_service/lib/python3.10/site-packages/pkg_service-0.0.0-py3.10.egg-info' (and everything under it)
Copying ../../build/pkg_service/pkg_service.egg-info to /var/robotic/yahboomcar_ws/install/pkg_service/lib/python3.10/site-packages/pkg_service-0.0.0-py3.10.egg-info
running install_scripts
Installing client_demo script to /var/robotic/yahboomcar_ws/install/pkg_service/lib/pkg_service
Installing server_demo script to /var/robotic/yahboomcar_ws/install/pkg_service/lib/pkg_service
writing list of installed files to '/var/robotic/yahboomcar_ws/build/pkg_service/install.log'
