[0.339s] Invoking command in '/var/robotic/yahboomcar_ws/src/pkg_service': PYTHONPATH=/var/robotic/yahboomcar_ws/build/pkg_service/prefix_override:/usr/lib/python3/dist-packages/colcon_core/task/python/colcon_distutils_commands:/var/robotic/yahboomcar_ws/install/pkg_service/lib/python3.10/site-packages:${PYTHONPATH} /usr/bin/python3 -W ignore:setup.py install is deprecated -W ignore:easy_install command is deprecated setup.py egg_info --egg-base ../../build/pkg_service build --build-base /var/robotic/yahboomcar_ws/build/pkg_service/build install --record /var/robotic/yahboomcar_ws/build/pkg_service/install.log --single-version-externally-managed install_data
[0.462s] running egg_info
[0.463s] writing ../../build/pkg_service/pkg_service.egg-info/PKG-INFO
[0.463s] writing dependency_links to ../../build/pkg_service/pkg_service.egg-info/dependency_links.txt
[0.463s] writing entry points to ../../build/pkg_service/pkg_service.egg-info/entry_points.txt
[0.463s] writing requirements to ../../build/pkg_service/pkg_service.egg-info/requires.txt
[0.463s] writing top-level names to ../../build/pkg_service/pkg_service.egg-info/top_level.txt
[0.464s] reading manifest file '../../build/pkg_service/pkg_service.egg-info/SOURCES.txt'
[0.464s] writing manifest file '../../build/pkg_service/pkg_service.egg-info/SOURCES.txt'
[0.465s] running build
[0.465s] running build_py
[0.465s] copying pkg_service/client_demo.py -> /var/robotic/yahboomcar_ws/build/pkg_service/build/lib/pkg_service
[0.465s] running install
[0.465s] running install_lib
[0.465s] copying /var/robotic/yahboomcar_ws/build/pkg_service/build/lib/pkg_service/client_demo.py -> /var/robotic/yahboomcar_ws/install/pkg_service/lib/python3.10/site-packages/pkg_service
[0.466s] byte-compiling /var/robotic/yahboomcar_ws/install/pkg_service/lib/python3.10/site-packages/pkg_service/client_demo.py to client_demo.cpython-310.pyc
[0.466s] running install_data
[0.466s] running install_egg_info
[0.468s] removing '/var/robotic/yahboomcar_ws/install/pkg_service/lib/python3.10/site-packages/pkg_service-0.0.0-py3.10.egg-info' (and everything under it)
[0.468s] Copying ../../build/pkg_service/pkg_service.egg-info to /var/robotic/yahboomcar_ws/install/pkg_service/lib/python3.10/site-packages/pkg_service-0.0.0-py3.10.egg-info
[0.469s] running install_scripts
[0.480s] Installing client_demo script to /var/robotic/yahboomcar_ws/install/pkg_service/lib/pkg_service
[0.480s] Installing server_demo script to /var/robotic/yahboomcar_ws/install/pkg_service/lib/pkg_service
[0.480s] writing list of installed files to '/var/robotic/yahboomcar_ws/build/pkg_service/install.log'
[0.493s] Invoked command in '/var/robotic/yahboomcar_ws/src/pkg_service' returned '0': PYTHONPATH=/var/robotic/yahboomcar_ws/build/pkg_service/prefix_override:/usr/lib/python3/dist-packages/colcon_core/task/python/colcon_distutils_commands:/var/robotic/yahboomcar_ws/install/pkg_service/lib/python3.10/site-packages:${PYTHONPATH} /usr/bin/python3 -W ignore:setup.py install is deprecated -W ignore:easy_install command is deprecated setup.py egg_info --egg-base ../../build/pkg_service build --build-base /var/robotic/yahboomcar_ws/build/pkg_service/build install --record /var/robotic/yahboomcar_ws/build/pkg_service/install.log --single-version-externally-managed install_data
