running egg_info
writing ../../build/pkg_topic/pkg_topic.egg-info/PKG-INFO
writing dependency_links to ../../build/pkg_topic/pkg_topic.egg-info/dependency_links.txt
writing entry points to ../../build/pkg_topic/pkg_topic.egg-info/entry_points.txt
writing requirements to ../../build/pkg_topic/pkg_topic.egg-info/requires.txt
writing top-level names to ../../build/pkg_topic/pkg_topic.egg-info/top_level.txt
reading manifest file '../../build/pkg_topic/pkg_topic.egg-info/SOURCES.txt'
writing manifest file '../../build/pkg_topic/pkg_topic.egg-info/SOURCES.txt'
running build
running build_py
running install
running install_lib
running install_data
running install_egg_info
removing '/var/robotic/yahboomcar_ws/install/pkg_topic/lib/python3.10/site-packages/pkg_topic-0.0.0-py3.10.egg-info' (and everything under it)
Copying ../../build/pkg_topic/pkg_topic.egg-info to /var/robotic/yahboomcar_ws/install/pkg_topic/lib/python3.10/site-packages/pkg_topic-0.0.0-py3.10.egg-info
running install_scripts
Installing publisher_demo script to /var/robotic/yahboomcar_ws/install/pkg_topic/lib/pkg_topic
Installing subscriber_demo script to /var/robotic/yahboomcar_ws/install/pkg_topic/lib/pkg_topic
writing list of installed files to '/var/robotic/yahboomcar_ws/build/pkg_topic/install.log'
