[0.305s] Invoking command in '/var/robotic/yahboomcar_ws/src/pkg_topic': PYTHONPATH=/var/robotic/yahboomcar_ws/build/pkg_topic/prefix_override:/usr/lib/python3/dist-packages/colcon_core/task/python/colcon_distutils_commands:/var/robotic/yahboomcar_ws/install/pkg_topic/lib/python3.10/site-packages:${PYTHONPATH} /usr/bin/python3 -W ignore:setup.py install is deprecated -W ignore:easy_install command is deprecated setup.py egg_info --egg-base ../../build/pkg_topic build --build-base /var/robotic/yahboomcar_ws/build/pkg_topic/build install --record /var/robotic/yahboomcar_ws/build/pkg_topic/install.log --single-version-externally-managed install_data
[0.427s] running egg_info
[0.427s] writing ../../build/pkg_topic/pkg_topic.egg-info/PKG-INFO
[0.427s] writing dependency_links to ../../build/pkg_topic/pkg_topic.egg-info/dependency_links.txt
[0.427s] writing entry points to ../../build/pkg_topic/pkg_topic.egg-info/entry_points.txt
[0.427s] writing requirements to ../../build/pkg_topic/pkg_topic.egg-info/requires.txt
[0.427s] writing top-level names to ../../build/pkg_topic/pkg_topic.egg-info/top_level.txt
[0.428s] reading manifest file '../../build/pkg_topic/pkg_topic.egg-info/SOURCES.txt'
[0.429s] writing manifest file '../../build/pkg_topic/pkg_topic.egg-info/SOURCES.txt'
[0.429s] running build
[0.429s] running build_py
[0.429s] running install
[0.429s] running install_lib
[0.430s] running install_data
[0.430s] running install_egg_info
[0.430s] removing '/var/robotic/yahboomcar_ws/install/pkg_topic/lib/python3.10/site-packages/pkg_topic-0.0.0-py3.10.egg-info' (and everything under it)
[0.430s] Copying ../../build/pkg_topic/pkg_topic.egg-info to /var/robotic/yahboomcar_ws/install/pkg_topic/lib/python3.10/site-packages/pkg_topic-0.0.0-py3.10.egg-info
[0.431s] running install_scripts
[0.442s] Installing publisher_demo script to /var/robotic/yahboomcar_ws/install/pkg_topic/lib/pkg_topic
[0.442s] Installing subscriber_demo script to /var/robotic/yahboomcar_ws/install/pkg_topic/lib/pkg_topic
[0.443s] writing list of installed files to '/var/robotic/yahboomcar_ws/build/pkg_topic/install.log'
[0.457s] Invoked command in '/var/robotic/yahboomcar_ws/src/pkg_topic' returned '0': PYTHONPATH=/var/robotic/yahboomcar_ws/build/pkg_topic/prefix_override:/usr/lib/python3/dist-packages/colcon_core/task/python/colcon_distutils_commands:/var/robotic/yahboomcar_ws/install/pkg_topic/lib/python3.10/site-packages:${PYTHONPATH} /usr/bin/python3 -W ignore:setup.py install is deprecated -W ignore:easy_install command is deprecated setup.py egg_info --egg-base ../../build/pkg_topic build --build-base /var/robotic/yahboomcar_ws/build/pkg_topic/build install --record /var/robotic/yahboomcar_ws/build/pkg_topic/install.log --single-version-externally-managed install_data
