[0.005s] Invoking command in '/var/robotic/yahboomcar_ws/build/MoveIt_demo': CMAKE_PREFIX_PATH=/opt/ros/humble /usr/bin/cmake /var/robotic/yahboomcar_ws/src/MoveIt_demo -DCMAKE_INSTALL_PREFIX=/var/robotic/yahboomcar_ws/install/MoveIt_demo
[0.121s] -- The C compiler identification is GNU 11.4.0
[0.216s] -- The CXX compiler identification is GNU 11.4.0
[0.227s] -- Detecting C compiler ABI info
[0.294s] -- Detecting C compiler ABI info - done
[0.298s] -- Check for working C compiler: /usr/bin/cc - skipped
[0.299s] -- Detecting C compile features
[0.300s] -- Detecting C compile features - done
[0.303s] -- Detecting CXX compiler ABI info
[0.364s] -- Detecting CXX compiler ABI info - done
[0.368s] -- Check for working CXX compiler: /usr/bin/c++ - skipped
[0.368s] -- Detecting CXX compile features
[0.368s] -- Detecting CXX compile features - done
[0.373s] -- Found ament_cmake: 1.3.12 (/opt/ros/humble/share/ament_cmake/cmake)
[0.463s] -- Found Python3: /usr/bin/python3 (found version "3.10.12") found components: Interpreter 
[0.549s] -- Found rclcpp: 16.0.17 (/opt/ros/humble/share/rclcpp/cmake)
[0.593s] -- Found rosidl_generator_c: 3.1.8 (/opt/ros/humble/share/rosidl_generator_c/cmake)
[0.596s] -- Found rosidl_adapter: 3.1.8 (/opt/ros/humble/share/rosidl_adapter/cmake)
[0.605s] -- Found rosidl_generator_cpp: 3.1.8 (/opt/ros/humble/share/rosidl_generator_cpp/cmake)
[0.618s] -- Using all available rosidl_typesupport_c: rosidl_typesupport_fastrtps_c;rosidl_typesupport_introspection_c
[0.633s] -- Using all available rosidl_typesupport_cpp: rosidl_typesupport_fastrtps_cpp;rosidl_typesupport_introspection_cpp
[0.671s] -- Found rmw_implementation_cmake: 6.1.2 (/opt/ros/humble/share/rmw_implementation_cmake/cmake)
[0.675s] -- Found rmw_fastrtps_cpp: 6.2.9 (/opt/ros/humble/share/rmw_fastrtps_cpp/cmake)
[0.740s] -- Found OpenSSL: /usr/lib/x86_64-linux-gnu/libcrypto.so (found version "3.0.2")  
[0.756s] -- Found FastRTPS: /opt/ros/humble/include  
[0.777s] -- Using RMW implementation 'rmw_fastrtps_cpp' as default
[0.787s] -- Looking for pthread.h
[0.842s] -- Looking for pthread.h - found
[0.842s] -- Performing Test CMAKE_HAVE_LIBC_PTHREAD
[0.890s] -- Performing Test CMAKE_HAVE_LIBC_PTHREAD - Success
[0.890s] -- Found Threads: TRUE  
[0.940s] -- Found moveit_ros_planning_interface: 2.5.9 (/opt/ros/humble/share/moveit_ros_planning_interface/cmake)
[0.970s] -- Found Boost: /usr/lib/x86_64-linux-gnu/cmake/Boost-1.74.0/BoostConfig.cmake (found version "1.74.0") found components: date_time filesystem program_options system thread 
[1.143s] -- Found Boost: /usr/lib/x86_64-linux-gnu/cmake/Boost-1.74.0/BoostConfig.cmake (found version "1.74.0") found components: chrono date_time filesystem iostreams program_options regex serialization system thread 
[1.178s] -- Found parameter_traits: 0.6.0 (/opt/ros/humble/share/parameter_traits/cmake)
[1.189s] -- Found rclcpp_lifecycle: 16.0.17 (/opt/ros/humble/share/rclcpp_lifecycle/cmake)
[1.215s] -- Found Boost: /usr/lib/x86_64-linux-gnu/cmake/Boost-1.74.0/BoostConfig.cmake (found version "1.74.0") found components: filesystem 
[1.281s] -- library: /usr/lib/x86_64-linux-gnu/libcurl.so
[1.309s] -- Found Eigen3: TRUE (found version "3.4.0") 
[1.309s] -- Ensuring Eigen3 include directory is part of orocos-kdl CMake target
[1.426s] -- Found Boost: /usr/lib/x86_64-linux-gnu/cmake/Boost-1.74.0/BoostConfig.cmake (found version "1.74.0") found components: system filesystem date_time program_options thread chrono 
[1.446s] -- Found Boost: /usr/lib/x86_64-linux-gnu/cmake/Boost-1.74.0/BoostConfig.cmake (found version "1.74.0") found components: thread system filesystem regex date_time program_options 
[1.461s] -- Found Boost: /usr/lib/x86_64-linux-gnu/cmake/Boost-1.74.0/BoostConfig.cmake (found version "1.74.0") found components: system filesystem date_time program_options thread 
[1.486s] [31mCMake Error at CMakeLists.txt:12 (find_package):
[1.486s]   By not providing "Findgraph_msgs.cmake" in CMAKE_MODULE_PATH this project
[1.486s]   has asked CMake to find a package configuration file provided by
[1.486s]   "graph_msgs", but CMake did not find one.
[1.486s] 
[1.486s]   Could not find a package configuration file provided by "graph_msgs" with
[1.486s]   any of the following names:
[1.486s] 
[1.486s]     graph_msgsConfig.cmake
[1.486s]     graph_msgs-config.cmake
[1.486s] 
[1.486s]   Add the installation prefix of "graph_msgs" to CMAKE_PREFIX_PATH or set
[1.486s]   "graph_msgs_DIR" to a directory containing one of the above files.  If
[1.486s]   "graph_msgs" provides a separate development package or SDK, be sure it has
[1.486s]   been installed.
[1.486s] 
[1.486s] [0m
[1.486s] -- Configuring incomplete, errors occurred!
[1.486s] See also "/var/robotic/yahboomcar_ws/build/MoveIt_demo/CMakeFiles/CMakeOutput.log".
[1.495s] Invoked command in '/var/robotic/yahboomcar_ws/build/MoveIt_demo' returned '1': CMAKE_PREFIX_PATH=/opt/ros/humble /usr/bin/cmake /var/robotic/yahboomcar_ws/src/MoveIt_demo -DCMAKE_INSTALL_PREFIX=/var/robotic/yahboomcar_ws/install/MoveIt_demo
