[0.428s] Invoking command in '/var/robotic/yahboomcar_ws/src/yahboom_M3Pro_description': PYTHONPATH=/var/robotic/yahboomcar_ws/build/yahboom_M3Pro_description/prefix_override:/usr/lib/python3/dist-packages/colcon_core/task/python/colcon_distutils_commands:/var/robotic/yahboomcar_ws/install/yahboom_M3Pro_description/lib/python3.10/site-packages:${PYTHONPATH} /usr/bin/python3 -W ignore:setup.py install is deprecated -W ignore:easy_install command is deprecated setup.py egg_info --egg-base ../../build/yahboom_M3Pro_description build --build-base /var/robotic/yahboomcar_ws/build/yahboom_M3Pro_description/build install --record /var/robotic/yahboomcar_ws/build/yahboom_M3Pro_description/install.log --single-version-externally-managed install_data
[0.546s] running egg_info
[0.547s] writing ../../build/yahboom_M3Pro_description/yahboom_M3Pro_description.egg-info/PKG-INFO
[0.547s] writing dependency_links to ../../build/yahboom_M3Pro_description/yahboom_M3Pro_description.egg-info/dependency_links.txt
[0.547s] writing entry points to ../../build/yahboom_M3Pro_description/yahboom_M3Pro_description.egg-info/entry_points.txt
[0.547s] writing requirements to ../../build/yahboom_M3Pro_description/yahboom_M3Pro_description.egg-info/requires.txt
[0.548s] writing top-level names to ../../build/yahboom_M3Pro_description/yahboom_M3Pro_description.egg-info/top_level.txt
[0.549s] reading manifest file '../../build/yahboom_M3Pro_description/yahboom_M3Pro_description.egg-info/SOURCES.txt'
[0.549s] writing manifest file '../../build/yahboom_M3Pro_description/yahboom_M3Pro_description.egg-info/SOURCES.txt'
[0.549s] running build
[0.550s] running build_py
[0.550s] running install
[0.550s] running install_lib
[0.551s] running install_data
[0.551s] running install_egg_info
[0.552s] removing '/var/robotic/yahboomcar_ws/install/yahboom_M3Pro_description/lib/python3.10/site-packages/yahboom_M3Pro_description-0.0.0-py3.10.egg-info' (and everything under it)
[0.553s] Copying ../../build/yahboom_M3Pro_description/yahboom_M3Pro_description.egg-info to /var/robotic/yahboomcar_ws/install/yahboom_M3Pro_description/lib/python3.10/site-packages/yahboom_M3Pro_description-0.0.0-py3.10.egg-info
[0.553s] running install_scripts
[0.564s] writing list of installed files to '/var/robotic/yahboomcar_ws/build/yahboom_M3Pro_description/install.log'
[0.577s] Invoked command in '/var/robotic/yahboomcar_ws/src/yahboom_M3Pro_description' returned '0': PYTHONPATH=/var/robotic/yahboomcar_ws/build/yahboom_M3Pro_description/prefix_override:/usr/lib/python3/dist-packages/colcon_core/task/python/colcon_distutils_commands:/var/robotic/yahboomcar_ws/install/yahboom_M3Pro_description/lib/python3.10/site-packages:${PYTHONPATH} /usr/bin/python3 -W ignore:setup.py install is deprecated -W ignore:easy_install command is deprecated setup.py egg_info --egg-base ../../build/yahboom_M3Pro_description build --build-base /var/robotic/yahboomcar_ws/build/yahboom_M3Pro_description/build install --record /var/robotic/yahboomcar_ws/build/yahboom_M3Pro_description/install.log --single-version-externally-managed install_data
