running egg_info
creating ../../build/pkg_service/pkg_service.egg-info
writing ../../build/pkg_service/pkg_service.egg-info/PKG-INFO
writing dependency_links to ../../build/pkg_service/pkg_service.egg-info/dependency_links.txt
writing entry points to ../../build/pkg_service/pkg_service.egg-info/entry_points.txt
writing requirements to ../../build/pkg_service/pkg_service.egg-info/requires.txt
writing top-level names to ../../build/pkg_service/pkg_service.egg-info/top_level.txt
writing manifest file '../../build/pkg_service/pkg_service.egg-info/SOURCES.txt'
reading manifest file '../../build/pkg_service/pkg_service.egg-info/SOURCES.txt'
writing manifest file '../../build/pkg_service/pkg_service.egg-info/SOURCES.txt'
running build
running build_py
creating /var/robotic/yahboomcar_ws/build/pkg_service/build
creating /var/robotic/yahboomcar_ws/build/pkg_service/build/lib
creating /var/robotic/yahboomcar_ws/build/pkg_service/build/lib/pkg_service
copying pkg_service/server_demo.py -> /var/robotic/yahboomcar_ws/build/pkg_service/build/lib/pkg_service
copying pkg_service/__init__.py -> /var/robotic/yahboomcar_ws/build/pkg_service/build/lib/pkg_service
running install
running install_lib
creating /var/robotic/yahboomcar_ws/install/pkg_service/lib/python3.10/site-packages/pkg_service
copying /var/robotic/yahboomcar_ws/build/pkg_service/build/lib/pkg_service/server_demo.py -> /var/robotic/yahboomcar_ws/install/pkg_service/lib/python3.10/site-packages/pkg_service
copying /var/robotic/yahboomcar_ws/build/pkg_service/build/lib/pkg_service/__init__.py -> /var/robotic/yahboomcar_ws/install/pkg_service/lib/python3.10/site-packages/pkg_service
byte-compiling /var/robotic/yahboomcar_ws/install/pkg_service/lib/python3.10/site-packages/pkg_service/server_demo.py to server_demo.cpython-310.pyc
byte-compiling /var/robotic/yahboomcar_ws/install/pkg_service/lib/python3.10/site-packages/pkg_service/__init__.py to __init__.cpython-310.pyc
running install_data
creating /var/robotic/yahboomcar_ws/install/pkg_service/share/ament_index
creating /var/robotic/yahboomcar_ws/install/pkg_service/share/ament_index/resource_index
creating /var/robotic/yahboomcar_ws/install/pkg_service/share/ament_index/resource_index/packages
copying resource/pkg_service -> /var/robotic/yahboomcar_ws/install/pkg_service/share/ament_index/resource_index/packages
copying package.xml -> /var/robotic/yahboomcar_ws/install/pkg_service/share/pkg_service
running install_egg_info
Copying ../../build/pkg_service/pkg_service.egg-info to /var/robotic/yahboomcar_ws/install/pkg_service/lib/python3.10/site-packages/pkg_service-0.0.0-py3.10.egg-info
running install_scripts
Installing server_demo script to /var/robotic/yahboomcar_ws/install/pkg_service/lib/pkg_service
writing list of installed files to '/var/robotic/yahboomcar_ws/build/pkg_service/install.log'
