[0.344s] Invoking command in '/var/robotic/yahboomcar_ws/src/pkg_service': PYTHONPATH=/var/robotic/yahboomcar_ws/build/pkg_service/prefix_override:/usr/lib/python3/dist-packages/colcon_core/task/python/colcon_distutils_commands:/var/robotic/yahboomcar_ws/install/pkg_service/lib/python3.10/site-packages:${PYTHONPATH} /usr/bin/python3 -W ignore:setup.py install is deprecated -W ignore:easy_install command is deprecated setup.py egg_info --egg-base ../../build/pkg_service build --build-base /var/robotic/yahboomcar_ws/build/pkg_service/build install --record /var/robotic/yahboomcar_ws/build/pkg_service/install.log --single-version-externally-managed install_data
[0.475s] running egg_info
[0.475s] creating ../../build/pkg_service/pkg_service.egg-info
[0.475s] writing ../../build/pkg_service/pkg_service.egg-info/PKG-INFO
[0.475s] writing dependency_links to ../../build/pkg_service/pkg_service.egg-info/dependency_links.txt
[0.475s] writing entry points to ../../build/pkg_service/pkg_service.egg-info/entry_points.txt
[0.475s] writing requirements to ../../build/pkg_service/pkg_service.egg-info/requires.txt
[0.475s] writing top-level names to ../../build/pkg_service/pkg_service.egg-info/top_level.txt
[0.475s] writing manifest file '../../build/pkg_service/pkg_service.egg-info/SOURCES.txt'
[0.477s] reading manifest file '../../build/pkg_service/pkg_service.egg-info/SOURCES.txt'
[0.477s] writing manifest file '../../build/pkg_service/pkg_service.egg-info/SOURCES.txt'
[0.477s] running build
[0.478s] running build_py
[0.478s] creating /var/robotic/yahboomcar_ws/build/pkg_service/build
[0.478s] creating /var/robotic/yahboomcar_ws/build/pkg_service/build/lib
[0.478s] creating /var/robotic/yahboomcar_ws/build/pkg_service/build/lib/pkg_service
[0.478s] copying pkg_service/server_demo.py -> /var/robotic/yahboomcar_ws/build/pkg_service/build/lib/pkg_service
[0.478s] copying pkg_service/__init__.py -> /var/robotic/yahboomcar_ws/build/pkg_service/build/lib/pkg_service
[0.478s] running install
[0.478s] running install_lib
[0.479s] creating /var/robotic/yahboomcar_ws/install/pkg_service/lib/python3.10/site-packages/pkg_service
[0.479s] copying /var/robotic/yahboomcar_ws/build/pkg_service/build/lib/pkg_service/server_demo.py -> /var/robotic/yahboomcar_ws/install/pkg_service/lib/python3.10/site-packages/pkg_service
[0.479s] copying /var/robotic/yahboomcar_ws/build/pkg_service/build/lib/pkg_service/__init__.py -> /var/robotic/yahboomcar_ws/install/pkg_service/lib/python3.10/site-packages/pkg_service
[0.479s] byte-compiling /var/robotic/yahboomcar_ws/install/pkg_service/lib/python3.10/site-packages/pkg_service/server_demo.py to server_demo.cpython-310.pyc
[0.479s] byte-compiling /var/robotic/yahboomcar_ws/install/pkg_service/lib/python3.10/site-packages/pkg_service/__init__.py to __init__.cpython-310.pyc
[0.479s] running install_data
[0.480s] creating /var/robotic/yahboomcar_ws/install/pkg_service/share/ament_index
[0.480s] creating /var/robotic/yahboomcar_ws/install/pkg_service/share/ament_index/resource_index
[0.480s] creating /var/robotic/yahboomcar_ws/install/pkg_service/share/ament_index/resource_index/packages
[0.480s] copying resource/pkg_service -> /var/robotic/yahboomcar_ws/install/pkg_service/share/ament_index/resource_index/packages
[0.480s] copying package.xml -> /var/robotic/yahboomcar_ws/install/pkg_service/share/pkg_service
[0.480s] running install_egg_info
[0.481s] Copying ../../build/pkg_service/pkg_service.egg-info to /var/robotic/yahboomcar_ws/install/pkg_service/lib/python3.10/site-packages/pkg_service-0.0.0-py3.10.egg-info
[0.481s] running install_scripts
[0.492s] Installing server_demo script to /var/robotic/yahboomcar_ws/install/pkg_service/lib/pkg_service
[0.492s] writing list of installed files to '/var/robotic/yahboomcar_ws/build/pkg_service/install.log'
[0.503s] Invoked command in '/var/robotic/yahboomcar_ws/src/pkg_service' returned '0': PYTHONPATH=/var/robotic/yahboomcar_ws/build/pkg_service/prefix_override:/usr/lib/python3/dist-packages/colcon_core/task/python/colcon_distutils_commands:/var/robotic/yahboomcar_ws/install/pkg_service/lib/python3.10/site-packages:${PYTHONPATH} /usr/bin/python3 -W ignore:setup.py install is deprecated -W ignore:easy_install command is deprecated setup.py egg_info --egg-base ../../build/pkg_service build --build-base /var/robotic/yahboomcar_ws/build/pkg_service/build install --record /var/robotic/yahboomcar_ws/build/pkg_service/install.log --single-version-externally-managed install_data
