[0.000000] (-) TimerEvent: {}
[0.000156] (-) JobUnselected: {'identifier': 'M3Pro_MoveIt_demo'}
[0.000180] (-) JobUnselected: {'identifier': 'M3Pro_config'}
[0.000199] (-) JobUnselected: {'identifier': 'M3Pro_demo'}
[0.000216] (-) JobUnselected: {'identifier': 'MoveIt_demo'}
[0.000234] (-) JobUnselected: {'identifier': 'arm_driver'}
[0.000252] (-) JobUnselected: {'identifier': 'arm_kin'}
[0.000274] (-) JobUnselected: {'identifier': 'arm_msgs'}
[0.000292] (-) JobUnselected: {'identifier': 'test_config'}
[0.000310] (-) JobUnselected: {'identifier': 'test_moveit_config'}
[0.000328] (-) JobUnselected: {'identifier': 'yahboom_M3Pro_DepthCam'}
[0.000346] (-) JobUnselected: {'identifier': 'yahboom_M3Pro_description'}
[0.000354] (-) JobUnselected: {'identifier': 'yahboom_M3Pro_laser'}
[0.000361] (-) JobUnselected: {'identifier': 'yahboom_yolov8'}
[0.000368] (-) JobUnselected: {'identifier': 'yahboomcar_ctrl'}
[0.000375] (-) JobUnselected: {'identifier': 'yahboomcar_mediapipe'}
[0.000381] (-) JobUnselected: {'identifier': 'yahboomcar_msgs'}
[0.000389] (arm_interface) JobQueued: {'identifier': 'arm_interface', 'dependencies': OrderedDict()}
[0.000689] (arm_interface) JobStarted: {'identifier': 'arm_interface'}
[0.005977] (arm_interface) JobProgress: {'identifier': 'arm_interface', 'progress': 'cmake'}
[0.006302] (arm_interface) JobProgress: {'identifier': 'arm_interface', 'progress': 'build'}
[0.006701] (arm_interface) Command: {'cmd': ['/usr/bin/cmake', '--build', '/var/robotic/yahboomcar_ws/build/arm_interface', '--', '-j2', '-l2'], 'cwd': '/var/robotic/yahboomcar_ws/build/arm_interface', 'env': OrderedDict([('npm_config_devdir', '/tmp/cursor-sandbox-cache/0a89fd5853a2775f9221d2afb3efaa11/node-gyp'), ('LESSOPEN', '| /usr/bin/lesspipe %s'), ('VSCODE_CWD', '/home/spen'), ('VSCODE_ESM_ENTRYPOINT', 'vs/workbench/api/node/extensionHostProcess'), ('PUPPETEER_CACHE_DIR', '/tmp/cursor-sandbox-cache/0a89fd5853a2775f9221d2afb3efaa11/puppeteer'), ('LANGUAGE', 'en_US'), ('USER', 'spen'), ('SSH_CLIENT', '192.168.50.35 2820 22'), ('LC_TIME', 'en_US.UTF-8'), ('VSCODE_NLS_CONFIG', '{"userLocale":"en","osLocale":"en","resolvedLanguage":"en","defaultMessagesFile":"/home/spen/.cursor-server/bin/linux-x64/4f2b772756b8f609e1354b3063de282ccbe7a690/out/nls.messages.json","locale":"en","availableLanguages":{}}'), ('CCACHE_DIR', '/tmp/cursor-sandbox-cache/0a89fd5853a2775f9221d2afb3efaa11/ccache'), ('CI', '1'), ('VSCODE_HANDLES_UNCAUGHT_ERRORS', 'true'), ('XDG_SESSION_TYPE', 'tty'), ('PIP_CACHE_DIR', '/tmp/cursor-sandbox-cache/0a89fd5853a2775f9221d2afb3efaa11/pip'), ('PIPX_HOME', '/tmp/cursor-sandbox-cache/0a89fd5853a2775f9221d2afb3efaa11/pipx'), ('NUGET_PACKAGES', '/tmp/cursor-sandbox-cache/0a89fd5853a2775f9221d2afb3efaa11/nuget'), ('HOMEBREW_CACHE', '/tmp/cursor-sandbox-cache/0a89fd5853a2775f9221d2afb3efaa11/homebrew'), ('SHLVL', '1'), ('LD_LIBRARY_PATH', '/opt/ros/humble/opt/rviz_ogre_vendor/lib:/opt/ros/humble/lib/x86_64-linux-gnu:/opt/ros/humble/lib'), ('BROWSER', '/home/spen/.cursor-server/bin/linux-x64/4f2b772756b8f609e1354b3063de282ccbe7a690/bin/helpers/browser.sh'), ('MOTD_SHOWN', 'pam'), ('HOME', '/home/spen'), ('OLDPWD', '/var/robotic/yahboomcar_ws'), ('VSCODE_IPC_HOOK_CLI', '/run/user/1000/vscode-ipc-c8f91eca-ec4d-4c49-9630-5865a294962b.sock'), ('ROS_PYTHON_VERSION', '3'), ('LC_MONETARY', 'en_US.UTF-8'), ('NO_COLOR', '1'), ('CONDA_PKGS_DIRS', '/tmp/cursor-sandbox-cache/0a89fd5853a2775f9221d2afb3efaa11/conda'), ('DBUS_SESSION_BUS_ADDRESS', 'unix:path=/run/user/1000/bus'), ('VOLTA_HOME', '/tmp/cursor-sandbox-cache/0a89fd5853a2775f9221d2afb3efaa11/volta'), ('COMPOSER_HOME', '/tmp/cursor-sandbox-cache/0a89fd5853a2775f9221d2afb3efaa11/composer'), ('ROS_DISTRO', 'humble'), ('LOGNAME', 'spen'), ('FORCE_COLOR', '0'), ('VSCODE_HANDLES_SIGPIPE', 'true'), ('BUN_INSTALL_CACHE_DIR', '/tmp/cursor-sandbox-cache/0a89fd5853a2775f9221d2afb3efaa11/bun'), ('_', '/usr/bin/colcon'), ('ROS_VERSION', '2'), ('GOMODCACHE', '/tmp/cursor-sandbox-cache/0a89fd5853a2775f9221d2afb3efaa11/go-mod'), ('XDG_SESSION_CLASS', 'user'), ('CP_HOME_DIR', '/tmp/cursor-sandbox-cache/0a89fd5853a2775f9221d2afb3efaa11/cocoapods'), ('TERM', 'dumb'), ('EVERYSPHERE_RIPGREP_PATH', '/home/spen/.cursor-server/bin/linux-x64/4f2b772756b8f609e1354b3063de282ccbe7a690/resources/helpers/rg'), ('XDG_SESSION_ID', '8'), ('RUSTUP_HOME', '/tmp/cursor-sandbox-cache/0a89fd5853a2775f9221d2afb3efaa11/rustup'), ('ROS_LOCALHOST_ONLY', '0'), ('POETRY_CACHE_DIR', '/tmp/cursor-sandbox-cache/0a89fd5853a2775f9221d2afb3efaa11/poetry'), ('PATH', '/home/spen/.cursor-server/bin/linux-x64/4f2b772756b8f609e1354b3063de282ccbe7a690/bin/remote-cli:/opt/ros/humble/bin:/home/spen/.cursor-server/bin/linux-x64/4f2b772756b8f609e1354b3063de282ccbe7a690/bin/remote-cli:/usr/local/sbin:/usr/local/bin:/usr/sbin:/usr/bin:/sbin:/bin:/usr/games:/usr/local/games:/snap/bin'), ('YARN_CACHE_FOLDER', '/tmp/cursor-sandbox-cache/0a89fd5853a2775f9221d2afb3efaa11/yarn'), ('VSCODE_AGENT_FOLDER', '/home/spen/.cursor-server'), ('PAPERSIZE', 'letter'), ('UV_CACHE_DIR', '/tmp/cursor-sandbox-cache/0a89fd5853a2775f9221d2afb3efaa11/uv'), ('LC_ADDRESS', 'en_US.UTF-8'), ('PLAYWRIGHT_BROWSERS_PATH', '/tmp/cursor-sandbox-cache/0a89fd5853a2775f9221d2afb3efaa11/playwright'), ('XDG_RUNTIME_DIR', '/run/user/1000'), ('BUNDLE_PATH', '/tmp/cursor-sandbox-cache/0a89fd5853a2775f9221d2afb3efaa11/bundle'), ('DENO_DIR', '/tmp/cursor-sandbox-cache/0a89fd5853a2775f9221d2afb3efaa11/deno'), ('CURSOR_AGENT', '1'), ('LANG', 'en_US.UTF-8'), ('NX_CACHE_DIRECTORY', '/tmp/cursor-sandbox-cache/0a89fd5853a2775f9221d2afb3efaa11/nx'), ('LC_TELEPHONE', 'en_US.UTF-8'), ('LS_COLORS', ''), ('CYPRESS_CACHE_FOLDER', '/tmp/cursor-sandbox-cache/0a89fd5853a2775f9221d2afb3efaa11/cypress'), ('PNPM_STORE_PATH', '/tmp/cursor-sandbox-cache/0a89fd5853a2775f9221d2afb3efaa11/pnpm-store'), ('AMENT_PREFIX_PATH', '/opt/ros/humble'), ('SHELL', '/bin/bash'), ('CURSOR_SANDBOX', 'native'), ('LC_NAME', 'en_US.UTF-8'), ('VSCODE_SERVER_SHUTDOWN_TIMEOUT', '300'), ('GOCACHE', '/tmp/cursor-sandbox-cache/0a89fd5853a2775f9221d2afb3efaa11/go-build'), ('ELECTRON_RUN_AS_NODE', '1'), ('GEM_HOME', '/tmp/cursor-sandbox-cache/0a89fd5853a2775f9221d2afb3efaa11/gem'), ('LESSCLOSE', '/usr/bin/lesspipe %s %s'), ('LC_MEASUREMENT', 'en_US.UTF-8'), ('LC_IDENTIFICATION', 'en_US.UTF-8'), ('NPM_CONFIG_CACHE', '/tmp/cursor-sandbox-cache/0a89fd5853a2775f9221d2afb3efaa11/npm'), ('PWD', '/var/robotic/yahboomcar_ws/build/arm_interface'), ('GRADLE_USER_HOME', '/tmp/cursor-sandbox-cache/0a89fd5853a2775f9221d2afb3efaa11/gradle'), ('CARGO_HOME', '/tmp/cursor-sandbox-cache/0a89fd5853a2775f9221d2afb3efaa11/cargo'), ('SSH_CONNECTION', '192.168.50.35 2820 192.168.50.88 22'), ('XDG_DATA_DIRS', '/usr/share/gnome:/usr/local/share:/usr/share:/var/lib/snapd/desktop'), ('PYTHONPATH', '/opt/ros/humble/lib/python3.10/site-packages:/opt/ros/humble/local/lib/python3.10/dist-packages'), ('LC_NUMERIC', 'en_US.UTF-8'), ('TURBO_CACHE_DIR', '/tmp/cursor-sandbox-cache/0a89fd5853a2775f9221d2afb3efaa11/turbo'), ('LC_PAPER', 'en_US.UTF-8'), ('COLCON', '1'), ('_ZO_DOCTOR', '0'), ('CURSOR_SANDBOX_LANDLOCK_STATUS', 'fully_enforced'), ('CMAKE_PREFIX_PATH', '/opt/ros/humble')]), 'shell': False}
[0.043169] (arm_interface) StdoutLine: {'line': b'[  1%] Built target arm_interface__cpp\n'}
[0.046171] (arm_interface) StdoutLine: {'line': b'[ 12%] Built target arm_interface__rosidl_generator_c\n'}
[0.060536] (arm_interface) StdoutLine: {'line': b'[ 24%] Built target arm_interface__rosidl_typesupport_cpp\n'}
[0.071221] (arm_interface) StdoutLine: {'line': b'[ 24%] Built target ament_cmake_python_copy_arm_interface\n'}
[0.078269] (arm_interface) StdoutLine: {'line': b'[ 35%] Built target arm_interface__rosidl_typesupport_fastrtps_c\n'}
[0.089012] (arm_interface) StdoutLine: {'line': b'[ 47%] Built target arm_interface__rosidl_typesupport_fastrtps_cpp\n'}
[0.094027] (arm_interface) StdoutLine: {'line': b'[ 58%] Built target arm_interface__rosidl_typesupport_introspection_c\n'}
[0.101115] (-) TimerEvent: {}
[0.104531] (arm_interface) StdoutLine: {'line': b'[ 70%] Built target arm_interface__rosidl_typesupport_c\n'}
[0.111535] (arm_interface) StdoutLine: {'line': b'[ 82%] Built target arm_interface__rosidl_typesupport_introspection_cpp\n'}
[0.124149] (arm_interface) StdoutLine: {'line': b'[ 82%] Built target arm_interface\n'}
[0.137966] (arm_interface) StdoutLine: {'line': b'[ 83%] Built target arm_interface__py\n'}
[0.154076] (arm_interface) StdoutLine: {'line': b'[ 93%] Built target arm_interface__rosidl_generator_py\n'}
[0.168694] (arm_interface) StdoutLine: {'line': b'[ 95%] Built target arm_interface__rosidl_typesupport_fastrtps_c__pyext\n'}
[0.182643] (arm_interface) StdoutLine: {'line': b'[ 97%] Built target arm_interface__rosidl_typesupport_introspection_c__pyext\n'}
[0.197196] (arm_interface) StdoutLine: {'line': b'[100%] Built target arm_interface__rosidl_typesupport_c__pyext\n'}
[0.201177] (-) TimerEvent: {}
[0.226691] (arm_interface) StdoutLine: {'line': b'running egg_info\n'}
[0.227167] (arm_interface) StdoutLine: {'line': b'writing arm_interface.egg-info/PKG-INFO\n'}
[0.227772] (arm_interface) StdoutLine: {'line': b'writing dependency_links to arm_interface.egg-info/dependency_links.txt\n'}
[0.227838] (arm_interface) StdoutLine: {'line': b'writing top-level names to arm_interface.egg-info/top_level.txt\n'}
[0.228865] (arm_interface) StdoutLine: {'line': b"reading manifest file 'arm_interface.egg-info/SOURCES.txt'\n"}
[0.229278] (arm_interface) StdoutLine: {'line': b"writing manifest file 'arm_interface.egg-info/SOURCES.txt'\n"}
[0.243980] (arm_interface) StdoutLine: {'line': b'[100%] Built target ament_cmake_python_build_arm_interface_egg\n'}
[0.252151] (arm_interface) CommandEnded: {'returncode': 0}
[0.252715] (arm_interface) JobProgress: {'identifier': 'arm_interface', 'progress': 'install'}
[0.258145] (arm_interface) Command: {'cmd': ['/usr/bin/cmake', '--install', '/var/robotic/yahboomcar_ws/build/arm_interface'], 'cwd': '/var/robotic/yahboomcar_ws/build/arm_interface', 'env': OrderedDict([('npm_config_devdir', '/tmp/cursor-sandbox-cache/0a89fd5853a2775f9221d2afb3efaa11/node-gyp'), ('LESSOPEN', '| /usr/bin/lesspipe %s'), ('VSCODE_CWD', '/home/spen'), ('VSCODE_ESM_ENTRYPOINT', 'vs/workbench/api/node/extensionHostProcess'), ('PUPPETEER_CACHE_DIR', '/tmp/cursor-sandbox-cache/0a89fd5853a2775f9221d2afb3efaa11/puppeteer'), ('LANGUAGE', 'en_US'), ('USER', 'spen'), ('SSH_CLIENT', '192.168.50.35 2820 22'), ('LC_TIME', 'en_US.UTF-8'), ('VSCODE_NLS_CONFIG', '{"userLocale":"en","osLocale":"en","resolvedLanguage":"en","defaultMessagesFile":"/home/spen/.cursor-server/bin/linux-x64/4f2b772756b8f609e1354b3063de282ccbe7a690/out/nls.messages.json","locale":"en","availableLanguages":{}}'), ('CCACHE_DIR', '/tmp/cursor-sandbox-cache/0a89fd5853a2775f9221d2afb3efaa11/ccache'), ('CI', '1'), ('VSCODE_HANDLES_UNCAUGHT_ERRORS', 'true'), ('XDG_SESSION_TYPE', 'tty'), ('PIP_CACHE_DIR', '/tmp/cursor-sandbox-cache/0a89fd5853a2775f9221d2afb3efaa11/pip'), ('PIPX_HOME', '/tmp/cursor-sandbox-cache/0a89fd5853a2775f9221d2afb3efaa11/pipx'), ('NUGET_PACKAGES', '/tmp/cursor-sandbox-cache/0a89fd5853a2775f9221d2afb3efaa11/nuget'), ('HOMEBREW_CACHE', '/tmp/cursor-sandbox-cache/0a89fd5853a2775f9221d2afb3efaa11/homebrew'), ('SHLVL', '1'), ('LD_LIBRARY_PATH', '/opt/ros/humble/opt/rviz_ogre_vendor/lib:/opt/ros/humble/lib/x86_64-linux-gnu:/opt/ros/humble/lib'), ('BROWSER', '/home/spen/.cursor-server/bin/linux-x64/4f2b772756b8f609e1354b3063de282ccbe7a690/bin/helpers/browser.sh'), ('MOTD_SHOWN', 'pam'), ('HOME', '/home/spen'), ('OLDPWD', '/var/robotic/yahboomcar_ws'), ('VSCODE_IPC_HOOK_CLI', '/run/user/1000/vscode-ipc-c8f91eca-ec4d-4c49-9630-5865a294962b.sock'), ('ROS_PYTHON_VERSION', '3'), ('LC_MONETARY', 'en_US.UTF-8'), ('NO_COLOR', '1'), ('CONDA_PKGS_DIRS', '/tmp/cursor-sandbox-cache/0a89fd5853a2775f9221d2afb3efaa11/conda'), ('DBUS_SESSION_BUS_ADDRESS', 'unix:path=/run/user/1000/bus'), ('VOLTA_HOME', '/tmp/cursor-sandbox-cache/0a89fd5853a2775f9221d2afb3efaa11/volta'), ('COMPOSER_HOME', '/tmp/cursor-sandbox-cache/0a89fd5853a2775f9221d2afb3efaa11/composer'), ('ROS_DISTRO', 'humble'), ('LOGNAME', 'spen'), ('FORCE_COLOR', '0'), ('VSCODE_HANDLES_SIGPIPE', 'true'), ('BUN_INSTALL_CACHE_DIR', '/tmp/cursor-sandbox-cache/0a89fd5853a2775f9221d2afb3efaa11/bun'), ('_', '/usr/bin/colcon'), ('ROS_VERSION', '2'), ('GOMODCACHE', '/tmp/cursor-sandbox-cache/0a89fd5853a2775f9221d2afb3efaa11/go-mod'), ('XDG_SESSION_CLASS', 'user'), ('CP_HOME_DIR', '/tmp/cursor-sandbox-cache/0a89fd5853a2775f9221d2afb3efaa11/cocoapods'), ('TERM', 'dumb'), ('EVERYSPHERE_RIPGREP_PATH', '/home/spen/.cursor-server/bin/linux-x64/4f2b772756b8f609e1354b3063de282ccbe7a690/resources/helpers/rg'), ('XDG_SESSION_ID', '8'), ('RUSTUP_HOME', '/tmp/cursor-sandbox-cache/0a89fd5853a2775f9221d2afb3efaa11/rustup'), ('ROS_LOCALHOST_ONLY', '0'), ('POETRY_CACHE_DIR', '/tmp/cursor-sandbox-cache/0a89fd5853a2775f9221d2afb3efaa11/poetry'), ('PATH', '/home/spen/.cursor-server/bin/linux-x64/4f2b772756b8f609e1354b3063de282ccbe7a690/bin/remote-cli:/opt/ros/humble/bin:/home/spen/.cursor-server/bin/linux-x64/4f2b772756b8f609e1354b3063de282ccbe7a690/bin/remote-cli:/usr/local/sbin:/usr/local/bin:/usr/sbin:/usr/bin:/sbin:/bin:/usr/games:/usr/local/games:/snap/bin'), ('YARN_CACHE_FOLDER', '/tmp/cursor-sandbox-cache/0a89fd5853a2775f9221d2afb3efaa11/yarn'), ('VSCODE_AGENT_FOLDER', '/home/spen/.cursor-server'), ('PAPERSIZE', 'letter'), ('UV_CACHE_DIR', '/tmp/cursor-sandbox-cache/0a89fd5853a2775f9221d2afb3efaa11/uv'), ('LC_ADDRESS', 'en_US.UTF-8'), ('PLAYWRIGHT_BROWSERS_PATH', '/tmp/cursor-sandbox-cache/0a89fd5853a2775f9221d2afb3efaa11/playwright'), ('XDG_RUNTIME_DIR', '/run/user/1000'), ('BUNDLE_PATH', '/tmp/cursor-sandbox-cache/0a89fd5853a2775f9221d2afb3efaa11/bundle'), ('DENO_DIR', '/tmp/cursor-sandbox-cache/0a89fd5853a2775f9221d2afb3efaa11/deno'), ('CURSOR_AGENT', '1'), ('LANG', 'en_US.UTF-8'), ('NX_CACHE_DIRECTORY', '/tmp/cursor-sandbox-cache/0a89fd5853a2775f9221d2afb3efaa11/nx'), ('LC_TELEPHONE', 'en_US.UTF-8'), ('LS_COLORS', ''), ('CYPRESS_CACHE_FOLDER', '/tmp/cursor-sandbox-cache/0a89fd5853a2775f9221d2afb3efaa11/cypress'), ('PNPM_STORE_PATH', '/tmp/cursor-sandbox-cache/0a89fd5853a2775f9221d2afb3efaa11/pnpm-store'), ('AMENT_PREFIX_PATH', '/opt/ros/humble'), ('SHELL', '/bin/bash'), ('CURSOR_SANDBOX', 'native'), ('LC_NAME', 'en_US.UTF-8'), ('VSCODE_SERVER_SHUTDOWN_TIMEOUT', '300'), ('GOCACHE', '/tmp/cursor-sandbox-cache/0a89fd5853a2775f9221d2afb3efaa11/go-build'), ('ELECTRON_RUN_AS_NODE', '1'), ('GEM_HOME', '/tmp/cursor-sandbox-cache/0a89fd5853a2775f9221d2afb3efaa11/gem'), ('LESSCLOSE', '/usr/bin/lesspipe %s %s'), ('LC_MEASUREMENT', 'en_US.UTF-8'), ('LC_IDENTIFICATION', 'en_US.UTF-8'), ('NPM_CONFIG_CACHE', '/tmp/cursor-sandbox-cache/0a89fd5853a2775f9221d2afb3efaa11/npm'), ('PWD', '/var/robotic/yahboomcar_ws/build/arm_interface'), ('GRADLE_USER_HOME', '/tmp/cursor-sandbox-cache/0a89fd5853a2775f9221d2afb3efaa11/gradle'), ('CARGO_HOME', '/tmp/cursor-sandbox-cache/0a89fd5853a2775f9221d2afb3efaa11/cargo'), ('SSH_CONNECTION', '192.168.50.35 2820 192.168.50.88 22'), ('XDG_DATA_DIRS', '/usr/share/gnome:/usr/local/share:/usr/share:/var/lib/snapd/desktop'), ('PYTHONPATH', '/opt/ros/humble/lib/python3.10/site-packages:/opt/ros/humble/local/lib/python3.10/dist-packages'), ('LC_NUMERIC', 'en_US.UTF-8'), ('TURBO_CACHE_DIR', '/tmp/cursor-sandbox-cache/0a89fd5853a2775f9221d2afb3efaa11/turbo'), ('LC_PAPER', 'en_US.UTF-8'), ('COLCON', '1'), ('_ZO_DOCTOR', '0'), ('CURSOR_SANDBOX_LANDLOCK_STATUS', 'fully_enforced'), ('CMAKE_PREFIX_PATH', '/opt/ros/humble')]), 'shell': False}
[0.263610] (arm_interface) StdoutLine: {'line': b'-- Install configuration: ""\n'}
[0.263683] (arm_interface) StdoutLine: {'line': b'-- Up-to-date: /var/robotic/yahboomcar_ws/install/arm_interface/share/ament_index/resource_index/rosidl_interfaces/arm_interface\n'}
[0.263713] (arm_interface) StdoutLine: {'line': b'-- Up-to-date: /var/robotic/yahboomcar_ws/install/arm_interface/include/arm_interface/arm_interface\n'}
[0.263740] (arm_interface) StdoutLine: {'line': b'-- Up-to-date: /var/robotic/yahboomcar_ws/install/arm_interface/include/arm_interface/arm_interface/srv\n'}
[0.263767] (arm_interface) StdoutLine: {'line': b'-- Up-to-date: /var/robotic/yahboomcar_ws/install/arm_interface/include/arm_interface/arm_interface/srv/detail\n'}
[0.263793] (arm_interface) StdoutLine: {'line': b'-- Up-to-date: /var/robotic/yahboomcar_ws/install/arm_interface/include/arm_interface/arm_interface/srv/detail/arm_kinemarics__functions.h\n'}
[0.263824] (arm_interface) StdoutLine: {'line': b'-- Up-to-date: /var/robotic/yahboomcar_ws/install/arm_interface/include/arm_interface/arm_interface/srv/detail/arm_kinemarics__functions.c\n'}
[0.263850] (arm_interface) StdoutLine: {'line': b'-- Up-to-date: /var/robotic/yahboomcar_ws/install/arm_interface/include/arm_interface/arm_interface/srv/detail/arm_kinemarics__struct.h\n'}
[0.263875] (arm_interface) StdoutLine: {'line': b'-- Up-to-date: /var/robotic/yahboomcar_ws/install/arm_interface/include/arm_interface/arm_interface/srv/detail/arm_kinemarics__type_support.h\n'}
[0.263900] (arm_interface) StdoutLine: {'line': b'-- Up-to-date: /var/robotic/yahboomcar_ws/install/arm_interface/include/arm_interface/arm_interface/srv/arm_kinemarics.h\n'}
[0.263925] (arm_interface) StdoutLine: {'line': b'-- Up-to-date: /var/robotic/yahboomcar_ws/install/arm_interface/include/arm_interface/arm_interface/msg\n'}
[0.263950] (arm_interface) StdoutLine: {'line': b'-- Up-to-date: /var/robotic/yahboomcar_ws/install/arm_interface/include/arm_interface/arm_interface/msg/target_xy_roll.h\n'}
[0.263976] (arm_interface) StdoutLine: {'line': b'-- Up-to-date: /var/robotic/yahboomcar_ws/install/arm_interface/include/arm_interface/arm_interface/msg/yolov5_detect.h\n'}
[0.264001] (arm_interface) StdoutLine: {'line': b'-- Up-to-date: /var/robotic/yahboomcar_ws/install/arm_interface/include/arm_interface/arm_interface/msg/arm_joint.h\n'}
[0.264026] (arm_interface) StdoutLine: {'line': b'-- Up-to-date: /var/robotic/yahboomcar_ws/install/arm_interface/include/arm_interface/arm_interface/msg/rosidl_generator_c__visibility_control.h\n'}
[0.264059] (arm_interface) StdoutLine: {'line': b'-- Up-to-date: /var/robotic/yahboomcar_ws/install/arm_interface/include/arm_interface/arm_interface/msg/detail\n'}
[0.265940] (arm_interface) StdoutLine: {'line': b'-- Up-to-date: /var/robotic/yahboomcar_ws/install/arm_interface/include/arm_interface/arm_interface/msg/detail/yolov5_detect__struct.h\n'}
[0.266023] (arm_interface) StdoutLine: {'line': b'-- Up-to-date: /var/robotic/yahboomcar_ws/install/arm_interface/include/arm_interface/arm_interface/msg/detail/april_tag_info__functions.c\n'}
[0.266099] (arm_interface) StdoutLine: {'line': b'-- Up-to-date: /var/robotic/yahboomcar_ws/install/arm_interface/include/arm_interface/arm_interface/msg/detail/yolov5_detect__functions.c\n'}
[0.266129] (arm_interface) StdoutLine: {'line': b'-- Up-to-date: /var/robotic/yahboomcar_ws/install/arm_interface/include/arm_interface/arm_interface/msg/detail/center_xy__functions.c\n'}
[0.266157] (arm_interface) StdoutLine: {'line': b'-- Up-to-date: /var/robotic/yahboomcar_ws/install/arm_interface/include/arm_interface/arm_interface/msg/detail/target_xy_roll__type_support.h\n'}
[0.266466] (arm_interface) StdoutLine: {'line': b'-- Up-to-date: /var/robotic/yahboomcar_ws/install/arm_interface/include/arm_interface/arm_interface/msg/detail/cur_joints__functions.c\n'}
[0.266498] (arm_interface) StdoutLine: {'line': b'-- Up-to-date: /var/robotic/yahboomcar_ws/install/arm_interface/include/arm_interface/arm_interface/msg/detail/position__type_support.h\n'}
[0.266525] (arm_interface) StdoutLine: {'line': b'-- Up-to-date: /var/robotic/yahboomcar_ws/install/arm_interface/include/arm_interface/arm_interface/msg/detail/arm_joint__struct.h\n'}
[0.267070] (arm_interface) StdoutLine: {'line': b'-- Up-to-date: /var/robotic/yahboomcar_ws/install/arm_interface/include/arm_interface/arm_interface/msg/detail/april_tag_info__functions.h\n'}
[0.267238] (arm_interface) StdoutLine: {'line': b'-- Up-to-date: /var/robotic/yahboomcar_ws/install/arm_interface/include/arm_interface/arm_interface/msg/detail/shape_info__functions.h\n'}
[0.267270] (arm_interface) StdoutLine: {'line': b'-- Up-to-date: /var/robotic/yahboomcar_ws/install/arm_interface/include/arm_interface/arm_interface/msg/detail/arm_joint__type_support.h\n'}
[0.267297] (arm_interface) StdoutLine: {'line': b'-- Up-to-date: /var/robotic/yahboomcar_ws/install/arm_interface/include/arm_interface/arm_interface/msg/detail/position__functions.c\n'}
[0.267366] (arm_interface) StdoutLine: {'line': b'-- Up-to-date: /var/robotic/yahboomcar_ws/install/arm_interface/include/arm_interface/arm_interface/msg/detail/target_xy_roll__functions.h\n'}
[0.267435] (arm_interface) StdoutLine: {'line': b'-- Up-to-date: /var/robotic/yahboomcar_ws/install/arm_interface/include/arm_interface/arm_interface/msg/detail/yolov5_detect__type_support.h\n'}
[0.267464] (arm_interface) StdoutLine: {'line': b'-- Up-to-date: /var/robotic/yahboomcar_ws/install/arm_interface/include/arm_interface/arm_interface/msg/detail/april_tag_info__type_support.h\n'}
[0.267490] (arm_interface) StdoutLine: {'line': b'-- Up-to-date: /var/robotic/yahboomcar_ws/install/arm_interface/include/arm_interface/arm_interface/msg/detail/shape_info__functions.c\n'}
[0.267517] (arm_interface) StdoutLine: {'line': b'-- Up-to-date: /var/robotic/yahboomcar_ws/install/arm_interface/include/arm_interface/arm_interface/msg/detail/yolov5_detect__functions.h\n'}
[0.267542] (arm_interface) StdoutLine: {'line': b'-- Up-to-date: /var/robotic/yahboomcar_ws/install/arm_interface/include/arm_interface/arm_interface/msg/detail/position__struct.h\n'}
[0.267567] (arm_interface) StdoutLine: {'line': b'-- Up-to-date: /var/robotic/yahboomcar_ws/install/arm_interface/include/arm_interface/arm_interface/msg/detail/center_xy__type_support.h\n'}
[0.267592] (arm_interface) StdoutLine: {'line': b'-- Up-to-date: /var/robotic/yahboomcar_ws/install/arm_interface/include/arm_interface/arm_interface/msg/detail/target_xy_roll__struct.h\n'}
[0.267616] (arm_interface) StdoutLine: {'line': b'-- Up-to-date: /var/robotic/yahboomcar_ws/install/arm_interface/include/arm_interface/arm_interface/msg/detail/center_xy__functions.h\n'}
[0.267641] (arm_interface) StdoutLine: {'line': b'-- Up-to-date: /var/robotic/yahboomcar_ws/install/arm_interface/include/arm_interface/arm_interface/msg/detail/cur_joints__type_support.h\n'}
[0.267666] (arm_interface) StdoutLine: {'line': b'-- Up-to-date: /var/robotic/yahboomcar_ws/install/arm_interface/include/arm_interface/arm_interface/msg/detail/position__functions.h\n'}
[0.267691] (arm_interface) StdoutLine: {'line': b'-- Up-to-date: /var/robotic/yahboomcar_ws/install/arm_interface/include/arm_interface/arm_interface/msg/detail/april_tag_info__struct.h\n'}
[0.267715] (arm_interface) StdoutLine: {'line': b'-- Up-to-date: /var/robotic/yahboomcar_ws/install/arm_interface/include/arm_interface/arm_interface/msg/detail/shape_info__struct.h\n'}
[0.267740] (arm_interface) StdoutLine: {'line': b'-- Up-to-date: /var/robotic/yahboomcar_ws/install/arm_interface/include/arm_interface/arm_interface/msg/detail/arm_joint__functions.c\n'}
[0.267765] (arm_interface) StdoutLine: {'line': b'-- Up-to-date: /var/robotic/yahboomcar_ws/install/arm_interface/include/arm_interface/arm_interface/msg/detail/shape_info__type_support.h\n'}
[0.267790] (arm_interface) StdoutLine: {'line': b'-- Up-to-date: /var/robotic/yahboomcar_ws/install/arm_interface/include/arm_interface/arm_interface/msg/detail/target_xy_roll__functions.c\n'}
[0.267815] (arm_interface) StdoutLine: {'line': b'-- Up-to-date: /var/robotic/yahboomcar_ws/install/arm_interface/include/arm_interface/arm_interface/msg/detail/cur_joints__functions.h\n'}
[0.267844] (arm_interface) StdoutLine: {'line': b'-- Up-to-date: /var/robotic/yahboomcar_ws/install/arm_interface/include/arm_interface/arm_interface/msg/detail/center_xy__struct.h\n'}
[0.267868] (arm_interface) StdoutLine: {'line': b'-- Up-to-date: /var/robotic/yahboomcar_ws/install/arm_interface/include/arm_interface/arm_interface/msg/detail/arm_joint__functions.h\n'}
[0.267893] (arm_interface) StdoutLine: {'line': b'-- Up-to-date: /var/robotic/yahboomcar_ws/install/arm_interface/include/arm_interface/arm_interface/msg/detail/cur_joints__struct.h\n'}
[0.267932] (arm_interface) StdoutLine: {'line': b'-- Up-to-date: /var/robotic/yahboomcar_ws/install/arm_interface/include/arm_interface/arm_interface/msg/april_tag_info.h\n'}
[0.268018] (arm_interface) StdoutLine: {'line': b'-- Up-to-date: /var/robotic/yahboomcar_ws/install/arm_interface/include/arm_interface/arm_interface/msg/shape_info.h\n'}
[0.268062] (arm_interface) StdoutLine: {'line': b'-- Up-to-date: /var/robotic/yahboomcar_ws/install/arm_interface/include/arm_interface/arm_interface/msg/center_xy.h\n'}
[0.268106] (arm_interface) StdoutLine: {'line': b'-- Up-to-date: /var/robotic/yahboomcar_ws/install/arm_interface/include/arm_interface/arm_interface/msg/position.h\n'}
[0.268136] (arm_interface) StdoutLine: {'line': b'-- Up-to-date: /var/robotic/yahboomcar_ws/install/arm_interface/include/arm_interface/arm_interface/msg/cur_joints.h\n'}
[0.268162] (arm_interface) StdoutLine: {'line': b'-- Up-to-date: /var/robotic/yahboomcar_ws/install/arm_interface/share/arm_interface/environment/library_path.sh\n'}
[0.268188] (arm_interface) StdoutLine: {'line': b'-- Installing: /var/robotic/yahboomcar_ws/install/arm_interface/share/arm_interface/environment/library_path.dsv\n'}
[0.268216] (arm_interface) StdoutLine: {'line': b'-- Up-to-date: /var/robotic/yahboomcar_ws/install/arm_interface/lib/libarm_interface__rosidl_generator_c.so\n'}
[0.268257] (arm_interface) StdoutLine: {'line': b'-- Up-to-date: /var/robotic/yahboomcar_ws/install/arm_interface/include/arm_interface/arm_interface\n'}
[0.268283] (arm_interface) StdoutLine: {'line': b'-- Up-to-date: /var/robotic/yahboomcar_ws/install/arm_interface/include/arm_interface/arm_interface/srv\n'}
[0.268309] (arm_interface) StdoutLine: {'line': b'-- Up-to-date: /var/robotic/yahboomcar_ws/install/arm_interface/include/arm_interface/arm_interface/srv/detail\n'}
[0.268334] (arm_interface) StdoutLine: {'line': b'-- Up-to-date: /var/robotic/yahboomcar_ws/install/arm_interface/include/arm_interface/arm_interface/srv/detail/arm_kinemarics__rosidl_typesupport_fastrtps_c.h\n'}
[0.268360] (arm_interface) StdoutLine: {'line': b'-- Up-to-date: /var/robotic/yahboomcar_ws/install/arm_interface/include/arm_interface/arm_interface/msg\n'}
[0.268386] (arm_interface) StdoutLine: {'line': b'-- Up-to-date: /var/robotic/yahboomcar_ws/install/arm_interface/include/arm_interface/arm_interface/msg/detail\n'}
[0.268410] (arm_interface) StdoutLine: {'line': b'-- Up-to-date: /var/robotic/yahboomcar_ws/install/arm_interface/include/arm_interface/arm_interface/msg/detail/shape_info__rosidl_typesupport_fastrtps_c.h\n'}
[0.268436] (arm_interface) StdoutLine: {'line': b'-- Up-to-date: /var/robotic/yahboomcar_ws/install/arm_interface/include/arm_interface/arm_interface/msg/detail/center_xy__rosidl_typesupport_fastrtps_c.h\n'}
[0.268460] (arm_interface) StdoutLine: {'line': b'-- Up-to-date: /var/robotic/yahboomcar_ws/install/arm_interface/include/arm_interface/arm_interface/msg/detail/april_tag_info__rosidl_typesupport_fastrtps_c.h\n'}
[0.268485] (arm_interface) StdoutLine: {'line': b'-- Up-to-date: /var/robotic/yahboomcar_ws/install/arm_interface/include/arm_interface/arm_interface/msg/detail/arm_joint__rosidl_typesupport_fastrtps_c.h\n'}
[0.268510] (arm_interface) StdoutLine: {'line': b'-- Up-to-date: /var/robotic/yahboomcar_ws/install/arm_interface/include/arm_interface/arm_interface/msg/detail/target_xy_roll__rosidl_typesupport_fastrtps_c.h\n'}
[0.268536] (arm_interface) StdoutLine: {'line': b'-- Up-to-date: /var/robotic/yahboomcar_ws/install/arm_interface/include/arm_interface/arm_interface/msg/detail/yolov5_detect__rosidl_typesupport_fastrtps_c.h\n'}
[0.268561] (arm_interface) StdoutLine: {'line': b'-- Up-to-date: /var/robotic/yahboomcar_ws/install/arm_interface/include/arm_interface/arm_interface/msg/detail/position__rosidl_typesupport_fastrtps_c.h\n'}
[0.268586] (arm_interface) StdoutLine: {'line': b'-- Up-to-date: /var/robotic/yahboomcar_ws/install/arm_interface/include/arm_interface/arm_interface/msg/detail/cur_joints__rosidl_typesupport_fastrtps_c.h\n'}
[0.268610] (arm_interface) StdoutLine: {'line': b'-- Up-to-date: /var/robotic/yahboomcar_ws/install/arm_interface/include/arm_interface/arm_interface/msg/rosidl_typesupport_fastrtps_c__visibility_control.h\n'}
[0.268636] (arm_interface) StdoutLine: {'line': b'-- Up-to-date: /var/robotic/yahboomcar_ws/install/arm_interface/lib/libarm_interface__rosidl_typesupport_fastrtps_c.so\n'}
[0.268662] (arm_interface) StdoutLine: {'line': b'-- Up-to-date: /var/robotic/yahboomcar_ws/install/arm_interface/include/arm_interface/arm_interface\n'}
[0.268687] (arm_interface) StdoutLine: {'line': b'-- Up-to-date: /var/robotic/yahboomcar_ws/install/arm_interface/include/arm_interface/arm_interface/srv\n'}
[0.268713] (arm_interface) StdoutLine: {'line': b'-- Up-to-date: /var/robotic/yahboomcar_ws/install/arm_interface/include/arm_interface/arm_interface/srv/detail\n'}
[0.268739] (arm_interface) StdoutLine: {'line': b'-- Up-to-date: /var/robotic/yahboomcar_ws/install/arm_interface/include/arm_interface/arm_interface/srv/detail/arm_kinemarics__type_support.hpp\n'}
[0.268764] (arm_interface) StdoutLine: {'line': b'-- Up-to-date: /var/robotic/yahboomcar_ws/install/arm_interface/include/arm_interface/arm_interface/srv/detail/arm_kinemarics__struct.hpp\n'}
[0.268790] (arm_interface) StdoutLine: {'line': b'-- Up-to-date: /var/robotic/yahboomcar_ws/install/arm_interface/include/arm_interface/arm_interface/srv/detail/arm_kinemarics__traits.hpp\n'}
[0.268815] (arm_interface) StdoutLine: {'line': b'-- Up-to-date: /var/robotic/yahboomcar_ws/install/arm_interface/include/arm_interface/arm_interface/srv/detail/arm_kinemarics__builder.hpp\n'}
[0.268839] (arm_interface) StdoutLine: {'line': b'-- Up-to-date: /var/robotic/yahboomcar_ws/install/arm_interface/include/arm_interface/arm_interface/srv/arm_kinemarics.hpp\n'}
[0.268864] (arm_interface) StdoutLine: {'line': b'-- Up-to-date: /var/robotic/yahboomcar_ws/install/arm_interface/include/arm_interface/arm_interface/msg\n'}
[0.268889] (arm_interface) StdoutLine: {'line': b'-- Up-to-date: /var/robotic/yahboomcar_ws/install/arm_interface/include/arm_interface/arm_interface/msg/cur_joints.hpp\n'}
[0.268914] (arm_interface) StdoutLine: {'line': b'-- Up-to-date: /var/robotic/yahboomcar_ws/install/arm_interface/include/arm_interface/arm_interface/msg/target_xy_roll.hpp\n'}
[0.268939] (arm_interface) StdoutLine: {'line': b'-- Up-to-date: /var/robotic/yahboomcar_ws/install/arm_interface/include/arm_interface/arm_interface/msg/arm_joint.hpp\n'}
[0.268963] (arm_interface) StdoutLine: {'line': b'-- Up-to-date: /var/robotic/yahboomcar_ws/install/arm_interface/include/arm_interface/arm_interface/msg/detail\n'}
[0.268987] (arm_interface) StdoutLine: {'line': b'-- Up-to-date: /var/robotic/yahboomcar_ws/install/arm_interface/include/arm_interface/arm_interface/msg/detail/center_xy__builder.hpp\n'}
[0.269016] (arm_interface) StdoutLine: {'line': b'-- Up-to-date: /var/robotic/yahboomcar_ws/install/arm_interface/include/arm_interface/arm_interface/msg/detail/shape_info__struct.hpp\n'}
[0.269042] (arm_interface) StdoutLine: {'line': b'-- Up-to-date: /var/robotic/yahboomcar_ws/install/arm_interface/include/arm_interface/arm_interface/msg/detail/center_xy__type_support.hpp\n'}
[0.271246] (arm_interface) StdoutLine: {'line': b'-- Up-to-date: /var/robotic/yahboomcar_ws/install/arm_interface/include/arm_interface/arm_interface/msg/detail/arm_joint__struct.hpp\n'}
[0.271294] (arm_interface) StdoutLine: {'line': b'-- Up-to-date: /var/robotic/yahboomcar_ws/install/arm_interface/include/arm_interface/arm_interface/msg/detail/target_xy_roll__struct.hpp\n'}
[0.271321] (arm_interface) StdoutLine: {'line': b'-- Up-to-date: /var/robotic/yahboomcar_ws/install/arm_interface/include/arm_interface/arm_interface/msg/detail/center_xy__traits.hpp\n'}
[0.271347] (arm_interface) StdoutLine: {'line': b'-- Up-to-date: /var/robotic/yahboomcar_ws/install/arm_interface/include/arm_interface/arm_interface/msg/detail/cur_joints__struct.hpp\n'}
[0.271373] (arm_interface) StdoutLine: {'line': b'-- Up-to-date: /var/robotic/yahboomcar_ws/install/arm_interface/include/arm_interface/arm_interface/msg/detail/april_tag_info__type_support.hpp\n'}
[0.271399] (arm_interface) StdoutLine: {'line': b'-- Up-to-date: /var/robotic/yahboomcar_ws/install/arm_interface/include/arm_interface/arm_interface/msg/detail/arm_joint__builder.hpp\n'}
[0.271430] (arm_interface) StdoutLine: {'line': b'-- Up-to-date: /var/robotic/yahboomcar_ws/install/arm_interface/include/arm_interface/arm_interface/msg/detail/position__struct.hpp\n'}
[0.271455] (arm_interface) StdoutLine: {'line': b'-- Up-to-date: /var/robotic/yahboomcar_ws/install/arm_interface/include/arm_interface/arm_interface/msg/detail/yolov5_detect__builder.hpp\n'}
[0.271481] (arm_interface) StdoutLine: {'line': b'-- Up-to-date: /var/robotic/yahboomcar_ws/install/arm_interface/include/arm_interface/arm_interface/msg/detail/position__builder.hpp\n'}
[0.271506] (arm_interface) StdoutLine: {'line': b'-- Up-to-date: /var/robotic/yahboomcar_ws/install/arm_interface/include/arm_interface/arm_interface/msg/detail/arm_joint__type_support.hpp\n'}
[0.271531] (arm_interface) StdoutLine: {'line': b'-- Up-to-date: /var/robotic/yahboomcar_ws/install/arm_interface/include/arm_interface/arm_interface/msg/detail/position__traits.hpp\n'}
[0.271556] (arm_interface) StdoutLine: {'line': b'-- Up-to-date: /var/robotic/yahboomcar_ws/install/arm_interface/include/arm_interface/arm_interface/msg/detail/yolov5_detect__type_support.hpp\n'}
[0.271581] (arm_interface) StdoutLine: {'line': b'-- Up-to-date: /var/robotic/yahboomcar_ws/install/arm_interface/include/arm_interface/arm_interface/msg/detail/target_xy_roll__type_support.hpp\n'}
[0.271606] (arm_interface) StdoutLine: {'line': b'-- Up-to-date: /var/robotic/yahboomcar_ws/install/arm_interface/include/arm_interface/arm_interface/msg/detail/yolov5_detect__struct.hpp\n'}
[0.271630] (arm_interface) StdoutLine: {'line': b'-- Up-to-date: /var/robotic/yahboomcar_ws/install/arm_interface/include/arm_interface/arm_interface/msg/detail/shape_info__traits.hpp\n'}
[0.271655] (arm_interface) StdoutLine: {'line': b'-- Up-to-date: /var/robotic/yahboomcar_ws/install/arm_interface/include/arm_interface/arm_interface/msg/detail/target_xy_roll__traits.hpp\n'}
[0.271680] (arm_interface) StdoutLine: {'line': b'-- Up-to-date: /var/robotic/yahboomcar_ws/install/arm_interface/include/arm_interface/arm_interface/msg/detail/target_xy_roll__builder.hpp\n'}
[0.271706] (arm_interface) StdoutLine: {'line': b'-- Up-to-date: /var/robotic/yahboomcar_ws/install/arm_interface/include/arm_interface/arm_interface/msg/detail/cur_joints__builder.hpp\n'}
[0.271730] (arm_interface) StdoutLine: {'line': b'-- Up-to-date: /var/robotic/yahboomcar_ws/install/arm_interface/include/arm_interface/arm_interface/msg/detail/april_tag_info__traits.hpp\n'}
[0.271754] (arm_interface) StdoutLine: {'line': b'-- Up-to-date: /var/robotic/yahboomcar_ws/install/arm_interface/include/arm_interface/arm_interface/msg/detail/cur_joints__type_support.hpp\n'}
[0.271779] (arm_interface) StdoutLine: {'line': b'-- Up-to-date: /var/robotic/yahboomcar_ws/install/arm_interface/include/arm_interface/arm_interface/msg/detail/yolov5_detect__traits.hpp\n'}
[0.271804] (arm_interface) StdoutLine: {'line': b'-- Up-to-date: /var/robotic/yahboomcar_ws/install/arm_interface/include/arm_interface/arm_interface/msg/detail/center_xy__struct.hpp\n'}
[0.271829] (arm_interface) StdoutLine: {'line': b'-- Up-to-date: /var/robotic/yahboomcar_ws/install/arm_interface/include/arm_interface/arm_interface/msg/detail/position__type_support.hpp\n'}
[0.271853] (arm_interface) StdoutLine: {'line': b'-- Up-to-date: /var/robotic/yahboomcar_ws/install/arm_interface/include/arm_interface/arm_interface/msg/detail/cur_joints__traits.hpp\n'}
[0.271878] (arm_interface) StdoutLine: {'line': b'-- Up-to-date: /var/robotic/yahboomcar_ws/install/arm_interface/include/arm_interface/arm_interface/msg/detail/april_tag_info__struct.hpp\n'}
[0.271914] (arm_interface) StdoutLine: {'line': b'-- Up-to-date: /var/robotic/yahboomcar_ws/install/arm_interface/include/arm_interface/arm_interface/msg/detail/shape_info__builder.hpp\n'}
[0.271941] (arm_interface) StdoutLine: {'line': b'-- Up-to-date: /var/robotic/yahboomcar_ws/install/arm_interface/include/arm_interface/arm_interface/msg/detail/shape_info__type_support.hpp\n'}
[0.271967] (arm_interface) StdoutLine: {'line': b'-- Up-to-date: /var/robotic/yahboomcar_ws/install/arm_interface/include/arm_interface/arm_interface/msg/detail/arm_joint__traits.hpp\n'}
[0.271997] (arm_interface) StdoutLine: {'line': b'-- Up-to-date: /var/robotic/yahboomcar_ws/install/arm_interface/include/arm_interface/arm_interface/msg/detail/april_tag_info__builder.hpp\n'}
[0.272022] (arm_interface) StdoutLine: {'line': b'-- Up-to-date: /var/robotic/yahboomcar_ws/install/arm_interface/include/arm_interface/arm_interface/msg/position.hpp\n'}
[0.272054] (arm_interface) StdoutLine: {'line': b'-- Up-to-date: /var/robotic/yahboomcar_ws/install/arm_interface/include/arm_interface/arm_interface/msg/yolov5_detect.hpp\n'}
[0.272082] (arm_interface) StdoutLine: {'line': b'-- Up-to-date: /var/robotic/yahboomcar_ws/install/arm_interface/include/arm_interface/arm_interface/msg/center_xy.hpp\n'}
[0.272107] (arm_interface) StdoutLine: {'line': b'-- Up-to-date: /var/robotic/yahboomcar_ws/install/arm_interface/include/arm_interface/arm_interface/msg/shape_info.hpp\n'}
[0.272132] (arm_interface) StdoutLine: {'line': b'-- Up-to-date: /var/robotic/yahboomcar_ws/install/arm_interface/include/arm_interface/arm_interface/msg/rosidl_generator_cpp__visibility_control.hpp\n'}
[0.272157] (arm_interface) StdoutLine: {'line': b'-- Up-to-date: /var/robotic/yahboomcar_ws/install/arm_interface/include/arm_interface/arm_interface/msg/april_tag_info.hpp\n'}
[0.272182] (arm_interface) StdoutLine: {'line': b'-- Up-to-date: /var/robotic/yahboomcar_ws/install/arm_interface/include/arm_interface/arm_interface\n'}
[0.272207] (arm_interface) StdoutLine: {'line': b'-- Up-to-date: /var/robotic/yahboomcar_ws/install/arm_interface/include/arm_interface/arm_interface/srv\n'}
[0.272231] (arm_interface) StdoutLine: {'line': b'-- Up-to-date: /var/robotic/yahboomcar_ws/install/arm_interface/include/arm_interface/arm_interface/srv/detail\n'}
[0.272256] (arm_interface) StdoutLine: {'line': b'-- Up-to-date: /var/robotic/yahboomcar_ws/install/arm_interface/include/arm_interface/arm_interface/srv/detail/arm_kinemarics__rosidl_typesupport_fastrtps_cpp.hpp\n'}
[0.272281] (arm_interface) StdoutLine: {'line': b'-- Up-to-date: /var/robotic/yahboomcar_ws/install/arm_interface/include/arm_interface/arm_interface/srv/detail/dds_fastrtps\n'}
[0.272306] (arm_interface) StdoutLine: {'line': b'-- Up-to-date: /var/robotic/yahboomcar_ws/install/arm_interface/include/arm_interface/arm_interface/msg\n'}
[0.272330] (arm_interface) StdoutLine: {'line': b'-- Up-to-date: /var/robotic/yahboomcar_ws/install/arm_interface/include/arm_interface/arm_interface/msg/detail\n'}
[0.272354] (arm_interface) StdoutLine: {'line': b'-- Up-to-date: /var/robotic/yahboomcar_ws/install/arm_interface/include/arm_interface/arm_interface/msg/detail/april_tag_info__rosidl_typesupport_fastrtps_cpp.hpp\n'}
[0.272379] (arm_interface) StdoutLine: {'line': b'-- Up-to-date: /var/robotic/yahboomcar_ws/install/arm_interface/include/arm_interface/arm_interface/msg/detail/arm_joint__rosidl_typesupport_fastrtps_cpp.hpp\n'}
[0.272404] (arm_interface) StdoutLine: {'line': b'-- Up-to-date: /var/robotic/yahboomcar_ws/install/arm_interface/include/arm_interface/arm_interface/msg/detail/target_xy_roll__rosidl_typesupport_fastrtps_cpp.hpp\n'}
[0.272429] (arm_interface) StdoutLine: {'line': b'-- Up-to-date: /var/robotic/yahboomcar_ws/install/arm_interface/include/arm_interface/arm_interface/msg/detail/shape_info__rosidl_typesupport_fastrtps_cpp.hpp\n'}
[0.272454] (arm_interface) StdoutLine: {'line': b'-- Up-to-date: /var/robotic/yahboomcar_ws/install/arm_interface/include/arm_interface/arm_interface/msg/detail/position__rosidl_typesupport_fastrtps_cpp.hpp\n'}
[0.272479] (arm_interface) StdoutLine: {'line': b'-- Up-to-date: /var/robotic/yahboomcar_ws/install/arm_interface/include/arm_interface/arm_interface/msg/detail/center_xy__rosidl_typesupport_fastrtps_cpp.hpp\n'}
[0.272503] (arm_interface) StdoutLine: {'line': b'-- Up-to-date: /var/robotic/yahboomcar_ws/install/arm_interface/include/arm_interface/arm_interface/msg/detail/cur_joints__rosidl_typesupport_fastrtps_cpp.hpp\n'}
[0.272529] (arm_interface) StdoutLine: {'line': b'-- Up-to-date: /var/robotic/yahboomcar_ws/install/arm_interface/include/arm_interface/arm_interface/msg/detail/dds_fastrtps\n'}
[0.272553] (arm_interface) StdoutLine: {'line': b'-- Up-to-date: /var/robotic/yahboomcar_ws/install/arm_interface/include/arm_interface/arm_interface/msg/detail/yolov5_detect__rosidl_typesupport_fastrtps_cpp.hpp\n'}
[0.272578] (arm_interface) StdoutLine: {'line': b'-- Up-to-date: /var/robotic/yahboomcar_ws/install/arm_interface/include/arm_interface/arm_interface/msg/rosidl_typesupport_fastrtps_cpp__visibility_control.h\n'}
[0.272603] (arm_interface) StdoutLine: {'line': b'-- Up-to-date: /var/robotic/yahboomcar_ws/install/arm_interface/lib/libarm_interface__rosidl_typesupport_fastrtps_cpp.so\n'}
[0.272629] (arm_interface) StdoutLine: {'line': b'-- Up-to-date: /var/robotic/yahboomcar_ws/install/arm_interface/include/arm_interface/arm_interface\n'}
[0.272654] (arm_interface) StdoutLine: {'line': b'-- Up-to-date: /var/robotic/yahboomcar_ws/install/arm_interface/include/arm_interface/arm_interface/srv\n'}
[0.272680] (arm_interface) StdoutLine: {'line': b'-- Up-to-date: /var/robotic/yahboomcar_ws/install/arm_interface/include/arm_interface/arm_interface/srv/detail\n'}
[0.272705] (arm_interface) StdoutLine: {'line': b'-- Up-to-date: /var/robotic/yahboomcar_ws/install/arm_interface/include/arm_interface/arm_interface/srv/detail/arm_kinemarics__type_support.c\n'}
[0.272731] (arm_interface) StdoutLine: {'line': b'-- Up-to-date: /var/robotic/yahboomcar_ws/install/arm_interface/include/arm_interface/arm_interface/srv/detail/arm_kinemarics__rosidl_typesupport_introspection_c.h\n'}
[0.272756] (arm_interface) StdoutLine: {'line': b'-- Up-to-date: /var/robotic/yahboomcar_ws/install/arm_interface/include/arm_interface/arm_interface/msg\n'}
[0.272784] (arm_interface) StdoutLine: {'line': b'-- Up-to-date: /var/robotic/yahboomcar_ws/install/arm_interface/include/arm_interface/arm_interface/msg/detail\n'}
[0.272809] (arm_interface) StdoutLine: {'line': b'-- Up-to-date: /var/robotic/yahboomcar_ws/install/arm_interface/include/arm_interface/arm_interface/msg/detail/target_xy_roll__type_support.c\n'}
[0.272846] (arm_interface) StdoutLine: {'line': b'-- Up-to-date: /var/robotic/yahboomcar_ws/install/arm_interface/include/arm_interface/arm_interface/msg/detail/arm_joint__type_support.c\n'}
[0.272874] (arm_interface) StdoutLine: {'line': b'-- Up-to-date: /var/robotic/yahboomcar_ws/install/arm_interface/include/arm_interface/arm_interface/msg/detail/arm_joint__rosidl_typesupport_introspection_c.h\n'}
[0.272900] (arm_interface) StdoutLine: {'line': b'-- Up-to-date: /var/robotic/yahboomcar_ws/install/arm_interface/include/arm_interface/arm_interface/msg/detail/cur_joints__type_support.c\n'}
[0.272926] (arm_interface) StdoutLine: {'line': b'-- Up-to-date: /var/robotic/yahboomcar_ws/install/arm_interface/include/arm_interface/arm_interface/msg/detail/position__type_support.c\n'}
[0.272952] (arm_interface) StdoutLine: {'line': b'-- Up-to-date: /var/robotic/yahboomcar_ws/install/arm_interface/include/arm_interface/arm_interface/msg/detail/shape_info__type_support.c\n'}
[0.272977] (arm_interface) StdoutLine: {'line': b'-- Up-to-date: /var/robotic/yahboomcar_ws/install/arm_interface/include/arm_interface/arm_interface/msg/detail/target_xy_roll__rosidl_typesupport_introspection_c.h\n'}
[0.273002] (arm_interface) StdoutLine: {'line': b'-- Up-to-date: /var/robotic/yahboomcar_ws/install/arm_interface/include/arm_interface/arm_interface/msg/detail/position__rosidl_typesupport_introspection_c.h\n'}
[0.273028] (arm_interface) StdoutLine: {'line': b'-- Up-to-date: /var/robotic/yahboomcar_ws/install/arm_interface/include/arm_interface/arm_interface/msg/detail/shape_info__rosidl_typesupport_introspection_c.h\n'}
[0.275072] (arm_interface) StdoutLine: {'line': b'-- Up-to-date: /var/robotic/yahboomcar_ws/install/arm_interface/include/arm_interface/arm_interface/msg/detail/april_tag_info__type_support.c\n'}
[0.275104] (arm_interface) StdoutLine: {'line': b'-- Up-to-date: /var/robotic/yahboomcar_ws/install/arm_interface/include/arm_interface/arm_interface/msg/detail/yolov5_detect__rosidl_typesupport_introspection_c.h\n'}
[0.275133] (arm_interface) StdoutLine: {'line': b'-- Up-to-date: /var/robotic/yahboomcar_ws/install/arm_interface/include/arm_interface/arm_interface/msg/detail/center_xy__type_support.c\n'}
[0.275162] (arm_interface) StdoutLine: {'line': b'-- Up-to-date: /var/robotic/yahboomcar_ws/install/arm_interface/include/arm_interface/arm_interface/msg/detail/april_tag_info__rosidl_typesupport_introspection_c.h\n'}
[0.275187] (arm_interface) StdoutLine: {'line': b'-- Up-to-date: /var/robotic/yahboomcar_ws/install/arm_interface/include/arm_interface/arm_interface/msg/detail/yolov5_detect__type_support.c\n'}
[0.275212] (arm_interface) StdoutLine: {'line': b'-- Up-to-date: /var/robotic/yahboomcar_ws/install/arm_interface/include/arm_interface/arm_interface/msg/detail/center_xy__rosidl_typesupport_introspection_c.h\n'}
[0.275237] (arm_interface) StdoutLine: {'line': b'-- Up-to-date: /var/robotic/yahboomcar_ws/install/arm_interface/include/arm_interface/arm_interface/msg/detail/cur_joints__rosidl_typesupport_introspection_c.h\n'}
[0.275261] (arm_interface) StdoutLine: {'line': b'-- Up-to-date: /var/robotic/yahboomcar_ws/install/arm_interface/include/arm_interface/arm_interface/msg/rosidl_typesupport_introspection_c__visibility_control.h\n'}
[0.275286] (arm_interface) StdoutLine: {'line': b'-- Up-to-date: /var/robotic/yahboomcar_ws/install/arm_interface/lib/libarm_interface__rosidl_typesupport_introspection_c.so\n'}
[0.275312] (arm_interface) StdoutLine: {'line': b'-- Up-to-date: /var/robotic/yahboomcar_ws/install/arm_interface/lib/libarm_interface__rosidl_typesupport_c.so\n'}
[0.275337] (arm_interface) StdoutLine: {'line': b'-- Up-to-date: /var/robotic/yahboomcar_ws/install/arm_interface/include/arm_interface/arm_interface\n'}
[0.275361] (arm_interface) StdoutLine: {'line': b'-- Up-to-date: /var/robotic/yahboomcar_ws/install/arm_interface/include/arm_interface/arm_interface/srv\n'}
[0.275387] (arm_interface) StdoutLine: {'line': b'-- Up-to-date: /var/robotic/yahboomcar_ws/install/arm_interface/include/arm_interface/arm_interface/srv/detail\n'}
[0.275413] (arm_interface) StdoutLine: {'line': b'-- Up-to-date: /var/robotic/yahboomcar_ws/install/arm_interface/include/arm_interface/arm_interface/srv/detail/arm_kinemarics__rosidl_typesupport_introspection_cpp.hpp\n'}
[0.275452] (arm_interface) StdoutLine: {'line': b'-- Up-to-date: /var/robotic/yahboomcar_ws/install/arm_interface/include/arm_interface/arm_interface/srv/detail/arm_kinemarics__type_support.cpp\n'}
[0.275480] (arm_interface) StdoutLine: {'line': b'-- Up-to-date: /var/robotic/yahboomcar_ws/install/arm_interface/include/arm_interface/arm_interface/msg\n'}
[0.275506] (arm_interface) StdoutLine: {'line': b'-- Up-to-date: /var/robotic/yahboomcar_ws/install/arm_interface/include/arm_interface/arm_interface/msg/detail\n'}
[0.275532] (arm_interface) StdoutLine: {'line': b'-- Up-to-date: /var/robotic/yahboomcar_ws/install/arm_interface/include/arm_interface/arm_interface/msg/detail/shape_info__type_support.cpp\n'}
[0.275558] (arm_interface) StdoutLine: {'line': b'-- Up-to-date: /var/robotic/yahboomcar_ws/install/arm_interface/include/arm_interface/arm_interface/msg/detail/cur_joints__type_support.cpp\n'}
[0.275585] (arm_interface) StdoutLine: {'line': b'-- Up-to-date: /var/robotic/yahboomcar_ws/install/arm_interface/include/arm_interface/arm_interface/msg/detail/position__type_support.cpp\n'}
[0.275613] (arm_interface) StdoutLine: {'line': b'-- Up-to-date: /var/robotic/yahboomcar_ws/install/arm_interface/include/arm_interface/arm_interface/msg/detail/april_tag_info__rosidl_typesupport_introspection_cpp.hpp\n'}
[0.275639] (arm_interface) StdoutLine: {'line': b'-- Up-to-date: /var/robotic/yahboomcar_ws/install/arm_interface/include/arm_interface/arm_interface/msg/detail/arm_joint__rosidl_typesupport_introspection_cpp.hpp\n'}
[0.275664] (arm_interface) StdoutLine: {'line': b'-- Up-to-date: /var/robotic/yahboomcar_ws/install/arm_interface/include/arm_interface/arm_interface/msg/detail/center_xy__type_support.cpp\n'}
[0.275691] (arm_interface) StdoutLine: {'line': b'-- Up-to-date: /var/robotic/yahboomcar_ws/install/arm_interface/include/arm_interface/arm_interface/msg/detail/center_xy__rosidl_typesupport_introspection_cpp.hpp\n'}
[0.275728] (arm_interface) StdoutLine: {'line': b'-- Up-to-date: /var/robotic/yahboomcar_ws/install/arm_interface/include/arm_interface/arm_interface/msg/detail/yolov5_detect__rosidl_typesupport_introspection_cpp.hpp\n'}
[0.275760] (arm_interface) StdoutLine: {'line': b'-- Up-to-date: /var/robotic/yahboomcar_ws/install/arm_interface/include/arm_interface/arm_interface/msg/detail/arm_joint__type_support.cpp\n'}
[0.275787] (arm_interface) StdoutLine: {'line': b'-- Up-to-date: /var/robotic/yahboomcar_ws/install/arm_interface/include/arm_interface/arm_interface/msg/detail/position__rosidl_typesupport_introspection_cpp.hpp\n'}
[0.275813] (arm_interface) StdoutLine: {'line': b'-- Up-to-date: /var/robotic/yahboomcar_ws/install/arm_interface/include/arm_interface/arm_interface/msg/detail/cur_joints__rosidl_typesupport_introspection_cpp.hpp\n'}
[0.275839] (arm_interface) StdoutLine: {'line': b'-- Up-to-date: /var/robotic/yahboomcar_ws/install/arm_interface/include/arm_interface/arm_interface/msg/detail/april_tag_info__type_support.cpp\n'}
[0.275865] (arm_interface) StdoutLine: {'line': b'-- Up-to-date: /var/robotic/yahboomcar_ws/install/arm_interface/include/arm_interface/arm_interface/msg/detail/shape_info__rosidl_typesupport_introspection_cpp.hpp\n'}
[0.275892] (arm_interface) StdoutLine: {'line': b'-- Up-to-date: /var/robotic/yahboomcar_ws/install/arm_interface/include/arm_interface/arm_interface/msg/detail/yolov5_detect__type_support.cpp\n'}
[0.275918] (arm_interface) StdoutLine: {'line': b'-- Up-to-date: /var/robotic/yahboomcar_ws/install/arm_interface/include/arm_interface/arm_interface/msg/detail/target_xy_roll__type_support.cpp\n'}
[0.275942] (arm_interface) StdoutLine: {'line': b'-- Up-to-date: /var/robotic/yahboomcar_ws/install/arm_interface/include/arm_interface/arm_interface/msg/detail/target_xy_roll__rosidl_typesupport_introspection_cpp.hpp\n'}
[0.275968] (arm_interface) StdoutLine: {'line': b'-- Up-to-date: /var/robotic/yahboomcar_ws/install/arm_interface/lib/libarm_interface__rosidl_typesupport_introspection_cpp.so\n'}
[0.275993] (arm_interface) StdoutLine: {'line': b'-- Up-to-date: /var/robotic/yahboomcar_ws/install/arm_interface/lib/libarm_interface__rosidl_typesupport_cpp.so\n'}
[0.276019] (arm_interface) StdoutLine: {'line': b'-- Up-to-date: /var/robotic/yahboomcar_ws/install/arm_interface/share/arm_interface/environment/pythonpath.sh\n'}
[0.276049] (arm_interface) StdoutLine: {'line': b'-- Installing: /var/robotic/yahboomcar_ws/install/arm_interface/share/arm_interface/environment/pythonpath.dsv\n'}
[0.276077] (arm_interface) StdoutLine: {'line': b'-- Up-to-date: /var/robotic/yahboomcar_ws/install/arm_interface/local/lib/python3.10/dist-packages/arm_interface-0.0.0-py3.10.egg-info\n'}
[0.276102] (arm_interface) StdoutLine: {'line': b'-- Installing: /var/robotic/yahboomcar_ws/install/arm_interface/local/lib/python3.10/dist-packages/arm_interface-0.0.0-py3.10.egg-info/SOURCES.txt\n'}
[0.276128] (arm_interface) StdoutLine: {'line': b'-- Installing: /var/robotic/yahboomcar_ws/install/arm_interface/local/lib/python3.10/dist-packages/arm_interface-0.0.0-py3.10.egg-info/top_level.txt\n'}
[0.276153] (arm_interface) StdoutLine: {'line': b'-- Installing: /var/robotic/yahboomcar_ws/install/arm_interface/local/lib/python3.10/dist-packages/arm_interface-0.0.0-py3.10.egg-info/PKG-INFO\n'}
[0.276178] (arm_interface) StdoutLine: {'line': b'-- Installing: /var/robotic/yahboomcar_ws/install/arm_interface/local/lib/python3.10/dist-packages/arm_interface-0.0.0-py3.10.egg-info/dependency_links.txt\n'}
[0.276202] (arm_interface) StdoutLine: {'line': b'-- Up-to-date: /var/robotic/yahboomcar_ws/install/arm_interface/local/lib/python3.10/dist-packages/arm_interface\n'}
[0.276227] (arm_interface) StdoutLine: {'line': b'-- Up-to-date: /var/robotic/yahboomcar_ws/install/arm_interface/local/lib/python3.10/dist-packages/arm_interface/srv\n'}
[0.276254] (arm_interface) StdoutLine: {'line': b'-- Up-to-date: /var/robotic/yahboomcar_ws/install/arm_interface/local/lib/python3.10/dist-packages/arm_interface/srv/__init__.py\n'}
[0.276279] (arm_interface) StdoutLine: {'line': b'-- Up-to-date: /var/robotic/yahboomcar_ws/install/arm_interface/local/lib/python3.10/dist-packages/arm_interface/srv/_arm_kinemarics_s.c\n'}
[0.276304] (arm_interface) StdoutLine: {'line': b'-- Up-to-date: /var/robotic/yahboomcar_ws/install/arm_interface/local/lib/python3.10/dist-packages/arm_interface/srv/_arm_kinemarics.py\n'}
[0.276328] (arm_interface) StdoutLine: {'line': b'-- Up-to-date: /var/robotic/yahboomcar_ws/install/arm_interface/local/lib/python3.10/dist-packages/arm_interface/arm_interface_s__rosidl_typesupport_introspection_c.cpython-310-x86_64-linux-gnu.so\n'}
[0.276356] (arm_interface) StdoutLine: {'line': b'-- Up-to-date: /var/robotic/yahboomcar_ws/install/arm_interface/local/lib/python3.10/dist-packages/arm_interface/arm_interface_s__rosidl_typesupport_c.cpython-310-x86_64-linux-gnu.so\n'}
[0.276381] (arm_interface) StdoutLine: {'line': b'-- Up-to-date: /var/robotic/yahboomcar_ws/install/arm_interface/local/lib/python3.10/dist-packages/arm_interface/arm_interface_s__rosidl_typesupport_fastrtps_c.cpython-310-x86_64-linux-gnu.so\n'}
[0.276405] (arm_interface) StdoutLine: {'line': b'-- Up-to-date: /var/robotic/yahboomcar_ws/install/arm_interface/local/lib/python3.10/dist-packages/arm_interface/_arm_interface_s.ep.rosidl_typesupport_c.c\n'}
[0.276431] (arm_interface) StdoutLine: {'line': b'-- Installing: /var/robotic/yahboomcar_ws/install/arm_interface/local/lib/python3.10/dist-packages/arm_interface/__init__.py\n'}
[0.276456] (arm_interface) StdoutLine: {'line': b'-- Up-to-date: /var/robotic/yahboomcar_ws/install/arm_interface/local/lib/python3.10/dist-packages/arm_interface/_arm_interface_s.ep.rosidl_typesupport_fastrtps_c.c\n'}
[0.276480] (arm_interface) StdoutLine: {'line': b'-- Up-to-date: /var/robotic/yahboomcar_ws/install/arm_interface/local/lib/python3.10/dist-packages/arm_interface/msg\n'}
[0.276505] (arm_interface) StdoutLine: {'line': b'-- Up-to-date: /var/robotic/yahboomcar_ws/install/arm_interface/local/lib/python3.10/dist-packages/arm_interface/msg/_yolov5_detect_s.c\n'}
[0.276530] (arm_interface) StdoutLine: {'line': b'-- Up-to-date: /var/robotic/yahboomcar_ws/install/arm_interface/local/lib/python3.10/dist-packages/arm_interface/msg/_center_xy.py\n'}
[0.276554] (arm_interface) StdoutLine: {'line': b'-- Up-to-date: /var/robotic/yahboomcar_ws/install/arm_interface/local/lib/python3.10/dist-packages/arm_interface/msg/_yolov5_detect.py\n'}
[0.276592] (arm_interface) StdoutLine: {'line': b'-- Up-to-date: /var/robotic/yahboomcar_ws/install/arm_interface/local/lib/python3.10/dist-packages/arm_interface/msg/_shape_info.py\n'}
[0.276622] (arm_interface) StdoutLine: {'line': b'-- Up-to-date: /var/robotic/yahboomcar_ws/install/arm_interface/local/lib/python3.10/dist-packages/arm_interface/msg/_arm_joint_s.c\n'}
[0.276648] (arm_interface) StdoutLine: {'line': b'-- Up-to-date: /var/robotic/yahboomcar_ws/install/arm_interface/local/lib/python3.10/dist-packages/arm_interface/msg/_shape_info_s.c\n'}
[0.276675] (arm_interface) StdoutLine: {'line': b'-- Up-to-date: /var/robotic/yahboomcar_ws/install/arm_interface/local/lib/python3.10/dist-packages/arm_interface/msg/_position.py\n'}
[0.276700] (arm_interface) StdoutLine: {'line': b'-- Up-to-date: /var/robotic/yahboomcar_ws/install/arm_interface/local/lib/python3.10/dist-packages/arm_interface/msg/_april_tag_info.py\n'}
[0.276725] (arm_interface) StdoutLine: {'line': b'-- Up-to-date: /var/robotic/yahboomcar_ws/install/arm_interface/local/lib/python3.10/dist-packages/arm_interface/msg/_april_tag_info_s.c\n'}
[0.279110] (arm_interface) StdoutLine: {'line': b'-- Up-to-date: /var/robotic/yahboomcar_ws/install/arm_interface/local/lib/python3.10/dist-packages/arm_interface/msg/_target_xy_roll_s.c\n'}
[0.279140] (arm_interface) StdoutLine: {'line': b'-- Up-to-date: /var/robotic/yahboomcar_ws/install/arm_interface/local/lib/python3.10/dist-packages/arm_interface/msg/__init__.py\n'}
[0.279169] (arm_interface) StdoutLine: {'line': b'-- Up-to-date: /var/robotic/yahboomcar_ws/install/arm_interface/local/lib/python3.10/dist-packages/arm_interface/msg/_position_s.c\n'}
[0.279194] (arm_interface) StdoutLine: {'line': b'-- Up-to-date: /var/robotic/yahboomcar_ws/install/arm_interface/local/lib/python3.10/dist-packages/arm_interface/msg/_arm_joint.py\n'}
[0.279221] (arm_interface) StdoutLine: {'line': b'-- Up-to-date: /var/robotic/yahboomcar_ws/install/arm_interface/local/lib/python3.10/dist-packages/arm_interface/msg/_cur_joints.py\n'}
[0.279246] (arm_interface) StdoutLine: {'line': b'-- Up-to-date: /var/robotic/yahboomcar_ws/install/arm_interface/local/lib/python3.10/dist-packages/arm_interface/msg/_center_xy_s.c\n'}
[0.279271] (arm_interface) StdoutLine: {'line': b'-- Up-to-date: /var/robotic/yahboomcar_ws/install/arm_interface/local/lib/python3.10/dist-packages/arm_interface/msg/_target_xy_roll.py\n'}
[0.279297] (arm_interface) StdoutLine: {'line': b'-- Up-to-date: /var/robotic/yahboomcar_ws/install/arm_interface/local/lib/python3.10/dist-packages/arm_interface/msg/_cur_joints_s.c\n'}
[0.279322] (arm_interface) StdoutLine: {'line': b'-- Up-to-date: /var/robotic/yahboomcar_ws/install/arm_interface/local/lib/python3.10/dist-packages/arm_interface/libarm_interface__rosidl_generator_py.so\n'}
[0.279348] (arm_interface) StdoutLine: {'line': b'-- Up-to-date: /var/robotic/yahboomcar_ws/install/arm_interface/local/lib/python3.10/dist-packages/arm_interface/_arm_interface_s.ep.rosidl_typesupport_introspection_c.c\n'}
[0.286639] (arm_interface) StdoutLine: {'line': b"Listing '/var/robotic/yahboomcar_ws/install/arm_interface/local/lib/python3.10/dist-packages/arm_interface'...\n"}
[0.286756] (arm_interface) StdoutLine: {'line': b"Compiling '/var/robotic/yahboomcar_ws/install/arm_interface/local/lib/python3.10/dist-packages/arm_interface/__init__.py'...\n"}
[0.286790] (arm_interface) StdoutLine: {'line': b"Listing '/var/robotic/yahboomcar_ws/install/arm_interface/local/lib/python3.10/dist-packages/arm_interface/msg'...\n"}
[0.286818] (arm_interface) StdoutLine: {'line': b"Listing '/var/robotic/yahboomcar_ws/install/arm_interface/local/lib/python3.10/dist-packages/arm_interface/srv'...\n"}
[0.289383] (arm_interface) StdoutLine: {'line': b'-- Up-to-date: /var/robotic/yahboomcar_ws/install/arm_interface/local/lib/python3.10/dist-packages/arm_interface/arm_interface_s__rosidl_typesupport_fastrtps_c.cpython-310-x86_64-linux-gnu.so\n'}
[0.289533] (arm_interface) StdoutLine: {'line': b'-- Up-to-date: /var/robotic/yahboomcar_ws/install/arm_interface/local/lib/python3.10/dist-packages/arm_interface/arm_interface_s__rosidl_typesupport_introspection_c.cpython-310-x86_64-linux-gnu.so\n'}
[0.289755] (arm_interface) StdoutLine: {'line': b'-- Up-to-date: /var/robotic/yahboomcar_ws/install/arm_interface/local/lib/python3.10/dist-packages/arm_interface/arm_interface_s__rosidl_typesupport_c.cpython-310-x86_64-linux-gnu.so\n'}
[0.289974] (arm_interface) StdoutLine: {'line': b'-- Up-to-date: /var/robotic/yahboomcar_ws/install/arm_interface/lib/libarm_interface__rosidl_generator_py.so\n'}
[0.290112] (arm_interface) StdoutLine: {'line': b'-- Up-to-date: /var/robotic/yahboomcar_ws/install/arm_interface/share/arm_interface/srv/ArmKinemarics.idl\n'}
[0.290184] (arm_interface) StdoutLine: {'line': b'-- Up-to-date: /var/robotic/yahboomcar_ws/install/arm_interface/share/arm_interface/msg/ArmJoint.idl\n'}
[0.290214] (arm_interface) StdoutLine: {'line': b'-- Up-to-date: /var/robotic/yahboomcar_ws/install/arm_interface/share/arm_interface/msg/AprilTagInfo.idl\n'}
[0.290242] (arm_interface) StdoutLine: {'line': b'-- Up-to-date: /var/robotic/yahboomcar_ws/install/arm_interface/share/arm_interface/msg/CenterXY.idl\n'}
[0.290313] (arm_interface) StdoutLine: {'line': b'-- Up-to-date: /var/robotic/yahboomcar_ws/install/arm_interface/share/arm_interface/msg/ShapeInfo.idl\n'}
[0.290346] (arm_interface) StdoutLine: {'line': b'-- Up-to-date: /var/robotic/yahboomcar_ws/install/arm_interface/share/arm_interface/msg/Yolov5Detect.idl\n'}
[0.290373] (arm_interface) StdoutLine: {'line': b'-- Up-to-date: /var/robotic/yahboomcar_ws/install/arm_interface/share/arm_interface/msg/Position.idl\n'}
[0.290399] (arm_interface) StdoutLine: {'line': b'-- Up-to-date: /var/robotic/yahboomcar_ws/install/arm_interface/share/arm_interface/msg/CurJoints.idl\n'}
[0.290424] (arm_interface) StdoutLine: {'line': b'-- Up-to-date: /var/robotic/yahboomcar_ws/install/arm_interface/share/arm_interface/msg/TargetXYRoll.idl\n'}
[0.290449] (arm_interface) StdoutLine: {'line': b'-- Up-to-date: /var/robotic/yahboomcar_ws/install/arm_interface/share/arm_interface/srv/ArmKinemarics.srv\n'}
[0.290494] (arm_interface) StdoutLine: {'line': b'-- Up-to-date: /var/robotic/yahboomcar_ws/install/arm_interface/share/arm_interface/srv/ArmKinemarics_Request.msg\n'}
[0.290564] (arm_interface) StdoutLine: {'line': b'-- Up-to-date: /var/robotic/yahboomcar_ws/install/arm_interface/share/arm_interface/srv/ArmKinemarics_Response.msg\n'}
[0.290594] (arm_interface) StdoutLine: {'line': b'-- Up-to-date: /var/robotic/yahboomcar_ws/install/arm_interface/share/arm_interface/msg/ArmJoint.msg\n'}
[0.290621] (arm_interface) StdoutLine: {'line': b'-- Up-to-date: /var/robotic/yahboomcar_ws/install/arm_interface/share/arm_interface/msg/AprilTagInfo.msg\n'}
[0.290646] (arm_interface) StdoutLine: {'line': b'-- Up-to-date: /var/robotic/yahboomcar_ws/install/arm_interface/share/arm_interface/msg/CenterXY.msg\n'}
[0.290672] (arm_interface) StdoutLine: {'line': b'-- Up-to-date: /var/robotic/yahboomcar_ws/install/arm_interface/share/arm_interface/msg/ShapeInfo.msg\n'}
[0.290712] (arm_interface) StdoutLine: {'line': b'-- Up-to-date: /var/robotic/yahboomcar_ws/install/arm_interface/share/arm_interface/msg/Yolov5Detect.msg\n'}
[0.290741] (arm_interface) StdoutLine: {'line': b'-- Up-to-date: /var/robotic/yahboomcar_ws/install/arm_interface/share/arm_interface/msg/Position.msg\n'}
[0.290766] (arm_interface) StdoutLine: {'line': b'-- Up-to-date: /var/robotic/yahboomcar_ws/install/arm_interface/share/arm_interface/msg/CurJoints.msg\n'}
[0.290792] (arm_interface) StdoutLine: {'line': b'-- Up-to-date: /var/robotic/yahboomcar_ws/install/arm_interface/share/arm_interface/msg/TargetXYRoll.msg\n'}
[0.290817] (arm_interface) StdoutLine: {'line': b'-- Up-to-date: /var/robotic/yahboomcar_ws/install/arm_interface/share/ament_index/resource_index/package_run_dependencies/arm_interface\n'}
[0.290842] (arm_interface) StdoutLine: {'line': b'-- Up-to-date: /var/robotic/yahboomcar_ws/install/arm_interface/share/ament_index/resource_index/parent_prefix_path/arm_interface\n'}
[0.290867] (arm_interface) StdoutLine: {'line': b'-- Up-to-date: /var/robotic/yahboomcar_ws/install/arm_interface/share/arm_interface/environment/ament_prefix_path.sh\n'}
[0.290931] (arm_interface) StdoutLine: {'line': b'-- Installing: /var/robotic/yahboomcar_ws/install/arm_interface/share/arm_interface/environment/ament_prefix_path.dsv\n'}
[0.290962] (arm_interface) StdoutLine: {'line': b'-- Up-to-date: /var/robotic/yahboomcar_ws/install/arm_interface/share/arm_interface/environment/path.sh\n'}
[0.290989] (arm_interface) StdoutLine: {'line': b'-- Installing: /var/robotic/yahboomcar_ws/install/arm_interface/share/arm_interface/environment/path.dsv\n'}
[0.291014] (arm_interface) StdoutLine: {'line': b'-- Up-to-date: /var/robotic/yahboomcar_ws/install/arm_interface/share/arm_interface/local_setup.bash\n'}
[0.291040] (arm_interface) StdoutLine: {'line': b'-- Up-to-date: /var/robotic/yahboomcar_ws/install/arm_interface/share/arm_interface/local_setup.sh\n'}
[0.291072] (arm_interface) StdoutLine: {'line': b'-- Up-to-date: /var/robotic/yahboomcar_ws/install/arm_interface/share/arm_interface/local_setup.zsh\n'}
[0.291099] (arm_interface) StdoutLine: {'line': b'-- Installing: /var/robotic/yahboomcar_ws/install/arm_interface/share/arm_interface/local_setup.dsv\n'}
[0.291124] (arm_interface) StdoutLine: {'line': b'-- Installing: /var/robotic/yahboomcar_ws/install/arm_interface/share/arm_interface/package.dsv\n'}
[0.291203] (arm_interface) StdoutLine: {'line': b'-- Up-to-date: /var/robotic/yahboomcar_ws/install/arm_interface/share/ament_index/resource_index/packages/arm_interface\n'}
[0.291232] (arm_interface) StdoutLine: {'line': b'-- Up-to-date: /var/robotic/yahboomcar_ws/install/arm_interface/share/arm_interface/cmake/export_arm_interface__rosidl_generator_cExport.cmake\n'}
[0.291274] (arm_interface) StdoutLine: {'line': b'-- Up-to-date: /var/robotic/yahboomcar_ws/install/arm_interface/share/arm_interface/cmake/export_arm_interface__rosidl_generator_cExport-noconfig.cmake\n'}
[0.291356] (arm_interface) StdoutLine: {'line': b'-- Up-to-date: /var/robotic/yahboomcar_ws/install/arm_interface/share/arm_interface/cmake/export_arm_interface__rosidl_typesupport_fastrtps_cExport.cmake\n'}
[0.291389] (arm_interface) StdoutLine: {'line': b'-- Up-to-date: /var/robotic/yahboomcar_ws/install/arm_interface/share/arm_interface/cmake/export_arm_interface__rosidl_typesupport_fastrtps_cExport-noconfig.cmake\n'}
[0.291416] (arm_interface) StdoutLine: {'line': b'-- Up-to-date: /var/robotic/yahboomcar_ws/install/arm_interface/share/arm_interface/cmake/export_arm_interface__rosidl_generator_cppExport.cmake\n'}
[0.291442] (arm_interface) StdoutLine: {'line': b'-- Up-to-date: /var/robotic/yahboomcar_ws/install/arm_interface/share/arm_interface/cmake/export_arm_interface__rosidl_typesupport_fastrtps_cppExport.cmake\n'}
[0.291469] (arm_interface) StdoutLine: {'line': b'-- Up-to-date: /var/robotic/yahboomcar_ws/install/arm_interface/share/arm_interface/cmake/export_arm_interface__rosidl_typesupport_fastrtps_cppExport-noconfig.cmake\n'}
[0.292431] (arm_interface) StdoutLine: {'line': b'-- Up-to-date: /var/robotic/yahboomcar_ws/install/arm_interface/share/arm_interface/cmake/arm_interface__rosidl_typesupport_introspection_cExport.cmake\n'}
[0.292473] (arm_interface) StdoutLine: {'line': b'-- Up-to-date: /var/robotic/yahboomcar_ws/install/arm_interface/share/arm_interface/cmake/arm_interface__rosidl_typesupport_introspection_cExport-noconfig.cmake\n'}
[0.292500] (arm_interface) StdoutLine: {'line': b'-- Up-to-date: /var/robotic/yahboomcar_ws/install/arm_interface/share/arm_interface/cmake/arm_interface__rosidl_typesupport_cExport.cmake\n'}
[0.292526] (arm_interface) StdoutLine: {'line': b'-- Up-to-date: /var/robotic/yahboomcar_ws/install/arm_interface/share/arm_interface/cmake/arm_interface__rosidl_typesupport_cExport-noconfig.cmake\n'}
[0.292552] (arm_interface) StdoutLine: {'line': b'-- Up-to-date: /var/robotic/yahboomcar_ws/install/arm_interface/share/arm_interface/cmake/arm_interface__rosidl_typesupport_introspection_cppExport.cmake\n'}
[0.292578] (arm_interface) StdoutLine: {'line': b'-- Up-to-date: /var/robotic/yahboomcar_ws/install/arm_interface/share/arm_interface/cmake/arm_interface__rosidl_typesupport_introspection_cppExport-noconfig.cmake\n'}
[0.292602] (arm_interface) StdoutLine: {'line': b'-- Up-to-date: /var/robotic/yahboomcar_ws/install/arm_interface/share/arm_interface/cmake/arm_interface__rosidl_typesupport_cppExport.cmake\n'}
[0.292627] (arm_interface) StdoutLine: {'line': b'-- Up-to-date: /var/robotic/yahboomcar_ws/install/arm_interface/share/arm_interface/cmake/arm_interface__rosidl_typesupport_cppExport-noconfig.cmake\n'}
[0.292652] (arm_interface) StdoutLine: {'line': b'-- Up-to-date: /var/robotic/yahboomcar_ws/install/arm_interface/share/arm_interface/cmake/export_arm_interface__rosidl_generator_pyExport.cmake\n'}
[0.292677] (arm_interface) StdoutLine: {'line': b'-- Up-to-date: /var/robotic/yahboomcar_ws/install/arm_interface/share/arm_interface/cmake/export_arm_interface__rosidl_generator_pyExport-noconfig.cmake\n'}
[0.292713] (arm_interface) StdoutLine: {'line': b'-- Up-to-date: /var/robotic/yahboomcar_ws/install/arm_interface/share/arm_interface/cmake/rosidl_cmake-extras.cmake\n'}
[0.292742] (arm_interface) StdoutLine: {'line': b'-- Installing: /var/robotic/yahboomcar_ws/install/arm_interface/share/arm_interface/cmake/ament_cmake_export_dependencies-extras.cmake\n'}
[0.292768] (arm_interface) StdoutLine: {'line': b'-- Up-to-date: /var/robotic/yahboomcar_ws/install/arm_interface/share/arm_interface/cmake/ament_cmake_export_include_directories-extras.cmake\n'}
[0.292796] (arm_interface) StdoutLine: {'line': b'-- Up-to-date: /var/robotic/yahboomcar_ws/install/arm_interface/share/arm_interface/cmake/ament_cmake_export_libraries-extras.cmake\n'}
[0.292822] (arm_interface) StdoutLine: {'line': b'-- Up-to-date: /var/robotic/yahboomcar_ws/install/arm_interface/share/arm_interface/cmake/ament_cmake_export_targets-extras.cmake\n'}
[0.292847] (arm_interface) StdoutLine: {'line': b'-- Up-to-date: /var/robotic/yahboomcar_ws/install/arm_interface/share/arm_interface/cmake/rosidl_cmake_export_typesupport_targets-extras.cmake\n'}
[0.292872] (arm_interface) StdoutLine: {'line': b'-- Up-to-date: /var/robotic/yahboomcar_ws/install/arm_interface/share/arm_interface/cmake/rosidl_cmake_export_typesupport_libraries-extras.cmake\n'}
[0.292897] (arm_interface) StdoutLine: {'line': b'-- Up-to-date: /var/robotic/yahboomcar_ws/install/arm_interface/share/arm_interface/cmake/arm_interfaceConfig.cmake\n'}
[0.292922] (arm_interface) StdoutLine: {'line': b'-- Up-to-date: /var/robotic/yahboomcar_ws/install/arm_interface/share/arm_interface/cmake/arm_interfaceConfig-version.cmake\n'}
[0.292947] (arm_interface) StdoutLine: {'line': b'-- Up-to-date: /var/robotic/yahboomcar_ws/install/arm_interface/share/arm_interface/package.xml\n'}
[0.295077] (arm_interface) CommandEnded: {'returncode': 0}
[0.301246] (-) TimerEvent: {}
[0.304881] (arm_interface) JobEnded: {'identifier': 'arm_interface', 'rc': 0}
[0.305308] (-) EventReactorShutdown: {}
