[0.055s] DEBUG:colcon:Command line arguments: ['/usr/bin/colcon', 'build', '--packages-select', 'arm_interface']
[0.055s] DEBUG:colcon:Parsed command line arguments: Namespace(log_base=None, log_level=None, verb_name='build', build_base='build', install_base='install', merge_install=False, symlink_install=False, test_result_base=None, continue_on_error=False, executor='parallel', parallel_workers=2, event_handlers=None, ignore_user_meta=False, metas=['./colcon.meta'], base_paths=['.'], packages_ignore=None, packages_ignore_regex=None, paths=None, packages_up_to=None, packages_up_to_regex=None, packages_above=None, packages_above_and_dependencies=None, packages_above_depth=None, packages_select_by_dep=None, packages_skip_by_dep=None, packages_skip_up_to=None, packages_select_build_failed=False, packages_skip_build_finished=False, packages_select_test_failures=False, packages_skip_test_passed=False, packages_select=['arm_interface'], packages_skip=None, packages_select_regex=None, packages_skip_regex=None, packages_start=None, packages_end=None, allow_overriding=[], cmake_args=None, cmake_target=None, cmake_target_skip_unavailable=False, cmake_clean_cache=False, cmake_clean_first=False, cmake_force_configure=False, ament_cmake_args=None, catkin_cmake_args=None, catkin_skip_building_tests=False, verb_parser=<colcon_defaults.argument_parser.defaults.DefaultArgumentsDecorator object at 0x79ec03be3d30>, verb_extension=<colcon_core.verb.build.BuildVerb object at 0x79ec03dd09a0>, main=<bound method BuildVerb.main of <colcon_core.verb.build.BuildVerb object at 0x79ec03dd09a0>>)
[0.134s] Level 1:colcon.colcon_core.package_discovery:discover_packages(colcon_meta) check parameters
[0.135s] Level 1:colcon.colcon_core.package_discovery:discover_packages(recursive) check parameters
[0.135s] Level 1:colcon.colcon_core.package_discovery:discover_packages(ignore) check parameters
[0.135s] Level 1:colcon.colcon_core.package_discovery:discover_packages(path) check parameters
[0.135s] Level 1:colcon.colcon_core.package_discovery:discover_packages(colcon_meta) discover
[0.135s] Level 1:colcon.colcon_core.package_discovery:discover_packages(recursive) discover
[0.135s] INFO:colcon.colcon_core.package_discovery:Crawling recursively for packages in '/var/robotic/yahboomcar_ws'
[0.135s] Level 1:colcon.colcon_core.package_identification:_identify(.) by extensions ['ignore', 'ignore_ament_install']
[0.135s] Level 1:colcon.colcon_core.package_identification:_identify(.) by extension 'ignore'
[0.135s] Level 1:colcon.colcon_core.package_identification:_identify(.) by extension 'ignore_ament_install'
[0.135s] Level 1:colcon.colcon_core.package_identification:_identify(.) by extensions ['colcon_pkg']
[0.135s] Level 1:colcon.colcon_core.package_identification:_identify(.) by extension 'colcon_pkg'
[0.135s] Level 1:colcon.colcon_core.package_identification:_identify(.) by extensions ['colcon_meta']
[0.135s] Level 1:colcon.colcon_core.package_identification:_identify(.) by extension 'colcon_meta'
[0.135s] Level 1:colcon.colcon_core.package_identification:_identify(.) by extensions ['ros']
[0.135s] Level 1:colcon.colcon_core.package_identification:_identify(.) by extension 'ros'
[0.141s] Level 1:colcon.colcon_core.package_identification:_identify(.) by extensions ['cmake', 'python']
[0.141s] Level 1:colcon.colcon_core.package_identification:_identify(.) by extension 'cmake'
[0.141s] Level 1:colcon.colcon_core.package_identification:_identify(.) by extension 'python'
[0.141s] Level 1:colcon.colcon_core.package_identification:_identify(.) by extensions ['python_setup_py']
[0.141s] Level 1:colcon.colcon_core.package_identification:_identify(.) by extension 'python_setup_py'
[0.141s] Level 1:colcon.colcon_core.package_identification:_identify(build) by extensions ['ignore', 'ignore_ament_install']
[0.141s] Level 1:colcon.colcon_core.package_identification:_identify(build) by extension 'ignore'
[0.142s] Level 1:colcon.colcon_core.package_identification:_identify(build) ignored
[0.142s] Level 1:colcon.colcon_core.package_identification:_identify(install) by extensions ['ignore', 'ignore_ament_install']
[0.142s] Level 1:colcon.colcon_core.package_identification:_identify(install) by extension 'ignore'
[0.142s] Level 1:colcon.colcon_core.package_identification:_identify(install) ignored
[0.142s] Level 1:colcon.colcon_core.package_identification:_identify(log) by extensions ['ignore', 'ignore_ament_install']
[0.142s] Level 1:colcon.colcon_core.package_identification:_identify(log) by extension 'ignore'
[0.142s] Level 1:colcon.colcon_core.package_identification:_identify(log) ignored
[0.142s] Level 1:colcon.colcon_core.package_identification:_identify(src) by extensions ['ignore', 'ignore_ament_install']
[0.142s] Level 1:colcon.colcon_core.package_identification:_identify(src) by extension 'ignore'
[0.142s] Level 1:colcon.colcon_core.package_identification:_identify(src) by extension 'ignore_ament_install'
[0.142s] Level 1:colcon.colcon_core.package_identification:_identify(src) by extensions ['colcon_pkg']
[0.142s] Level 1:colcon.colcon_core.package_identification:_identify(src) by extension 'colcon_pkg'
[0.142s] Level 1:colcon.colcon_core.package_identification:_identify(src) by extensions ['colcon_meta']
[0.142s] Level 1:colcon.colcon_core.package_identification:_identify(src) by extension 'colcon_meta'
[0.142s] Level 1:colcon.colcon_core.package_identification:_identify(src) by extensions ['ros']
[0.142s] Level 1:colcon.colcon_core.package_identification:_identify(src) by extension 'ros'
[0.142s] Level 1:colcon.colcon_core.package_identification:_identify(src) by extensions ['cmake', 'python']
[0.142s] Level 1:colcon.colcon_core.package_identification:_identify(src) by extension 'cmake'
[0.142s] Level 1:colcon.colcon_core.package_identification:_identify(src) by extension 'python'
[0.142s] Level 1:colcon.colcon_core.package_identification:_identify(src) by extensions ['python_setup_py']
[0.142s] Level 1:colcon.colcon_core.package_identification:_identify(src) by extension 'python_setup_py'
[0.142s] Level 1:colcon.colcon_core.package_identification:_identify(src/M3Pro_MoveIt_demo) by extensions ['ignore', 'ignore_ament_install']
[0.142s] Level 1:colcon.colcon_core.package_identification:_identify(src/M3Pro_MoveIt_demo) by extension 'ignore'
[0.142s] Level 1:colcon.colcon_core.package_identification:_identify(src/M3Pro_MoveIt_demo) by extension 'ignore_ament_install'
[0.142s] Level 1:colcon.colcon_core.package_identification:_identify(src/M3Pro_MoveIt_demo) by extensions ['colcon_pkg']
[0.142s] Level 1:colcon.colcon_core.package_identification:_identify(src/M3Pro_MoveIt_demo) by extension 'colcon_pkg'
[0.142s] Level 1:colcon.colcon_core.package_identification:_identify(src/M3Pro_MoveIt_demo) by extensions ['colcon_meta']
[0.142s] Level 1:colcon.colcon_core.package_identification:_identify(src/M3Pro_MoveIt_demo) by extension 'colcon_meta'
[0.142s] Level 1:colcon.colcon_core.package_identification:_identify(src/M3Pro_MoveIt_demo) by extensions ['ros']
[0.142s] Level 1:colcon.colcon_core.package_identification:_identify(src/M3Pro_MoveIt_demo) by extension 'ros'
[0.144s] DEBUG:colcon.colcon_core.package_identification:Package 'src/M3Pro_MoveIt_demo' with type 'ros.ament_python' and name 'M3Pro_MoveIt_demo'
[0.144s] Level 1:colcon.colcon_core.package_identification:_identify(src/M3Pro_config) by extensions ['ignore', 'ignore_ament_install']
[0.144s] Level 1:colcon.colcon_core.package_identification:_identify(src/M3Pro_config) by extension 'ignore'
[0.144s] Level 1:colcon.colcon_core.package_identification:_identify(src/M3Pro_config) by extension 'ignore_ament_install'
[0.144s] Level 1:colcon.colcon_core.package_identification:_identify(src/M3Pro_config) by extensions ['colcon_pkg']
[0.144s] Level 1:colcon.colcon_core.package_identification:_identify(src/M3Pro_config) by extension 'colcon_pkg'
[0.144s] Level 1:colcon.colcon_core.package_identification:_identify(src/M3Pro_config) by extensions ['colcon_meta']
[0.144s] Level 1:colcon.colcon_core.package_identification:_identify(src/M3Pro_config) by extension 'colcon_meta'
[0.144s] Level 1:colcon.colcon_core.package_identification:_identify(src/M3Pro_config) by extensions ['ros']
[0.144s] Level 1:colcon.colcon_core.package_identification:_identify(src/M3Pro_config) by extension 'ros'
[0.144s] DEBUG:colcon.colcon_core.package_identification:Package 'src/M3Pro_config' with type 'ros.ament_cmake' and name 'M3Pro_config'
[0.145s] Level 1:colcon.colcon_core.package_identification:_identify(src/M3Pro_demo) by extensions ['ignore', 'ignore_ament_install']
[0.145s] Level 1:colcon.colcon_core.package_identification:_identify(src/M3Pro_demo) by extension 'ignore'
[0.145s] Level 1:colcon.colcon_core.package_identification:_identify(src/M3Pro_demo) by extension 'ignore_ament_install'
[0.145s] Level 1:colcon.colcon_core.package_identification:_identify(src/M3Pro_demo) by extensions ['colcon_pkg']
[0.145s] Level 1:colcon.colcon_core.package_identification:_identify(src/M3Pro_demo) by extension 'colcon_pkg'
[0.145s] Level 1:colcon.colcon_core.package_identification:_identify(src/M3Pro_demo) by extensions ['colcon_meta']
[0.145s] Level 1:colcon.colcon_core.package_identification:_identify(src/M3Pro_demo) by extension 'colcon_meta'
[0.145s] Level 1:colcon.colcon_core.package_identification:_identify(src/M3Pro_demo) by extensions ['ros']
[0.145s] Level 1:colcon.colcon_core.package_identification:_identify(src/M3Pro_demo) by extension 'ros'
[0.145s] DEBUG:colcon.colcon_core.package_identification:Package 'src/M3Pro_demo' with type 'ros.ament_python' and name 'M3Pro_demo'
[0.145s] Level 1:colcon.colcon_core.package_identification:_identify(src/MoveIt_demo) by extensions ['ignore', 'ignore_ament_install']
[0.145s] Level 1:colcon.colcon_core.package_identification:_identify(src/MoveIt_demo) by extension 'ignore'
[0.145s] Level 1:colcon.colcon_core.package_identification:_identify(src/MoveIt_demo) by extension 'ignore_ament_install'
[0.145s] Level 1:colcon.colcon_core.package_identification:_identify(src/MoveIt_demo) by extensions ['colcon_pkg']
[0.145s] Level 1:colcon.colcon_core.package_identification:_identify(src/MoveIt_demo) by extension 'colcon_pkg'
[0.145s] Level 1:colcon.colcon_core.package_identification:_identify(src/MoveIt_demo) by extensions ['colcon_meta']
[0.145s] Level 1:colcon.colcon_core.package_identification:_identify(src/MoveIt_demo) by extension 'colcon_meta'
[0.145s] Level 1:colcon.colcon_core.package_identification:_identify(src/MoveIt_demo) by extensions ['ros']
[0.145s] Level 1:colcon.colcon_core.package_identification:_identify(src/MoveIt_demo) by extension 'ros'
[0.146s] DEBUG:colcon.colcon_core.package_identification:Package 'src/MoveIt_demo' with type 'ros.ament_cmake' and name 'MoveIt_demo'
[0.146s] Level 1:colcon.colcon_core.package_identification:_identify(src/OrbbecSDK_ROS2) by extensions ['ignore', 'ignore_ament_install']
[0.146s] Level 1:colcon.colcon_core.package_identification:_identify(src/OrbbecSDK_ROS2) by extension 'ignore'
[0.146s] Level 1:colcon.colcon_core.package_identification:_identify(src/OrbbecSDK_ROS2) by extension 'ignore_ament_install'
[0.146s] Level 1:colcon.colcon_core.package_identification:_identify(src/OrbbecSDK_ROS2) by extensions ['colcon_pkg']
[0.146s] Level 1:colcon.colcon_core.package_identification:_identify(src/OrbbecSDK_ROS2) by extension 'colcon_pkg'
[0.146s] Level 1:colcon.colcon_core.package_identification:_identify(src/OrbbecSDK_ROS2) by extensions ['colcon_meta']
[0.146s] Level 1:colcon.colcon_core.package_identification:_identify(src/OrbbecSDK_ROS2) by extension 'colcon_meta'
[0.146s] Level 1:colcon.colcon_core.package_identification:_identify(src/OrbbecSDK_ROS2) by extensions ['ros']
[0.146s] Level 1:colcon.colcon_core.package_identification:_identify(src/OrbbecSDK_ROS2) by extension 'ros'
[0.146s] Level 1:colcon.colcon_core.package_identification:_identify(src/OrbbecSDK_ROS2) by extensions ['cmake', 'python']
[0.146s] Level 1:colcon.colcon_core.package_identification:_identify(src/OrbbecSDK_ROS2) by extension 'cmake'
[0.146s] Level 1:colcon.colcon_core.package_identification:_identify(src/OrbbecSDK_ROS2) by extension 'python'
[0.146s] Level 1:colcon.colcon_core.package_identification:_identify(src/OrbbecSDK_ROS2) by extensions ['python_setup_py']
[0.146s] Level 1:colcon.colcon_core.package_identification:_identify(src/OrbbecSDK_ROS2) by extension 'python_setup_py'
[0.146s] Level 1:colcon.colcon_core.package_identification:_identify(src/arm_driver) by extensions ['ignore', 'ignore_ament_install']
[0.146s] Level 1:colcon.colcon_core.package_identification:_identify(src/arm_driver) by extension 'ignore'
[0.146s] Level 1:colcon.colcon_core.package_identification:_identify(src/arm_driver) by extension 'ignore_ament_install'
[0.146s] Level 1:colcon.colcon_core.package_identification:_identify(src/arm_driver) by extensions ['colcon_pkg']
[0.146s] Level 1:colcon.colcon_core.package_identification:_identify(src/arm_driver) by extension 'colcon_pkg'
[0.146s] Level 1:colcon.colcon_core.package_identification:_identify(src/arm_driver) by extensions ['colcon_meta']
[0.146s] Level 1:colcon.colcon_core.package_identification:_identify(src/arm_driver) by extension 'colcon_meta'
[0.146s] Level 1:colcon.colcon_core.package_identification:_identify(src/arm_driver) by extensions ['ros']
[0.146s] Level 1:colcon.colcon_core.package_identification:_identify(src/arm_driver) by extension 'ros'
[0.147s] DEBUG:colcon.colcon_core.package_identification:Package 'src/arm_driver' with type 'ros.ament_python' and name 'arm_driver'
[0.147s] Level 1:colcon.colcon_core.package_identification:_identify(src/arm_interface) by extensions ['ignore', 'ignore_ament_install']
[0.147s] Level 1:colcon.colcon_core.package_identification:_identify(src/arm_interface) by extension 'ignore'
[0.147s] Level 1:colcon.colcon_core.package_identification:_identify(src/arm_interface) by extension 'ignore_ament_install'
[0.147s] Level 1:colcon.colcon_core.package_identification:_identify(src/arm_interface) by extensions ['colcon_pkg']
[0.147s] Level 1:colcon.colcon_core.package_identification:_identify(src/arm_interface) by extension 'colcon_pkg'
[0.147s] Level 1:colcon.colcon_core.package_identification:_identify(src/arm_interface) by extensions ['colcon_meta']
[0.147s] Level 1:colcon.colcon_core.package_identification:_identify(src/arm_interface) by extension 'colcon_meta'
[0.147s] Level 1:colcon.colcon_core.package_identification:_identify(src/arm_interface) by extensions ['ros']
[0.147s] Level 1:colcon.colcon_core.package_identification:_identify(src/arm_interface) by extension 'ros'
[0.148s] DEBUG:colcon.colcon_core.package_identification:Package 'src/arm_interface' with type 'ros.ament_cmake' and name 'arm_interface'
[0.148s] Level 1:colcon.colcon_core.package_identification:_identify(src/arm_kin) by extensions ['ignore', 'ignore_ament_install']
[0.148s] Level 1:colcon.colcon_core.package_identification:_identify(src/arm_kin) by extension 'ignore'
[0.148s] Level 1:colcon.colcon_core.package_identification:_identify(src/arm_kin) by extension 'ignore_ament_install'
[0.148s] Level 1:colcon.colcon_core.package_identification:_identify(src/arm_kin) by extensions ['colcon_pkg']
[0.148s] Level 1:colcon.colcon_core.package_identification:_identify(src/arm_kin) by extension 'colcon_pkg'
[0.148s] Level 1:colcon.colcon_core.package_identification:_identify(src/arm_kin) by extensions ['colcon_meta']
[0.148s] Level 1:colcon.colcon_core.package_identification:_identify(src/arm_kin) by extension 'colcon_meta'
[0.148s] Level 1:colcon.colcon_core.package_identification:_identify(src/arm_kin) by extensions ['ros']
[0.148s] Level 1:colcon.colcon_core.package_identification:_identify(src/arm_kin) by extension 'ros'
[0.148s] DEBUG:colcon.colcon_core.package_identification:Package 'src/arm_kin' with type 'ros.ament_cmake' and name 'arm_kin'
[0.149s] Level 1:colcon.colcon_core.package_identification:_identify(src/arm_msgs) by extensions ['ignore', 'ignore_ament_install']
[0.149s] Level 1:colcon.colcon_core.package_identification:_identify(src/arm_msgs) by extension 'ignore'
[0.149s] Level 1:colcon.colcon_core.package_identification:_identify(src/arm_msgs) by extension 'ignore_ament_install'
[0.149s] Level 1:colcon.colcon_core.package_identification:_identify(src/arm_msgs) by extensions ['colcon_pkg']
[0.149s] Level 1:colcon.colcon_core.package_identification:_identify(src/arm_msgs) by extension 'colcon_pkg'
[0.149s] Level 1:colcon.colcon_core.package_identification:_identify(src/arm_msgs) by extensions ['colcon_meta']
[0.149s] Level 1:colcon.colcon_core.package_identification:_identify(src/arm_msgs) by extension 'colcon_meta'
[0.149s] Level 1:colcon.colcon_core.package_identification:_identify(src/arm_msgs) by extensions ['ros']
[0.149s] Level 1:colcon.colcon_core.package_identification:_identify(src/arm_msgs) by extension 'ros'
[0.149s] DEBUG:colcon.colcon_core.package_identification:Package 'src/arm_msgs' with type 'ros.ament_cmake' and name 'arm_msgs'
[0.149s] Level 1:colcon.colcon_core.package_identification:_identify(src/test_config) by extensions ['ignore', 'ignore_ament_install']
[0.149s] Level 1:colcon.colcon_core.package_identification:_identify(src/test_config) by extension 'ignore'
[0.149s] Level 1:colcon.colcon_core.package_identification:_identify(src/test_config) by extension 'ignore_ament_install'
[0.149s] Level 1:colcon.colcon_core.package_identification:_identify(src/test_config) by extensions ['colcon_pkg']
[0.149s] Level 1:colcon.colcon_core.package_identification:_identify(src/test_config) by extension 'colcon_pkg'
[0.149s] Level 1:colcon.colcon_core.package_identification:_identify(src/test_config) by extensions ['colcon_meta']
[0.149s] Level 1:colcon.colcon_core.package_identification:_identify(src/test_config) by extension 'colcon_meta'
[0.149s] Level 1:colcon.colcon_core.package_identification:_identify(src/test_config) by extensions ['ros']
[0.149s] Level 1:colcon.colcon_core.package_identification:_identify(src/test_config) by extension 'ros'
[0.150s] DEBUG:colcon.colcon_core.package_identification:Package 'src/test_config' with type 'ros.ament_cmake' and name 'test_config'
[0.150s] Level 1:colcon.colcon_core.package_identification:_identify(src/test_moveit_config) by extensions ['ignore', 'ignore_ament_install']
[0.150s] Level 1:colcon.colcon_core.package_identification:_identify(src/test_moveit_config) by extension 'ignore'
[0.150s] Level 1:colcon.colcon_core.package_identification:_identify(src/test_moveit_config) by extension 'ignore_ament_install'
[0.150s] Level 1:colcon.colcon_core.package_identification:_identify(src/test_moveit_config) by extensions ['colcon_pkg']
[0.150s] Level 1:colcon.colcon_core.package_identification:_identify(src/test_moveit_config) by extension 'colcon_pkg'
[0.150s] Level 1:colcon.colcon_core.package_identification:_identify(src/test_moveit_config) by extensions ['colcon_meta']
[0.150s] Level 1:colcon.colcon_core.package_identification:_identify(src/test_moveit_config) by extension 'colcon_meta'
[0.150s] Level 1:colcon.colcon_core.package_identification:_identify(src/test_moveit_config) by extensions ['ros']
[0.150s] Level 1:colcon.colcon_core.package_identification:_identify(src/test_moveit_config) by extension 'ros'
[0.151s] DEBUG:colcon.colcon_core.package_identification:Package 'src/test_moveit_config' with type 'ros.ament_cmake' and name 'test_moveit_config'
[0.151s] Level 1:colcon.colcon_core.package_identification:_identify(src/yahboom_M3Pro_DepthCam) by extensions ['ignore', 'ignore_ament_install']
[0.151s] Level 1:colcon.colcon_core.package_identification:_identify(src/yahboom_M3Pro_DepthCam) by extension 'ignore'
[0.151s] Level 1:colcon.colcon_core.package_identification:_identify(src/yahboom_M3Pro_DepthCam) by extension 'ignore_ament_install'
[0.151s] Level 1:colcon.colcon_core.package_identification:_identify(src/yahboom_M3Pro_DepthCam) by extensions ['colcon_pkg']
[0.151s] Level 1:colcon.colcon_core.package_identification:_identify(src/yahboom_M3Pro_DepthCam) by extension 'colcon_pkg'
[0.151s] Level 1:colcon.colcon_core.package_identification:_identify(src/yahboom_M3Pro_DepthCam) by extensions ['colcon_meta']
[0.151s] Level 1:colcon.colcon_core.package_identification:_identify(src/yahboom_M3Pro_DepthCam) by extension 'colcon_meta'
[0.151s] Level 1:colcon.colcon_core.package_identification:_identify(src/yahboom_M3Pro_DepthCam) by extensions ['ros']
[0.151s] Level 1:colcon.colcon_core.package_identification:_identify(src/yahboom_M3Pro_DepthCam) by extension 'ros'
[0.151s] DEBUG:colcon.colcon_core.package_identification:Package 'src/yahboom_M3Pro_DepthCam' with type 'ros.ament_python' and name 'yahboom_M3Pro_DepthCam'
[0.151s] Level 1:colcon.colcon_core.package_identification:_identify(src/yahboom_M3Pro_description) by extensions ['ignore', 'ignore_ament_install']
[0.151s] Level 1:colcon.colcon_core.package_identification:_identify(src/yahboom_M3Pro_description) by extension 'ignore'
[0.151s] Level 1:colcon.colcon_core.package_identification:_identify(src/yahboom_M3Pro_description) by extension 'ignore_ament_install'
[0.151s] Level 1:colcon.colcon_core.package_identification:_identify(src/yahboom_M3Pro_description) by extensions ['colcon_pkg']
[0.152s] Level 1:colcon.colcon_core.package_identification:_identify(src/yahboom_M3Pro_description) by extension 'colcon_pkg'
[0.152s] Level 1:colcon.colcon_core.package_identification:_identify(src/yahboom_M3Pro_description) by extensions ['colcon_meta']
[0.152s] Level 1:colcon.colcon_core.package_identification:_identify(src/yahboom_M3Pro_description) by extension 'colcon_meta'
[0.152s] Level 1:colcon.colcon_core.package_identification:_identify(src/yahboom_M3Pro_description) by extensions ['ros']
[0.152s] Level 1:colcon.colcon_core.package_identification:_identify(src/yahboom_M3Pro_description) by extension 'ros'
[0.152s] DEBUG:colcon.colcon_core.package_identification:Package 'src/yahboom_M3Pro_description' with type 'ros.ament_python' and name 'yahboom_M3Pro_description'
[0.152s] Level 1:colcon.colcon_core.package_identification:_identify(src/yahboom_M3Pro_laser) by extensions ['ignore', 'ignore_ament_install']
[0.152s] Level 1:colcon.colcon_core.package_identification:_identify(src/yahboom_M3Pro_laser) by extension 'ignore'
[0.152s] Level 1:colcon.colcon_core.package_identification:_identify(src/yahboom_M3Pro_laser) by extension 'ignore_ament_install'
[0.152s] Level 1:colcon.colcon_core.package_identification:_identify(src/yahboom_M3Pro_laser) by extensions ['colcon_pkg']
[0.152s] Level 1:colcon.colcon_core.package_identification:_identify(src/yahboom_M3Pro_laser) by extension 'colcon_pkg'
[0.152s] Level 1:colcon.colcon_core.package_identification:_identify(src/yahboom_M3Pro_laser) by extensions ['colcon_meta']
[0.152s] Level 1:colcon.colcon_core.package_identification:_identify(src/yahboom_M3Pro_laser) by extension 'colcon_meta'
[0.152s] Level 1:colcon.colcon_core.package_identification:_identify(src/yahboom_M3Pro_laser) by extensions ['ros']
[0.152s] Level 1:colcon.colcon_core.package_identification:_identify(src/yahboom_M3Pro_laser) by extension 'ros'
[0.153s] DEBUG:colcon.colcon_core.package_identification:Package 'src/yahboom_M3Pro_laser' with type 'ros.ament_python' and name 'yahboom_M3Pro_laser'
[0.153s] Level 1:colcon.colcon_core.package_identification:_identify(src/yahboom_yolov8) by extensions ['ignore', 'ignore_ament_install']
[0.153s] Level 1:colcon.colcon_core.package_identification:_identify(src/yahboom_yolov8) by extension 'ignore'
[0.153s] Level 1:colcon.colcon_core.package_identification:_identify(src/yahboom_yolov8) by extension 'ignore_ament_install'
[0.153s] Level 1:colcon.colcon_core.package_identification:_identify(src/yahboom_yolov8) by extensions ['colcon_pkg']
[0.153s] Level 1:colcon.colcon_core.package_identification:_identify(src/yahboom_yolov8) by extension 'colcon_pkg'
[0.153s] Level 1:colcon.colcon_core.package_identification:_identify(src/yahboom_yolov8) by extensions ['colcon_meta']
[0.153s] Level 1:colcon.colcon_core.package_identification:_identify(src/yahboom_yolov8) by extension 'colcon_meta'
[0.153s] Level 1:colcon.colcon_core.package_identification:_identify(src/yahboom_yolov8) by extensions ['ros']
[0.153s] Level 1:colcon.colcon_core.package_identification:_identify(src/yahboom_yolov8) by extension 'ros'
[0.154s] DEBUG:colcon.colcon_core.package_identification:Package 'src/yahboom_yolov8' with type 'ros.ament_python' and name 'yahboom_yolov8'
[0.154s] Level 1:colcon.colcon_core.package_identification:_identify(src/yahboomcar_ctrl) by extensions ['ignore', 'ignore_ament_install']
[0.154s] Level 1:colcon.colcon_core.package_identification:_identify(src/yahboomcar_ctrl) by extension 'ignore'
[0.154s] Level 1:colcon.colcon_core.package_identification:_identify(src/yahboomcar_ctrl) by extension 'ignore_ament_install'
[0.154s] Level 1:colcon.colcon_core.package_identification:_identify(src/yahboomcar_ctrl) by extensions ['colcon_pkg']
[0.154s] Level 1:colcon.colcon_core.package_identification:_identify(src/yahboomcar_ctrl) by extension 'colcon_pkg'
[0.154s] Level 1:colcon.colcon_core.package_identification:_identify(src/yahboomcar_ctrl) by extensions ['colcon_meta']
[0.154s] Level 1:colcon.colcon_core.package_identification:_identify(src/yahboomcar_ctrl) by extension 'colcon_meta'
[0.154s] Level 1:colcon.colcon_core.package_identification:_identify(src/yahboomcar_ctrl) by extensions ['ros']
[0.154s] Level 1:colcon.colcon_core.package_identification:_identify(src/yahboomcar_ctrl) by extension 'ros'
[0.154s] DEBUG:colcon.colcon_core.package_identification:Package 'src/yahboomcar_ctrl' with type 'ros.ament_python' and name 'yahboomcar_ctrl'
[0.154s] Level 1:colcon.colcon_core.package_identification:_identify(src/yahboomcar_mediapipe) by extensions ['ignore', 'ignore_ament_install']
[0.155s] Level 1:colcon.colcon_core.package_identification:_identify(src/yahboomcar_mediapipe) by extension 'ignore'
[0.155s] Level 1:colcon.colcon_core.package_identification:_identify(src/yahboomcar_mediapipe) by extension 'ignore_ament_install'
[0.155s] Level 1:colcon.colcon_core.package_identification:_identify(src/yahboomcar_mediapipe) by extensions ['colcon_pkg']
[0.155s] Level 1:colcon.colcon_core.package_identification:_identify(src/yahboomcar_mediapipe) by extension 'colcon_pkg'
[0.155s] Level 1:colcon.colcon_core.package_identification:_identify(src/yahboomcar_mediapipe) by extensions ['colcon_meta']
[0.155s] Level 1:colcon.colcon_core.package_identification:_identify(src/yahboomcar_mediapipe) by extension 'colcon_meta'
[0.155s] Level 1:colcon.colcon_core.package_identification:_identify(src/yahboomcar_mediapipe) by extensions ['ros']
[0.155s] Level 1:colcon.colcon_core.package_identification:_identify(src/yahboomcar_mediapipe) by extension 'ros'
[0.155s] DEBUG:colcon.colcon_core.package_identification:Package 'src/yahboomcar_mediapipe' with type 'ros.ament_python' and name 'yahboomcar_mediapipe'
[0.155s] Level 1:colcon.colcon_core.package_identification:_identify(src/yahboomcar_msgs) by extensions ['ignore', 'ignore_ament_install']
[0.155s] Level 1:colcon.colcon_core.package_identification:_identify(src/yahboomcar_msgs) by extension 'ignore'
[0.155s] Level 1:colcon.colcon_core.package_identification:_identify(src/yahboomcar_msgs) by extension 'ignore_ament_install'
[0.155s] Level 1:colcon.colcon_core.package_identification:_identify(src/yahboomcar_msgs) by extensions ['colcon_pkg']
[0.155s] Level 1:colcon.colcon_core.package_identification:_identify(src/yahboomcar_msgs) by extension 'colcon_pkg'
[0.155s] Level 1:colcon.colcon_core.package_identification:_identify(src/yahboomcar_msgs) by extensions ['colcon_meta']
[0.155s] Level 1:colcon.colcon_core.package_identification:_identify(src/yahboomcar_msgs) by extension 'colcon_meta'
[0.155s] Level 1:colcon.colcon_core.package_identification:_identify(src/yahboomcar_msgs) by extensions ['ros']
[0.155s] Level 1:colcon.colcon_core.package_identification:_identify(src/yahboomcar_msgs) by extension 'ros'
[0.156s] DEBUG:colcon.colcon_core.package_identification:Package 'src/yahboomcar_msgs' with type 'ros.ament_cmake' and name 'yahboomcar_msgs'
[0.156s] Level 1:colcon.colcon_core.package_discovery:discover_packages(recursive) using defaults
[0.156s] Level 1:colcon.colcon_core.package_discovery:discover_packages(ignore) discover
[0.156s] Level 1:colcon.colcon_core.package_discovery:discover_packages(ignore) using defaults
[0.156s] Level 1:colcon.colcon_core.package_discovery:discover_packages(path) discover
[0.156s] Level 1:colcon.colcon_core.package_discovery:discover_packages(path) using defaults
[0.173s] INFO:colcon.colcon_core.package_selection:Skipping not selected package 'M3Pro_MoveIt_demo' in 'src/M3Pro_MoveIt_demo'
[0.173s] INFO:colcon.colcon_core.package_selection:Skipping not selected package 'M3Pro_demo' in 'src/M3Pro_demo'
[0.173s] INFO:colcon.colcon_core.package_selection:Skipping not selected package 'MoveIt_demo' in 'src/MoveIt_demo'
[0.173s] INFO:colcon.colcon_core.package_selection:Skipping not selected package 'arm_driver' in 'src/arm_driver'
[0.173s] INFO:colcon.colcon_core.package_selection:Skipping not selected package 'arm_kin' in 'src/arm_kin'
[0.173s] INFO:colcon.colcon_core.package_selection:Skipping not selected package 'arm_msgs' in 'src/arm_msgs'
[0.173s] INFO:colcon.colcon_core.package_selection:Skipping not selected package 'test_config' in 'src/test_config'
[0.173s] INFO:colcon.colcon_core.package_selection:Skipping not selected package 'yahboom_M3Pro_DepthCam' in 'src/yahboom_M3Pro_DepthCam'
[0.173s] INFO:colcon.colcon_core.package_selection:Skipping not selected package 'yahboom_M3Pro_description' in 'src/yahboom_M3Pro_description'
[0.173s] INFO:colcon.colcon_core.package_selection:Skipping not selected package 'yahboom_M3Pro_laser' in 'src/yahboom_M3Pro_laser'
[0.173s] INFO:colcon.colcon_core.package_selection:Skipping not selected package 'yahboom_yolov8' in 'src/yahboom_yolov8'
[0.173s] INFO:colcon.colcon_core.package_selection:Skipping not selected package 'yahboomcar_ctrl' in 'src/yahboomcar_ctrl'
[0.173s] INFO:colcon.colcon_core.package_selection:Skipping not selected package 'yahboomcar_mediapipe' in 'src/yahboomcar_mediapipe'
[0.173s] INFO:colcon.colcon_core.package_selection:Skipping not selected package 'yahboomcar_msgs' in 'src/yahboomcar_msgs'
[0.173s] INFO:colcon.colcon_core.package_selection:Skipping not selected package 'M3Pro_config' in 'src/M3Pro_config'
[0.173s] INFO:colcon.colcon_core.package_selection:Skipping not selected package 'test_moveit_config' in 'src/test_moveit_config'
[0.174s] Level 1:colcon.colcon_core.package_discovery:discover_packages(prefix_path) check parameters
[0.174s] Level 1:colcon.colcon_core.package_discovery:discover_packages(prefix_path) discover
[0.175s] DEBUG:colcon.colcon_installed_package_information.package_discovery:Found 326 installed packages in /opt/ros/humble
[0.176s] Level 1:colcon.colcon_core.package_discovery:discover_packages(prefix_path) using defaults
[0.197s] Level 5:colcon.colcon_core.verb:set package 'arm_interface' build argument 'cmake_args' from command line to 'None'
[0.197s] Level 5:colcon.colcon_core.verb:set package 'arm_interface' build argument 'cmake_target' from command line to 'None'
[0.197s] Level 5:colcon.colcon_core.verb:set package 'arm_interface' build argument 'cmake_target_skip_unavailable' from command line to 'False'
[0.197s] Level 5:colcon.colcon_core.verb:set package 'arm_interface' build argument 'cmake_clean_cache' from command line to 'False'
[0.197s] Level 5:colcon.colcon_core.verb:set package 'arm_interface' build argument 'cmake_clean_first' from command line to 'False'
[0.197s] Level 5:colcon.colcon_core.verb:set package 'arm_interface' build argument 'cmake_force_configure' from command line to 'False'
[0.197s] Level 5:colcon.colcon_core.verb:set package 'arm_interface' build argument 'ament_cmake_args' from command line to 'None'
[0.197s] Level 5:colcon.colcon_core.verb:set package 'arm_interface' build argument 'catkin_cmake_args' from command line to 'None'
[0.197s] Level 5:colcon.colcon_core.verb:set package 'arm_interface' build argument 'catkin_skip_building_tests' from command line to 'False'
[0.197s] DEBUG:colcon.colcon_core.verb:Building package 'arm_interface' with the following arguments: {'ament_cmake_args': None, 'build_base': '/var/robotic/yahboomcar_ws/build/arm_interface', 'catkin_cmake_args': None, 'catkin_skip_building_tests': False, 'cmake_args': None, 'cmake_clean_cache': False, 'cmake_clean_first': False, 'cmake_force_configure': False, 'cmake_target': None, 'cmake_target_skip_unavailable': False, 'install_base': '/var/robotic/yahboomcar_ws/install/arm_interface', 'merge_install': False, 'path': '/var/robotic/yahboomcar_ws/src/arm_interface', 'symlink_install': False, 'test_result_base': None}
[0.197s] INFO:colcon.colcon_core.executor:Executing jobs using 'parallel' executor
[0.198s] DEBUG:colcon.colcon_parallel_executor.executor.parallel:run_until_complete
[0.198s] INFO:colcon.colcon_ros.task.ament_cmake.build:Building ROS package in '/var/robotic/yahboomcar_ws/src/arm_interface' with build type 'ament_cmake'
[0.198s] INFO:colcon.colcon_cmake.task.cmake.build:Building CMake package in '/var/robotic/yahboomcar_ws/src/arm_interface'
[0.199s] INFO:colcon.colcon_core.plugin_system:Skipping extension 'colcon_core.shell.bat': Not used on non-Windows systems
[0.199s] INFO:colcon.colcon_core.shell:Skip shell extension 'powershell' for command environment: Not usable outside of PowerShell
[0.199s] DEBUG:colcon.colcon_core.shell:Skip shell extension 'dsv' for command environment
[0.206s] DEBUG:colcon.colcon_core.event_handler.log_command:Invoking command in '/var/robotic/yahboomcar_ws/build/arm_interface': CMAKE_PREFIX_PATH=/opt/ros/humble /usr/bin/cmake --build /var/robotic/yahboomcar_ws/build/arm_interface -- -j2 -l2
[0.450s] DEBUG:colcon.colcon_core.event_handler.log_command:Invoked command in '/var/robotic/yahboomcar_ws/build/arm_interface' returned '0': CMAKE_PREFIX_PATH=/opt/ros/humble /usr/bin/cmake --build /var/robotic/yahboomcar_ws/build/arm_interface -- -j2 -l2
[0.456s] DEBUG:colcon.colcon_core.event_handler.log_command:Invoking command in '/var/robotic/yahboomcar_ws/build/arm_interface': CMAKE_PREFIX_PATH=/opt/ros/humble /usr/bin/cmake --install /var/robotic/yahboomcar_ws/build/arm_interface
[0.491s] Level 1:colcon.colcon_core.environment:create_environment_scripts_only(arm_interface)
[0.492s] Level 1:colcon.colcon_core.environment:checking '/var/robotic/yahboomcar_ws/install/arm_interface' for CMake module files
[0.493s] Level 1:colcon.colcon_core.environment:checking '/var/robotic/yahboomcar_ws/install/arm_interface' for CMake config files
[0.493s] DEBUG:colcon.colcon_core.event_handler.log_command:Invoked command in '/var/robotic/yahboomcar_ws/build/arm_interface' returned '0': CMAKE_PREFIX_PATH=/opt/ros/humble /usr/bin/cmake --install /var/robotic/yahboomcar_ws/build/arm_interface
[0.493s] Level 1:colcon.colcon_core.shell:create_environment_hook('arm_interface', 'cmake_prefix_path')
[0.493s] INFO:colcon.colcon_core.shell:Creating environment hook '/var/robotic/yahboomcar_ws/install/arm_interface/share/arm_interface/hook/cmake_prefix_path.ps1'
[0.493s] INFO:colcon.colcon_core.shell:Creating environment descriptor '/var/robotic/yahboomcar_ws/install/arm_interface/share/arm_interface/hook/cmake_prefix_path.dsv'
[0.494s] INFO:colcon.colcon_core.shell:Creating environment hook '/var/robotic/yahboomcar_ws/install/arm_interface/share/arm_interface/hook/cmake_prefix_path.sh'
[0.494s] Level 1:colcon.colcon_core.environment:checking '/var/robotic/yahboomcar_ws/install/arm_interface/lib'
[0.494s] Level 1:colcon.colcon_core.shell:create_environment_hook('arm_interface', 'ld_library_path_lib')
[0.495s] INFO:colcon.colcon_core.shell:Creating environment hook '/var/robotic/yahboomcar_ws/install/arm_interface/share/arm_interface/hook/ld_library_path_lib.ps1'
[0.495s] INFO:colcon.colcon_core.shell:Creating environment descriptor '/var/robotic/yahboomcar_ws/install/arm_interface/share/arm_interface/hook/ld_library_path_lib.dsv'
[0.495s] INFO:colcon.colcon_core.shell:Creating environment hook '/var/robotic/yahboomcar_ws/install/arm_interface/share/arm_interface/hook/ld_library_path_lib.sh'
[0.495s] Level 1:colcon.colcon_core.environment:checking '/var/robotic/yahboomcar_ws/install/arm_interface/bin'
[0.495s] Level 1:colcon.colcon_core.environment:checking '/var/robotic/yahboomcar_ws/install/arm_interface/lib/pkgconfig/arm_interface.pc'
[0.495s] Level 1:colcon.colcon_core.environment:checking '/var/robotic/yahboomcar_ws/install/arm_interface/lib/python3.10/site-packages'
[0.496s] Level 1:colcon.colcon_core.environment:checking '/var/robotic/yahboomcar_ws/install/arm_interface/bin'
[0.496s] INFO:colcon.colcon_core.shell:Creating package script '/var/robotic/yahboomcar_ws/install/arm_interface/share/arm_interface/package.ps1'
[0.496s] INFO:colcon.colcon_core.shell:Creating package descriptor '/var/robotic/yahboomcar_ws/install/arm_interface/share/arm_interface/package.dsv'
[0.496s] INFO:colcon.colcon_core.shell:Creating package script '/var/robotic/yahboomcar_ws/install/arm_interface/share/arm_interface/package.sh'
[0.497s] INFO:colcon.colcon_core.shell:Creating package script '/var/robotic/yahboomcar_ws/install/arm_interface/share/arm_interface/package.bash'
[0.497s] INFO:colcon.colcon_core.shell:Creating package script '/var/robotic/yahboomcar_ws/install/arm_interface/share/arm_interface/package.zsh'
[0.498s] Level 1:colcon.colcon_core.environment:create_file_with_runtime_dependencies(/var/robotic/yahboomcar_ws/install/arm_interface/share/colcon-core/packages/arm_interface)
[0.498s] Level 1:colcon.colcon_core.environment:create_environment_scripts_only(arm_interface)
[0.498s] Level 1:colcon.colcon_core.environment:checking '/var/robotic/yahboomcar_ws/install/arm_interface' for CMake module files
[0.498s] Level 1:colcon.colcon_core.environment:checking '/var/robotic/yahboomcar_ws/install/arm_interface' for CMake config files
[0.498s] Level 1:colcon.colcon_core.shell:create_environment_hook('arm_interface', 'cmake_prefix_path')
[0.498s] INFO:colcon.colcon_core.shell:Creating environment hook '/var/robotic/yahboomcar_ws/install/arm_interface/share/arm_interface/hook/cmake_prefix_path.ps1'
[0.499s] INFO:colcon.colcon_core.shell:Creating environment descriptor '/var/robotic/yahboomcar_ws/install/arm_interface/share/arm_interface/hook/cmake_prefix_path.dsv'
[0.499s] INFO:colcon.colcon_core.shell:Creating environment hook '/var/robotic/yahboomcar_ws/install/arm_interface/share/arm_interface/hook/cmake_prefix_path.sh'
[0.499s] Level 1:colcon.colcon_core.environment:checking '/var/robotic/yahboomcar_ws/install/arm_interface/lib'
[0.500s] Level 1:colcon.colcon_core.shell:create_environment_hook('arm_interface', 'ld_library_path_lib')
[0.500s] INFO:colcon.colcon_core.shell:Creating environment hook '/var/robotic/yahboomcar_ws/install/arm_interface/share/arm_interface/hook/ld_library_path_lib.ps1'
[0.500s] INFO:colcon.colcon_core.shell:Creating environment descriptor '/var/robotic/yahboomcar_ws/install/arm_interface/share/arm_interface/hook/ld_library_path_lib.dsv'
[0.500s] INFO:colcon.colcon_core.shell:Creating environment hook '/var/robotic/yahboomcar_ws/install/arm_interface/share/arm_interface/hook/ld_library_path_lib.sh'
[0.500s] Level 1:colcon.colcon_core.environment:checking '/var/robotic/yahboomcar_ws/install/arm_interface/bin'
[0.500s] Level 1:colcon.colcon_core.environment:checking '/var/robotic/yahboomcar_ws/install/arm_interface/lib/pkgconfig/arm_interface.pc'
[0.501s] Level 1:colcon.colcon_core.environment:checking '/var/robotic/yahboomcar_ws/install/arm_interface/lib/python3.10/site-packages'
[0.501s] Level 1:colcon.colcon_core.environment:checking '/var/robotic/yahboomcar_ws/install/arm_interface/bin'
[0.501s] INFO:colcon.colcon_core.shell:Creating package script '/var/robotic/yahboomcar_ws/install/arm_interface/share/arm_interface/package.ps1'
[0.501s] INFO:colcon.colcon_core.shell:Creating package descriptor '/var/robotic/yahboomcar_ws/install/arm_interface/share/arm_interface/package.dsv'
[0.502s] INFO:colcon.colcon_core.shell:Creating package script '/var/robotic/yahboomcar_ws/install/arm_interface/share/arm_interface/package.sh'
[0.502s] INFO:colcon.colcon_core.shell:Creating package script '/var/robotic/yahboomcar_ws/install/arm_interface/share/arm_interface/package.bash'
[0.502s] INFO:colcon.colcon_core.shell:Creating package script '/var/robotic/yahboomcar_ws/install/arm_interface/share/arm_interface/package.zsh'
[0.502s] Level 1:colcon.colcon_core.environment:create_file_with_runtime_dependencies(/var/robotic/yahboomcar_ws/install/arm_interface/share/colcon-core/packages/arm_interface)
[0.503s] DEBUG:colcon.colcon_parallel_executor.executor.parallel:closing loop
[0.503s] DEBUG:colcon.colcon_parallel_executor.executor.parallel:loop closed
[0.503s] DEBUG:colcon.colcon_parallel_executor.executor.parallel:run_until_complete finished with '0'
[0.503s] DEBUG:colcon.colcon_core.event_reactor:joining thread
[0.506s] INFO:colcon.colcon_core.plugin_system:Skipping extension 'colcon_notification.desktop_notification.terminal_notifier': Not used on non-Darwin systems
[0.506s] INFO:colcon.colcon_core.plugin_system:Skipping extension 'colcon_notification.desktop_notification.win32': Not used on non-Windows systems
[0.506s] INFO:colcon.colcon_notification.desktop_notification:Sending desktop notification using 'notify2'
[0.506s] DEBUG:colcon.colcon_notification.desktop_notification.notify2:Failed to initialize notify2: org.freedesktop.DBus.Error.AccessDenied: Failed to connect to socket /run/user/1000/bus: Operation not permitted
[0.506s] DEBUG:colcon.colcon_core.event_reactor:joined thread
[0.507s] INFO:colcon.colcon_core.shell:Creating prefix script '/var/robotic/yahboomcar_ws/install/local_setup.ps1'
[0.507s] INFO:colcon.colcon_core.shell:Creating prefix util module '/var/robotic/yahboomcar_ws/install/_local_setup_util_ps1.py'
[0.508s] INFO:colcon.colcon_core.shell:Creating prefix chain script '/var/robotic/yahboomcar_ws/install/setup.ps1'
[0.508s] INFO:colcon.colcon_core.shell:Creating prefix script '/var/robotic/yahboomcar_ws/install/local_setup.sh'
[0.509s] INFO:colcon.colcon_core.shell:Creating prefix util module '/var/robotic/yahboomcar_ws/install/_local_setup_util_sh.py'
[0.509s] INFO:colcon.colcon_core.shell:Creating prefix chain script '/var/robotic/yahboomcar_ws/install/setup.sh'
[0.510s] INFO:colcon.colcon_core.shell:Creating prefix script '/var/robotic/yahboomcar_ws/install/local_setup.bash'
[0.510s] INFO:colcon.colcon_core.shell:Creating prefix chain script '/var/robotic/yahboomcar_ws/install/setup.bash'
[0.511s] INFO:colcon.colcon_core.shell:Creating prefix script '/var/robotic/yahboomcar_ws/install/local_setup.zsh'
[0.511s] INFO:colcon.colcon_core.shell:Creating prefix chain script '/var/robotic/yahboomcar_ws/install/setup.zsh'
[0.055s] DEBUG:colcon:Command line arguments: ['/usr/bin/colcon', 'build', '--packages-select', 'arm_kin']
[0.055s] DEBUG:colcon:Parsed command line arguments: Namespace(log_base=None, log_level=None, verb_name='build', build_base='build', install_base='install', merge_install=False, symlink_install=False, test_result_base=None, continue_on_error=False, executor='parallel', parallel_workers=2, event_handlers=None, ignore_user_meta=False, metas=['./colcon.meta'], base_paths=['.'], packages_ignore=None, packages_ignore_regex=None, paths=None, packages_up_to=None, packages_up_to_regex=None, packages_above=None, packages_above_and_dependencies=None, packages_above_depth=None, packages_select_by_dep=None, packages_skip_by_dep=None, packages_skip_up_to=None, packages_select_build_failed=False, packages_skip_build_finished=False, packages_select_test_failures=False, packages_skip_test_passed=False, packages_select=['arm_kin'], packages_skip=None, packages_select_regex=None, packages_skip_regex=None, packages_start=None, packages_end=None, allow_overriding=[], cmake_args=None, cmake_target=None, cmake_target_skip_unavailable=False, cmake_clean_cache=False, cmake_clean_first=False, cmake_force_configure=False, ament_cmake_args=None, catkin_cmake_args=None, catkin_skip_building_tests=False, verb_parser=<colcon_defaults.argument_parser.defaults.DefaultArgumentsDecorator object at 0x79ccc8823d30>, verb_extension=<colcon_core.verb.build.BuildVerb object at 0x79ccc89d09a0>, main=<bound method BuildVerb.main of <colcon_core.verb.build.BuildVerb object at 0x79ccc89d09a0>>)
[0.136s] Level 1:colcon.colcon_core.package_discovery:discover_packages(colcon_meta) check parameters
[0.137s] Level 1:colcon.colcon_core.package_discovery:discover_packages(recursive) check parameters
[0.137s] Level 1:colcon.colcon_core.package_discovery:discover_packages(ignore) check parameters
[0.137s] Level 1:colcon.colcon_core.package_discovery:discover_packages(path) check parameters
[0.137s] Level 1:colcon.colcon_core.package_discovery:discover_packages(colcon_meta) discover
[0.137s] Level 1:colcon.colcon_core.package_discovery:discover_packages(recursive) discover
[0.137s] INFO:colcon.colcon_core.package_discovery:Crawling recursively for packages in '/var/robotic/yahboomcar_ws'
[0.137s] Level 1:colcon.colcon_core.package_identification:_identify(.) by extensions ['ignore', 'ignore_ament_install']
[0.137s] Level 1:colcon.colcon_core.package_identification:_identify(.) by extension 'ignore'
[0.137s] Level 1:colcon.colcon_core.package_identification:_identify(.) by extension 'ignore_ament_install'
[0.137s] Level 1:colcon.colcon_core.package_identification:_identify(.) by extensions ['colcon_pkg']
[0.137s] Level 1:colcon.colcon_core.package_identification:_identify(.) by extension 'colcon_pkg'
[0.137s] Level 1:colcon.colcon_core.package_identification:_identify(.) by extensions ['colcon_meta']
[0.137s] Level 1:colcon.colcon_core.package_identification:_identify(.) by extension 'colcon_meta'
[0.137s] Level 1:colcon.colcon_core.package_identification:_identify(.) by extensions ['ros']
[0.137s] Level 1:colcon.colcon_core.package_identification:_identify(.) by extension 'ros'
[0.143s] Level 1:colcon.colcon_core.package_identification:_identify(.) by extensions ['cmake', 'python']
[0.143s] Level 1:colcon.colcon_core.package_identification:_identify(.) by extension 'cmake'
[0.143s] Level 1:colcon.colcon_core.package_identification:_identify(.) by extension 'python'
[0.143s] Level 1:colcon.colcon_core.package_identification:_identify(.) by extensions ['python_setup_py']
[0.143s] Level 1:colcon.colcon_core.package_identification:_identify(.) by extension 'python_setup_py'
[0.143s] Level 1:colcon.colcon_core.package_identification:_identify(build) by extensions ['ignore', 'ignore_ament_install']
[0.143s] Level 1:colcon.colcon_core.package_identification:_identify(build) by extension 'ignore'
[0.143s] Level 1:colcon.colcon_core.package_identification:_identify(build) ignored
[0.143s] Level 1:colcon.colcon_core.package_identification:_identify(install) by extensions ['ignore', 'ignore_ament_install']
[0.143s] Level 1:colcon.colcon_core.package_identification:_identify(install) by extension 'ignore'
[0.143s] Level 1:colcon.colcon_core.package_identification:_identify(install) ignored
[0.143s] Level 1:colcon.colcon_core.package_identification:_identify(log) by extensions ['ignore', 'ignore_ament_install']
[0.143s] Level 1:colcon.colcon_core.package_identification:_identify(log) by extension 'ignore'
[0.143s] Level 1:colcon.colcon_core.package_identification:_identify(log) ignored
[0.143s] Level 1:colcon.colcon_core.package_identification:_identify(src) by extensions ['ignore', 'ignore_ament_install']
[0.143s] Level 1:colcon.colcon_core.package_identification:_identify(src) by extension 'ignore'
[0.143s] Level 1:colcon.colcon_core.package_identification:_identify(src) by extension 'ignore_ament_install'
[0.143s] Level 1:colcon.colcon_core.package_identification:_identify(src) by extensions ['colcon_pkg']
[0.143s] Level 1:colcon.colcon_core.package_identification:_identify(src) by extension 'colcon_pkg'
[0.143s] Level 1:colcon.colcon_core.package_identification:_identify(src) by extensions ['colcon_meta']
[0.143s] Level 1:colcon.colcon_core.package_identification:_identify(src) by extension 'colcon_meta'
[0.143s] Level 1:colcon.colcon_core.package_identification:_identify(src) by extensions ['ros']
[0.143s] Level 1:colcon.colcon_core.package_identification:_identify(src) by extension 'ros'
[0.143s] Level 1:colcon.colcon_core.package_identification:_identify(src) by extensions ['cmake', 'python']
[0.143s] Level 1:colcon.colcon_core.package_identification:_identify(src) by extension 'cmake'
[0.143s] Level 1:colcon.colcon_core.package_identification:_identify(src) by extension 'python'
[0.143s] Level 1:colcon.colcon_core.package_identification:_identify(src) by extensions ['python_setup_py']
[0.143s] Level 1:colcon.colcon_core.package_identification:_identify(src) by extension 'python_setup_py'
[0.143s] Level 1:colcon.colcon_core.package_identification:_identify(src/M3Pro_MoveIt_demo) by extensions ['ignore', 'ignore_ament_install']
[0.144s] Level 1:colcon.colcon_core.package_identification:_identify(src/M3Pro_MoveIt_demo) by extension 'ignore'
[0.144s] Level 1:colcon.colcon_core.package_identification:_identify(src/M3Pro_MoveIt_demo) by extension 'ignore_ament_install'
[0.144s] Level 1:colcon.colcon_core.package_identification:_identify(src/M3Pro_MoveIt_demo) by extensions ['colcon_pkg']
[0.144s] Level 1:colcon.colcon_core.package_identification:_identify(src/M3Pro_MoveIt_demo) by extension 'colcon_pkg'
[0.144s] Level 1:colcon.colcon_core.package_identification:_identify(src/M3Pro_MoveIt_demo) by extensions ['colcon_meta']
[0.144s] Level 1:colcon.colcon_core.package_identification:_identify(src/M3Pro_MoveIt_demo) by extension 'colcon_meta'
[0.144s] Level 1:colcon.colcon_core.package_identification:_identify(src/M3Pro_MoveIt_demo) by extensions ['ros']
[0.144s] Level 1:colcon.colcon_core.package_identification:_identify(src/M3Pro_MoveIt_demo) by extension 'ros'
[0.145s] DEBUG:colcon.colcon_core.package_identification:Package 'src/M3Pro_MoveIt_demo' with type 'ros.ament_python' and name 'M3Pro_MoveIt_demo'
[0.145s] Level 1:colcon.colcon_core.package_identification:_identify(src/M3Pro_config) by extensions ['ignore', 'ignore_ament_install']
[0.145s] Level 1:colcon.colcon_core.package_identification:_identify(src/M3Pro_config) by extension 'ignore'
[0.145s] Level 1:colcon.colcon_core.package_identification:_identify(src/M3Pro_config) by extension 'ignore_ament_install'
[0.145s] Level 1:colcon.colcon_core.package_identification:_identify(src/M3Pro_config) by extensions ['colcon_pkg']
[0.145s] Level 1:colcon.colcon_core.package_identification:_identify(src/M3Pro_config) by extension 'colcon_pkg'
[0.145s] Level 1:colcon.colcon_core.package_identification:_identify(src/M3Pro_config) by extensions ['colcon_meta']
[0.145s] Level 1:colcon.colcon_core.package_identification:_identify(src/M3Pro_config) by extension 'colcon_meta'
[0.145s] Level 1:colcon.colcon_core.package_identification:_identify(src/M3Pro_config) by extensions ['ros']
[0.145s] Level 1:colcon.colcon_core.package_identification:_identify(src/M3Pro_config) by extension 'ros'
[0.146s] DEBUG:colcon.colcon_core.package_identification:Package 'src/M3Pro_config' with type 'ros.ament_cmake' and name 'M3Pro_config'
[0.146s] Level 1:colcon.colcon_core.package_identification:_identify(src/M3Pro_demo) by extensions ['ignore', 'ignore_ament_install']
[0.146s] Level 1:colcon.colcon_core.package_identification:_identify(src/M3Pro_demo) by extension 'ignore'
[0.146s] Level 1:colcon.colcon_core.package_identification:_identify(src/M3Pro_demo) by extension 'ignore_ament_install'
[0.146s] Level 1:colcon.colcon_core.package_identification:_identify(src/M3Pro_demo) by extensions ['colcon_pkg']
[0.146s] Level 1:colcon.colcon_core.package_identification:_identify(src/M3Pro_demo) by extension 'colcon_pkg'
[0.146s] Level 1:colcon.colcon_core.package_identification:_identify(src/M3Pro_demo) by extensions ['colcon_meta']
[0.146s] Level 1:colcon.colcon_core.package_identification:_identify(src/M3Pro_demo) by extension 'colcon_meta'
[0.146s] Level 1:colcon.colcon_core.package_identification:_identify(src/M3Pro_demo) by extensions ['ros']
[0.146s] Level 1:colcon.colcon_core.package_identification:_identify(src/M3Pro_demo) by extension 'ros'
[0.146s] DEBUG:colcon.colcon_core.package_identification:Package 'src/M3Pro_demo' with type 'ros.ament_python' and name 'M3Pro_demo'
[0.146s] Level 1:colcon.colcon_core.package_identification:_identify(src/MoveIt_demo) by extensions ['ignore', 'ignore_ament_install']
[0.146s] Level 1:colcon.colcon_core.package_identification:_identify(src/MoveIt_demo) by extension 'ignore'
[0.146s] Level 1:colcon.colcon_core.package_identification:_identify(src/MoveIt_demo) by extension 'ignore_ament_install'
[0.146s] Level 1:colcon.colcon_core.package_identification:_identify(src/MoveIt_demo) by extensions ['colcon_pkg']
[0.146s] Level 1:colcon.colcon_core.package_identification:_identify(src/MoveIt_demo) by extension 'colcon_pkg'
[0.146s] Level 1:colcon.colcon_core.package_identification:_identify(src/MoveIt_demo) by extensions ['colcon_meta']
[0.146s] Level 1:colcon.colcon_core.package_identification:_identify(src/MoveIt_demo) by extension 'colcon_meta'
[0.146s] Level 1:colcon.colcon_core.package_identification:_identify(src/MoveIt_demo) by extensions ['ros']
[0.146s] Level 1:colcon.colcon_core.package_identification:_identify(src/MoveIt_demo) by extension 'ros'
[0.147s] DEBUG:colcon.colcon_core.package_identification:Package 'src/MoveIt_demo' with type 'ros.ament_cmake' and name 'MoveIt_demo'
[0.147s] Level 1:colcon.colcon_core.package_identification:_identify(src/OrbbecSDK_ROS2) by extensions ['ignore', 'ignore_ament_install']
[0.147s] Level 1:colcon.colcon_core.package_identification:_identify(src/OrbbecSDK_ROS2) by extension 'ignore'
[0.148s] Level 1:colcon.colcon_core.package_identification:_identify(src/OrbbecSDK_ROS2) by extension 'ignore_ament_install'
[0.148s] Level 1:colcon.colcon_core.package_identification:_identify(src/OrbbecSDK_ROS2) by extensions ['colcon_pkg']
[0.148s] Level 1:colcon.colcon_core.package_identification:_identify(src/OrbbecSDK_ROS2) by extension 'colcon_pkg'
[0.148s] Level 1:colcon.colcon_core.package_identification:_identify(src/OrbbecSDK_ROS2) by extensions ['colcon_meta']
[0.148s] Level 1:colcon.colcon_core.package_identification:_identify(src/OrbbecSDK_ROS2) by extension 'colcon_meta'
[0.148s] Level 1:colcon.colcon_core.package_identification:_identify(src/OrbbecSDK_ROS2) by extensions ['ros']
[0.148s] Level 1:colcon.colcon_core.package_identification:_identify(src/OrbbecSDK_ROS2) by extension 'ros'
[0.148s] Level 1:colcon.colcon_core.package_identification:_identify(src/OrbbecSDK_ROS2) by extensions ['cmake', 'python']
[0.148s] Level 1:colcon.colcon_core.package_identification:_identify(src/OrbbecSDK_ROS2) by extension 'cmake'
[0.148s] Level 1:colcon.colcon_core.package_identification:_identify(src/OrbbecSDK_ROS2) by extension 'python'
[0.148s] Level 1:colcon.colcon_core.package_identification:_identify(src/OrbbecSDK_ROS2) by extensions ['python_setup_py']
[0.148s] Level 1:colcon.colcon_core.package_identification:_identify(src/OrbbecSDK_ROS2) by extension 'python_setup_py'
[0.149s] Level 1:colcon.colcon_core.package_identification:_identify(src/arm_driver) by extensions ['ignore', 'ignore_ament_install']
[0.149s] Level 1:colcon.colcon_core.package_identification:_identify(src/arm_driver) by extension 'ignore'
[0.149s] Level 1:colcon.colcon_core.package_identification:_identify(src/arm_driver) by extension 'ignore_ament_install'
[0.149s] Level 1:colcon.colcon_core.package_identification:_identify(src/arm_driver) by extensions ['colcon_pkg']
[0.149s] Level 1:colcon.colcon_core.package_identification:_identify(src/arm_driver) by extension 'colcon_pkg'
[0.149s] Level 1:colcon.colcon_core.package_identification:_identify(src/arm_driver) by extensions ['colcon_meta']
[0.149s] Level 1:colcon.colcon_core.package_identification:_identify(src/arm_driver) by extension 'colcon_meta'
[0.149s] Level 1:colcon.colcon_core.package_identification:_identify(src/arm_driver) by extensions ['ros']
[0.149s] Level 1:colcon.colcon_core.package_identification:_identify(src/arm_driver) by extension 'ros'
[0.149s] DEBUG:colcon.colcon_core.package_identification:Package 'src/arm_driver' with type 'ros.ament_python' and name 'arm_driver'
[0.149s] Level 1:colcon.colcon_core.package_identification:_identify(src/arm_interface) by extensions ['ignore', 'ignore_ament_install']
[0.149s] Level 1:colcon.colcon_core.package_identification:_identify(src/arm_interface) by extension 'ignore'
[0.149s] Level 1:colcon.colcon_core.package_identification:_identify(src/arm_interface) by extension 'ignore_ament_install'
[0.150s] Level 1:colcon.colcon_core.package_identification:_identify(src/arm_interface) by extensions ['colcon_pkg']
[0.150s] Level 1:colcon.colcon_core.package_identification:_identify(src/arm_interface) by extension 'colcon_pkg'
[0.150s] Level 1:colcon.colcon_core.package_identification:_identify(src/arm_interface) by extensions ['colcon_meta']
[0.150s] Level 1:colcon.colcon_core.package_identification:_identify(src/arm_interface) by extension 'colcon_meta'
[0.150s] Level 1:colcon.colcon_core.package_identification:_identify(src/arm_interface) by extensions ['ros']
[0.150s] Level 1:colcon.colcon_core.package_identification:_identify(src/arm_interface) by extension 'ros'
[0.150s] DEBUG:colcon.colcon_core.package_identification:Package 'src/arm_interface' with type 'ros.ament_cmake' and name 'arm_interface'
[0.150s] Level 1:colcon.colcon_core.package_identification:_identify(src/arm_kin) by extensions ['ignore', 'ignore_ament_install']
[0.150s] Level 1:colcon.colcon_core.package_identification:_identify(src/arm_kin) by extension 'ignore'
[0.150s] Level 1:colcon.colcon_core.package_identification:_identify(src/arm_kin) by extension 'ignore_ament_install'
[0.151s] Level 1:colcon.colcon_core.package_identification:_identify(src/arm_kin) by extensions ['colcon_pkg']
[0.151s] Level 1:colcon.colcon_core.package_identification:_identify(src/arm_kin) by extension 'colcon_pkg'
[0.151s] Level 1:colcon.colcon_core.package_identification:_identify(src/arm_kin) by extensions ['colcon_meta']
[0.151s] Level 1:colcon.colcon_core.package_identification:_identify(src/arm_kin) by extension 'colcon_meta'
[0.151s] Level 1:colcon.colcon_core.package_identification:_identify(src/arm_kin) by extensions ['ros']
[0.151s] Level 1:colcon.colcon_core.package_identification:_identify(src/arm_kin) by extension 'ros'
[0.151s] DEBUG:colcon.colcon_core.package_identification:Package 'src/arm_kin' with type 'ros.ament_cmake' and name 'arm_kin'
[0.151s] Level 1:colcon.colcon_core.package_identification:_identify(src/arm_msgs) by extensions ['ignore', 'ignore_ament_install']
[0.151s] Level 1:colcon.colcon_core.package_identification:_identify(src/arm_msgs) by extension 'ignore'
[0.151s] Level 1:colcon.colcon_core.package_identification:_identify(src/arm_msgs) by extension 'ignore_ament_install'
[0.151s] Level 1:colcon.colcon_core.package_identification:_identify(src/arm_msgs) by extensions ['colcon_pkg']
[0.151s] Level 1:colcon.colcon_core.package_identification:_identify(src/arm_msgs) by extension 'colcon_pkg'
[0.151s] Level 1:colcon.colcon_core.package_identification:_identify(src/arm_msgs) by extensions ['colcon_meta']
[0.151s] Level 1:colcon.colcon_core.package_identification:_identify(src/arm_msgs) by extension 'colcon_meta'
[0.151s] Level 1:colcon.colcon_core.package_identification:_identify(src/arm_msgs) by extensions ['ros']
[0.151s] Level 1:colcon.colcon_core.package_identification:_identify(src/arm_msgs) by extension 'ros'
[0.151s] DEBUG:colcon.colcon_core.package_identification:Package 'src/arm_msgs' with type 'ros.ament_cmake' and name 'arm_msgs'
[0.151s] Level 1:colcon.colcon_core.package_identification:_identify(src/test_config) by extensions ['ignore', 'ignore_ament_install']
[0.151s] Level 1:colcon.colcon_core.package_identification:_identify(src/test_config) by extension 'ignore'
[0.152s] Level 1:colcon.colcon_core.package_identification:_identify(src/test_config) by extension 'ignore_ament_install'
[0.152s] Level 1:colcon.colcon_core.package_identification:_identify(src/test_config) by extensions ['colcon_pkg']
[0.152s] Level 1:colcon.colcon_core.package_identification:_identify(src/test_config) by extension 'colcon_pkg'
[0.152s] Level 1:colcon.colcon_core.package_identification:_identify(src/test_config) by extensions ['colcon_meta']
[0.152s] Level 1:colcon.colcon_core.package_identification:_identify(src/test_config) by extension 'colcon_meta'
[0.152s] Level 1:colcon.colcon_core.package_identification:_identify(src/test_config) by extensions ['ros']
[0.152s] Level 1:colcon.colcon_core.package_identification:_identify(src/test_config) by extension 'ros'
[0.152s] DEBUG:colcon.colcon_core.package_identification:Package 'src/test_config' with type 'ros.ament_cmake' and name 'test_config'
[0.152s] Level 1:colcon.colcon_core.package_identification:_identify(src/test_moveit_config) by extensions ['ignore', 'ignore_ament_install']
[0.152s] Level 1:colcon.colcon_core.package_identification:_identify(src/test_moveit_config) by extension 'ignore'
[0.152s] Level 1:colcon.colcon_core.package_identification:_identify(src/test_moveit_config) by extension 'ignore_ament_install'
[0.152s] Level 1:colcon.colcon_core.package_identification:_identify(src/test_moveit_config) by extensions ['colcon_pkg']
[0.152s] Level 1:colcon.colcon_core.package_identification:_identify(src/test_moveit_config) by extension 'colcon_pkg'
[0.152s] Level 1:colcon.colcon_core.package_identification:_identify(src/test_moveit_config) by extensions ['colcon_meta']
[0.152s] Level 1:colcon.colcon_core.package_identification:_identify(src/test_moveit_config) by extension 'colcon_meta'
[0.152s] Level 1:colcon.colcon_core.package_identification:_identify(src/test_moveit_config) by extensions ['ros']
[0.152s] Level 1:colcon.colcon_core.package_identification:_identify(src/test_moveit_config) by extension 'ros'
[0.153s] DEBUG:colcon.colcon_core.package_identification:Package 'src/test_moveit_config' with type 'ros.ament_cmake' and name 'test_moveit_config'
[0.153s] Level 1:colcon.colcon_core.package_identification:_identify(src/yahboom_M3Pro_DepthCam) by extensions ['ignore', 'ignore_ament_install']
[0.153s] Level 1:colcon.colcon_core.package_identification:_identify(src/yahboom_M3Pro_DepthCam) by extension 'ignore'
[0.153s] Level 1:colcon.colcon_core.package_identification:_identify(src/yahboom_M3Pro_DepthCam) by extension 'ignore_ament_install'
[0.153s] Level 1:colcon.colcon_core.package_identification:_identify(src/yahboom_M3Pro_DepthCam) by extensions ['colcon_pkg']
[0.153s] Level 1:colcon.colcon_core.package_identification:_identify(src/yahboom_M3Pro_DepthCam) by extension 'colcon_pkg'
[0.153s] Level 1:colcon.colcon_core.package_identification:_identify(src/yahboom_M3Pro_DepthCam) by extensions ['colcon_meta']
[0.153s] Level 1:colcon.colcon_core.package_identification:_identify(src/yahboom_M3Pro_DepthCam) by extension 'colcon_meta'
[0.153s] Level 1:colcon.colcon_core.package_identification:_identify(src/yahboom_M3Pro_DepthCam) by extensions ['ros']
[0.153s] Level 1:colcon.colcon_core.package_identification:_identify(src/yahboom_M3Pro_DepthCam) by extension 'ros'
[0.153s] DEBUG:colcon.colcon_core.package_identification:Package 'src/yahboom_M3Pro_DepthCam' with type 'ros.ament_python' and name 'yahboom_M3Pro_DepthCam'
[0.153s] Level 1:colcon.colcon_core.package_identification:_identify(src/yahboom_M3Pro_description) by extensions ['ignore', 'ignore_ament_install']
[0.153s] Level 1:colcon.colcon_core.package_identification:_identify(src/yahboom_M3Pro_description) by extension 'ignore'
[0.153s] Level 1:colcon.colcon_core.package_identification:_identify(src/yahboom_M3Pro_description) by extension 'ignore_ament_install'
[0.153s] Level 1:colcon.colcon_core.package_identification:_identify(src/yahboom_M3Pro_description) by extensions ['colcon_pkg']
[0.153s] Level 1:colcon.colcon_core.package_identification:_identify(src/yahboom_M3Pro_description) by extension 'colcon_pkg'
[0.153s] Level 1:colcon.colcon_core.package_identification:_identify(src/yahboom_M3Pro_description) by extensions ['colcon_meta']
[0.153s] Level 1:colcon.colcon_core.package_identification:_identify(src/yahboom_M3Pro_description) by extension 'colcon_meta'
[0.153s] Level 1:colcon.colcon_core.package_identification:_identify(src/yahboom_M3Pro_description) by extensions ['ros']
[0.153s] Level 1:colcon.colcon_core.package_identification:_identify(src/yahboom_M3Pro_description) by extension 'ros'
[0.154s] DEBUG:colcon.colcon_core.package_identification:Package 'src/yahboom_M3Pro_description' with type 'ros.ament_python' and name 'yahboom_M3Pro_description'
[0.154s] Level 1:colcon.colcon_core.package_identification:_identify(src/yahboom_M3Pro_laser) by extensions ['ignore', 'ignore_ament_install']
[0.154s] Level 1:colcon.colcon_core.package_identification:_identify(src/yahboom_M3Pro_laser) by extension 'ignore'
[0.154s] Level 1:colcon.colcon_core.package_identification:_identify(src/yahboom_M3Pro_laser) by extension 'ignore_ament_install'
[0.154s] Level 1:colcon.colcon_core.package_identification:_identify(src/yahboom_M3Pro_laser) by extensions ['colcon_pkg']
[0.154s] Level 1:colcon.colcon_core.package_identification:_identify(src/yahboom_M3Pro_laser) by extension 'colcon_pkg'
[0.154s] Level 1:colcon.colcon_core.package_identification:_identify(src/yahboom_M3Pro_laser) by extensions ['colcon_meta']
[0.154s] Level 1:colcon.colcon_core.package_identification:_identify(src/yahboom_M3Pro_laser) by extension 'colcon_meta'
[0.154s] Level 1:colcon.colcon_core.package_identification:_identify(src/yahboom_M3Pro_laser) by extensions ['ros']
[0.154s] Level 1:colcon.colcon_core.package_identification:_identify(src/yahboom_M3Pro_laser) by extension 'ros'
[0.154s] DEBUG:colcon.colcon_core.package_identification:Package 'src/yahboom_M3Pro_laser' with type 'ros.ament_python' and name 'yahboom_M3Pro_laser'
[0.154s] Level 1:colcon.colcon_core.package_identification:_identify(src/yahboom_yolov8) by extensions ['ignore', 'ignore_ament_install']
[0.154s] Level 1:colcon.colcon_core.package_identification:_identify(src/yahboom_yolov8) by extension 'ignore'
[0.154s] Level 1:colcon.colcon_core.package_identification:_identify(src/yahboom_yolov8) by extension 'ignore_ament_install'
[0.154s] Level 1:colcon.colcon_core.package_identification:_identify(src/yahboom_yolov8) by extensions ['colcon_pkg']
[0.154s] Level 1:colcon.colcon_core.package_identification:_identify(src/yahboom_yolov8) by extension 'colcon_pkg'
[0.155s] Level 1:colcon.colcon_core.package_identification:_identify(src/yahboom_yolov8) by extensions ['colcon_meta']
[0.155s] Level 1:colcon.colcon_core.package_identification:_identify(src/yahboom_yolov8) by extension 'colcon_meta'
[0.155s] Level 1:colcon.colcon_core.package_identification:_identify(src/yahboom_yolov8) by extensions ['ros']
[0.155s] Level 1:colcon.colcon_core.package_identification:_identify(src/yahboom_yolov8) by extension 'ros'
[0.155s] DEBUG:colcon.colcon_core.package_identification:Package 'src/yahboom_yolov8' with type 'ros.ament_python' and name 'yahboom_yolov8'
[0.155s] Level 1:colcon.colcon_core.package_identification:_identify(src/yahboomcar_ctrl) by extensions ['ignore', 'ignore_ament_install']
[0.155s] Level 1:colcon.colcon_core.package_identification:_identify(src/yahboomcar_ctrl) by extension 'ignore'
[0.155s] Level 1:colcon.colcon_core.package_identification:_identify(src/yahboomcar_ctrl) by extension 'ignore_ament_install'
[0.155s] Level 1:colcon.colcon_core.package_identification:_identify(src/yahboomcar_ctrl) by extensions ['colcon_pkg']
[0.155s] Level 1:colcon.colcon_core.package_identification:_identify(src/yahboomcar_ctrl) by extension 'colcon_pkg'
[0.155s] Level 1:colcon.colcon_core.package_identification:_identify(src/yahboomcar_ctrl) by extensions ['colcon_meta']
[0.155s] Level 1:colcon.colcon_core.package_identification:_identify(src/yahboomcar_ctrl) by extension 'colcon_meta'
[0.155s] Level 1:colcon.colcon_core.package_identification:_identify(src/yahboomcar_ctrl) by extensions ['ros']
[0.155s] Level 1:colcon.colcon_core.package_identification:_identify(src/yahboomcar_ctrl) by extension 'ros'
[0.156s] DEBUG:colcon.colcon_core.package_identification:Package 'src/yahboomcar_ctrl' with type 'ros.ament_python' and name 'yahboomcar_ctrl'
[0.156s] Level 1:colcon.colcon_core.package_identification:_identify(src/yahboomcar_mediapipe) by extensions ['ignore', 'ignore_ament_install']
[0.156s] Level 1:colcon.colcon_core.package_identification:_identify(src/yahboomcar_mediapipe) by extension 'ignore'
[0.156s] Level 1:colcon.colcon_core.package_identification:_identify(src/yahboomcar_mediapipe) by extension 'ignore_ament_install'
[0.156s] Level 1:colcon.colcon_core.package_identification:_identify(src/yahboomcar_mediapipe) by extensions ['colcon_pkg']
[0.156s] Level 1:colcon.colcon_core.package_identification:_identify(src/yahboomcar_mediapipe) by extension 'colcon_pkg'
[0.156s] Level 1:colcon.colcon_core.package_identification:_identify(src/yahboomcar_mediapipe) by extensions ['colcon_meta']
[0.156s] Level 1:colcon.colcon_core.package_identification:_identify(src/yahboomcar_mediapipe) by extension 'colcon_meta'
[0.156s] Level 1:colcon.colcon_core.package_identification:_identify(src/yahboomcar_mediapipe) by extensions ['ros']
[0.156s] Level 1:colcon.colcon_core.package_identification:_identify(src/yahboomcar_mediapipe) by extension 'ros'
[0.156s] DEBUG:colcon.colcon_core.package_identification:Package 'src/yahboomcar_mediapipe' with type 'ros.ament_python' and name 'yahboomcar_mediapipe'
[0.157s] Level 1:colcon.colcon_core.package_identification:_identify(src/yahboomcar_msgs) by extensions ['ignore', 'ignore_ament_install']
[0.157s] Level 1:colcon.colcon_core.package_identification:_identify(src/yahboomcar_msgs) by extension 'ignore'
[0.157s] Level 1:colcon.colcon_core.package_identification:_identify(src/yahboomcar_msgs) by extension 'ignore_ament_install'
[0.157s] Level 1:colcon.colcon_core.package_identification:_identify(src/yahboomcar_msgs) by extensions ['colcon_pkg']
[0.157s] Level 1:colcon.colcon_core.package_identification:_identify(src/yahboomcar_msgs) by extension 'colcon_pkg'
[0.157s] Level 1:colcon.colcon_core.package_identification:_identify(src/yahboomcar_msgs) by extensions ['colcon_meta']
[0.157s] Level 1:colcon.colcon_core.package_identification:_identify(src/yahboomcar_msgs) by extension 'colcon_meta'
[0.157s] Level 1:colcon.colcon_core.package_identification:_identify(src/yahboomcar_msgs) by extensions ['ros']
[0.157s] Level 1:colcon.colcon_core.package_identification:_identify(src/yahboomcar_msgs) by extension 'ros'
[0.157s] DEBUG:colcon.colcon_core.package_identification:Package 'src/yahboomcar_msgs' with type 'ros.ament_cmake' and name 'yahboomcar_msgs'
[0.157s] Level 1:colcon.colcon_core.package_discovery:discover_packages(recursive) using defaults
[0.157s] Level 1:colcon.colcon_core.package_discovery:discover_packages(ignore) discover
[0.157s] Level 1:colcon.colcon_core.package_discovery:discover_packages(ignore) using defaults
[0.157s] Level 1:colcon.colcon_core.package_discovery:discover_packages(path) discover
[0.157s] Level 1:colcon.colcon_core.package_discovery:discover_packages(path) using defaults
[0.176s] INFO:colcon.colcon_core.package_selection:Skipping not selected package 'M3Pro_MoveIt_demo' in 'src/M3Pro_MoveIt_demo'
[0.176s] INFO:colcon.colcon_core.package_selection:Skipping not selected package 'M3Pro_demo' in 'src/M3Pro_demo'
[0.176s] INFO:colcon.colcon_core.package_selection:Skipping not selected package 'MoveIt_demo' in 'src/MoveIt_demo'
[0.176s] INFO:colcon.colcon_core.package_selection:Skipping not selected package 'arm_driver' in 'src/arm_driver'
[0.176s] INFO:colcon.colcon_core.package_selection:Skipping not selected package 'arm_interface' in 'src/arm_interface'
[0.176s] INFO:colcon.colcon_core.package_selection:Skipping not selected package 'arm_msgs' in 'src/arm_msgs'
[0.176s] INFO:colcon.colcon_core.package_selection:Skipping not selected package 'test_config' in 'src/test_config'
[0.176s] INFO:colcon.colcon_core.package_selection:Skipping not selected package 'yahboom_M3Pro_DepthCam' in 'src/yahboom_M3Pro_DepthCam'
[0.176s] INFO:colcon.colcon_core.package_selection:Skipping not selected package 'yahboom_M3Pro_description' in 'src/yahboom_M3Pro_description'
[0.176s] INFO:colcon.colcon_core.package_selection:Skipping not selected package 'yahboom_M3Pro_laser' in 'src/yahboom_M3Pro_laser'
[0.176s] INFO:colcon.colcon_core.package_selection:Skipping not selected package 'yahboom_yolov8' in 'src/yahboom_yolov8'
[0.176s] INFO:colcon.colcon_core.package_selection:Skipping not selected package 'yahboomcar_ctrl' in 'src/yahboomcar_ctrl'
[0.176s] INFO:colcon.colcon_core.package_selection:Skipping not selected package 'yahboomcar_mediapipe' in 'src/yahboomcar_mediapipe'
[0.176s] INFO:colcon.colcon_core.package_selection:Skipping not selected package 'yahboomcar_msgs' in 'src/yahboomcar_msgs'
[0.177s] INFO:colcon.colcon_core.package_selection:Skipping not selected package 'M3Pro_config' in 'src/M3Pro_config'
[0.177s] INFO:colcon.colcon_core.package_selection:Skipping not selected package 'test_moveit_config' in 'src/test_moveit_config'
[0.177s] Level 1:colcon.colcon_core.package_discovery:discover_packages(prefix_path) check parameters
[0.177s] Level 1:colcon.colcon_core.package_discovery:discover_packages(prefix_path) discover
[0.180s] DEBUG:colcon.colcon_installed_package_information.package_discovery:Found 326 installed packages in /opt/ros/humble
[0.181s] Level 1:colcon.colcon_core.package_discovery:discover_packages(prefix_path) using defaults
[0.204s] Level 5:colcon.colcon_core.verb:set package 'arm_kin' build argument 'cmake_args' from command line to 'None'
[0.204s] Level 5:colcon.colcon_core.verb:set package 'arm_kin' build argument 'cmake_target' from command line to 'None'
[0.204s] Level 5:colcon.colcon_core.verb:set package 'arm_kin' build argument 'cmake_target_skip_unavailable' from command line to 'False'
[0.204s] Level 5:colcon.colcon_core.verb:set package 'arm_kin' build argument 'cmake_clean_cache' from command line to 'False'
[0.204s] Level 5:colcon.colcon_core.verb:set package 'arm_kin' build argument 'cmake_clean_first' from command line to 'False'
[0.204s] Level 5:colcon.colcon_core.verb:set package 'arm_kin' build argument 'cmake_force_configure' from command line to 'False'
[0.204s] Level 5:colcon.colcon_core.verb:set package 'arm_kin' build argument 'ament_cmake_args' from command line to 'None'
[0.204s] Level 5:colcon.colcon_core.verb:set package 'arm_kin' build argument 'catkin_cmake_args' from command line to 'None'
[0.204s] Level 5:colcon.colcon_core.verb:set package 'arm_kin' build argument 'catkin_skip_building_tests' from command line to 'False'
[0.204s] DEBUG:colcon.colcon_core.verb:Building package 'arm_kin' with the following arguments: {'ament_cmake_args': None, 'build_base': '/var/robotic/yahboomcar_ws/build/arm_kin', 'catkin_cmake_args': None, 'catkin_skip_building_tests': False, 'cmake_args': None, 'cmake_clean_cache': False, 'cmake_clean_first': False, 'cmake_force_configure': False, 'cmake_target': None, 'cmake_target_skip_unavailable': False, 'install_base': '/var/robotic/yahboomcar_ws/install/arm_kin', 'merge_install': False, 'path': '/var/robotic/yahboomcar_ws/src/arm_kin', 'symlink_install': False, 'test_result_base': None}
[0.204s] INFO:colcon.colcon_core.executor:Executing jobs using 'parallel' executor
[0.205s] DEBUG:colcon.colcon_parallel_executor.executor.parallel:run_until_complete
[0.205s] INFO:colcon.colcon_ros.task.ament_cmake.build:Building ROS package in '/var/robotic/yahboomcar_ws/src/arm_kin' with build type 'ament_cmake'
[0.205s] INFO:colcon.colcon_cmake.task.cmake.build:Building CMake package in '/var/robotic/yahboomcar_ws/src/arm_kin'
[0.206s] INFO:colcon.colcon_core.plugin_system:Skipping extension 'colcon_core.shell.bat': Not used on non-Windows systems
[0.206s] INFO:colcon.colcon_core.shell:Skip shell extension 'powershell' for command environment: Not usable outside of PowerShell
[0.206s] DEBUG:colcon.colcon_core.shell:Skip shell extension 'dsv' for command environment
[0.211s] DEBUG:colcon.colcon_core.event_handler.log_command:Invoking command in '/var/robotic/yahboomcar_ws/build/arm_kin': CMAKE_PREFIX_PATH=/opt/ros/humble /usr/bin/cmake /var/robotic/yahboomcar_ws/src/arm_kin -DCMAKE_INSTALL_PREFIX=/var/robotic/yahboomcar_ws/install/arm_kin
[0.422s] DEBUG:colcon.colcon_core.event_handler.log_command:Invoked command in '/var/robotic/yahboomcar_ws/build/arm_kin' returned '1': CMAKE_PREFIX_PATH=/opt/ros/humble /usr/bin/cmake /var/robotic/yahboomcar_ws/src/arm_kin -DCMAKE_INSTALL_PREFIX=/var/robotic/yahboomcar_ws/install/arm_kin
[0.429s] Level 1:colcon.colcon_core.environment:create_environment_scripts_only(arm_kin)
[0.431s] Level 1:colcon.colcon_core.environment:checking '/var/robotic/yahboomcar_ws/install/arm_kin' for CMake module files
[0.431s] Level 1:colcon.colcon_core.environment:checking '/var/robotic/yahboomcar_ws/install/arm_kin' for CMake config files
[0.431s] Level 1:colcon.colcon_core.environment:checking '/var/robotic/yahboomcar_ws/install/arm_kin/bin'
[0.431s] Level 1:colcon.colcon_core.environment:checking '/var/robotic/yahboomcar_ws/install/arm_kin/lib/pkgconfig/arm_kin.pc'
[0.431s] Level 1:colcon.colcon_core.environment:checking '/var/robotic/yahboomcar_ws/install/arm_kin/lib/python3.10/site-packages'
[0.431s] Level 1:colcon.colcon_core.environment:checking '/var/robotic/yahboomcar_ws/install/arm_kin/bin'
[0.432s] INFO:colcon.colcon_core.shell:Creating package script '/var/robotic/yahboomcar_ws/install/arm_kin/share/arm_kin/package.ps1'
[0.432s] INFO:colcon.colcon_core.shell:Creating package descriptor '/var/robotic/yahboomcar_ws/install/arm_kin/share/arm_kin/package.dsv'
[0.432s] INFO:colcon.colcon_core.shell:Creating package script '/var/robotic/yahboomcar_ws/install/arm_kin/share/arm_kin/package.sh'
[0.433s] INFO:colcon.colcon_core.shell:Creating package script '/var/robotic/yahboomcar_ws/install/arm_kin/share/arm_kin/package.bash'
[0.433s] INFO:colcon.colcon_core.shell:Creating package script '/var/robotic/yahboomcar_ws/install/arm_kin/share/arm_kin/package.zsh'
[0.434s] Level 1:colcon.colcon_core.environment:create_file_with_runtime_dependencies(/var/robotic/yahboomcar_ws/install/arm_kin/share/colcon-core/packages/arm_kin)
[0.434s] DEBUG:colcon.colcon_parallel_executor.executor.parallel:closing loop
[0.434s] DEBUG:colcon.colcon_parallel_executor.executor.parallel:loop closed
[0.434s] DEBUG:colcon.colcon_parallel_executor.executor.parallel:run_until_complete finished with '1'
[0.434s] DEBUG:colcon.colcon_core.event_reactor:joining thread
[0.438s] INFO:colcon.colcon_core.plugin_system:Skipping extension 'colcon_notification.desktop_notification.terminal_notifier': Not used on non-Darwin systems
[0.438s] INFO:colcon.colcon_core.plugin_system:Skipping extension 'colcon_notification.desktop_notification.win32': Not used on non-Windows systems
[0.438s] INFO:colcon.colcon_notification.desktop_notification:Sending desktop notification using 'notify2'
[0.438s] DEBUG:colcon.colcon_notification.desktop_notification.notify2:Failed to initialize notify2: org.freedesktop.DBus.Error.AccessDenied: Failed to connect to socket /run/user/1000/bus: Operation not permitted
[0.438s] DEBUG:colcon.colcon_core.event_reactor:joined thread
[0.438s] INFO:colcon.colcon_core.shell:Creating prefix script '/var/robotic/yahboomcar_ws/install/local_setup.ps1'
[0.439s] INFO:colcon.colcon_core.shell:Creating prefix util module '/var/robotic/yahboomcar_ws/install/_local_setup_util_ps1.py'
[0.440s] INFO:colcon.colcon_core.shell:Creating prefix chain script '/var/robotic/yahboomcar_ws/install/setup.ps1'
[0.440s] INFO:colcon.colcon_core.shell:Creating prefix script '/var/robotic/yahboomcar_ws/install/local_setup.sh'
[0.441s] INFO:colcon.colcon_core.shell:Creating prefix util module '/var/robotic/yahboomcar_ws/install/_local_setup_util_sh.py'
[0.441s] INFO:colcon.colcon_core.shell:Creating prefix chain script '/var/robotic/yahboomcar_ws/install/setup.sh'
[0.441s] INFO:colcon.colcon_core.shell:Creating prefix script '/var/robotic/yahboomcar_ws/install/local_setup.bash'
[0.442s] INFO:colcon.colcon_core.shell:Creating prefix chain script '/var/robotic/yahboomcar_ws/install/setup.bash'
[0.442s] INFO:colcon.colcon_core.shell:Creating prefix script '/var/robotic/yahboomcar_ws/install/local_setup.zsh'
[0.443s] INFO:colcon.colcon_core.shell:Creating prefix chain script '/var/robotic/yahboomcar_ws/install/setup.zsh'
