running egg_info
creating ../../build/pkg_topic/pkg_topic.egg-info
writing ../../build/pkg_topic/pkg_topic.egg-info/PKG-INFO
writing dependency_links to ../../build/pkg_topic/pkg_topic.egg-info/dependency_links.txt
writing entry points to ../../build/pkg_topic/pkg_topic.egg-info/entry_points.txt
writing requirements to ../../build/pkg_topic/pkg_topic.egg-info/requires.txt
writing top-level names to ../../build/pkg_topic/pkg_topic.egg-info/top_level.txt
writing manifest file '../../build/pkg_topic/pkg_topic.egg-info/SOURCES.txt'
reading manifest file '../../build/pkg_topic/pkg_topic.egg-info/SOURCES.txt'
writing manifest file '../../build/pkg_topic/pkg_topic.egg-info/SOURCES.txt'
running build
running build_py
creating /var/robotic/yahboomcar_ws/build/pkg_topic/build
creating /var/robotic/yahboomcar_ws/build/pkg_topic/build/lib
creating /var/robotic/yahboomcar_ws/build/pkg_topic/build/lib/pkg_topic
copying pkg_topic/publisher_demo.py -> /var/robotic/yahboomcar_ws/build/pkg_topic/build/lib/pkg_topic
copying pkg_topic/subscriber_demo.py -> /var/robotic/yahboomcar_ws/build/pkg_topic/build/lib/pkg_topic
copying pkg_topic/__init__.py -> /var/robotic/yahboomcar_ws/build/pkg_topic/build/lib/pkg_topic
running install
running install_lib
creating /var/robotic/yahboomcar_ws/install/pkg_topic/lib/python3.10/site-packages/pkg_topic
copying /var/robotic/yahboomcar_ws/build/pkg_topic/build/lib/pkg_topic/publisher_demo.py -> /var/robotic/yahboomcar_ws/install/pkg_topic/lib/python3.10/site-packages/pkg_topic
copying /var/robotic/yahboomcar_ws/build/pkg_topic/build/lib/pkg_topic/subscriber_demo.py -> /var/robotic/yahboomcar_ws/install/pkg_topic/lib/python3.10/site-packages/pkg_topic
copying /var/robotic/yahboomcar_ws/build/pkg_topic/build/lib/pkg_topic/__init__.py -> /var/robotic/yahboomcar_ws/install/pkg_topic/lib/python3.10/site-packages/pkg_topic
byte-compiling /var/robotic/yahboomcar_ws/install/pkg_topic/lib/python3.10/site-packages/pkg_topic/publisher_demo.py to publisher_demo.cpython-310.pyc
byte-compiling /var/robotic/yahboomcar_ws/install/pkg_topic/lib/python3.10/site-packages/pkg_topic/subscriber_demo.py to subscriber_demo.cpython-310.pyc
byte-compiling /var/robotic/yahboomcar_ws/install/pkg_topic/lib/python3.10/site-packages/pkg_topic/__init__.py to __init__.cpython-310.pyc
running install_data
creating /var/robotic/yahboomcar_ws/install/pkg_topic/share/ament_index
creating /var/robotic/yahboomcar_ws/install/pkg_topic/share/ament_index/resource_index
creating /var/robotic/yahboomcar_ws/install/pkg_topic/share/ament_index/resource_index/packages
copying resource/pkg_topic -> /var/robotic/yahboomcar_ws/install/pkg_topic/share/ament_index/resource_index/packages
copying package.xml -> /var/robotic/yahboomcar_ws/install/pkg_topic/share/pkg_topic
running install_egg_info
Copying ../../build/pkg_topic/pkg_topic.egg-info to /var/robotic/yahboomcar_ws/install/pkg_topic/lib/python3.10/site-packages/pkg_topic-0.0.0-py3.10.egg-info
running install_scripts
Installing publisher_demo script to /var/robotic/yahboomcar_ws/install/pkg_topic/lib/pkg_topic
Installing subscriber_demo script to /var/robotic/yahboomcar_ws/install/pkg_topic/lib/pkg_topic
writing list of installed files to '/var/robotic/yahboomcar_ws/build/pkg_topic/install.log'
