[0.342s] Invoking command in '/var/robotic/yahboomcar_ws/src/pkg_topic': PYTHONPATH=/var/robotic/yahboomcar_ws/build/pkg_topic/prefix_override:/usr/lib/python3/dist-packages/colcon_core/task/python/colcon_distutils_commands:/var/robotic/yahboomcar_ws/install/pkg_topic/lib/python3.10/site-packages:${PYTHONPATH} /usr/bin/python3 -W ignore:setup.py install is deprecated -W ignore:easy_install command is deprecated setup.py egg_info --egg-base ../../build/pkg_topic build --build-base /var/robotic/yahboomcar_ws/build/pkg_topic/build install --record /var/robotic/yahboomcar_ws/build/pkg_topic/install.log --single-version-externally-managed install_data
[0.471s] running egg_info
[0.472s] creating ../../build/pkg_topic/pkg_topic.egg-info
[0.472s] writing ../../build/pkg_topic/pkg_topic.egg-info/PKG-INFO
[0.473s] writing dependency_links to ../../build/pkg_topic/pkg_topic.egg-info/dependency_links.txt
[0.474s] writing entry points to ../../build/pkg_topic/pkg_topic.egg-info/entry_points.txt
[0.474s] writing requirements to ../../build/pkg_topic/pkg_topic.egg-info/requires.txt
[0.474s] writing top-level names to ../../build/pkg_topic/pkg_topic.egg-info/top_level.txt
[0.474s] writing manifest file '../../build/pkg_topic/pkg_topic.egg-info/SOURCES.txt'
[0.475s] reading manifest file '../../build/pkg_topic/pkg_topic.egg-info/SOURCES.txt'
[0.475s] writing manifest file '../../build/pkg_topic/pkg_topic.egg-info/SOURCES.txt'
[0.476s] running build
[0.476s] running build_py
[0.476s] creating /var/robotic/yahboomcar_ws/build/pkg_topic/build
[0.476s] creating /var/robotic/yahboomcar_ws/build/pkg_topic/build/lib
[0.476s] creating /var/robotic/yahboomcar_ws/build/pkg_topic/build/lib/pkg_topic
[0.476s] copying pkg_topic/publisher_demo.py -> /var/robotic/yahboomcar_ws/build/pkg_topic/build/lib/pkg_topic
[0.476s] copying pkg_topic/subscriber_demo.py -> /var/robotic/yahboomcar_ws/build/pkg_topic/build/lib/pkg_topic
[0.477s] copying pkg_topic/__init__.py -> /var/robotic/yahboomcar_ws/build/pkg_topic/build/lib/pkg_topic
[0.478s] running install
[0.478s] running install_lib
[0.478s] creating /var/robotic/yahboomcar_ws/install/pkg_topic/lib/python3.10/site-packages/pkg_topic
[0.478s] copying /var/robotic/yahboomcar_ws/build/pkg_topic/build/lib/pkg_topic/publisher_demo.py -> /var/robotic/yahboomcar_ws/install/pkg_topic/lib/python3.10/site-packages/pkg_topic
[0.478s] copying /var/robotic/yahboomcar_ws/build/pkg_topic/build/lib/pkg_topic/subscriber_demo.py -> /var/robotic/yahboomcar_ws/install/pkg_topic/lib/python3.10/site-packages/pkg_topic
[0.478s] copying /var/robotic/yahboomcar_ws/build/pkg_topic/build/lib/pkg_topic/__init__.py -> /var/robotic/yahboomcar_ws/install/pkg_topic/lib/python3.10/site-packages/pkg_topic
[0.479s] byte-compiling /var/robotic/yahboomcar_ws/install/pkg_topic/lib/python3.10/site-packages/pkg_topic/publisher_demo.py to publisher_demo.cpython-310.pyc
[0.479s] byte-compiling /var/robotic/yahboomcar_ws/install/pkg_topic/lib/python3.10/site-packages/pkg_topic/subscriber_demo.py to subscriber_demo.cpython-310.pyc
[0.479s] byte-compiling /var/robotic/yahboomcar_ws/install/pkg_topic/lib/python3.10/site-packages/pkg_topic/__init__.py to __init__.cpython-310.pyc
[0.479s] running install_data
[0.479s] creating /var/robotic/yahboomcar_ws/install/pkg_topic/share/ament_index
[0.479s] creating /var/robotic/yahboomcar_ws/install/pkg_topic/share/ament_index/resource_index
[0.479s] creating /var/robotic/yahboomcar_ws/install/pkg_topic/share/ament_index/resource_index/packages
[0.479s] copying resource/pkg_topic -> /var/robotic/yahboomcar_ws/install/pkg_topic/share/ament_index/resource_index/packages
[0.479s] copying package.xml -> /var/robotic/yahboomcar_ws/install/pkg_topic/share/pkg_topic
[0.479s] running install_egg_info
[0.480s] Copying ../../build/pkg_topic/pkg_topic.egg-info to /var/robotic/yahboomcar_ws/install/pkg_topic/lib/python3.10/site-packages/pkg_topic-0.0.0-py3.10.egg-info
[0.480s] running install_scripts
[0.493s] Installing publisher_demo script to /var/robotic/yahboomcar_ws/install/pkg_topic/lib/pkg_topic
[0.493s] Installing subscriber_demo script to /var/robotic/yahboomcar_ws/install/pkg_topic/lib/pkg_topic
[0.493s] writing list of installed files to '/var/robotic/yahboomcar_ws/build/pkg_topic/install.log'
[0.504s] Invoked command in '/var/robotic/yahboomcar_ws/src/pkg_topic' returned '0': PYTHONPATH=/var/robotic/yahboomcar_ws/build/pkg_topic/prefix_override:/usr/lib/python3/dist-packages/colcon_core/task/python/colcon_distutils_commands:/var/robotic/yahboomcar_ws/install/pkg_topic/lib/python3.10/site-packages:${PYTHONPATH} /usr/bin/python3 -W ignore:setup.py install is deprecated -W ignore:easy_install command is deprecated setup.py egg_info --egg-base ../../build/pkg_topic build --build-base /var/robotic/yahboomcar_ws/build/pkg_topic/build install --record /var/robotic/yahboomcar_ws/build/pkg_topic/install.log --single-version-externally-managed install_data
