[0.315s] Invoking command in '/var/robotic/yahboomcar_ws/src/pkg_helloworld_py': PYTHONPATH=/var/robotic/yahboomcar_ws/build/pkg_helloworld_py/prefix_override:/usr/lib/python3/dist-packages/colcon_core/task/python/colcon_distutils_commands:/var/robotic/yahboomcar_ws/install/pkg_helloworld_py/lib/python3.10/site-packages:${PYTHONPATH} /usr/bin/python3 -W ignore:setup.py install is deprecated -W ignore:easy_install command is deprecated setup.py egg_info --egg-base ../../build/pkg_helloworld_py build --build-base /var/robotic/yahboomcar_ws/build/pkg_helloworld_py/build install --record /var/robotic/yahboomcar_ws/build/pkg_helloworld_py/install.log --single-version-externally-managed install_data
[0.454s] running egg_info
[0.455s] writing ../../build/pkg_helloworld_py/pkg_helloworld_py.egg-info/PKG-INFO
[0.455s] writing dependency_links to ../../build/pkg_helloworld_py/pkg_helloworld_py.egg-info/dependency_links.txt
[0.455s] writing entry points to ../../build/pkg_helloworld_py/pkg_helloworld_py.egg-info/entry_points.txt
[0.455s] writing requirements to ../../build/pkg_helloworld_py/pkg_helloworld_py.egg-info/requires.txt
[0.455s] writing top-level names to ../../build/pkg_helloworld_py/pkg_helloworld_py.egg-info/top_level.txt
[0.456s] reading manifest file '../../build/pkg_helloworld_py/pkg_helloworld_py.egg-info/SOURCES.txt'
[0.457s] writing manifest file '../../build/pkg_helloworld_py/pkg_helloworld_py.egg-info/SOURCES.txt'
[0.457s] running build
[0.457s] running build_py
[0.458s] running install
[0.458s] running install_lib
[0.458s] running install_data
[0.458s] running install_egg_info
[0.459s] removing '/var/robotic/yahboomcar_ws/install/pkg_helloworld_py/lib/python3.10/site-packages/pkg_helloworld_py-0.0.0-py3.10.egg-info' (and everything under it)
[0.460s] Copying ../../build/pkg_helloworld_py/pkg_helloworld_py.egg-info to /var/robotic/yahboomcar_ws/install/pkg_helloworld_py/lib/python3.10/site-packages/pkg_helloworld_py-0.0.0-py3.10.egg-info
[0.460s] running install_scripts
[0.472s] Installing helloworld script to /var/robotic/yahboomcar_ws/install/pkg_helloworld_py/lib/pkg_helloworld_py
[0.472s] writing list of installed files to '/var/robotic/yahboomcar_ws/build/pkg_helloworld_py/install.log'
[0.486s] Invoked command in '/var/robotic/yahboomcar_ws/src/pkg_helloworld_py' returned '0': PYTHONPATH=/var/robotic/yahboomcar_ws/build/pkg_helloworld_py/prefix_override:/usr/lib/python3/dist-packages/colcon_core/task/python/colcon_distutils_commands:/var/robotic/yahboomcar_ws/install/pkg_helloworld_py/lib/python3.10/site-packages:${PYTHONPATH} /usr/bin/python3 -W ignore:setup.py install is deprecated -W ignore:easy_install command is deprecated setup.py egg_info --egg-base ../../build/pkg_helloworld_py build --build-base /var/robotic/yahboomcar_ws/build/pkg_helloworld_py/build install --record /var/robotic/yahboomcar_ws/build/pkg_helloworld_py/install.log --single-version-externally-managed install_data
