[0.343s] Invoking command in '/var/robotic/yahboomcar_ws/src/pkg_action': PYTHONPATH=/var/robotic/yahboomcar_ws/build/pkg_action/prefix_override:/usr/lib/python3/dist-packages/colcon_core/task/python/colcon_distutils_commands:/var/robotic/yahboomcar_ws/install/pkg_action/lib/python3.10/site-packages:${PYTHONPATH} /usr/bin/python3 -W ignore:setup.py install is deprecated -W ignore:easy_install command is deprecated setup.py egg_info --egg-base ../../build/pkg_action build --build-base /var/robotic/yahboomcar_ws/build/pkg_action/build install --record /var/robotic/yahboomcar_ws/build/pkg_action/install.log --single-version-externally-managed install_data
[0.482s] running egg_info
[0.482s] writing ../../build/pkg_action/pkg_action.egg-info/PKG-INFO
[0.482s] writing dependency_links to ../../build/pkg_action/pkg_action.egg-info/dependency_links.txt
[0.482s] writing entry points to ../../build/pkg_action/pkg_action.egg-info/entry_points.txt
[0.482s] writing requirements to ../../build/pkg_action/pkg_action.egg-info/requires.txt
[0.483s] writing top-level names to ../../build/pkg_action/pkg_action.egg-info/top_level.txt
[0.485s] reading manifest file '../../build/pkg_action/pkg_action.egg-info/SOURCES.txt'
[0.485s] writing manifest file '../../build/pkg_action/pkg_action.egg-info/SOURCES.txt'
[0.486s] running build
[0.486s] running build_py
[0.486s] copying pkg_action/action_client_demo.py -> /var/robotic/yahboomcar_ws/build/pkg_action/build/lib/pkg_action
[0.487s] running install
[0.487s] running install_lib
[0.487s] copying /var/robotic/yahboomcar_ws/build/pkg_action/build/lib/pkg_action/action_client_demo.py -> /var/robotic/yahboomcar_ws/install/pkg_action/lib/python3.10/site-packages/pkg_action
[0.488s] byte-compiling /var/robotic/yahboomcar_ws/install/pkg_action/lib/python3.10/site-packages/pkg_action/action_client_demo.py to action_client_demo.cpython-310.pyc
[0.489s] running install_data
[0.489s] running install_egg_info
[0.490s] removing '/var/robotic/yahboomcar_ws/install/pkg_action/lib/python3.10/site-packages/pkg_action-0.0.0-py3.10.egg-info' (and everything under it)
[0.493s] Copying ../../build/pkg_action/pkg_action.egg-info to /var/robotic/yahboomcar_ws/install/pkg_action/lib/python3.10/site-packages/pkg_action-0.0.0-py3.10.egg-info
[0.493s] running install_scripts
[0.504s] Installing action_client_demo script to /var/robotic/yahboomcar_ws/install/pkg_action/lib/pkg_action
[0.504s] Installing action_server_demo script to /var/robotic/yahboomcar_ws/install/pkg_action/lib/pkg_action
[0.504s] writing list of installed files to '/var/robotic/yahboomcar_ws/build/pkg_action/install.log'
[0.515s] Invoked command in '/var/robotic/yahboomcar_ws/src/pkg_action' returned '0': PYTHONPATH=/var/robotic/yahboomcar_ws/build/pkg_action/prefix_override:/usr/lib/python3/dist-packages/colcon_core/task/python/colcon_distutils_commands:/var/robotic/yahboomcar_ws/install/pkg_action/lib/python3.10/site-packages:${PYTHONPATH} /usr/bin/python3 -W ignore:setup.py install is deprecated -W ignore:easy_install command is deprecated setup.py egg_info --egg-base ../../build/pkg_action build --build-base /var/robotic/yahboomcar_ws/build/pkg_action/build install --record /var/robotic/yahboomcar_ws/build/pkg_action/install.log --single-version-externally-managed install_data
