[0.011s] Invoking command in '/var/robotic/yahboomcar_ws/build/arm_kin': CMAKE_PREFIX_PATH=/opt/ros/humble /usr/bin/cmake /var/robotic/yahboomcar_ws/src/arm_kin -DCMAKE_INSTALL_PREFIX=/var/robotic/yahboomcar_ws/install/arm_kin
[0.088s] -- The C compiler identification is GNU 11.4.0
[0.160s] -- The CXX compiler identification is GNU 11.4.0
[0.172s] -- Detecting C compiler ABI info
[0.269s] -- Detecting C compiler ABI info - done
[0.275s] -- Check for working C compiler: /usr/bin/cc - skipped
[0.276s] -- Detecting C compile features
[0.277s] -- Detecting C compile features - done
[0.280s] -- Detecting CXX compiler ABI info
[0.386s] -- Detecting CXX compiler ABI info - done
[0.393s] -- Check for working CXX compiler: /usr/bin/c++ - skipped
[0.394s] -- Detecting CXX compile features
[0.394s] -- Detecting CXX compile features - done
[0.396s] -- Found ament_cmake: 1.3.12 (/opt/ros/humble/share/ament_cmake/cmake)
[0.573s] -- Found Python3: /usr/bin/python3 (found version "3.10.12") found components: Interpreter 
[0.670s] -- Found rclcpp: 16.0.17 (/opt/ros/humble/share/rclcpp/cmake)
[0.709s] -- Found rosidl_generator_c: 3.1.8 (/opt/ros/humble/share/rosidl_generator_c/cmake)
[0.716s] -- Found rosidl_adapter: 3.1.8 (/opt/ros/humble/share/rosidl_adapter/cmake)
[0.725s] -- Found rosidl_generator_cpp: 3.1.8 (/opt/ros/humble/share/rosidl_generator_cpp/cmake)
[0.739s] -- Using all available rosidl_typesupport_c: rosidl_typesupport_fastrtps_c;rosidl_typesupport_introspection_c
[0.754s] -- Using all available rosidl_typesupport_cpp: rosidl_typesupport_fastrtps_cpp;rosidl_typesupport_introspection_cpp
[0.802s] -- Found rmw_implementation_cmake: 6.1.2 (/opt/ros/humble/share/rmw_implementation_cmake/cmake)
[0.805s] -- Found rmw_fastrtps_cpp: 6.2.9 (/opt/ros/humble/share/rmw_fastrtps_cpp/cmake)
[0.857s] -- Found OpenSSL: /usr/lib/x86_64-linux-gnu/libcrypto.so (found version "3.0.2")  
[0.875s] -- Found FastRTPS: /opt/ros/humble/include  
[0.903s] -- Using RMW implementation 'rmw_fastrtps_cpp' as default
[0.912s] -- Looking for pthread.h
[1.016s] -- Looking for pthread.h - found
[1.017s] -- Performing Test CMAKE_HAVE_LIBC_PTHREAD
[1.106s] -- Performing Test CMAKE_HAVE_LIBC_PTHREAD - Success
[1.106s] -- Found Threads: TRUE  
[1.167s] [31mCMake Error at CMakeLists.txt:13 (find_package):
[1.167s]   By not providing "Findarm_interface.cmake" in CMAKE_MODULE_PATH this
[1.168s]   project has asked CMake to find a package configuration file provided by
[1.168s]   "arm_interface", but CMake did not find one.
[1.168s] 
[1.168s]   Could not find a package configuration file provided by "arm_interface"
[1.168s]   with any of the following names:
[1.168s] 
[1.168s]     arm_interfaceConfig.cmake
[1.169s]     arm_interface-config.cmake
[1.169s] 
[1.169s]   Add the installation prefix of "arm_interface" to CMAKE_PREFIX_PATH or set
[1.169s]   "arm_interface_DIR" to a directory containing one of the above files.  If
[1.169s]   "arm_interface" provides a separate development package or SDK, be sure it
[1.169s]   has been installed.
[1.169s] 
[1.169s] [0m
[1.171s] -- Configuring incomplete, errors occurred!
[1.171s] See also "/var/robotic/yahboomcar_ws/build/arm_kin/CMakeFiles/CMakeOutput.log".
[1.179s] Invoked command in '/var/robotic/yahboomcar_ws/build/arm_kin' returned '1': CMAKE_PREFIX_PATH=/opt/ros/humble /usr/bin/cmake /var/robotic/yahboomcar_ws/src/arm_kin -DCMAKE_INSTALL_PREFIX=/var/robotic/yahboomcar_ws/install/arm_kin
