[0.004s] Invoking command in '/var/robotic/yahboomcar_ws/build/MoveIt_demo': CMAKE_PREFIX_PATH=/opt/ros/humble /usr/bin/cmake /var/robotic/yahboomcar_ws/src/MoveIt_demo -DCMAKE_INSTALL_PREFIX=/var/robotic/yahboomcar_ws/install/MoveIt_demo
[0.013s] -- Found ament_cmake: 1.3.12 (/opt/ros/humble/share/ament_cmake/cmake)
[0.081s] -- Found rclcpp: 16.0.17 (/opt/ros/humble/share/rclcpp/cmake)
[0.095s] -- Found rosidl_generator_c: 3.1.8 (/opt/ros/humble/share/rosidl_generator_c/cmake)
[0.097s] -- Found rosidl_adapter: 3.1.8 (/opt/ros/humble/share/rosidl_adapter/cmake)
[0.102s] -- Found rosidl_generator_cpp: 3.1.8 (/opt/ros/humble/share/rosidl_generator_cpp/cmake)
[0.108s] -- Using all available rosidl_typesupport_c: rosidl_typesupport_fastrtps_c;rosidl_typesupport_introspection_c
[0.117s] -- Using all available rosidl_typesupport_cpp: rosidl_typesupport_fastrtps_cpp;rosidl_typesupport_introspection_cpp
[0.134s] -- Found rmw_implementation_cmake: 6.1.2 (/opt/ros/humble/share/rmw_implementation_cmake/cmake)
[0.135s] -- Found rmw_fastrtps_cpp: 6.2.9 (/opt/ros/humble/share/rmw_fastrtps_cpp/cmake)
[0.189s] -- Using RMW implementation 'rmw_fastrtps_cpp' as default
[0.213s] -- Found moveit_ros_planning_interface: 2.5.9 (/opt/ros/humble/share/moveit_ros_planning_interface/cmake)
[0.220s] -- Found Boost: /usr/lib/x86_64-linux-gnu/cmake/Boost-1.74.0/BoostConfig.cmake (found version "1.74.0") found components: date_time filesystem program_options system thread 
[0.301s] -- Found Boost: /usr/lib/x86_64-linux-gnu/cmake/Boost-1.74.0/BoostConfig.cmake (found version "1.74.0") found components: chrono date_time filesystem iostreams program_options regex serialization system thread 
[0.312s] -- Found parameter_traits: 0.6.0 (/opt/ros/humble/share/parameter_traits/cmake)
[0.317s] -- Found rclcpp_lifecycle: 16.0.17 (/opt/ros/humble/share/rclcpp_lifecycle/cmake)
[0.329s] -- Found Boost: /usr/lib/x86_64-linux-gnu/cmake/Boost-1.74.0/BoostConfig.cmake (found version "1.74.0") found components: filesystem 
[0.347s] -- library: /usr/lib/x86_64-linux-gnu/libcurl.so
[0.361s] -- Ensuring Eigen3 include directory is part of orocos-kdl CMake target
[0.422s] -- Found Boost: /usr/lib/x86_64-linux-gnu/cmake/Boost-1.74.0/BoostConfig.cmake (found version "1.74.0") found components: system filesystem date_time program_options thread chrono 
[0.437s] -- Found Boost: /usr/lib/x86_64-linux-gnu/cmake/Boost-1.74.0/BoostConfig.cmake (found version "1.74.0") found components: thread system filesystem regex date_time program_options 
[0.447s] -- Found Boost: /usr/lib/x86_64-linux-gnu/cmake/Boost-1.74.0/BoostConfig.cmake (found version "1.74.0") found components: system filesystem date_time program_options thread 
[0.461s] -- Found graph_msgs: 0.2.0 (/opt/ros/humble/share/graph_msgs/cmake)
[0.473s] [31mCMake Error at CMakeLists.txt:13 (find_package):
[0.473s]   By not providing "Findmoveit_visual_tools.cmake" in CMAKE_MODULE_PATH this
[0.473s]   project has asked CMake to find a package configuration file provided by
[0.473s]   "moveit_visual_tools", but CMake did not find one.
[0.473s] 
[0.473s]   Could not find a package configuration file provided by
[0.473s]   "moveit_visual_tools" with any of the following names:
[0.473s] 
[0.473s]     moveit_visual_toolsConfig.cmake
[0.473s]     moveit_visual_tools-config.cmake
[0.473s] 
[0.473s]   Add the installation prefix of "moveit_visual_tools" to CMAKE_PREFIX_PATH
[0.473s]   or set "moveit_visual_tools_DIR" to a directory containing one of the above
[0.473s]   files.  If "moveit_visual_tools" provides a separate development package or
[0.474s]   SDK, be sure it has been installed.
[0.474s] 
[0.474s] [0m
[0.474s] -- Configuring incomplete, errors occurred!
[0.474s] See also "/var/robotic/yahboomcar_ws/build/MoveIt_demo/CMakeFiles/CMakeOutput.log".
[0.496s] Invoked command in '/var/robotic/yahboomcar_ws/build/MoveIt_demo' returned '1': CMAKE_PREFIX_PATH=/opt/ros/humble /usr/bin/cmake /var/robotic/yahboomcar_ws/src/MoveIt_demo -DCMAKE_INSTALL_PREFIX=/var/robotic/yahboomcar_ws/install/MoveIt_demo
