[0.006s] Invoking command in '/var/robotic/yahboomcar_ws/build/arm_msgs': CMAKE_PREFIX_PATH=/opt/ros/humble /usr/bin/cmake /var/robotic/yahboomcar_ws/src/arm_msgs -DCMAKE_INSTALL_PREFIX=/var/robotic/yahboomcar_ws/install/arm_msgs
[0.047s] -- The C compiler identification is GNU 11.4.0
[0.109s] -- The CXX compiler identification is GNU 11.4.0
[0.118s] -- Detecting C compiler ABI info
[0.164s] -- Detecting C compiler ABI info - done
[0.168s] -- Check for working C compiler: /usr/bin/cc - skipped
[0.169s] -- Detecting C compile features
[0.169s] -- Detecting C compile features - done
[0.170s] -- Detecting CXX compiler ABI info
[0.222s] -- Detecting CXX compiler ABI info - done
[0.227s] -- Check for working CXX compiler: /usr/bin/c++ - skipped
[0.227s] -- Detecting CXX compile features
[0.227s] -- Detecting CXX compile features - done
[0.228s] -- Found ament_cmake: 1.3.12 (/opt/ros/humble/share/ament_cmake/cmake)
[0.311s] -- Found Python3: /usr/bin/python3 (found version "3.10.12") found components: Interpreter 
[0.358s] -- Found rosidl_default_generators: 1.2.0 (/opt/ros/humble/share/rosidl_default_generators/cmake)
[0.358s] -- Using all available rosidl_typesupport_c: rosidl_typesupport_fastrtps_c;rosidl_typesupport_introspection_c
[0.361s] -- Found rosidl_adapter: 3.1.8 (/opt/ros/humble/share/rosidl_adapter/cmake)
[0.381s] -- Using all available rosidl_typesupport_cpp: rosidl_typesupport_fastrtps_cpp;rosidl_typesupport_introspection_cpp
[0.534s] -- Found ament_cmake_ros: 0.10.0 (/opt/ros/humble/share/ament_cmake_ros/cmake)
[0.635s] -- Using all available rosidl_typesupport_c: rosidl_typesupport_fastrtps_c;rosidl_typesupport_introspection_c
[0.770s] -- Using all available rosidl_typesupport_cpp: rosidl_typesupport_fastrtps_cpp;rosidl_typesupport_introspection_cpp
[0.783s] -- Found PythonInterp: /usr/bin/python3 (found suitable version "3.10.12", minimum required is "3.6") 
[0.784s] -- Found python_cmake_module: 0.10.0 (/opt/ros/humble/share/python_cmake_module/cmake)
[0.799s] -- Found PythonLibs: /usr/lib/x86_64-linux-gnu/libpython3.10.so (found suitable version "3.10.12", minimum required is "3.5") 
[0.799s] -- Using PYTHON_EXECUTABLE: /usr/bin/python3
[0.799s] -- Using PYTHON_INCLUDE_DIRS: /usr/include/python3.10
[0.799s] -- Using PYTHON_LIBRARIES: /usr/lib/x86_64-linux-gnu/libpython3.10.so
[0.813s] -- Found PythonExtra: .so  
[0.833s] -- Found ament_lint_auto: 0.12.14 (/opt/ros/humble/share/ament_lint_auto/cmake)
[0.844s] -- Added test 'lint_cmake' to check CMake code style
[0.845s] -- Added test 'xmllint' to check XML markup files
[0.846s] -- Configuring done
[0.864s] -- Generating done
[0.869s] -- Build files have been written to: /var/robotic/yahboomcar_ws/build/arm_msgs
